[ 2021-09-23T04:30:18+08:00 ] 127.0.0.1 /datav-backend/manage.php/Users/getlist?p=1&k=&w=
INFO: [ app_init ] --START--
INFO: Run Behavior\BuildLiteBehavior [ RunTime:0.000005s ]
INFO: [ app_init ] --END-- [ RunTime:0.001162s ]
INFO: [ app_begin ] --START--
INFO: Run Behavior\ReadHtmlCacheBehavior [ RunTime:0.010616s ]
INFO: [ app_begin ] --END-- [ RunTime:0.010654s ]
SQL: SHOW COLUMNS FROM `datav_admin_session` [ RunTime:0.0275s ]
SQL: SELECT `expires_time` FROM `datav_admin_session` WHERE `token` = '9848e758c70751c488c018cfe712b452' LIMIT 1   [ RunTime:0.0178s ]

[ 2021-09-23T04:30:18+08:00 ] 127.0.0.1 /datav-backend/manage.php/Users/get_group_list
INFO: [ app_init ] --START--
INFO: Run Behavior\BuildLiteBehavior [ RunTime:0.000009s ]
INFO: [ app_init ] --END-- [ RunTime:0.001138s ]
INFO: [ app_begin ] --START--
INFO: Run Behavior\ReadHtmlCacheBehavior [ RunTime:0.010729s ]
INFO: [ app_begin ] --END-- [ RunTime:0.010757s ]
SQL: SHOW COLUMNS FROM `datav_admin_session` [ RunTime:0.0206s ]
SQL: SELECT `expires_time` FROM `datav_admin_session` WHERE `token` = '9848e758c70751c488c018cfe712b452' LIMIT 1   [ RunTime:0.0184s ]

[ 2021-09-23T04:30:28+08:00 ] 127.0.0.1 /datav-backend/manage.php/Main/login
INFO: [ app_init ] --START--
INFO: Run Behavior\BuildLiteBehavior [ RunTime:0.000004s ]
INFO: [ app_init ] --END-- [ RunTime:0.000425s ]
INFO: [ app_begin ] --START--
INFO: Run Behavior\ReadHtmlCacheBehavior [ RunTime:0.000608s ]
INFO: [ app_begin ] --END-- [ RunTime:0.000639s ]
SQL: SHOW COLUMNS FROM `datav_admin_user` [ RunTime:0.0254s ]
SQL: SELECT * FROM `datav_admin_user` WHERE `username` = 'admin' LIMIT 1   [ RunTime:0.0147s ]
SQL: SELECT `id`,`username`,`nickname`,`status` FROM `datav_admin_user` WHERE `username` = 'admin' AND `password` = 'e10adc3949ba59abbe56e057f20f883e' LIMIT 1   [ RunTime:0.2334s ]
SQL: SHOW COLUMNS FROM `datav_admin_session` [ RunTime:0.0169s ]
NOTIC: [8] Undefined variable: uid D:\work\datav-backend\Manage\Controller\MainController.class.php 第 113 行.
SQL: SELECT * FROM `datav_admin_session` WHERE `uid` = 1 LIMIT 1   [ RunTime:0.0222s ]
SQL: UPDATE `datav_admin_session` SET `token`='2d422aa42961bad929ca0ee1d6c2c3f7',`expires_time`='1632346228' WHERE `uid` = 1 [ RunTime:0.0164s ]

[ 2021-09-23T04:30:31+08:00 ] 127.0.0.1 /datav-backend/manage.php/Users/get_group_list
INFO: [ app_init ] --START--
INFO: Run Behavior\BuildLiteBehavior [ RunTime:0.000006s ]
INFO: [ app_init ] --END-- [ RunTime:0.000451s ]
INFO: [ app_begin ] --START--
INFO: Run Behavior\ReadHtmlCacheBehavior [ RunTime:0.000716s ]
INFO: [ app_begin ] --END-- [ RunTime:0.000735s ]
SQL: SHOW COLUMNS FROM `datav_admin_session` [ RunTime:0.0219s ]
SQL: SELECT `expires_time` FROM `datav_admin_session` WHERE `token` = '2d422aa42961bad929ca0ee1d6c2c3f7' LIMIT 1   [ RunTime:0.0163s ]
SQL: UPDATE `datav_admin_session` SET `expires_time`='1632346231' WHERE `token` = '2d422aa42961bad929ca0ee1d6c2c3f7' [ RunTime:0.0184s ]
SQL: SELECT `uid` FROM `datav_admin_session` WHERE `token` = '2d422aa42961bad929ca0ee1d6c2c3f7' LIMIT 1   [ RunTime:0.0203s ]
SQL: SHOW COLUMNS FROM `datav_admin_user` [ RunTime:0.0172s ]
SQL: SELECT `id`,`username`,`nickname` FROM `datav_admin_user` WHERE `id` = 1 LIMIT 1   [ RunTime:0.0192s ]
SQL: SHOW COLUMNS FROM `datav_user_role` [ RunTime:0.0178s ]
SQL: SELECT `id`,`name` FROM `datav_user_role` WHERE `status` = 1  [ RunTime:0.0189s ]

[ 2021-09-23T04:30:32+08:00 ] 127.0.0.1 /datav-backend/manage.php/Users/getlist?p=1&k=&w=
INFO: [ app_init ] --START--
INFO: Run Behavior\BuildLiteBehavior [ RunTime:0.000005s ]
INFO: [ app_init ] --END-- [ RunTime:0.000441s ]
INFO: [ app_begin ] --START--
INFO: Run Behavior\ReadHtmlCacheBehavior [ RunTime:0.000658s ]
INFO: [ app_begin ] --END-- [ RunTime:0.000677s ]
SQL: SHOW COLUMNS FROM `datav_admin_session` [ RunTime:0.0170s ]
SQL: SELECT `expires_time` FROM `datav_admin_session` WHERE `token` = '2d422aa42961bad929ca0ee1d6c2c3f7' LIMIT 1   [ RunTime:0.0201s ]
SQL: UPDATE `datav_admin_session` SET `expires_time`='1632346231' WHERE `token` = '2d422aa42961bad929ca0ee1d6c2c3f7' [ RunTime:0.0195s ]
SQL: SELECT `uid` FROM `datav_admin_session` WHERE `token` = '2d422aa42961bad929ca0ee1d6c2c3f7' LIMIT 1   [ RunTime:0.0265s ]
SQL: SHOW COLUMNS FROM `datav_admin_user` [ RunTime:0.0395s ]
SQL: SELECT `id`,`username`,`nickname` FROM `datav_admin_user` WHERE `id` = 1 LIMIT 1   [ RunTime:0.0210s ]
SQL: SHOW COLUMNS FROM `datav_users` [ RunTime:0.0169s ]
NOTIC: [8] Undefined index: page D:\work\datav-backend\Manage\Controller\UsersController.class.php 第 23 行.
SQL: SELECT U.id,U.username,U.nickname,U.role_id,U.status,U.create_time FROM datav_users U LIMIT 0,15   [ RunTime:0.0224s ]
SQL: SELECT COUNT(*) AS tp_count FROM datav_users U LIMIT 1   [ RunTime:0.0286s ]

[ 2021-09-23T09:50:33+08:00 ] 127.0.0.1 /datav-backend/manage.php/Users/get_group_list
INFO: [ app_init ] --START--
INFO: Run Behavior\BuildLiteBehavior [ RunTime:0.000009s ]
INFO: [ app_init ] --END-- [ RunTime:0.000814s ]
INFO: [ app_begin ] --START--
INFO: Run Behavior\ReadHtmlCacheBehavior [ RunTime:0.001203s ]
INFO: [ app_begin ] --END-- [ RunTime:0.001232s ]
SQL: SHOW COLUMNS FROM `datav_admin_session` [ RunTime:0.0224s ]
SQL: SELECT `expires_time` FROM `datav_admin_session` WHERE `token` = '2d422aa42961bad929ca0ee1d6c2c3f7' LIMIT 1   [ RunTime:0.0205s ]

[ 2021-09-23T09:50:33+08:00 ] 127.0.0.1 /datav-backend/manage.php/Users/getlist?p=1&k=&w=
INFO: [ app_init ] --START--
INFO: Run Behavior\BuildLiteBehavior [ RunTime:0.000008s ]
INFO: [ app_init ] --END-- [ RunTime:0.000711s ]
INFO: [ app_begin ] --START--
INFO: Run Behavior\ReadHtmlCacheBehavior [ RunTime:0.001113s ]
INFO: [ app_begin ] --END-- [ RunTime:0.001141s ]
SQL: SHOW COLUMNS FROM `datav_admin_session` [ RunTime:0.0206s ]
SQL: SELECT `expires_time` FROM `datav_admin_session` WHERE `token` = '2d422aa42961bad929ca0ee1d6c2c3f7' LIMIT 1   [ RunTime:0.0192s ]

[ 2021-09-23T09:50:42+08:00 ] 127.0.0.1 /datav-backend/manage.php/Main/login
INFO: [ app_init ] --START--
INFO: Run Behavior\BuildLiteBehavior [ RunTime:0.000005s ]
INFO: [ app_init ] --END-- [ RunTime:0.000427s ]
INFO: [ app_begin ] --START--
INFO: Run Behavior\ReadHtmlCacheBehavior [ RunTime:0.000577s ]
INFO: [ app_begin ] --END-- [ RunTime:0.000594s ]
SQL: SHOW COLUMNS FROM `datav_admin_user` [ RunTime:0.0550s ]
SQL: SELECT * FROM `datav_admin_user` WHERE `username` = 'admin' LIMIT 1   [ RunTime:0.0360s ]
SQL: SELECT `id`,`username`,`nickname`,`status` FROM `datav_admin_user` WHERE `username` = 'admin' AND `password` = 'e10adc3949ba59abbe56e057f20f883e' LIMIT 1   [ RunTime:0.0181s ]
SQL: SHOW COLUMNS FROM `datav_admin_session` [ RunTime:0.0399s ]
NOTIC: [8] Undefined variable: uid D:\work\datav-backend\Manage\Controller\MainController.class.php 第 113 行.
SQL: SELECT * FROM `datav_admin_session` WHERE `uid` = 1 LIMIT 1   [ RunTime:0.0192s ]
SQL: UPDATE `datav_admin_session` SET `token`='0cc761f1d1fd6965b0483875d565d1ce',`expires_time`='1632365442' WHERE `uid` = 1 [ RunTime:0.0268s ]

[ 2021-09-23T09:50:46+08:00 ] 127.0.0.1 /datav-backend/manage.php/Users/getlist?p=1&k=&w=
INFO: [ app_init ] --START--
INFO: Run Behavior\BuildLiteBehavior [ RunTime:0.000007s ]
INFO: [ app_init ] --END-- [ RunTime:0.000568s ]
INFO: [ app_begin ] --START--
INFO: Run Behavior\ReadHtmlCacheBehavior [ RunTime:0.000743s ]
INFO: [ app_begin ] --END-- [ RunTime:0.000769s ]
SQL: SHOW COLUMNS FROM `datav_admin_session` [ RunTime:0.0180s ]
SQL: SELECT `expires_time` FROM `datav_admin_session` WHERE `token` = '0cc761f1d1fd6965b0483875d565d1ce' LIMIT 1   [ RunTime:0.0172s ]
SQL: UPDATE `datav_admin_session` SET `expires_time`='1632365446' WHERE `token` = '0cc761f1d1fd6965b0483875d565d1ce' [ RunTime:0.0165s ]
SQL: SELECT `uid` FROM `datav_admin_session` WHERE `token` = '0cc761f1d1fd6965b0483875d565d1ce' LIMIT 1   [ RunTime:0.0205s ]
SQL: SHOW COLUMNS FROM `datav_admin_user` [ RunTime:0.0153s ]
SQL: SELECT `id`,`username`,`nickname` FROM `datav_admin_user` WHERE `id` = 1 LIMIT 1   [ RunTime:0.0167s ]
SQL: SHOW COLUMNS FROM `datav_users` [ RunTime:0.0160s ]
NOTIC: [8] Undefined index: page D:\work\datav-backend\Manage\Controller\UsersController.class.php 第 23 行.
SQL: SELECT U.id,U.username,U.nickname,U.role_id,U.status,U.create_time FROM datav_users U LIMIT 0,15   [ RunTime:0.0186s ]
SQL: SELECT COUNT(*) AS tp_count FROM datav_users U LIMIT 1   [ RunTime:0.0226s ]

[ 2021-09-23T09:50:46+08:00 ] 127.0.0.1 /datav-backend/manage.php/Users/get_group_list
INFO: [ app_init ] --START--
INFO: Run Behavior\BuildLiteBehavior [ RunTime:0.000020s ]
INFO: [ app_init ] --END-- [ RunTime:0.000458s ]
INFO: [ app_begin ] --START--
INFO: Run Behavior\ReadHtmlCacheBehavior [ RunTime:0.000953s ]
INFO: [ app_begin ] --END-- [ RunTime:0.000987s ]
SQL: SHOW COLUMNS FROM `datav_admin_session` [ RunTime:0.0165s ]
SQL: SELECT `expires_time` FROM `datav_admin_session` WHERE `token` = '0cc761f1d1fd6965b0483875d565d1ce' LIMIT 1   [ RunTime:0.0220s ]
SQL: UPDATE `datav_admin_session` SET `expires_time`='1632365446' WHERE `token` = '0cc761f1d1fd6965b0483875d565d1ce' [ RunTime:0.0196s ]
SQL: SELECT `uid` FROM `datav_admin_session` WHERE `token` = '0cc761f1d1fd6965b0483875d565d1ce' LIMIT 1   [ RunTime:0.0160s ]
SQL: SHOW COLUMNS FROM `datav_admin_user` [ RunTime:0.0199s ]
SQL: SELECT `id`,`username`,`nickname` FROM `datav_admin_user` WHERE `id` = 1 LIMIT 1   [ RunTime:0.0261s ]
SQL: SHOW COLUMNS FROM `datav_user_role` [ RunTime:0.0200s ]
SQL: SELECT `id`,`name` FROM `datav_user_role` WHERE `status` = 1  [ RunTime:0.0201s ]

[ 2021-09-23T15:43:42+08:00 ] 127.0.0.1 /datav-backend/manage.php/Users/getlist?p=1&k=&w=
INFO: [ app_init ] --START--
INFO: Run Behavior\BuildLiteBehavior [ RunTime:0.000011s ]
INFO: [ app_init ] --END-- [ RunTime:0.000662s ]
INFO: [ app_begin ] --START--
INFO: Run Behavior\ReadHtmlCacheBehavior [ RunTime:0.001198s ]
INFO: [ app_begin ] --END-- [ RunTime:0.001230s ]
SQL: SHOW COLUMNS FROM `datav_admin_session` [ RunTime:0.0187s ]
SQL: SELECT `expires_time` FROM `datav_admin_session` WHERE `token` = '0cc761f1d1fd6965b0483875d565d1ce' LIMIT 1   [ RunTime:0.0171s ]

[ 2021-09-23T15:43:43+08:00 ] 127.0.0.1 /datav-backend/manage.php/Users/get_group_list
INFO: [ app_init ] --START--
INFO: Run Behavior\BuildLiteBehavior [ RunTime:0.000008s ]
INFO: [ app_init ] --END-- [ RunTime:0.000557s ]
INFO: [ app_begin ] --START--
INFO: Run Behavior\ReadHtmlCacheBehavior [ RunTime:0.001395s ]
INFO: [ app_begin ] --END-- [ RunTime:0.001428s ]
SQL: SHOW COLUMNS FROM `datav_admin_session` [ RunTime:0.0348s ]
SQL: SELECT `expires_time` FROM `datav_admin_session` WHERE `token` = '0cc761f1d1fd6965b0483875d565d1ce' LIMIT 1   [ RunTime:0.0164s ]

[ 2021-09-23T15:43:53+08:00 ] 127.0.0.1 /datav-backend/manage.php/Main/login
INFO: [ app_init ] --START--
INFO: Run Behavior\BuildLiteBehavior [ RunTime:0.000009s ]
INFO: [ app_init ] --END-- [ RunTime:0.001074s ]
INFO: [ app_begin ] --START--
INFO: Run Behavior\ReadHtmlCacheBehavior [ RunTime:0.000604s ]
INFO: [ app_begin ] --END-- [ RunTime:0.000625s ]
SQL: SHOW COLUMNS FROM `datav_admin_user` [ RunTime:0.0223s ]
SQL: SELECT * FROM `datav_admin_user` WHERE `username` = 'admin' LIMIT 1   [ RunTime:0.0187s ]
SQL: SELECT `id`,`username`,`nickname`,`status` FROM `datav_admin_user` WHERE `username` = 'admin' AND `password` = 'e10adc3949ba59abbe56e057f20f883e' LIMIT 1   [ RunTime:0.0180s ]
SQL: SHOW COLUMNS FROM `datav_admin_session` [ RunTime:0.0194s ]
NOTIC: [8] Undefined variable: uid D:\work\datav-backend\Manage\Controller\MainController.class.php 第 113 行.
SQL: SELECT * FROM `datav_admin_session` WHERE `uid` = 1 LIMIT 1   [ RunTime:0.0167s ]
SQL: UPDATE `datav_admin_session` SET `token`='f1a6dd4d32a59653f19bf93896bcf964',`expires_time`='1632386633' WHERE `uid` = 1 [ RunTime:0.0185s ]

[ 2021-09-23T15:44:02+08:00 ] 127.0.0.1 /datav-backend/manage.php/Users/get_group_list
INFO: [ app_init ] --START--
INFO: Run Behavior\BuildLiteBehavior [ RunTime:0.000009s ]
INFO: [ app_init ] --END-- [ RunTime:0.000696s ]
INFO: [ app_begin ] --START--
INFO: Run Behavior\ReadHtmlCacheBehavior [ RunTime:0.001694s ]
INFO: [ app_begin ] --END-- [ RunTime:0.001741s ]
SQL: SHOW COLUMNS FROM `datav_admin_session` [ RunTime:0.0177s ]
SQL: SELECT `expires_time` FROM `datav_admin_session` WHERE `token` = 'f1a6dd4d32a59653f19bf93896bcf964' LIMIT 1   [ RunTime:0.0179s ]
SQL: UPDATE `datav_admin_session` SET `expires_time`='1632386641' WHERE `token` = 'f1a6dd4d32a59653f19bf93896bcf964' [ RunTime:0.0184s ]
SQL: SELECT `uid` FROM `datav_admin_session` WHERE `token` = 'f1a6dd4d32a59653f19bf93896bcf964' LIMIT 1   [ RunTime:0.0436s ]
SQL: SHOW COLUMNS FROM `datav_admin_user` [ RunTime:0.0193s ]
SQL: SELECT `id`,`username`,`nickname` FROM `datav_admin_user` WHERE `id` = 1 LIMIT 1   [ RunTime:0.0236s ]
SQL: SHOW COLUMNS FROM `datav_user_role` [ RunTime:0.0320s ]
SQL: SELECT `id`,`name` FROM `datav_user_role` WHERE `status` = 1  [ RunTime:0.0166s ]

[ 2021-09-23T15:44:02+08:00 ] 127.0.0.1 /datav-backend/manage.php/Users/getlist?p=1&k=&w=
INFO: [ app_init ] --START--
INFO: Run Behavior\BuildLiteBehavior [ RunTime:0.000006s ]
INFO: [ app_init ] --END-- [ RunTime:0.000535s ]
INFO: [ app_begin ] --START--
INFO: Run Behavior\ReadHtmlCacheBehavior [ RunTime:0.000615s ]
INFO: [ app_begin ] --END-- [ RunTime:0.000633s ]
SQL: SHOW COLUMNS FROM `datav_admin_session` [ RunTime:0.0152s ]
SQL: SELECT `expires_time` FROM `datav_admin_session` WHERE `token` = 'f1a6dd4d32a59653f19bf93896bcf964' LIMIT 1   [ RunTime:0.0157s ]
SQL: UPDATE `datav_admin_session` SET `expires_time`='1632386642' WHERE `token` = 'f1a6dd4d32a59653f19bf93896bcf964' [ RunTime:0.0184s ]
SQL: SELECT `uid` FROM `datav_admin_session` WHERE `token` = 'f1a6dd4d32a59653f19bf93896bcf964' LIMIT 1   [ RunTime:0.0170s ]
SQL: SHOW COLUMNS FROM `datav_admin_user` [ RunTime:0.0215s ]
SQL: SELECT `id`,`username`,`nickname` FROM `datav_admin_user` WHERE `id` = 1 LIMIT 1   [ RunTime:0.0182s ]
SQL: SHOW COLUMNS FROM `datav_users` [ RunTime:0.0162s ]
NOTIC: [8] Undefined index: page D:\work\datav-backend\Manage\Controller\UsersController.class.php 第 23 行.
SQL: SELECT U.id,U.username,U.nickname,U.role_id,U.status,U.create_time FROM datav_users U LIMIT 0,15   [ RunTime:0.0165s ]
SQL: SELECT COUNT(*) AS tp_count FROM datav_users U LIMIT 1   [ RunTime:0.0147s ]

[ 2021-09-23T15:45:49+08:00 ] 127.0.0.1 /datav-backend/manage.php/Users/get_group_list
INFO: [ app_init ] --START--
INFO: Run Behavior\BuildLiteBehavior [ RunTime:0.000006s ]
INFO: [ app_init ] --END-- [ RunTime:0.000424s ]
INFO: [ app_begin ] --START--
INFO: Run Behavior\ReadHtmlCacheBehavior [ RunTime:0.000846s ]
INFO: [ app_begin ] --END-- [ RunTime:0.000872s ]
SQL: SHOW COLUMNS FROM `datav_admin_session` [ RunTime:0.0172s ]
SQL: SELECT `expires_time` FROM `datav_admin_session` WHERE `token` = 'f1a6dd4d32a59653f19bf93896bcf964' LIMIT 1   [ RunTime:0.0171s ]
SQL: UPDATE `datav_admin_session` SET `expires_time`='1632386749' WHERE `token` = 'f1a6dd4d32a59653f19bf93896bcf964' [ RunTime:0.0236s ]
SQL: SELECT `uid` FROM `datav_admin_session` WHERE `token` = 'f1a6dd4d32a59653f19bf93896bcf964' LIMIT 1   [ RunTime:0.0213s ]
SQL: SHOW COLUMNS FROM `datav_admin_user` [ RunTime:0.0146s ]
SQL: SELECT `id`,`username`,`nickname` FROM `datav_admin_user` WHERE `id` = 1 LIMIT 1   [ RunTime:0.0166s ]
SQL: SHOW COLUMNS FROM `datav_user_role` [ RunTime:0.0186s ]
SQL: SELECT `id`,`name` FROM `datav_user_role` WHERE `status` = 1  [ RunTime:0.0192s ]

[ 2021-09-23T15:45:50+08:00 ] 127.0.0.1 /datav-backend/manage.php/Users/getlist?p=1&k=&w=
INFO: [ app_init ] --START--
INFO: Run Behavior\BuildLiteBehavior [ RunTime:0.000006s ]
INFO: [ app_init ] --END-- [ RunTime:0.000452s ]
INFO: [ app_begin ] --START--
INFO: Run Behavior\ReadHtmlCacheBehavior [ RunTime:0.001110s ]
INFO: [ app_begin ] --END-- [ RunTime:0.001152s ]
SQL: SHOW COLUMNS FROM `datav_admin_session` [ RunTime:0.0265s ]
SQL: SELECT `expires_time` FROM `datav_admin_session` WHERE `token` = 'f1a6dd4d32a59653f19bf93896bcf964' LIMIT 1   [ RunTime:0.0198s ]
SQL: UPDATE `datav_admin_session` SET `expires_time`='1632386749' WHERE `token` = 'f1a6dd4d32a59653f19bf93896bcf964' [ RunTime:0.0185s ]
SQL: SELECT `uid` FROM `datav_admin_session` WHERE `token` = 'f1a6dd4d32a59653f19bf93896bcf964' LIMIT 1   [ RunTime:0.0171s ]
SQL: SHOW COLUMNS FROM `datav_admin_user` [ RunTime:0.0156s ]
SQL: SELECT `id`,`username`,`nickname` FROM `datav_admin_user` WHERE `id` = 1 LIMIT 1   [ RunTime:0.0169s ]
SQL: SHOW COLUMNS FROM `datav_users` [ RunTime:0.0293s ]
NOTIC: [8] Undefined index: page D:\work\datav-backend\Manage\Controller\UsersController.class.php 第 23 行.
SQL: SELECT U.id,U.username,U.nickname,U.role_id,U.status,U.create_time FROM datav_users U LIMIT 0,15   [ RunTime:0.0194s ]
SQL: SELECT COUNT(*) AS tp_count FROM datav_users U LIMIT 1   [ RunTime:0.0172s ]

[ 2021-09-23T15:47:42+08:00 ] 127.0.0.1 /datav-backend/manage.php/Users/get_group_list
INFO: [ app_init ] --START--
INFO: Run Behavior\BuildLiteBehavior [ RunTime:0.000005s ]
INFO: [ app_init ] --END-- [ RunTime:0.000419s ]
INFO: [ app_begin ] --START--
INFO: Run Behavior\ReadHtmlCacheBehavior [ RunTime:0.000586s ]
INFO: [ app_begin ] --END-- [ RunTime:0.000603s ]
SQL: SHOW COLUMNS FROM `datav_admin_session` [ RunTime:0.0174s ]
SQL: SELECT `expires_time` FROM `datav_admin_session` WHERE `token` = 'f1a6dd4d32a59653f19bf93896bcf964' LIMIT 1   [ RunTime:0.0147s ]
SQL: UPDATE `datav_admin_session` SET `expires_time`='1632386862' WHERE `token` = 'f1a6dd4d32a59653f19bf93896bcf964' [ RunTime:0.0182s ]
SQL: SELECT `uid` FROM `datav_admin_session` WHERE `token` = 'f1a6dd4d32a59653f19bf93896bcf964' LIMIT 1   [ RunTime:0.0182s ]
SQL: SHOW COLUMNS FROM `datav_admin_user` [ RunTime:0.0181s ]
SQL: SELECT `id`,`username`,`nickname` FROM `datav_admin_user` WHERE `id` = 1 LIMIT 1   [ RunTime:0.0141s ]
SQL: SHOW COLUMNS FROM `datav_user_role` [ RunTime:0.0149s ]
SQL: SELECT `id`,`name` FROM `datav_user_role` WHERE `status` = 1  [ RunTime:0.0330s ]

[ 2021-09-23T15:49:48+08:00 ] 127.0.0.1 /datav-backend/manage.php/Users/get_group_list
INFO: [ app_init ] --START--
INFO: Run Behavior\BuildLiteBehavior [ RunTime:0.000009s ]
INFO: [ app_init ] --END-- [ RunTime:0.000993s ]
INFO: [ app_begin ] --START--
INFO: Run Behavior\ReadHtmlCacheBehavior [ RunTime:0.000680s ]
INFO: [ app_begin ] --END-- [ RunTime:0.000703s ]
SQL: SHOW COLUMNS FROM `datav_admin_session` [ RunTime:0.0197s ]
SQL: SELECT `expires_time` FROM `datav_admin_session` WHERE `token` = 'f1a6dd4d32a59653f19bf93896bcf964' LIMIT 1   [ RunTime:0.0386s ]
SQL: UPDATE `datav_admin_session` SET `expires_time`='1632386987' WHERE `token` = 'f1a6dd4d32a59653f19bf93896bcf964' [ RunTime:0.0227s ]
SQL: SELECT `uid` FROM `datav_admin_session` WHERE `token` = 'f1a6dd4d32a59653f19bf93896bcf964' LIMIT 1   [ RunTime:0.0165s ]
SQL: SHOW COLUMNS FROM `datav_admin_user` [ RunTime:0.0141s ]
SQL: SELECT `id`,`username`,`nickname` FROM `datav_admin_user` WHERE `id` = 1 LIMIT 1   [ RunTime:0.0419s ]
SQL: SHOW COLUMNS FROM `datav_user_role` [ RunTime:0.0182s ]
SQL: SELECT `id`,`name` FROM `datav_user_role` WHERE `status` = 1  [ RunTime:0.0181s ]

[ 2021-09-23T15:49:48+08:00 ] 127.0.0.1 /datav-backend/manage.php/Users/getlist?p=1&k=&w=
INFO: [ app_init ] --START--
INFO: Run Behavior\BuildLiteBehavior [ RunTime:0.000029s ]
INFO: [ app_init ] --END-- [ RunTime:0.000606s ]
INFO: [ app_begin ] --START--
INFO: Run Behavior\ReadHtmlCacheBehavior [ RunTime:0.000720s ]
INFO: [ app_begin ] --END-- [ RunTime:0.000742s ]
SQL: SHOW COLUMNS FROM `datav_admin_session` [ RunTime:0.0255s ]
SQL: SELECT `expires_time` FROM `datav_admin_session` WHERE `token` = 'f1a6dd4d32a59653f19bf93896bcf964' LIMIT 1   [ RunTime:0.0331s ]
SQL: UPDATE `datav_admin_session` SET `expires_time`='1632386988' WHERE `token` = 'f1a6dd4d32a59653f19bf93896bcf964' [ RunTime:0.0183s ]
SQL: SELECT `uid` FROM `datav_admin_session` WHERE `token` = 'f1a6dd4d32a59653f19bf93896bcf964' LIMIT 1   [ RunTime:0.0201s ]
SQL: SHOW COLUMNS FROM `datav_admin_user` [ RunTime:0.0152s ]
SQL: SELECT `id`,`username`,`nickname` FROM `datav_admin_user` WHERE `id` = 1 LIMIT 1   [ RunTime:0.0193s ]
SQL: SHOW COLUMNS FROM `datav_users` [ RunTime:0.0156s ]
NOTIC: [8] Undefined index: page D:\work\datav-backend\Manage\Controller\UsersController.class.php 第 23 行.
SQL: SELECT U.id,U.username,U.nickname,U.role_id,U.status,U.create_time FROM datav_users U LIMIT 0,15   [ RunTime:0.0169s ]
SQL: SELECT COUNT(*) AS tp_count FROM datav_users U LIMIT 1   [ RunTime:0.0241s ]

[ 2021-09-23T15:50:00+08:00 ] 127.0.0.1 /datav-backend/manage.php/Users/get_group_list
INFO: [ app_init ] --START--
INFO: Run Behavior\BuildLiteBehavior [ RunTime:0.000029s ]
INFO: [ app_init ] --END-- [ RunTime:0.001940s ]
INFO: [ app_begin ] --START--
INFO: Run Behavior\ReadHtmlCacheBehavior [ RunTime:0.000833s ]
INFO: [ app_begin ] --END-- [ RunTime:0.000860s ]
SQL: SHOW COLUMNS FROM `datav_admin_session` [ RunTime:0.0349s ]
SQL: SELECT `expires_time` FROM `datav_admin_session` WHERE `token` = 'f1a6dd4d32a59653f19bf93896bcf964' LIMIT 1   [ RunTime:0.0199s ]
SQL: UPDATE `datav_admin_session` SET `expires_time`='1632387000' WHERE `token` = 'f1a6dd4d32a59653f19bf93896bcf964' [ RunTime:0.0195s ]
SQL: SELECT `uid` FROM `datav_admin_session` WHERE `token` = 'f1a6dd4d32a59653f19bf93896bcf964' LIMIT 1   [ RunTime:0.0158s ]
SQL: SHOW COLUMNS FROM `datav_admin_user` [ RunTime:0.0180s ]
SQL: SELECT `id`,`username`,`nickname` FROM `datav_admin_user` WHERE `id` = 1 LIMIT 1   [ RunTime:0.0227s ]
SQL: SHOW COLUMNS FROM `datav_user_role` [ RunTime:0.0192s ]
SQL: SELECT `id`,`name` FROM `datav_user_role` WHERE `status` = 1  [ RunTime:0.0182s ]

[ 2021-09-23T15:50:00+08:00 ] 127.0.0.1 /datav-backend/manage.php/Users/getlist?p=1&k=&w=
INFO: [ app_init ] --START--
INFO: Run Behavior\BuildLiteBehavior [ RunTime:0.000009s ]
INFO: [ app_init ] --END-- [ RunTime:0.000607s ]
INFO: [ app_begin ] --START--
INFO: Run Behavior\ReadHtmlCacheBehavior [ RunTime:0.000773s ]
INFO: [ app_begin ] --END-- [ RunTime:0.000807s ]
SQL: SHOW COLUMNS FROM `datav_admin_session` [ RunTime:0.0166s ]
SQL: SELECT `expires_time` FROM `datav_admin_session` WHERE `token` = 'f1a6dd4d32a59653f19bf93896bcf964' LIMIT 1   [ RunTime:0.0251s ]
SQL: UPDATE `datav_admin_session` SET `expires_time`='1632387000' WHERE `token` = 'f1a6dd4d32a59653f19bf93896bcf964' [ RunTime:0.0189s ]
SQL: SELECT `uid` FROM `datav_admin_session` WHERE `token` = 'f1a6dd4d32a59653f19bf93896bcf964' LIMIT 1   [ RunTime:0.0217s ]
SQL: SHOW COLUMNS FROM `datav_admin_user` [ RunTime:0.0172s ]
SQL: SELECT `id`,`username`,`nickname` FROM `datav_admin_user` WHERE `id` = 1 LIMIT 1   [ RunTime:0.0164s ]
SQL: SHOW COLUMNS FROM `datav_users` [ RunTime:0.0165s ]
NOTIC: [8] Undefined index: page D:\work\datav-backend\Manage\Controller\UsersController.class.php 第 23 行.
SQL: SELECT U.id,U.username,U.nickname,U.role_id,U.status,U.create_time FROM datav_users U LIMIT 0,15   [ RunTime:0.0196s ]
SQL: SELECT COUNT(*) AS tp_count FROM datav_users U LIMIT 1   [ RunTime:0.0238s ]

[ 2021-09-23T15:50:50+08:00 ] 127.0.0.1 /datav-backend/manage.php/Users/getlist?p=1&k=&w=
INFO: [ app_init ] --START--
INFO: Run Behavior\BuildLiteBehavior [ RunTime:0.000008s ]
INFO: [ app_init ] --END-- [ RunTime:0.000764s ]
INFO: [ app_begin ] --START--
INFO: Run Behavior\ReadHtmlCacheBehavior [ RunTime:0.000663s ]
INFO: [ app_begin ] --END-- [ RunTime:0.000691s ]
SQL: SHOW COLUMNS FROM `datav_admin_session` [ RunTime:0.0179s ]
SQL: SELECT `expires_time` FROM `datav_admin_session` WHERE `token` = 'f1a6dd4d32a59653f19bf93896bcf964' LIMIT 1   [ RunTime:0.0175s ]
SQL: UPDATE `datav_admin_session` SET `expires_time`='1632387050' WHERE `token` = 'f1a6dd4d32a59653f19bf93896bcf964' [ RunTime:0.0234s ]
SQL: SELECT `uid` FROM `datav_admin_session` WHERE `token` = 'f1a6dd4d32a59653f19bf93896bcf964' LIMIT 1   [ RunTime:0.0231s ]
SQL: SHOW COLUMNS FROM `datav_admin_user` [ RunTime:0.0221s ]
SQL: SELECT `id`,`username`,`nickname` FROM `datav_admin_user` WHERE `id` = 1 LIMIT 1   [ RunTime:0.0219s ]
SQL: SHOW COLUMNS FROM `datav_users` [ RunTime:0.0222s ]
NOTIC: [8] Undefined index: page D:\work\datav-backend\Manage\Controller\UsersController.class.php 第 23 行.
SQL: SELECT U.id,U.username,U.nickname,U.role_id,U.status,U.create_time FROM datav_users U LIMIT 0,15   [ RunTime:0.0238s ]
SQL: SELECT COUNT(*) AS tp_count FROM datav_users U LIMIT 1   [ RunTime:0.0169s ]

[ 2021-09-23T15:51:25+08:00 ] 127.0.0.1 /datav-backend/manage.php/Users/getlist?p=1&k=&w=
INFO: [ app_init ] --START--
INFO: Run Behavior\BuildLiteBehavior [ RunTime:0.000010s ]
INFO: [ app_init ] --END-- [ RunTime:0.001824s ]
INFO: [ app_begin ] --START--
INFO: Run Behavior\ReadHtmlCacheBehavior [ RunTime:0.002265s ]
INFO: [ app_begin ] --END-- [ RunTime:0.002299s ]
SQL: SHOW COLUMNS FROM `datav_admin_session` [ RunTime:0.0216s ]
SQL: SELECT `expires_time` FROM `datav_admin_session` WHERE `token` = 'f1a6dd4d32a59653f19bf93896bcf964' LIMIT 1   [ RunTime:0.0241s ]
SQL: UPDATE `datav_admin_session` SET `expires_time`='1632387085' WHERE `token` = 'f1a6dd4d32a59653f19bf93896bcf964' [ RunTime:0.0348s ]
SQL: SELECT `uid` FROM `datav_admin_session` WHERE `token` = 'f1a6dd4d32a59653f19bf93896bcf964' LIMIT 1   [ RunTime:0.0217s ]
SQL: SHOW COLUMNS FROM `datav_admin_user` [ RunTime:0.0196s ]
SQL: SELECT `id`,`username`,`nickname` FROM `datav_admin_user` WHERE `id` = 1 LIMIT 1   [ RunTime:0.0211s ]
SQL: SHOW COLUMNS FROM `datav_users` [ RunTime:0.0211s ]
NOTIC: [8] Undefined index: page D:\work\datav-backend\Manage\Controller\UsersController.class.php 第 23 行.
SQL: SELECT U.id,U.username,U.nickname,U.role_id,U.status,U.create_time FROM datav_users U LIMIT 0,15   [ RunTime:0.0247s ]
SQL: SELECT COUNT(*) AS tp_count FROM datav_users U LIMIT 1   [ RunTime:0.0253s ]

[ 2021-09-23T15:51:49+08:00 ] 127.0.0.1 /datav-backend/manage.php/Users/get_role_list
INFO: [ app_init ] --START--
INFO: Run Behavior\BuildLiteBehavior [ RunTime:0.000011s ]
INFO: [ app_init ] --END-- [ RunTime:0.001028s ]
INFO: [ app_begin ] --START--
INFO: Run Behavior\ReadHtmlCacheBehavior [ RunTime:0.000693s ]
INFO: [ app_begin ] --END-- [ RunTime:0.000715s ]
SQL: SHOW COLUMNS FROM `datav_admin_session` [ RunTime:0.0297s ]
SQL: SELECT `expires_time` FROM `datav_admin_session` WHERE `token` = 'f1a6dd4d32a59653f19bf93896bcf964' LIMIT 1   [ RunTime:0.0174s ]
SQL: UPDATE `datav_admin_session` SET `expires_time`='1632387109' WHERE `token` = 'f1a6dd4d32a59653f19bf93896bcf964' [ RunTime:0.0174s ]
SQL: SELECT `uid` FROM `datav_admin_session` WHERE `token` = 'f1a6dd4d32a59653f19bf93896bcf964' LIMIT 1   [ RunTime:0.0313s ]
SQL: SHOW COLUMNS FROM `datav_admin_user` [ RunTime:0.0628s ]
SQL: SELECT `id`,`username`,`nickname` FROM `datav_admin_user` WHERE `id` = 1 LIMIT 1   [ RunTime:0.0193s ]
SQL: SHOW COLUMNS FROM `datav_user_role` [ RunTime:0.0153s ]
SQL: SELECT `id`,`name` FROM `datav_user_role` WHERE `status` = 1  [ RunTime:0.0178s ]

[ 2021-09-23T15:52:11+08:00 ] 127.0.0.1 /datav-backend/manage.php/Users/get_role_list
INFO: [ app_init ] --START--
INFO: Run Behavior\BuildLiteBehavior [ RunTime:0.000008s ]
INFO: [ app_init ] --END-- [ RunTime:0.000479s ]
INFO: [ app_begin ] --START--
INFO: Run Behavior\ReadHtmlCacheBehavior [ RunTime:0.001051s ]
INFO: [ app_begin ] --END-- [ RunTime:0.001083s ]
SQL: SHOW COLUMNS FROM `datav_admin_session` [ RunTime:0.0251s ]
SQL: SELECT `expires_time` FROM `datav_admin_session` WHERE `token` = 'f1a6dd4d32a59653f19bf93896bcf964' LIMIT 1   [ RunTime:0.0188s ]
SQL: UPDATE `datav_admin_session` SET `expires_time`='1632387131' WHERE `token` = 'f1a6dd4d32a59653f19bf93896bcf964' [ RunTime:0.0223s ]
SQL: SELECT `uid` FROM `datav_admin_session` WHERE `token` = 'f1a6dd4d32a59653f19bf93896bcf964' LIMIT 1   [ RunTime:0.0170s ]
SQL: SHOW COLUMNS FROM `datav_admin_user` [ RunTime:0.0399s ]
SQL: SELECT `id`,`username`,`nickname` FROM `datav_admin_user` WHERE `id` = 1 LIMIT 1   [ RunTime:0.0178s ]
SQL: SHOW COLUMNS FROM `datav_user_role` [ RunTime:0.0179s ]
SQL: SELECT `id`,`name` FROM `datav_user_role` WHERE `status` = 1  [ RunTime:0.0175s ]

[ 2021-09-23T15:52:55+08:00 ] 127.0.0.1 /datav-backend/manage.php/Users/get_role_list
INFO: [ app_init ] --START--
INFO: Run Behavior\BuildLiteBehavior [ RunTime:0.000007s ]
INFO: [ app_init ] --END-- [ RunTime:0.000461s ]
INFO: [ app_begin ] --START--
INFO: Run Behavior\ReadHtmlCacheBehavior [ RunTime:0.000713s ]
INFO: [ app_begin ] --END-- [ RunTime:0.000745s ]
SQL: SHOW COLUMNS FROM `datav_admin_session` [ RunTime:0.0451s ]
SQL: SELECT `expires_time` FROM `datav_admin_session` WHERE `token` = 'f1a6dd4d32a59653f19bf93896bcf964' LIMIT 1   [ RunTime:0.0206s ]
SQL: UPDATE `datav_admin_session` SET `expires_time`='1632387175' WHERE `token` = 'f1a6dd4d32a59653f19bf93896bcf964' [ RunTime:0.0256s ]
SQL: SELECT `uid` FROM `datav_admin_session` WHERE `token` = 'f1a6dd4d32a59653f19bf93896bcf964' LIMIT 1   [ RunTime:0.0141s ]
SQL: SHOW COLUMNS FROM `datav_admin_user` [ RunTime:0.0171s ]
SQL: SELECT `id`,`username`,`nickname` FROM `datav_admin_user` WHERE `id` = 1 LIMIT 1   [ RunTime:0.0128s ]
SQL: SHOW COLUMNS FROM `datav_user_role` [ RunTime:0.0347s ]
SQL: SELECT `id`,`name` FROM `datav_user_role` WHERE `status` = 1  [ RunTime:0.0185s ]

[ 2021-09-23T15:52:55+08:00 ] 127.0.0.1 /datav-backend/manage.php/Users/getlist?p=1&k=&w=
INFO: [ app_init ] --START--
INFO: Run Behavior\BuildLiteBehavior [ RunTime:0.000008s ]
INFO: [ app_init ] --END-- [ RunTime:0.000592s ]
INFO: [ app_begin ] --START--
INFO: Run Behavior\ReadHtmlCacheBehavior [ RunTime:0.000755s ]
INFO: [ app_begin ] --END-- [ RunTime:0.000782s ]
SQL: SHOW COLUMNS FROM `datav_admin_session` [ RunTime:0.0181s ]
SQL: SELECT `expires_time` FROM `datav_admin_session` WHERE `token` = 'f1a6dd4d32a59653f19bf93896bcf964' LIMIT 1   [ RunTime:0.0197s ]
SQL: UPDATE `datav_admin_session` SET `expires_time`='1632387175' WHERE `token` = 'f1a6dd4d32a59653f19bf93896bcf964' [ RunTime:0.0173s ]
SQL: SELECT `uid` FROM `datav_admin_session` WHERE `token` = 'f1a6dd4d32a59653f19bf93896bcf964' LIMIT 1   [ RunTime:0.0395s ]
SQL: SHOW COLUMNS FROM `datav_admin_user` [ RunTime:0.0160s ]
SQL: SELECT `id`,`username`,`nickname` FROM `datav_admin_user` WHERE `id` = 1 LIMIT 1   [ RunTime:0.0168s ]
SQL: SHOW COLUMNS FROM `datav_users` [ RunTime:0.0225s ]
NOTIC: [8] Undefined index: page D:\work\datav-backend\Manage\Controller\UsersController.class.php 第 23 行.
SQL: SELECT U.id,U.username,U.nickname,U.role_id,U.status,U.create_time FROM datav_users U LIMIT 0,15   [ RunTime:0.0158s ]
SQL: SELECT COUNT(*) AS tp_count FROM datav_users U LIMIT 1   [ RunTime:0.0162s ]

[ 2021-09-23T15:53:26+08:00 ] 127.0.0.1 /datav-backend/manage.php/Users/get_role_list
INFO: [ app_init ] --START--
INFO: Run Behavior\BuildLiteBehavior [ RunTime:0.000006s ]
INFO: [ app_init ] --END-- [ RunTime:0.000378s ]
INFO: [ app_begin ] --START--
INFO: Run Behavior\ReadHtmlCacheBehavior [ RunTime:0.000576s ]
INFO: [ app_begin ] --END-- [ RunTime:0.000595s ]
SQL: SHOW COLUMNS FROM `datav_admin_session` [ RunTime:0.0160s ]
SQL: SELECT `expires_time` FROM `datav_admin_session` WHERE `token` = 'f1a6dd4d32a59653f19bf93896bcf964' LIMIT 1   [ RunTime:0.0139s ]
SQL: UPDATE `datav_admin_session` SET `expires_time`='1632387206' WHERE `token` = 'f1a6dd4d32a59653f19bf93896bcf964' [ RunTime:0.0193s ]
SQL: SELECT `uid` FROM `datav_admin_session` WHERE `token` = 'f1a6dd4d32a59653f19bf93896bcf964' LIMIT 1   [ RunTime:0.0145s ]
SQL: SHOW COLUMNS FROM `datav_admin_user` [ RunTime:0.0161s ]
SQL: SELECT `id`,`username`,`nickname` FROM `datav_admin_user` WHERE `id` = 1 LIMIT 1   [ RunTime:0.0214s ]
SQL: SHOW COLUMNS FROM `datav_user_role` [ RunTime:0.0184s ]
SQL: SELECT `id`,`name` FROM `datav_user_role` WHERE `status` = 1  [ RunTime:0.0176s ]

[ 2021-09-23T15:53:26+08:00 ] 127.0.0.1 /datav-backend/manage.php/Users/getlist?p=1&k=&w=
INFO: [ app_init ] --START--
INFO: Run Behavior\BuildLiteBehavior [ RunTime:0.000006s ]
INFO: [ app_init ] --END-- [ RunTime:0.000398s ]
INFO: [ app_begin ] --START--
INFO: Run Behavior\ReadHtmlCacheBehavior [ RunTime:0.000561s ]
INFO: [ app_begin ] --END-- [ RunTime:0.000581s ]
SQL: SHOW COLUMNS FROM `datav_admin_session` [ RunTime:0.0183s ]
SQL: SELECT `expires_time` FROM `datav_admin_session` WHERE `token` = 'f1a6dd4d32a59653f19bf93896bcf964' LIMIT 1   [ RunTime:0.0173s ]
SQL: UPDATE `datav_admin_session` SET `expires_time`='1632387206' WHERE `token` = 'f1a6dd4d32a59653f19bf93896bcf964' [ RunTime:0.0214s ]
SQL: SELECT `uid` FROM `datav_admin_session` WHERE `token` = 'f1a6dd4d32a59653f19bf93896bcf964' LIMIT 1   [ RunTime:0.0179s ]
SQL: SHOW COLUMNS FROM `datav_admin_user` [ RunTime:0.0231s ]
SQL: SELECT `id`,`username`,`nickname` FROM `datav_admin_user` WHERE `id` = 1 LIMIT 1   [ RunTime:0.0198s ]
SQL: SHOW COLUMNS FROM `datav_users` [ RunTime:0.0218s ]
NOTIC: [8] Undefined index: page D:\work\datav-backend\Manage\Controller\UsersController.class.php 第 23 行.
SQL: SELECT U.id,U.username,U.nickname,U.role_id,U.status,U.create_time FROM datav_users U LIMIT 0,15   [ RunTime:0.0169s ]
SQL: SELECT COUNT(*) AS tp_count FROM datav_users U LIMIT 1   [ RunTime:0.0249s ]

[ 2021-09-23T15:53:31+08:00 ] 127.0.0.1 /datav-backend/manage.php/Users/get_role_list
INFO: [ app_init ] --START--
INFO: Run Behavior\BuildLiteBehavior [ RunTime:0.000006s ]
INFO: [ app_init ] --END-- [ RunTime:0.000489s ]
INFO: [ app_begin ] --START--
INFO: Run Behavior\ReadHtmlCacheBehavior [ RunTime:0.000743s ]
INFO: [ app_begin ] --END-- [ RunTime:0.000770s ]
SQL: SHOW COLUMNS FROM `datav_admin_session` [ RunTime:0.0171s ]
SQL: SELECT `expires_time` FROM `datav_admin_session` WHERE `token` = 'f1a6dd4d32a59653f19bf93896bcf964' LIMIT 1   [ RunTime:0.0280s ]
SQL: UPDATE `datav_admin_session` SET `expires_time`='1632387211' WHERE `token` = 'f1a6dd4d32a59653f19bf93896bcf964' [ RunTime:0.0233s ]
SQL: SELECT `uid` FROM `datav_admin_session` WHERE `token` = 'f1a6dd4d32a59653f19bf93896bcf964' LIMIT 1   [ RunTime:0.0151s ]
SQL: SHOW COLUMNS FROM `datav_admin_user` [ RunTime:0.0526s ]
SQL: SELECT `id`,`username`,`nickname` FROM `datav_admin_user` WHERE `id` = 1 LIMIT 1   [ RunTime:0.0167s ]
SQL: SHOW COLUMNS FROM `datav_user_role` [ RunTime:0.0151s ]
SQL: SELECT `id`,`name` FROM `datav_user_role` WHERE `status` = 1  [ RunTime:0.0164s ]

[ 2021-09-23T15:53:31+08:00 ] 127.0.0.1 /datav-backend/manage.php/Users/getlist?p=1&k=&w=
INFO: [ app_init ] --START--
INFO: Run Behavior\BuildLiteBehavior [ RunTime:0.000005s ]
INFO: [ app_init ] --END-- [ RunTime:0.000384s ]
INFO: [ app_begin ] --START--
INFO: Run Behavior\ReadHtmlCacheBehavior [ RunTime:0.000738s ]
INFO: [ app_begin ] --END-- [ RunTime:0.000763s ]
SQL: SHOW COLUMNS FROM `datav_admin_session` [ RunTime:0.0178s ]
SQL: SELECT `expires_time` FROM `datav_admin_session` WHERE `token` = 'f1a6dd4d32a59653f19bf93896bcf964' LIMIT 1   [ RunTime:0.0216s ]
SQL: UPDATE `datav_admin_session` SET `expires_time`='1632387211' WHERE `token` = 'f1a6dd4d32a59653f19bf93896bcf964' [ RunTime:0.0200s ]
SQL: SELECT `uid` FROM `datav_admin_session` WHERE `token` = 'f1a6dd4d32a59653f19bf93896bcf964' LIMIT 1   [ RunTime:0.0230s ]
SQL: SHOW COLUMNS FROM `datav_admin_user` [ RunTime:0.0194s ]
SQL: SELECT `id`,`username`,`nickname` FROM `datav_admin_user` WHERE `id` = 1 LIMIT 1   [ RunTime:0.0184s ]
SQL: SHOW COLUMNS FROM `datav_users` [ RunTime:0.0369s ]
NOTIC: [8] Undefined index: page D:\work\datav-backend\Manage\Controller\UsersController.class.php 第 23 行.
SQL: SELECT U.id,U.username,U.nickname,U.role_id,U.status,U.create_time FROM datav_users U LIMIT 0,15   [ RunTime:0.0202s ]
SQL: SELECT COUNT(*) AS tp_count FROM datav_users U LIMIT 1   [ RunTime:0.0182s ]

[ 2021-09-23T15:54:42+08:00 ] 127.0.0.1 /datav-backend/manage.php/Users/get_role_list
INFO: [ app_init ] --START--
INFO: Run Behavior\BuildLiteBehavior [ RunTime:0.000008s ]
INFO: [ app_init ] --END-- [ RunTime:0.000836s ]
INFO: [ app_begin ] --START--
INFO: Run Behavior\ReadHtmlCacheBehavior [ RunTime:0.001614s ]
INFO: [ app_begin ] --END-- [ RunTime:0.001653s ]
SQL: SHOW COLUMNS FROM `datav_admin_session` [ RunTime:0.0199s ]
SQL: SELECT `expires_time` FROM `datav_admin_session` WHERE `token` = 'f1a6dd4d32a59653f19bf93896bcf964' LIMIT 1   [ RunTime:0.0174s ]
SQL: UPDATE `datav_admin_session` SET `expires_time`='1632387282' WHERE `token` = 'f1a6dd4d32a59653f19bf93896bcf964' [ RunTime:0.0272s ]
SQL: SELECT `uid` FROM `datav_admin_session` WHERE `token` = 'f1a6dd4d32a59653f19bf93896bcf964' LIMIT 1   [ RunTime:0.0152s ]
SQL: SHOW COLUMNS FROM `datav_admin_user` [ RunTime:0.0147s ]
SQL: SELECT `id`,`username`,`nickname` FROM `datav_admin_user` WHERE `id` = 1 LIMIT 1   [ RunTime:0.0223s ]
SQL: SHOW COLUMNS FROM `datav_user_role` [ RunTime:0.0179s ]
SQL: SELECT `id`,`name` FROM `datav_user_role` WHERE `status` = 1  [ RunTime:0.0167s ]

[ 2021-09-23T15:54:42+08:00 ] 127.0.0.1 /datav-backend/manage.php/Users/getlist?p=1&k=&w=
INFO: [ app_init ] --START--
INFO: Run Behavior\BuildLiteBehavior [ RunTime:0.000010s ]
INFO: [ app_init ] --END-- [ RunTime:0.000762s ]
INFO: [ app_begin ] --START--
INFO: Run Behavior\ReadHtmlCacheBehavior [ RunTime:0.003842s ]
INFO: [ app_begin ] --END-- [ RunTime:0.003876s ]
SQL: SHOW COLUMNS FROM `datav_admin_session` [ RunTime:0.0218s ]
SQL: SELECT `expires_time` FROM `datav_admin_session` WHERE `token` = 'f1a6dd4d32a59653f19bf93896bcf964' LIMIT 1   [ RunTime:0.0178s ]
SQL: UPDATE `datav_admin_session` SET `expires_time`='1632387282' WHERE `token` = 'f1a6dd4d32a59653f19bf93896bcf964' [ RunTime:0.0216s ]
SQL: SELECT `uid` FROM `datav_admin_session` WHERE `token` = 'f1a6dd4d32a59653f19bf93896bcf964' LIMIT 1   [ RunTime:0.0141s ]
SQL: SHOW COLUMNS FROM `datav_admin_user` [ RunTime:0.0171s ]
SQL: SELECT `id`,`username`,`nickname` FROM `datav_admin_user` WHERE `id` = 1 LIMIT 1   [ RunTime:0.0462s ]
SQL: SHOW COLUMNS FROM `datav_users` [ RunTime:0.0162s ]
SQL: SELECT U.id,U.username,U.nickname,U.role_id,U.status,U.create_time FROM datav_users U LIMIT 0,15   [ RunTime:0.0158s ]
SQL: SELECT COUNT(*) AS tp_count FROM datav_users U LIMIT 1   [ RunTime:0.0493s ]

[ 2021-09-23T15:55:34+08:00 ] 127.0.0.1 /datav-backend/manage.php/Users/get_role_list
INFO: [ app_init ] --START--
INFO: Run Behavior\BuildLiteBehavior [ RunTime:0.000011s ]
INFO: [ app_init ] --END-- [ RunTime:0.000549s ]
INFO: [ app_begin ] --START--
INFO: Run Behavior\ReadHtmlCacheBehavior [ RunTime:0.000676s ]
INFO: [ app_begin ] --END-- [ RunTime:0.000705s ]
SQL: SHOW COLUMNS FROM `datav_admin_session` [ RunTime:0.0126s ]
SQL: SELECT `expires_time` FROM `datav_admin_session` WHERE `token` = 'f1a6dd4d32a59653f19bf93896bcf964' LIMIT 1   [ RunTime:0.0160s ]
SQL: UPDATE `datav_admin_session` SET `expires_time`='1632387334' WHERE `token` = 'f1a6dd4d32a59653f19bf93896bcf964' [ RunTime:0.0169s ]
SQL: SELECT `uid` FROM `datav_admin_session` WHERE `token` = 'f1a6dd4d32a59653f19bf93896bcf964' LIMIT 1   [ RunTime:0.0133s ]
SQL: SHOW COLUMNS FROM `datav_admin_user` [ RunTime:0.0157s ]
SQL: SELECT `id`,`username`,`nickname` FROM `datav_admin_user` WHERE `id` = 1 LIMIT 1   [ RunTime:0.0129s ]
SQL: SHOW COLUMNS FROM `datav_user_role` [ RunTime:0.0127s ]
SQL: SELECT `id`,`name` FROM `datav_user_role` WHERE `status` = 1  [ RunTime:0.0306s ]

[ 2021-09-23T15:55:35+08:00 ] 127.0.0.1 /datav-backend/manage.php/Users/getlist?p=1&k=&w=
INFO: [ app_init ] --START--
INFO: Run Behavior\BuildLiteBehavior [ RunTime:0.000007s ]
INFO: [ app_init ] --END-- [ RunTime:0.000587s ]
INFO: [ app_begin ] --START--
INFO: Run Behavior\ReadHtmlCacheBehavior [ RunTime:0.001383s ]
INFO: [ app_begin ] --END-- [ RunTime:0.001415s ]
SQL: SHOW COLUMNS FROM `datav_admin_session` [ RunTime:0.0235s ]
SQL: SELECT `expires_time` FROM `datav_admin_session` WHERE `token` = 'f1a6dd4d32a59653f19bf93896bcf964' LIMIT 1   [ RunTime:0.0191s ]
SQL: UPDATE `datav_admin_session` SET `expires_time`='1632387334' WHERE `token` = 'f1a6dd4d32a59653f19bf93896bcf964' [ RunTime:0.0190s ]
SQL: SELECT `uid` FROM `datav_admin_session` WHERE `token` = 'f1a6dd4d32a59653f19bf93896bcf964' LIMIT 1   [ RunTime:0.0286s ]
SQL: SHOW COLUMNS FROM `datav_admin_user` [ RunTime:0.0286s ]
SQL: SELECT `id`,`username`,`nickname` FROM `datav_admin_user` WHERE `id` = 1 LIMIT 1   [ RunTime:0.0183s ]
SQL: SHOW COLUMNS FROM `datav_users` [ RunTime:0.0158s ]
SQL: SELECT U.id,U.username,U.nickname,U.role_id,U.status,U.create_time FROM datav_users U LIMIT 0,15   [ RunTime:0.0485s ]
SQL: SELECT COUNT(*) AS tp_count FROM datav_users U LIMIT 1   [ RunTime:0.0213s ]

[ 2021-09-23T16:04:51+08:00 ] 127.0.0.1 /datav-backend/manage.php/Users/get_role_list
INFO: [ app_init ] --START--
INFO: Run Behavior\BuildLiteBehavior [ RunTime:0.000007s ]
INFO: [ app_init ] --END-- [ RunTime:0.000850s ]
INFO: [ app_begin ] --START--
INFO: Run Behavior\ReadHtmlCacheBehavior [ RunTime:0.000685s ]
INFO: [ app_begin ] --END-- [ RunTime:0.000705s ]
SQL: SHOW COLUMNS FROM `datav_admin_session` [ RunTime:0.0166s ]
SQL: SELECT `expires_time` FROM `datav_admin_session` WHERE `token` = 'f1a6dd4d32a59653f19bf93896bcf964' LIMIT 1   [ RunTime:0.0326s ]
SQL: UPDATE `datav_admin_session` SET `expires_time`='1632387890' WHERE `token` = 'f1a6dd4d32a59653f19bf93896bcf964' [ RunTime:0.0168s ]
SQL: SELECT `uid` FROM `datav_admin_session` WHERE `token` = 'f1a6dd4d32a59653f19bf93896bcf964' LIMIT 1   [ RunTime:0.0150s ]
SQL: SHOW COLUMNS FROM `datav_admin_user` [ RunTime:0.0150s ]
SQL: SELECT `id`,`username`,`nickname` FROM `datav_admin_user` WHERE `id` = 1 LIMIT 1   [ RunTime:0.0155s ]
SQL: SHOW COLUMNS FROM `datav_user_role` [ RunTime:0.0166s ]
SQL: SELECT `id`,`name` FROM `datav_user_role` WHERE `status` = 1  [ RunTime:0.0139s ]

[ 2021-09-23T16:04:51+08:00 ] 127.0.0.1 /datav-backend/manage.php/Users/getlist?p=1&k=&w=
INFO: [ app_init ] --START--
INFO: Run Behavior\BuildLiteBehavior [ RunTime:0.000006s ]
INFO: [ app_init ] --END-- [ RunTime:0.000439s ]
INFO: [ app_begin ] --START--
INFO: Run Behavior\ReadHtmlCacheBehavior [ RunTime:0.000650s ]
INFO: [ app_begin ] --END-- [ RunTime:0.000669s ]
SQL: SHOW COLUMNS FROM `datav_admin_session` [ RunTime:0.0175s ]
SQL: SELECT `expires_time` FROM `datav_admin_session` WHERE `token` = 'f1a6dd4d32a59653f19bf93896bcf964' LIMIT 1   [ RunTime:0.0162s ]
SQL: UPDATE `datav_admin_session` SET `expires_time`='1632387891' WHERE `token` = 'f1a6dd4d32a59653f19bf93896bcf964' [ RunTime:0.0200s ]
SQL: SELECT `uid` FROM `datav_admin_session` WHERE `token` = 'f1a6dd4d32a59653f19bf93896bcf964' LIMIT 1   [ RunTime:0.0164s ]
SQL: SHOW COLUMNS FROM `datav_admin_user` [ RunTime:0.0271s ]
SQL: SELECT `id`,`username`,`nickname` FROM `datav_admin_user` WHERE `id` = 1 LIMIT 1   [ RunTime:0.0506s ]
SQL: SHOW COLUMNS FROM `datav_users` [ RunTime:0.0163s ]
SQL: SELECT U.id,U.username,U.nickname,U.role_id,U.status,U.create_time FROM datav_users U LIMIT 0,15   [ RunTime:0.0178s ]
SQL: SELECT COUNT(*) AS tp_count FROM datav_users U LIMIT 1   [ RunTime:0.0174s ]

[ 2021-09-23T16:05:02+08:00 ] 127.0.0.1 /datav-backend/manage.php/Users/get_role_list
INFO: [ app_init ] --START--
INFO: Run Behavior\BuildLiteBehavior [ RunTime:0.000007s ]
INFO: [ app_init ] --END-- [ RunTime:0.000418s ]
INFO: [ app_begin ] --START--
INFO: Run Behavior\ReadHtmlCacheBehavior [ RunTime:0.000714s ]
INFO: [ app_begin ] --END-- [ RunTime:0.000743s ]
SQL: SHOW COLUMNS FROM `datav_admin_session` [ RunTime:0.0242s ]
SQL: SELECT `expires_time` FROM `datav_admin_session` WHERE `token` = 'f1a6dd4d32a59653f19bf93896bcf964' LIMIT 1   [ RunTime:0.0163s ]
SQL: UPDATE `datav_admin_session` SET `expires_time`='1632387902' WHERE `token` = 'f1a6dd4d32a59653f19bf93896bcf964' [ RunTime:0.0218s ]
SQL: SELECT `uid` FROM `datav_admin_session` WHERE `token` = 'f1a6dd4d32a59653f19bf93896bcf964' LIMIT 1   [ RunTime:0.0196s ]
SQL: SHOW COLUMNS FROM `datav_admin_user` [ RunTime:0.0174s ]
SQL: SELECT `id`,`username`,`nickname` FROM `datav_admin_user` WHERE `id` = 1 LIMIT 1   [ RunTime:0.0196s ]
SQL: SHOW COLUMNS FROM `datav_user_role` [ RunTime:0.0167s ]
SQL: SELECT `id`,`name` FROM `datav_user_role` WHERE `status` = 1  [ RunTime:0.0317s ]

[ 2021-09-23T16:05:02+08:00 ] 127.0.0.1 /datav-backend/manage.php/Users/getlist?p=1&k=&w=
INFO: [ app_init ] --START--
INFO: Run Behavior\BuildLiteBehavior [ RunTime:0.000010s ]
INFO: [ app_init ] --END-- [ RunTime:0.000731s ]
INFO: [ app_begin ] --START--
INFO: Run Behavior\ReadHtmlCacheBehavior [ RunTime:0.000604s ]
INFO: [ app_begin ] --END-- [ RunTime:0.000627s ]
SQL: SHOW COLUMNS FROM `datav_admin_session` [ RunTime:0.0195s ]
SQL: SELECT `expires_time` FROM `datav_admin_session` WHERE `token` = 'f1a6dd4d32a59653f19bf93896bcf964' LIMIT 1   [ RunTime:0.0228s ]
SQL: UPDATE `datav_admin_session` SET `expires_time`='1632387902' WHERE `token` = 'f1a6dd4d32a59653f19bf93896bcf964' [ RunTime:0.0284s ]
SQL: SELECT `uid` FROM `datav_admin_session` WHERE `token` = 'f1a6dd4d32a59653f19bf93896bcf964' LIMIT 1   [ RunTime:0.0182s ]
SQL: SHOW COLUMNS FROM `datav_admin_user` [ RunTime:0.0231s ]
SQL: SELECT `id`,`username`,`nickname` FROM `datav_admin_user` WHERE `id` = 1 LIMIT 1   [ RunTime:0.0202s ]
SQL: SHOW COLUMNS FROM `datav_users` [ RunTime:0.0317s ]
SQL: SELECT U.id,U.username,U.nickname,U.role_id,U.status,U.create_time FROM datav_users U LIMIT 0,15   [ RunTime:0.0476s ]
SQL: SELECT COUNT(*) AS tp_count FROM datav_users U LIMIT 1   [ RunTime:0.0189s ]

[ 2021-09-23T16:07:43+08:00 ] 127.0.0.1 /datav-backend/manage.php/Users/get_role_list
INFO: [ app_init ] --START--
INFO: Run Behavior\BuildLiteBehavior [ RunTime:0.000008s ]
INFO: [ app_init ] --END-- [ RunTime:0.000546s ]
INFO: [ app_begin ] --START--
INFO: Run Behavior\ReadHtmlCacheBehavior [ RunTime:0.000723s ]
INFO: [ app_begin ] --END-- [ RunTime:0.000750s ]
SQL: SHOW COLUMNS FROM `datav_admin_session` [ RunTime:0.0223s ]
SQL: SELECT `expires_time` FROM `datav_admin_session` WHERE `token` = 'f1a6dd4d32a59653f19bf93896bcf964' LIMIT 1   [ RunTime:0.0163s ]
SQL: UPDATE `datav_admin_session` SET `expires_time`='1632388063' WHERE `token` = 'f1a6dd4d32a59653f19bf93896bcf964' [ RunTime:0.0413s ]
SQL: SELECT `uid` FROM `datav_admin_session` WHERE `token` = 'f1a6dd4d32a59653f19bf93896bcf964' LIMIT 1   [ RunTime:0.0177s ]
SQL: SHOW COLUMNS FROM `datav_admin_user` [ RunTime:0.0178s ]
SQL: SELECT `id`,`username`,`nickname` FROM `datav_admin_user` WHERE `id` = 1 LIMIT 1   [ RunTime:0.0202s ]
SQL: SHOW COLUMNS FROM `datav_user_role` [ RunTime:0.0231s ]
SQL: SELECT `id`,`name` FROM `datav_user_role` WHERE `status` = 1  [ RunTime:0.0209s ]

[ 2021-09-23T16:07:43+08:00 ] 127.0.0.1 /datav-backend/manage.php/Users/getlist?p=1&k=&w=
INFO: [ app_init ] --START--
INFO: Run Behavior\BuildLiteBehavior [ RunTime:0.000013s ]
INFO: [ app_init ] --END-- [ RunTime:0.002814s ]
INFO: [ app_begin ] --START--
INFO: Run Behavior\ReadHtmlCacheBehavior [ RunTime:0.000743s ]
INFO: [ app_begin ] --END-- [ RunTime:0.000767s ]
SQL: SHOW COLUMNS FROM `datav_admin_session` [ RunTime:0.0250s ]
SQL: SELECT `expires_time` FROM `datav_admin_session` WHERE `token` = 'f1a6dd4d32a59653f19bf93896bcf964' LIMIT 1   [ RunTime:0.0368s ]
SQL: UPDATE `datav_admin_session` SET `expires_time`='1632388063' WHERE `token` = 'f1a6dd4d32a59653f19bf93896bcf964' [ RunTime:0.0169s ]
SQL: SELECT `uid` FROM `datav_admin_session` WHERE `token` = 'f1a6dd4d32a59653f19bf93896bcf964' LIMIT 1   [ RunTime:0.0170s ]
SQL: SHOW COLUMNS FROM `datav_admin_user` [ RunTime:0.0205s ]
SQL: SELECT `id`,`username`,`nickname` FROM `datav_admin_user` WHERE `id` = 1 LIMIT 1   [ RunTime:0.0214s ]
SQL: SHOW COLUMNS FROM `datav_users` [ RunTime:0.0168s ]
SQL: SELECT U.id,U.username,U.nickname,U.role_id,U.status,U.create_time FROM datav_users U LIMIT 0,15   [ RunTime:0.0208s ]
SQL: SELECT COUNT(*) AS tp_count FROM datav_users U LIMIT 1   [ RunTime:0.0153s ]

[ 2021-09-23T16:08:38+08:00 ] 127.0.0.1 /datav-backend/manage.php/Users/get_role_list
INFO: [ app_init ] --START--
INFO: Run Behavior\BuildLiteBehavior [ RunTime:0.000011s ]
INFO: [ app_init ] --END-- [ RunTime:0.000452s ]
INFO: [ app_begin ] --START--
INFO: Run Behavior\ReadHtmlCacheBehavior [ RunTime:0.000683s ]
INFO: [ app_begin ] --END-- [ RunTime:0.000714s ]
SQL: SHOW COLUMNS FROM `datav_admin_session` [ RunTime:0.0147s ]
SQL: SELECT `expires_time` FROM `datav_admin_session` WHERE `token` = 'f1a6dd4d32a59653f19bf93896bcf964' LIMIT 1   [ RunTime:0.0164s ]
SQL: UPDATE `datav_admin_session` SET `expires_time`='1632388118' WHERE `token` = 'f1a6dd4d32a59653f19bf93896bcf964' [ RunTime:0.0161s ]
SQL: SELECT `uid` FROM `datav_admin_session` WHERE `token` = 'f1a6dd4d32a59653f19bf93896bcf964' LIMIT 1   [ RunTime:0.0196s ]
SQL: SHOW COLUMNS FROM `datav_admin_user` [ RunTime:0.0147s ]
SQL: SELECT `id`,`username`,`nickname` FROM `datav_admin_user` WHERE `id` = 1 LIMIT 1   [ RunTime:0.0170s ]
SQL: SHOW COLUMNS FROM `datav_user_role` [ RunTime:0.0223s ]
SQL: SELECT `id`,`name` FROM `datav_user_role` WHERE `status` = 1  [ RunTime:0.0222s ]

[ 2021-09-23T16:08:38+08:00 ] 127.0.0.1 /datav-backend/manage.php/Users/getlist?p=1&k=&w=
INFO: [ app_init ] --START--
INFO: Run Behavior\BuildLiteBehavior [ RunTime:0.000007s ]
INFO: [ app_init ] --END-- [ RunTime:0.000452s ]
INFO: [ app_begin ] --START--
INFO: Run Behavior\ReadHtmlCacheBehavior [ RunTime:0.000556s ]
INFO: [ app_begin ] --END-- [ RunTime:0.000576s ]
SQL: SHOW COLUMNS FROM `datav_admin_session` [ RunTime:0.0144s ]
SQL: SELECT `expires_time` FROM `datav_admin_session` WHERE `token` = 'f1a6dd4d32a59653f19bf93896bcf964' LIMIT 1   [ RunTime:0.0243s ]
SQL: UPDATE `datav_admin_session` SET `expires_time`='1632388118' WHERE `token` = 'f1a6dd4d32a59653f19bf93896bcf964' [ RunTime:0.0170s ]
SQL: SELECT `uid` FROM `datav_admin_session` WHERE `token` = 'f1a6dd4d32a59653f19bf93896bcf964' LIMIT 1   [ RunTime:0.0159s ]
SQL: SHOW COLUMNS FROM `datav_admin_user` [ RunTime:0.0205s ]
SQL: SELECT `id`,`username`,`nickname` FROM `datav_admin_user` WHERE `id` = 1 LIMIT 1   [ RunTime:0.0172s ]
SQL: SHOW COLUMNS FROM `datav_users` [ RunTime:0.0149s ]
SQL: SELECT U.id,U.username,U.nickname,U.role_id,U.status,U.create_time FROM datav_users U LIMIT 0,15   [ RunTime:0.0186s ]
SQL: SELECT COUNT(*) AS tp_count FROM datav_users U LIMIT 1   [ RunTime:0.0176s ]

[ 2021-09-23T16:09:06+08:00 ] 127.0.0.1 /datav-backend/manage.php/Users/get_role_list
INFO: [ app_init ] --START--
INFO: Run Behavior\BuildLiteBehavior [ RunTime:0.000008s ]
INFO: [ app_init ] --END-- [ RunTime:0.000473s ]
INFO: [ app_begin ] --START--
INFO: Run Behavior\ReadHtmlCacheBehavior [ RunTime:0.000687s ]
INFO: [ app_begin ] --END-- [ RunTime:0.000722s ]
SQL: SHOW COLUMNS FROM `datav_admin_session` [ RunTime:0.0253s ]
SQL: SELECT `expires_time` FROM `datav_admin_session` WHERE `token` = 'f1a6dd4d32a59653f19bf93896bcf964' LIMIT 1   [ RunTime:0.0228s ]
SQL: UPDATE `datav_admin_session` SET `expires_time`='1632388146' WHERE `token` = 'f1a6dd4d32a59653f19bf93896bcf964' [ RunTime:0.0180s ]
SQL: SELECT `uid` FROM `datav_admin_session` WHERE `token` = 'f1a6dd4d32a59653f19bf93896bcf964' LIMIT 1   [ RunTime:0.0161s ]
SQL: SHOW COLUMNS FROM `datav_admin_user` [ RunTime:0.0266s ]
SQL: SELECT `id`,`username`,`nickname` FROM `datav_admin_user` WHERE `id` = 1 LIMIT 1   [ RunTime:0.0207s ]
SQL: SHOW COLUMNS FROM `datav_user_role` [ RunTime:0.0206s ]
SQL: SELECT `id`,`name` FROM `datav_user_role` WHERE `status` = 1  [ RunTime:0.0186s ]

[ 2021-09-23T16:09:06+08:00 ] 127.0.0.1 /datav-backend/manage.php/Users/getlist?p=1&k=&w=
INFO: [ app_init ] --START--
INFO: Run Behavior\BuildLiteBehavior [ RunTime:0.000007s ]
INFO: [ app_init ] --END-- [ RunTime:0.000469s ]
INFO: [ app_begin ] --START--
INFO: Run Behavior\ReadHtmlCacheBehavior [ RunTime:0.000622s ]
INFO: [ app_begin ] --END-- [ RunTime:0.000643s ]
SQL: SHOW COLUMNS FROM `datav_admin_session` [ RunTime:0.0191s ]
SQL: SELECT `expires_time` FROM `datav_admin_session` WHERE `token` = 'f1a6dd4d32a59653f19bf93896bcf964' LIMIT 1   [ RunTime:0.0220s ]
SQL: UPDATE `datav_admin_session` SET `expires_time`='1632388146' WHERE `token` = 'f1a6dd4d32a59653f19bf93896bcf964' [ RunTime:0.0500s ]
SQL: SELECT `uid` FROM `datav_admin_session` WHERE `token` = 'f1a6dd4d32a59653f19bf93896bcf964' LIMIT 1   [ RunTime:0.0175s ]
SQL: SHOW COLUMNS FROM `datav_admin_user` [ RunTime:0.0226s ]
SQL: SELECT `id`,`username`,`nickname` FROM `datav_admin_user` WHERE `id` = 1 LIMIT 1   [ RunTime:0.0232s ]
SQL: SHOW COLUMNS FROM `datav_users` [ RunTime:0.0397s ]
SQL: SELECT U.id,U.username,U.nickname,U.role_id,U.status,U.create_time FROM datav_users U LIMIT 0,15   [ RunTime:0.0392s ]
SQL: SELECT COUNT(*) AS tp_count FROM datav_users U LIMIT 1   [ RunTime:0.0223s ]

[ 2021-09-23T16:09:10+08:00 ] 127.0.0.1 /datav-backend/manage.php/Users/get_role_list
INFO: [ app_init ] --START--
INFO: Run Behavior\BuildLiteBehavior [ RunTime:0.000010s ]
INFO: [ app_init ] --END-- [ RunTime:0.000450s ]
INFO: [ app_begin ] --START--
INFO: Run Behavior\ReadHtmlCacheBehavior [ RunTime:0.000601s ]
INFO: [ app_begin ] --END-- [ RunTime:0.000629s ]
SQL: SHOW COLUMNS FROM `datav_admin_session` [ RunTime:0.0157s ]
SQL: SELECT `expires_time` FROM `datav_admin_session` WHERE `token` = 'f1a6dd4d32a59653f19bf93896bcf964' LIMIT 1   [ RunTime:0.0183s ]
SQL: UPDATE `datav_admin_session` SET `expires_time`='1632388150' WHERE `token` = 'f1a6dd4d32a59653f19bf93896bcf964' [ RunTime:0.0235s ]
SQL: SELECT `uid` FROM `datav_admin_session` WHERE `token` = 'f1a6dd4d32a59653f19bf93896bcf964' LIMIT 1   [ RunTime:0.0161s ]
SQL: SHOW COLUMNS FROM `datav_admin_user` [ RunTime:0.0181s ]
SQL: SELECT `id`,`username`,`nickname` FROM `datav_admin_user` WHERE `id` = 1 LIMIT 1   [ RunTime:0.0182s ]
SQL: SHOW COLUMNS FROM `datav_user_role` [ RunTime:0.0165s ]
SQL: SELECT `id`,`name` FROM `datav_user_role` WHERE `status` = 1  [ RunTime:0.0153s ]

[ 2021-09-23T16:09:10+08:00 ] 127.0.0.1 /datav-backend/manage.php/Users/getlist?p=1&k=&w=
INFO: [ app_init ] --START--
INFO: Run Behavior\BuildLiteBehavior [ RunTime:0.000007s ]
INFO: [ app_init ] --END-- [ RunTime:0.000513s ]
INFO: [ app_begin ] --START--
INFO: Run Behavior\ReadHtmlCacheBehavior [ RunTime:0.000654s ]
INFO: [ app_begin ] --END-- [ RunTime:0.000679s ]
SQL: SHOW COLUMNS FROM `datav_admin_session` [ RunTime:0.0150s ]
SQL: SELECT `expires_time` FROM `datav_admin_session` WHERE `token` = 'f1a6dd4d32a59653f19bf93896bcf964' LIMIT 1   [ RunTime:0.0167s ]
SQL: UPDATE `datav_admin_session` SET `expires_time`='1632388150' WHERE `token` = 'f1a6dd4d32a59653f19bf93896bcf964' [ RunTime:0.0188s ]
SQL: SELECT `uid` FROM `datav_admin_session` WHERE `token` = 'f1a6dd4d32a59653f19bf93896bcf964' LIMIT 1   [ RunTime:0.0171s ]
SQL: SHOW COLUMNS FROM `datav_admin_user` [ RunTime:0.0220s ]
SQL: SELECT `id`,`username`,`nickname` FROM `datav_admin_user` WHERE `id` = 1 LIMIT 1   [ RunTime:0.0158s ]
SQL: SHOW COLUMNS FROM `datav_users` [ RunTime:0.0195s ]
SQL: SELECT U.id,U.username,U.nickname,U.role_id,U.status,U.create_time FROM datav_users U LIMIT 0,15   [ RunTime:0.0194s ]
SQL: SELECT COUNT(*) AS tp_count FROM datav_users U LIMIT 1   [ RunTime:0.0172s ]

[ 2021-09-23T16:09:31+08:00 ] 127.0.0.1 /datav-backend/manage.php/Users/get_role_list
INFO: [ app_init ] --START--
INFO: Run Behavior\BuildLiteBehavior [ RunTime:0.000006s ]
INFO: [ app_init ] --END-- [ RunTime:0.000406s ]
INFO: [ app_begin ] --START--
INFO: Run Behavior\ReadHtmlCacheBehavior [ RunTime:0.000771s ]
INFO: [ app_begin ] --END-- [ RunTime:0.000798s ]
SQL: SHOW COLUMNS FROM `datav_admin_session` [ RunTime:0.0445s ]
SQL: SELECT `expires_time` FROM `datav_admin_session` WHERE `token` = 'f1a6dd4d32a59653f19bf93896bcf964' LIMIT 1   [ RunTime:0.0218s ]
SQL: UPDATE `datav_admin_session` SET `expires_time`='1632388171' WHERE `token` = 'f1a6dd4d32a59653f19bf93896bcf964' [ RunTime:0.0293s ]
SQL: SELECT `uid` FROM `datav_admin_session` WHERE `token` = 'f1a6dd4d32a59653f19bf93896bcf964' LIMIT 1   [ RunTime:0.0208s ]
SQL: SHOW COLUMNS FROM `datav_admin_user` [ RunTime:0.0251s ]
SQL: SELECT `id`,`username`,`nickname` FROM `datav_admin_user` WHERE `id` = 1 LIMIT 1   [ RunTime:0.0381s ]
SQL: SHOW COLUMNS FROM `datav_user_role` [ RunTime:0.0363s ]
SQL: SELECT `id`,`name` FROM `datav_user_role` WHERE `status` = 1  [ RunTime:0.0705s ]

[ 2021-09-23T16:09:32+08:00 ] 127.0.0.1 /datav-backend/manage.php/Users/getlist?p=1&k=&w=
INFO: [ app_init ] --START--
INFO: Run Behavior\BuildLiteBehavior [ RunTime:0.000006s ]
INFO: [ app_init ] --END-- [ RunTime:0.000404s ]
INFO: [ app_begin ] --START--
INFO: Run Behavior\ReadHtmlCacheBehavior [ RunTime:0.000617s ]
INFO: [ app_begin ] --END-- [ RunTime:0.000641s ]
SQL: SHOW COLUMNS FROM `datav_admin_session` [ RunTime:0.0190s ]
SQL: SELECT `expires_time` FROM `datav_admin_session` WHERE `token` = 'f1a6dd4d32a59653f19bf93896bcf964' LIMIT 1   [ RunTime:0.0213s ]
SQL: UPDATE `datav_admin_session` SET `expires_time`='1632388171' WHERE `token` = 'f1a6dd4d32a59653f19bf93896bcf964' [ RunTime:0.0177s ]
SQL: SELECT `uid` FROM `datav_admin_session` WHERE `token` = 'f1a6dd4d32a59653f19bf93896bcf964' LIMIT 1   [ RunTime:0.0175s ]
SQL: SHOW COLUMNS FROM `datav_admin_user` [ RunTime:0.0167s ]
SQL: SELECT `id`,`username`,`nickname` FROM `datav_admin_user` WHERE `id` = 1 LIMIT 1   [ RunTime:0.0185s ]
SQL: SHOW COLUMNS FROM `datav_users` [ RunTime:0.0185s ]
SQL: SELECT U.id,U.username,U.nickname,U.role_id,U.status,U.create_time FROM datav_users U LIMIT 0,15   [ RunTime:0.0295s ]
SQL: SELECT COUNT(*) AS tp_count FROM datav_users U LIMIT 1   [ RunTime:0.0214s ]

[ 2021-09-23T16:09:35+08:00 ] 127.0.0.1 /datav-backend/manage.php/Users/save?id=1
INFO: [ app_init ] --START--
INFO: Run Behavior\BuildLiteBehavior [ RunTime:0.000006s ]
INFO: [ app_init ] --END-- [ RunTime:0.000443s ]
INFO: [ app_begin ] --START--
INFO: Run Behavior\ReadHtmlCacheBehavior [ RunTime:0.000576s ]
INFO: [ app_begin ] --END-- [ RunTime:0.000594s ]
SQL: SHOW COLUMNS FROM `datav_admin_session` [ RunTime:0.0341s ]
SQL: SELECT `expires_time` FROM `datav_admin_session` WHERE `token` = 'f1a6dd4d32a59653f19bf93896bcf964' LIMIT 1   [ RunTime:0.0199s ]
SQL: UPDATE `datav_admin_session` SET `expires_time`='1632388175' WHERE `token` = 'f1a6dd4d32a59653f19bf93896bcf964' [ RunTime:0.0250s ]
SQL: SELECT `uid` FROM `datav_admin_session` WHERE `token` = 'f1a6dd4d32a59653f19bf93896bcf964' LIMIT 1   [ RunTime:0.0273s ]
SQL: SHOW COLUMNS FROM `datav_admin_user` [ RunTime:0.0275s ]
SQL: SELECT `id`,`username`,`nickname` FROM `datav_admin_user` WHERE `id` = 1 LIMIT 1   [ RunTime:0.0191s ]
INFO: [ app_end ] --START--
INFO: Run Behavior\ShowPageTraceBehavior [ RunTime:0.013413s ]
INFO: [ app_end ] --END-- [ RunTime:0.013440s ]

[ 2021-09-23T16:09:46+08:00 ] 127.0.0.1 /datav-backend/manage.php/Users/getlist?p=1&k=&w=
INFO: [ app_init ] --START--
INFO: Run Behavior\BuildLiteBehavior [ RunTime:0.000012s ]
INFO: [ app_init ] --END-- [ RunTime:0.001813s ]
INFO: [ app_begin ] --START--
INFO: Run Behavior\ReadHtmlCacheBehavior [ RunTime:0.001476s ]
INFO: [ app_begin ] --END-- [ RunTime:0.001508s ]
SQL: SHOW COLUMNS FROM `datav_admin_session` [ RunTime:0.0262s ]
SQL: SELECT `expires_time` FROM `datav_admin_session` WHERE `token` = 'f1a6dd4d32a59653f19bf93896bcf964' LIMIT 1   [ RunTime:0.0302s ]
SQL: UPDATE `datav_admin_session` SET `expires_time`='1632388186' WHERE `token` = 'f1a6dd4d32a59653f19bf93896bcf964' [ RunTime:0.0335s ]
SQL: SELECT `uid` FROM `datav_admin_session` WHERE `token` = 'f1a6dd4d32a59653f19bf93896bcf964' LIMIT 1   [ RunTime:0.0286s ]
SQL: SHOW COLUMNS FROM `datav_admin_user` [ RunTime:0.0198s ]
SQL: SELECT `id`,`username`,`nickname` FROM `datav_admin_user` WHERE `id` = 1 LIMIT 1   [ RunTime:0.0252s ]
SQL: SHOW COLUMNS FROM `datav_users` [ RunTime:0.0196s ]
SQL: SELECT U.id,U.username,U.nickname,U.role_id,U.status,U.create_time FROM datav_users U LIMIT 0,15   [ RunTime:0.0217s ]
SQL: SELECT COUNT(*) AS tp_count FROM datav_users U LIMIT 1   [ RunTime:0.0213s ]

[ 2021-09-23T16:09:46+08:00 ] 127.0.0.1 /datav-backend/manage.php/Users/get_role_list
INFO: [ app_init ] --START--
INFO: Run Behavior\BuildLiteBehavior [ RunTime:0.000009s ]
INFO: [ app_init ] --END-- [ RunTime:0.002253s ]
INFO: [ app_begin ] --START--
INFO: Run Behavior\ReadHtmlCacheBehavior [ RunTime:0.000772s ]
INFO: [ app_begin ] --END-- [ RunTime:0.000803s ]
SQL: SHOW COLUMNS FROM `datav_admin_session` [ RunTime:0.0153s ]
SQL: SELECT `expires_time` FROM `datav_admin_session` WHERE `token` = 'f1a6dd4d32a59653f19bf93896bcf964' LIMIT 1   [ RunTime:0.0165s ]
SQL: UPDATE `datav_admin_session` SET `expires_time`='1632388186' WHERE `token` = 'f1a6dd4d32a59653f19bf93896bcf964' [ RunTime:0.0188s ]
SQL: SELECT `uid` FROM `datav_admin_session` WHERE `token` = 'f1a6dd4d32a59653f19bf93896bcf964' LIMIT 1   [ RunTime:0.0144s ]
SQL: SHOW COLUMNS FROM `datav_admin_user` [ RunTime:0.0155s ]
SQL: SELECT `id`,`username`,`nickname` FROM `datav_admin_user` WHERE `id` = 1 LIMIT 1   [ RunTime:0.0211s ]
SQL: SHOW COLUMNS FROM `datav_user_role` [ RunTime:0.0171s ]
SQL: SELECT `id`,`name` FROM `datav_user_role` WHERE `status` = 1  [ RunTime:0.0258s ]

[ 2021-09-23T16:09:48+08:00 ] 127.0.0.1 /datav-backend/manage.php/Users/save?id=1
INFO: [ app_init ] --START--
INFO: Run Behavior\BuildLiteBehavior [ RunTime:0.000007s ]
INFO: [ app_init ] --END-- [ RunTime:0.000443s ]
INFO: [ app_begin ] --START--
INFO: Run Behavior\ReadHtmlCacheBehavior [ RunTime:0.000622s ]
INFO: [ app_begin ] --END-- [ RunTime:0.000641s ]
SQL: SHOW COLUMNS FROM `datav_admin_session` [ RunTime:0.0248s ]
SQL: SELECT `expires_time` FROM `datav_admin_session` WHERE `token` = 'f1a6dd4d32a59653f19bf93896bcf964' LIMIT 1   [ RunTime:0.0224s ]
SQL: UPDATE `datav_admin_session` SET `expires_time`='1632388188' WHERE `token` = 'f1a6dd4d32a59653f19bf93896bcf964' [ RunTime:0.0279s ]
SQL: SELECT `uid` FROM `datav_admin_session` WHERE `token` = 'f1a6dd4d32a59653f19bf93896bcf964' LIMIT 1   [ RunTime:0.0452s ]
SQL: SHOW COLUMNS FROM `datav_admin_user` [ RunTime:0.0176s ]
SQL: SELECT `id`,`username`,`nickname` FROM `datav_admin_user` WHERE `id` = 1 LIMIT 1   [ RunTime:0.0186s ]
INFO: [ app_end ] --START--
INFO: Run Behavior\ShowPageTraceBehavior [ RunTime:0.000792s ]
INFO: [ app_end ] --END-- [ RunTime:0.000814s ]

[ 2021-09-23T16:10:21+08:00 ] 127.0.0.1 /datav-backend/manage.php/Users/get_role_list
INFO: [ app_init ] --START--
INFO: Run Behavior\BuildLiteBehavior [ RunTime:0.000006s ]
INFO: [ app_init ] --END-- [ RunTime:0.000408s ]
INFO: [ app_begin ] --START--
INFO: Run Behavior\ReadHtmlCacheBehavior [ RunTime:0.000728s ]
INFO: [ app_begin ] --END-- [ RunTime:0.000760s ]
SQL: SHOW COLUMNS FROM `datav_admin_session` [ RunTime:0.0175s ]
SQL: SELECT `expires_time` FROM `datav_admin_session` WHERE `token` = 'f1a6dd4d32a59653f19bf93896bcf964' LIMIT 1   [ RunTime:0.0164s ]
SQL: UPDATE `datav_admin_session` SET `expires_time`='1632388221' WHERE `token` = 'f1a6dd4d32a59653f19bf93896bcf964' [ RunTime:0.0245s ]
SQL: SELECT `uid` FROM `datav_admin_session` WHERE `token` = 'f1a6dd4d32a59653f19bf93896bcf964' LIMIT 1   [ RunTime:0.0229s ]
SQL: SHOW COLUMNS FROM `datav_admin_user` [ RunTime:0.0202s ]
SQL: SELECT `id`,`username`,`nickname` FROM `datav_admin_user` WHERE `id` = 1 LIMIT 1   [ RunTime:0.0160s ]
SQL: SHOW COLUMNS FROM `datav_user_role` [ RunTime:0.0190s ]
SQL: SELECT `id`,`name` FROM `datav_user_role` WHERE `status` = 1  [ RunTime:0.0180s ]

[ 2021-09-23T16:10:32+08:00 ] 127.0.0.1 /datav-backend/manage.php/Users/get_role_list
INFO: [ app_init ] --START--
INFO: Run Behavior\BuildLiteBehavior [ RunTime:0.000007s ]
INFO: [ app_init ] --END-- [ RunTime:0.000436s ]
INFO: [ app_begin ] --START--
INFO: Run Behavior\ReadHtmlCacheBehavior [ RunTime:0.000965s ]
INFO: [ app_begin ] --END-- [ RunTime:0.000993s ]
SQL: SHOW COLUMNS FROM `datav_admin_session` [ RunTime:0.0690s ]
SQL: SELECT `expires_time` FROM `datav_admin_session` WHERE `token` = 'f1a6dd4d32a59653f19bf93896bcf964' LIMIT 1   [ RunTime:0.0362s ]
SQL: UPDATE `datav_admin_session` SET `expires_time`='1632388231' WHERE `token` = 'f1a6dd4d32a59653f19bf93896bcf964' [ RunTime:0.0210s ]
SQL: SELECT `uid` FROM `datav_admin_session` WHERE `token` = 'f1a6dd4d32a59653f19bf93896bcf964' LIMIT 1   [ RunTime:0.0254s ]
SQL: SHOW COLUMNS FROM `datav_admin_user` [ RunTime:0.0184s ]
SQL: SELECT `id`,`username`,`nickname` FROM `datav_admin_user` WHERE `id` = 1 LIMIT 1   [ RunTime:0.0172s ]
SQL: SHOW COLUMNS FROM `datav_user_role` [ RunTime:0.0167s ]
SQL: SELECT `id`,`name` FROM `datav_user_role` WHERE `status` = 1  [ RunTime:0.0292s ]

[ 2021-09-23T16:10:32+08:00 ] 127.0.0.1 /datav-backend/manage.php/Users/getlist?p=1&k=&w=
INFO: [ app_init ] --START--
INFO: Run Behavior\BuildLiteBehavior [ RunTime:0.000006s ]
INFO: [ app_init ] --END-- [ RunTime:0.000434s ]
INFO: [ app_begin ] --START--
INFO: Run Behavior\ReadHtmlCacheBehavior [ RunTime:0.000659s ]
INFO: [ app_begin ] --END-- [ RunTime:0.000684s ]
SQL: SHOW COLUMNS FROM `datav_admin_session` [ RunTime:0.0283s ]
SQL: SELECT `expires_time` FROM `datav_admin_session` WHERE `token` = 'f1a6dd4d32a59653f19bf93896bcf964' LIMIT 1   [ RunTime:0.0162s ]
SQL: UPDATE `datav_admin_session` SET `expires_time`='1632388232' WHERE `token` = 'f1a6dd4d32a59653f19bf93896bcf964' [ RunTime:0.0178s ]
SQL: SELECT `uid` FROM `datav_admin_session` WHERE `token` = 'f1a6dd4d32a59653f19bf93896bcf964' LIMIT 1   [ RunTime:0.0192s ]
SQL: SHOW COLUMNS FROM `datav_admin_user` [ RunTime:0.0300s ]
SQL: SELECT `id`,`username`,`nickname` FROM `datav_admin_user` WHERE `id` = 1 LIMIT 1   [ RunTime:0.0163s ]
SQL: SHOW COLUMNS FROM `datav_users` [ RunTime:0.0241s ]
SQL: SELECT U.id,U.username,U.nickname,U.role_id,U.status,U.create_time FROM datav_users U LIMIT 0,15   [ RunTime:0.0191s ]
SQL: SELECT COUNT(*) AS tp_count FROM datav_users U LIMIT 1   [ RunTime:0.0183s ]

[ 2021-09-23T16:11:04+08:00 ] 127.0.0.1 /datav-backend/manage.php/Users/get_role_list
INFO: [ app_init ] --START--
INFO: Run Behavior\BuildLiteBehavior [ RunTime:0.000008s ]
INFO: [ app_init ] --END-- [ RunTime:0.000421s ]
INFO: [ app_begin ] --START--
INFO: Run Behavior\ReadHtmlCacheBehavior [ RunTime:0.000587s ]
INFO: [ app_begin ] --END-- [ RunTime:0.000609s ]
SQL: SHOW COLUMNS FROM `datav_admin_session` [ RunTime:0.0230s ]
SQL: SELECT `expires_time` FROM `datav_admin_session` WHERE `token` = 'f1a6dd4d32a59653f19bf93896bcf964' LIMIT 1   [ RunTime:0.0197s ]
SQL: UPDATE `datav_admin_session` SET `expires_time`='1632388264' WHERE `token` = 'f1a6dd4d32a59653f19bf93896bcf964' [ RunTime:0.0198s ]
SQL: SELECT `uid` FROM `datav_admin_session` WHERE `token` = 'f1a6dd4d32a59653f19bf93896bcf964' LIMIT 1   [ RunTime:0.0187s ]
SQL: SHOW COLUMNS FROM `datav_admin_user` [ RunTime:0.0185s ]
SQL: SELECT `id`,`username`,`nickname` FROM `datav_admin_user` WHERE `id` = 1 LIMIT 1   [ RunTime:0.0176s ]
SQL: SHOW COLUMNS FROM `datav_user_role` [ RunTime:0.0177s ]
SQL: SELECT `id`,`name` FROM `datav_user_role` WHERE `status` = 1  [ RunTime:0.0300s ]

[ 2021-09-23T16:11:23+08:00 ] 127.0.0.1 /datav-backend/manage.php/Users/get_role_list
INFO: [ app_init ] --START--
INFO: Run Behavior\BuildLiteBehavior [ RunTime:0.000007s ]
INFO: [ app_init ] --END-- [ RunTime:0.000409s ]
INFO: [ app_begin ] --START--
INFO: Run Behavior\ReadHtmlCacheBehavior [ RunTime:0.002219s ]
INFO: [ app_begin ] --END-- [ RunTime:0.002250s ]
SQL: SHOW COLUMNS FROM `datav_admin_session` [ RunTime:0.0269s ]
SQL: SELECT `expires_time` FROM `datav_admin_session` WHERE `token` = 'f1a6dd4d32a59653f19bf93896bcf964' LIMIT 1   [ RunTime:0.0331s ]
SQL: UPDATE `datav_admin_session` SET `expires_time`='1632388283' WHERE `token` = 'f1a6dd4d32a59653f19bf93896bcf964' [ RunTime:0.0317s ]
SQL: SELECT `uid` FROM `datav_admin_session` WHERE `token` = 'f1a6dd4d32a59653f19bf93896bcf964' LIMIT 1   [ RunTime:0.0195s ]
SQL: SHOW COLUMNS FROM `datav_admin_user` [ RunTime:0.0181s ]
SQL: SELECT `id`,`username`,`nickname` FROM `datav_admin_user` WHERE `id` = 1 LIMIT 1   [ RunTime:0.0538s ]
SQL: SHOW COLUMNS FROM `datav_user_role` [ RunTime:0.0225s ]
SQL: SELECT `id`,`name` FROM `datav_user_role` WHERE `status` = 1  [ RunTime:0.0169s ]

[ 2021-09-23T16:11:32+08:00 ] 127.0.0.1 /datav-backend/manage.php/Users/get_role_list
INFO: [ app_init ] --START--
INFO: Run Behavior\BuildLiteBehavior [ RunTime:0.000010s ]
INFO: [ app_init ] --END-- [ RunTime:0.000549s ]
INFO: [ app_begin ] --START--
INFO: Run Behavior\ReadHtmlCacheBehavior [ RunTime:0.000654s ]
INFO: [ app_begin ] --END-- [ RunTime:0.000685s ]
SQL: SHOW COLUMNS FROM `datav_admin_session` [ RunTime:0.0165s ]
SQL: SELECT `expires_time` FROM `datav_admin_session` WHERE `token` = 'f1a6dd4d32a59653f19bf93896bcf964' LIMIT 1   [ RunTime:0.0172s ]
SQL: UPDATE `datav_admin_session` SET `expires_time`='1632388292' WHERE `token` = 'f1a6dd4d32a59653f19bf93896bcf964' [ RunTime:0.0376s ]
SQL: SELECT `uid` FROM `datav_admin_session` WHERE `token` = 'f1a6dd4d32a59653f19bf93896bcf964' LIMIT 1   [ RunTime:0.0177s ]
SQL: SHOW COLUMNS FROM `datav_admin_user` [ RunTime:0.0159s ]
SQL: SELECT `id`,`username`,`nickname` FROM `datav_admin_user` WHERE `id` = 1 LIMIT 1   [ RunTime:0.0164s ]
SQL: SHOW COLUMNS FROM `datav_user_role` [ RunTime:0.0218s ]
SQL: SELECT `id`,`name` FROM `datav_user_role` WHERE `status` = 1  [ RunTime:0.0167s ]

[ 2021-09-23T16:11:33+08:00 ] 127.0.0.1 /datav-backend/manage.php/Users/getlist?p=1&k=&w=
INFO: [ app_init ] --START--
INFO: Run Behavior\BuildLiteBehavior [ RunTime:0.000009s ]
INFO: [ app_init ] --END-- [ RunTime:0.000741s ]
INFO: [ app_begin ] --START--
INFO: Run Behavior\ReadHtmlCacheBehavior [ RunTime:0.000713s ]
INFO: [ app_begin ] --END-- [ RunTime:0.000740s ]
SQL: SHOW COLUMNS FROM `datav_admin_session` [ RunTime:0.0136s ]
SQL: SELECT `expires_time` FROM `datav_admin_session` WHERE `token` = 'f1a6dd4d32a59653f19bf93896bcf964' LIMIT 1   [ RunTime:0.0149s ]
SQL: UPDATE `datav_admin_session` SET `expires_time`='1632388293' WHERE `token` = 'f1a6dd4d32a59653f19bf93896bcf964' [ RunTime:0.0172s ]
SQL: SELECT `uid` FROM `datav_admin_session` WHERE `token` = 'f1a6dd4d32a59653f19bf93896bcf964' LIMIT 1   [ RunTime:0.0166s ]
SQL: SHOW COLUMNS FROM `datav_admin_user` [ RunTime:0.0180s ]
SQL: SELECT `id`,`username`,`nickname` FROM `datav_admin_user` WHERE `id` = 1 LIMIT 1   [ RunTime:0.0151s ]
SQL: SHOW COLUMNS FROM `datav_users` [ RunTime:0.0191s ]
SQL: SELECT U.id,U.username,U.nickname,U.role_id,U.status,U.create_time FROM datav_users U LIMIT 0,15   [ RunTime:0.0137s ]
SQL: SELECT COUNT(*) AS tp_count FROM datav_users U LIMIT 1   [ RunTime:0.0139s ]

[ 2021-09-23T16:11:35+08:00 ] 127.0.0.1 /datav-backend/manage.php/Users/save?id=1
INFO: [ app_init ] --START--
INFO: Run Behavior\BuildLiteBehavior [ RunTime:0.000006s ]
INFO: [ app_init ] --END-- [ RunTime:0.000734s ]
INFO: [ app_begin ] --START--
INFO: Run Behavior\ReadHtmlCacheBehavior [ RunTime:0.000569s ]
INFO: [ app_begin ] --END-- [ RunTime:0.000588s ]
SQL: SHOW COLUMNS FROM `datav_admin_session` [ RunTime:0.0189s ]
SQL: SELECT `expires_time` FROM `datav_admin_session` WHERE `token` = 'f1a6dd4d32a59653f19bf93896bcf964' LIMIT 1   [ RunTime:0.0247s ]
SQL: UPDATE `datav_admin_session` SET `expires_time`='1632388295' WHERE `token` = 'f1a6dd4d32a59653f19bf93896bcf964' [ RunTime:0.0225s ]
SQL: SELECT `uid` FROM `datav_admin_session` WHERE `token` = 'f1a6dd4d32a59653f19bf93896bcf964' LIMIT 1   [ RunTime:0.0248s ]
SQL: SHOW COLUMNS FROM `datav_admin_user` [ RunTime:0.0231s ]
SQL: SELECT `id`,`username`,`nickname` FROM `datav_admin_user` WHERE `id` = 1 LIMIT 1   [ RunTime:0.0192s ]
INFO: [ app_end ] --START--
INFO: Run Behavior\ShowPageTraceBehavior [ RunTime:0.000859s ]
INFO: [ app_end ] --END-- [ RunTime:0.000878s ]

[ 2021-09-23T16:12:04+08:00 ] 127.0.0.1 /datav-backend/manage.php/Users/get_role_list
INFO: [ app_init ] --START--
INFO: Run Behavior\BuildLiteBehavior [ RunTime:0.000008s ]
INFO: [ app_init ] --END-- [ RunTime:0.000663s ]
INFO: [ app_begin ] --START--
INFO: Run Behavior\ReadHtmlCacheBehavior [ RunTime:0.000687s ]
INFO: [ app_begin ] --END-- [ RunTime:0.000710s ]
SQL: SHOW COLUMNS FROM `datav_admin_session` [ RunTime:0.0193s ]
SQL: SELECT `expires_time` FROM `datav_admin_session` WHERE `token` = 'f1a6dd4d32a59653f19bf93896bcf964' LIMIT 1   [ RunTime:0.0161s ]
SQL: UPDATE `datav_admin_session` SET `expires_time`='1632388324' WHERE `token` = 'f1a6dd4d32a59653f19bf93896bcf964' [ RunTime:0.0305s ]
SQL: SELECT `uid` FROM `datav_admin_session` WHERE `token` = 'f1a6dd4d32a59653f19bf93896bcf964' LIMIT 1   [ RunTime:0.0159s ]
SQL: SHOW COLUMNS FROM `datav_admin_user` [ RunTime:0.0379s ]
SQL: SELECT `id`,`username`,`nickname` FROM `datav_admin_user` WHERE `id` = 1 LIMIT 1   [ RunTime:0.0198s ]
SQL: SHOW COLUMNS FROM `datav_user_role` [ RunTime:0.0297s ]
SQL: SELECT `id`,`name` FROM `datav_user_role` WHERE `status` = 1  [ RunTime:0.0218s ]

[ 2021-09-23T16:12:12+08:00 ] 127.0.0.1 /datav-backend/manage.php/Users/get_role_list
INFO: [ app_init ] --START--
INFO: Run Behavior\BuildLiteBehavior [ RunTime:0.000008s ]
INFO: [ app_init ] --END-- [ RunTime:0.000410s ]
INFO: [ app_begin ] --START--
INFO: Run Behavior\ReadHtmlCacheBehavior [ RunTime:0.002384s ]
INFO: [ app_begin ] --END-- [ RunTime:0.002414s ]
SQL: SHOW COLUMNS FROM `datav_admin_session` [ RunTime:0.0574s ]
SQL: SELECT `expires_time` FROM `datav_admin_session` WHERE `token` = 'f1a6dd4d32a59653f19bf93896bcf964' LIMIT 1   [ RunTime:0.0407s ]
SQL: UPDATE `datav_admin_session` SET `expires_time`='1632388332' WHERE `token` = 'f1a6dd4d32a59653f19bf93896bcf964' [ RunTime:0.0227s ]
SQL: SELECT `uid` FROM `datav_admin_session` WHERE `token` = 'f1a6dd4d32a59653f19bf93896bcf964' LIMIT 1   [ RunTime:0.0266s ]
SQL: SHOW COLUMNS FROM `datav_admin_user` [ RunTime:0.0204s ]
SQL: SELECT `id`,`username`,`nickname` FROM `datav_admin_user` WHERE `id` = 1 LIMIT 1   [ RunTime:0.0207s ]
SQL: SHOW COLUMNS FROM `datav_user_role` [ RunTime:0.0341s ]
SQL: SELECT `id`,`name` FROM `datav_user_role` WHERE `status` = 1  [ RunTime:0.0203s ]

[ 2021-09-23T16:12:13+08:00 ] 127.0.0.1 /datav-backend/manage.php/Users/getlist?p=1&k=&w=
INFO: [ app_init ] --START--
INFO: Run Behavior\BuildLiteBehavior [ RunTime:0.000007s ]
INFO: [ app_init ] --END-- [ RunTime:0.000454s ]
INFO: [ app_begin ] --START--
INFO: Run Behavior\ReadHtmlCacheBehavior [ RunTime:0.002600s ]
INFO: [ app_begin ] --END-- [ RunTime:0.004777s ]
SQL: SHOW COLUMNS FROM `datav_admin_session` [ RunTime:0.0154s ]
SQL: SELECT `expires_time` FROM `datav_admin_session` WHERE `token` = 'f1a6dd4d32a59653f19bf93896bcf964' LIMIT 1   [ RunTime:0.0185s ]
SQL: UPDATE `datav_admin_session` SET `expires_time`='1632388332' WHERE `token` = 'f1a6dd4d32a59653f19bf93896bcf964' [ RunTime:0.0158s ]
SQL: SELECT `uid` FROM `datav_admin_session` WHERE `token` = 'f1a6dd4d32a59653f19bf93896bcf964' LIMIT 1   [ RunTime:0.0160s ]
SQL: SHOW COLUMNS FROM `datav_admin_user` [ RunTime:0.0144s ]
SQL: SELECT `id`,`username`,`nickname` FROM `datav_admin_user` WHERE `id` = 1 LIMIT 1   [ RunTime:0.0184s ]
SQL: SHOW COLUMNS FROM `datav_users` [ RunTime:0.0145s ]
SQL: SELECT U.id,U.username,U.nickname,U.role_id,U.status,U.create_time FROM datav_users U LIMIT 0,15   [ RunTime:0.0237s ]
SQL: SELECT COUNT(*) AS tp_count FROM datav_users U LIMIT 1   [ RunTime:0.0464s ]

[ 2021-09-23T16:13:00+08:00 ] 127.0.0.1 /datav-backend/manage.php/Users/get_role_list
INFO: [ app_init ] --START--
INFO: Run Behavior\BuildLiteBehavior [ RunTime:0.000016s ]
INFO: [ app_init ] --END-- [ RunTime:0.000584s ]
INFO: [ app_begin ] --START--
INFO: Run Behavior\ReadHtmlCacheBehavior [ RunTime:0.000670s ]
INFO: [ app_begin ] --END-- [ RunTime:0.000696s ]
SQL: SHOW COLUMNS FROM `datav_admin_session` [ RunTime:0.0259s ]
SQL: SELECT `expires_time` FROM `datav_admin_session` WHERE `token` = 'f1a6dd4d32a59653f19bf93896bcf964' LIMIT 1   [ RunTime:0.0220s ]
SQL: UPDATE `datav_admin_session` SET `expires_time`='1632388380' WHERE `token` = 'f1a6dd4d32a59653f19bf93896bcf964' [ RunTime:0.0197s ]
SQL: SELECT `uid` FROM `datav_admin_session` WHERE `token` = 'f1a6dd4d32a59653f19bf93896bcf964' LIMIT 1   [ RunTime:0.0217s ]
SQL: SHOW COLUMNS FROM `datav_admin_user` [ RunTime:0.0525s ]
SQL: SELECT `id`,`username`,`nickname` FROM `datav_admin_user` WHERE `id` = 1 LIMIT 1   [ RunTime:0.0305s ]
SQL: SHOW COLUMNS FROM `datav_user_role` [ RunTime:0.0524s ]
SQL: SELECT `id`,`name` FROM `datav_user_role` WHERE `status` = 1  [ RunTime:0.0205s ]

[ 2021-09-23T16:13:00+08:00 ] 127.0.0.1 /datav-backend/manage.php/Users/getlist?p=1&k=&w=
INFO: [ app_init ] --START--
INFO: Run Behavior\BuildLiteBehavior [ RunTime:0.000010s ]
INFO: [ app_init ] --END-- [ RunTime:0.003739s ]
INFO: [ app_begin ] --START--
INFO: Run Behavior\ReadHtmlCacheBehavior [ RunTime:0.000750s ]
INFO: [ app_begin ] --END-- [ RunTime:0.000776s ]
SQL: SHOW COLUMNS FROM `datav_admin_session` [ RunTime:0.0162s ]
SQL: SELECT `expires_time` FROM `datav_admin_session` WHERE `token` = 'f1a6dd4d32a59653f19bf93896bcf964' LIMIT 1   [ RunTime:0.0154s ]
SQL: UPDATE `datav_admin_session` SET `expires_time`='1632388380' WHERE `token` = 'f1a6dd4d32a59653f19bf93896bcf964' [ RunTime:0.0153s ]
SQL: SELECT `uid` FROM `datav_admin_session` WHERE `token` = 'f1a6dd4d32a59653f19bf93896bcf964' LIMIT 1   [ RunTime:0.0185s ]
SQL: SHOW COLUMNS FROM `datav_admin_user` [ RunTime:0.0294s ]
SQL: SELECT `id`,`username`,`nickname` FROM `datav_admin_user` WHERE `id` = 1 LIMIT 1   [ RunTime:0.0154s ]
SQL: SHOW COLUMNS FROM `datav_users` [ RunTime:0.0165s ]
SQL: SELECT U.id,U.username,U.nickname,U.role_id,U.status,U.create_time FROM datav_users U LIMIT 0,15   [ RunTime:0.0143s ]
SQL: SELECT COUNT(*) AS tp_count FROM datav_users U LIMIT 1   [ RunTime:0.0157s ]

[ 2021-09-23T16:13:04+08:00 ] 127.0.0.1 /datav-backend/manage.php/Users/save?id=1
INFO: [ app_init ] --START--
INFO: Run Behavior\BuildLiteBehavior [ RunTime:0.000005s ]
INFO: [ app_init ] --END-- [ RunTime:0.000428s ]
INFO: [ app_begin ] --START--
INFO: Run Behavior\ReadHtmlCacheBehavior [ RunTime:0.000638s ]
INFO: [ app_begin ] --END-- [ RunTime:0.000654s ]
SQL: SHOW COLUMNS FROM `datav_admin_session` [ RunTime:0.0257s ]
SQL: SELECT `expires_time` FROM `datav_admin_session` WHERE `token` = 'f1a6dd4d32a59653f19bf93896bcf964' LIMIT 1   [ RunTime:0.0150s ]
SQL: UPDATE `datav_admin_session` SET `expires_time`='1632388384' WHERE `token` = 'f1a6dd4d32a59653f19bf93896bcf964' [ RunTime:0.0188s ]
SQL: SELECT `uid` FROM `datav_admin_session` WHERE `token` = 'f1a6dd4d32a59653f19bf93896bcf964' LIMIT 1   [ RunTime:0.0142s ]
SQL: SHOW COLUMNS FROM `datav_admin_user` [ RunTime:0.0155s ]
SQL: SELECT `id`,`username`,`nickname` FROM `datav_admin_user` WHERE `id` = 1 LIMIT 1   [ RunTime:0.0168s ]
INFO: [ app_end ] --START--
INFO: Run Behavior\ShowPageTraceBehavior [ RunTime:0.000896s ]
INFO: [ app_end ] --END-- [ RunTime:0.000916s ]

[ 2021-09-23T16:13:27+08:00 ] 127.0.0.1 /datav-backend/manage.php/Users/get_role_list
INFO: [ app_init ] --START--
INFO: Run Behavior\BuildLiteBehavior [ RunTime:0.000007s ]
INFO: [ app_init ] --END-- [ RunTime:0.000546s ]
INFO: [ app_begin ] --START--
INFO: Run Behavior\ReadHtmlCacheBehavior [ RunTime:0.000814s ]
INFO: [ app_begin ] --END-- [ RunTime:0.000843s ]
SQL: SHOW COLUMNS FROM `datav_admin_session` [ RunTime:0.0213s ]
SQL: SELECT `expires_time` FROM `datav_admin_session` WHERE `token` = 'f1a6dd4d32a59653f19bf93896bcf964' LIMIT 1   [ RunTime:0.0213s ]
SQL: UPDATE `datav_admin_session` SET `expires_time`='1632388407' WHERE `token` = 'f1a6dd4d32a59653f19bf93896bcf964' [ RunTime:0.0245s ]
SQL: SELECT `uid` FROM `datav_admin_session` WHERE `token` = 'f1a6dd4d32a59653f19bf93896bcf964' LIMIT 1   [ RunTime:0.0194s ]
SQL: SHOW COLUMNS FROM `datav_admin_user` [ RunTime:0.0223s ]
SQL: SELECT `id`,`username`,`nickname` FROM `datav_admin_user` WHERE `id` = 1 LIMIT 1   [ RunTime:0.0306s ]
SQL: SHOW COLUMNS FROM `datav_user_role` [ RunTime:0.0190s ]
SQL: SELECT `id`,`name` FROM `datav_user_role` WHERE `status` = 1  [ RunTime:0.0246s ]

[ 2021-09-23T16:13:28+08:00 ] 127.0.0.1 /datav-backend/manage.php/Users/getlist?p=1&k=&w=
INFO: [ app_init ] --START--
INFO: Run Behavior\BuildLiteBehavior [ RunTime:0.000006s ]
INFO: [ app_init ] --END-- [ RunTime:0.000396s ]
INFO: [ app_begin ] --START--
INFO: Run Behavior\ReadHtmlCacheBehavior [ RunTime:0.000653s ]
INFO: [ app_begin ] --END-- [ RunTime:0.000678s ]
SQL: SHOW COLUMNS FROM `datav_admin_session` [ RunTime:0.0142s ]
SQL: SELECT `expires_time` FROM `datav_admin_session` WHERE `token` = 'f1a6dd4d32a59653f19bf93896bcf964' LIMIT 1   [ RunTime:0.0185s ]
SQL: UPDATE `datav_admin_session` SET `expires_time`='1632388408' WHERE `token` = 'f1a6dd4d32a59653f19bf93896bcf964' [ RunTime:0.0188s ]
SQL: SELECT `uid` FROM `datav_admin_session` WHERE `token` = 'f1a6dd4d32a59653f19bf93896bcf964' LIMIT 1   [ RunTime:0.0206s ]
SQL: SHOW COLUMNS FROM `datav_admin_user` [ RunTime:0.0179s ]
SQL: SELECT `id`,`username`,`nickname` FROM `datav_admin_user` WHERE `id` = 1 LIMIT 1   [ RunTime:0.0272s ]
SQL: SHOW COLUMNS FROM `datav_users` [ RunTime:0.0326s ]
SQL: SELECT U.id,U.username,U.nickname,U.role_id,U.status,U.create_time FROM datav_users U LIMIT 0,15   [ RunTime:0.0221s ]
SQL: SELECT COUNT(*) AS tp_count FROM datav_users U LIMIT 1   [ RunTime:0.0291s ]

[ 2021-09-23T16:14:05+08:00 ] 127.0.0.1 /datav-backend/manage.php/Users/save?id=1
INFO: [ app_init ] --START--
INFO: Run Behavior\BuildLiteBehavior [ RunTime:0.000005s ]
INFO: [ app_init ] --END-- [ RunTime:0.000452s ]
INFO: [ app_begin ] --START--
INFO: Run Behavior\ReadHtmlCacheBehavior [ RunTime:0.000572s ]
INFO: [ app_begin ] --END-- [ RunTime:0.000589s ]
SQL: SHOW COLUMNS FROM `datav_admin_session` [ RunTime:0.0154s ]
SQL: SELECT `expires_time` FROM `datav_admin_session` WHERE `token` = 'f1a6dd4d32a59653f19bf93896bcf964' LIMIT 1   [ RunTime:0.0186s ]
SQL: UPDATE `datav_admin_session` SET `expires_time`='1632388445' WHERE `token` = 'f1a6dd4d32a59653f19bf93896bcf964' [ RunTime:0.0223s ]
SQL: SELECT `uid` FROM `datav_admin_session` WHERE `token` = 'f1a6dd4d32a59653f19bf93896bcf964' LIMIT 1   [ RunTime:0.0221s ]
SQL: SHOW COLUMNS FROM `datav_admin_user` [ RunTime:0.0159s ]
SQL: SELECT `id`,`username`,`nickname` FROM `datav_admin_user` WHERE `id` = 1 LIMIT 1   [ RunTime:0.0153s ]
INFO: [ app_end ] --START--
INFO: Run Behavior\ShowPageTraceBehavior [ RunTime:0.001704s ]
INFO: [ app_end ] --END-- [ RunTime:0.001732s ]

[ 2021-09-23T16:14:45+08:00 ] 127.0.0.1 /datav-backend/manage.php/Users/get_role_list
INFO: [ app_init ] --START--
INFO: Run Behavior\BuildLiteBehavior [ RunTime:0.000012s ]
INFO: [ app_init ] --END-- [ RunTime:0.001316s ]
INFO: [ app_begin ] --START--
INFO: Run Behavior\ReadHtmlCacheBehavior [ RunTime:0.000866s ]
INFO: [ app_begin ] --END-- [ RunTime:0.000896s ]
SQL: SHOW COLUMNS FROM `datav_admin_session` [ RunTime:0.0374s ]
SQL: SELECT `expires_time` FROM `datav_admin_session` WHERE `token` = 'f1a6dd4d32a59653f19bf93896bcf964' LIMIT 1   [ RunTime:0.0173s ]
SQL: UPDATE `datav_admin_session` SET `expires_time`='1632388485' WHERE `token` = 'f1a6dd4d32a59653f19bf93896bcf964' [ RunTime:0.0179s ]
SQL: SELECT `uid` FROM `datav_admin_session` WHERE `token` = 'f1a6dd4d32a59653f19bf93896bcf964' LIMIT 1   [ RunTime:0.0151s ]
SQL: SHOW COLUMNS FROM `datav_admin_user` [ RunTime:0.0152s ]
SQL: SELECT `id`,`username`,`nickname` FROM `datav_admin_user` WHERE `id` = 1 LIMIT 1   [ RunTime:0.0373s ]
SQL: SHOW COLUMNS FROM `datav_user_role` [ RunTime:0.0157s ]
SQL: SELECT `id`,`name` FROM `datav_user_role` WHERE `status` = 1  [ RunTime:0.0170s ]

[ 2021-09-23T16:14:45+08:00 ] 127.0.0.1 /datav-backend/manage.php/Users/getlist?p=1&k=&w=
INFO: [ app_init ] --START--
INFO: Run Behavior\BuildLiteBehavior [ RunTime:0.000006s ]
INFO: [ app_init ] --END-- [ RunTime:0.000521s ]
INFO: [ app_begin ] --START--
INFO: Run Behavior\ReadHtmlCacheBehavior [ RunTime:0.000826s ]
INFO: [ app_begin ] --END-- [ RunTime:0.000853s ]
SQL: SHOW COLUMNS FROM `datav_admin_session` [ RunTime:0.0221s ]
SQL: SELECT `expires_time` FROM `datav_admin_session` WHERE `token` = 'f1a6dd4d32a59653f19bf93896bcf964' LIMIT 1   [ RunTime:0.0201s ]
SQL: UPDATE `datav_admin_session` SET `expires_time`='1632388485' WHERE `token` = 'f1a6dd4d32a59653f19bf93896bcf964' [ RunTime:0.0200s ]
SQL: SELECT `uid` FROM `datav_admin_session` WHERE `token` = 'f1a6dd4d32a59653f19bf93896bcf964' LIMIT 1   [ RunTime:0.0264s ]
SQL: SHOW COLUMNS FROM `datav_admin_user` [ RunTime:0.0144s ]
SQL: SELECT `id`,`username`,`nickname` FROM `datav_admin_user` WHERE `id` = 1 LIMIT 1   [ RunTime:0.0288s ]
SQL: SHOW COLUMNS FROM `datav_users` [ RunTime:0.0178s ]
SQL: SELECT U.id,U.username,U.nickname,U.role_id,U.status,U.create_time FROM datav_users U LIMIT 0,15   [ RunTime:0.0263s ]
SQL: SELECT COUNT(*) AS tp_count FROM datav_users U LIMIT 1   [ RunTime:0.0153s ]

[ 2021-09-23T16:30:06+08:00 ] 127.0.0.1 /datav-backend/manage.php/Users/get_role_list
INFO: [ app_init ] --START--
INFO: Run Behavior\BuildLiteBehavior [ RunTime:0.000009s ]
INFO: [ app_init ] --END-- [ RunTime:0.000528s ]
INFO: [ app_begin ] --START--
INFO: Run Behavior\ReadHtmlCacheBehavior [ RunTime:0.001124s ]
INFO: [ app_begin ] --END-- [ RunTime:0.001162s ]
SQL: SHOW COLUMNS FROM `datav_admin_session` [ RunTime:0.0200s ]
SQL: SELECT `expires_time` FROM `datav_admin_session` WHERE `token` = 'f1a6dd4d32a59653f19bf93896bcf964' LIMIT 1   [ RunTime:0.0298s ]
SQL: UPDATE `datav_admin_session` SET `expires_time`='1632389405' WHERE `token` = 'f1a6dd4d32a59653f19bf93896bcf964' [ RunTime:0.0147s ]
SQL: SELECT `uid` FROM `datav_admin_session` WHERE `token` = 'f1a6dd4d32a59653f19bf93896bcf964' LIMIT 1   [ RunTime:0.0167s ]
SQL: SHOW COLUMNS FROM `datav_admin_user` [ RunTime:0.0156s ]
SQL: SELECT `id`,`username`,`nickname` FROM `datav_admin_user` WHERE `id` = 1 LIMIT 1   [ RunTime:0.0245s ]
SQL: SHOW COLUMNS FROM `datav_user_role` [ RunTime:0.0146s ]
SQL: SELECT `id`,`name` FROM `datav_user_role` WHERE `status` = 1  [ RunTime:0.0712s ]

[ 2021-09-23T16:30:06+08:00 ] 127.0.0.1 /datav-backend/manage.php/Users/getlist?p=1&k=&w=
INFO: [ app_init ] --START--
INFO: Run Behavior\BuildLiteBehavior [ RunTime:0.000009s ]
INFO: [ app_init ] --END-- [ RunTime:0.001464s ]
INFO: [ app_begin ] --START--
INFO: Run Behavior\ReadHtmlCacheBehavior [ RunTime:0.000668s ]
INFO: [ app_begin ] --END-- [ RunTime:0.000691s ]
SQL: SHOW COLUMNS FROM `datav_admin_session` [ RunTime:0.0204s ]
SQL: SELECT `expires_time` FROM `datav_admin_session` WHERE `token` = 'f1a6dd4d32a59653f19bf93896bcf964' LIMIT 1   [ RunTime:0.0198s ]
SQL: UPDATE `datav_admin_session` SET `expires_time`='1632389406' WHERE `token` = 'f1a6dd4d32a59653f19bf93896bcf964' [ RunTime:0.0174s ]
SQL: SELECT `uid` FROM `datav_admin_session` WHERE `token` = 'f1a6dd4d32a59653f19bf93896bcf964' LIMIT 1   [ RunTime:0.0156s ]
SQL: SHOW COLUMNS FROM `datav_admin_user` [ RunTime:0.0150s ]
SQL: SELECT `id`,`username`,`nickname` FROM `datav_admin_user` WHERE `id` = 1 LIMIT 1   [ RunTime:0.0268s ]
SQL: SHOW COLUMNS FROM `datav_users` [ RunTime:0.0269s ]
SQL: SELECT U.id,U.username,U.nickname,U.role_id,U.status,U.create_time FROM datav_users U LIMIT 0,15   [ RunTime:0.0144s ]
SQL: SELECT COUNT(*) AS tp_count FROM datav_users U LIMIT 1   [ RunTime:0.0189s ]

[ 2021-09-23T16:30:07+08:00 ] 127.0.0.1 /datav-backend/manage.php/Users/get_detail?id=1
INFO: [ app_init ] --START--
INFO: Run Behavior\BuildLiteBehavior [ RunTime:0.000006s ]
INFO: [ app_init ] --END-- [ RunTime:0.000432s ]
INFO: [ app_begin ] --START--
INFO: Run Behavior\ReadHtmlCacheBehavior [ RunTime:0.000625s ]
INFO: [ app_begin ] --END-- [ RunTime:0.000647s ]
SQL: SHOW COLUMNS FROM `datav_admin_session` [ RunTime:0.0190s ]
SQL: SELECT `expires_time` FROM `datav_admin_session` WHERE `token` = 'f1a6dd4d32a59653f19bf93896bcf964' LIMIT 1   [ RunTime:0.0176s ]
SQL: UPDATE `datav_admin_session` SET `expires_time`='1632389407' WHERE `token` = 'f1a6dd4d32a59653f19bf93896bcf964' [ RunTime:0.0190s ]
SQL: SELECT `uid` FROM `datav_admin_session` WHERE `token` = 'f1a6dd4d32a59653f19bf93896bcf964' LIMIT 1   [ RunTime:0.0223s ]
SQL: SHOW COLUMNS FROM `datav_admin_user` [ RunTime:0.0178s ]
SQL: SELECT `id`,`username`,`nickname` FROM `datav_admin_user` WHERE `id` = 1 LIMIT 1   [ RunTime:0.0175s ]
SQL: SHOW COLUMNS FROM `datav_users` [ RunTime:0.0420s ]
SQL: SELECT `id`,`username`,`nickname`,`status`,`role_id` FROM `datav_users` WHERE `id` = 1 LIMIT 1   [ RunTime:0.0197s ]

