[ 2019-03-10T12:01:14+08:00 ] ::1 /edvolks/admin.php
INFO: [ app_init ] --START--
INFO: Run Behavior\BuildLiteBehavior [ RunTime:0.000060s ]
INFO: [ app_init ] --END-- [ RunTime:0.018045s ]
NOTIC: [8] Use of undefined constant on - assumed 'on' D:\work\edvolks\Enadmin\Conf\config.php 第 4 行.
INFO: [ app_begin ] --START--
INFO: Run Behavior\ReadHtmlCacheBehavior [ RunTime:0.014867s ]
INFO: [ app_begin ] --END-- [ RunTime:0.015075s ]

[ 2019-03-10T12:01:14+08:00 ] ::1 /edvolks/admin.php/Main/login.html
INFO: [ app_init ] --START--
INFO: Run Behavior\BuildLiteBehavior [ RunTime:0.000021s ]
INFO: [ app_init ] --END-- [ RunTime:0.000829s ]
NOTIC: [8] Use of undefined constant on - assumed 'on' D:\work\edvolks\Enadmin\Conf\config.php 第 4 行.
INFO: [ app_begin ] --START--
INFO: Run Behavior\ReadHtmlCacheBehavior [ RunTime:0.001103s ]
INFO: [ app_begin ] --END-- [ RunTime:0.001179s ]
INFO: [ view_parse ] --START--
INFO: [ template_filter ] --START--
INFO: Run Behavior\ContentReplaceBehavior [ RunTime:0.000158s ]
INFO: [ template_filter ] --END-- [ RunTime:0.000313s ]
INFO: Run Behavior\ParseTemplateBehavior [ RunTime:0.074226s ]
INFO: [ view_parse ] --END-- [ RunTime:0.074436s ]
INFO: [ view_filter ] --START--
INFO: Run Behavior\WriteHtmlCacheBehavior [ RunTime:0.010542s ]
INFO: [ view_filter ] --END-- [ RunTime:0.010805s ]
INFO: [ app_end ] --START--
INFO: Run Behavior\ShowPageTraceBehavior [ RunTime:0.007516s ]
INFO: [ app_end ] --END-- [ RunTime:0.007716s ]

[ 2019-03-10T12:01:14+08:00 ] ::1 /edvolks/admin.php/Main/code.html
INFO: [ app_init ] --START--
INFO: Run Behavior\BuildLiteBehavior [ RunTime:0.000025s ]
INFO: [ app_init ] --END-- [ RunTime:0.001046s ]
NOTIC: [8] Use of undefined constant on - assumed 'on' D:\work\edvolks\Enadmin\Conf\config.php 第 4 行.
INFO: [ app_begin ] --START--
INFO: Run Behavior\ReadHtmlCacheBehavior [ RunTime:0.000860s ]
INFO: [ app_begin ] --END-- [ RunTime:0.000931s ]
NOTIC: [8] A non well formed numeric value encountered D:\work\ThinkPHP\Library\Think\Verify.class.php 第 119 行.
NOTIC: [8] A non well formed numeric value encountered D:\work\ThinkPHP\Library\Think\Verify.class.php 第 119 行.
NOTIC: [8] A non well formed numeric value encountered D:\work\ThinkPHP\Library\Think\Verify.class.php 第 166 行.
NOTIC: [8] A non well formed numeric value encountered D:\work\ThinkPHP\Library\Think\Verify.class.php 第 166 行.
NOTIC: [8] A non well formed numeric value encountered D:\work\ThinkPHP\Library\Think\Verify.class.php 第 166 行.
NOTIC: [8] A non well formed numeric value encountered D:\work\ThinkPHP\Library\Think\Verify.class.php 第 166 行.
INFO: [ app_end ] --START--
INFO: Run Behavior\ShowPageTraceBehavior [ RunTime:0.001352s ]
INFO: [ app_end ] --END-- [ RunTime:0.001452s ]

