[ 2019-11-27T18:15:56+08:00 ] ::1 /nujiang/index.php
INFO: [ app_init ] --START--
INFO: Run Behavior\BuildLiteBehavior [ RunTime:0.000009s ]
INFO: [ app_init ] --END-- [ RunTime:0.000467s ]
INFO: [ app_begin ] --START--
INFO: Run Behavior\ReadHtmlCacheBehavior [ RunTime:0.000559s ]
INFO: [ app_begin ] --END-- [ RunTime:0.000599s ]
SQL: SHOW COLUMNS FROM `b_site_config` [ RunTime:0.0472s ]
SQL: SELECT * FROM `b_site_config` WHERE ( id=1 ) LIMIT 1   [ RunTime:0.0445s ]
SQL: SHOW COLUMNS FROM `b_news` [ RunTime:0.0470s ]
SQL: SELECT `id`,`cid`,`title`,IF(LENGTH(description) <= 48,`description`,CONCAT(LEFT(description,48),'...')) as description FROM `b_news` WHERE ( cid =8 and status = 1 ) ORDER BY recommend desc,id desc LIMIT 3   [ RunTime:0.0444s ]
SQL: SELECT `id`,`cid`,`title`,IF(LENGTH(description) <= 48,`description`,CONCAT(LEFT(description,48),'...')) as description FROM `b_news` WHERE ( cid =9 and status = 1 ) ORDER BY recommend desc,id desc LIMIT 3   [ RunTime:0.0445s ]
SQL: SHOW COLUMNS FROM `b_jobs` [ RunTime:0.0494s ]
SQL: SELECT `id`,`title`,`link`,`company`,`end_date`,IF(person_limit=0,'不限',person_limit) as person_limit,`wage`,DATE(create_time) as create_time FROM `b_jobs` WHERE `status` = 1 ORDER BY sort,id desc LIMIT 5   [ RunTime:0.0481s ]
INFO: [ view_parse ] --START--
INFO: [ template_filter ] --START--
INFO: Run Behavior\ContentReplaceBehavior [ RunTime:0.000222s ]
INFO: [ template_filter ] --END-- [ RunTime:0.000307s ]
INFO: Run Behavior\ParseTemplateBehavior [ RunTime:0.041829s ]
INFO: [ view_parse ] --END-- [ RunTime:0.041918s ]
INFO: [ view_filter ] --START--
INFO: Run Behavior\WriteHtmlCacheBehavior [ RunTime:0.000823s ]
INFO: [ view_filter ] --END-- [ RunTime:0.000876s ]
INFO: [ app_end ] --START--
INFO: Run Behavior\ShowPageTraceBehavior [ RunTime:0.000899s ]
INFO: [ app_end ] --END-- [ RunTime:0.000989s ]

