[ 2020-06-20T11:46:06+08:00 ] ::1 /macjob/
INFO: [ app_init ] --START--
INFO: Run Behavior\BuildLiteBehavior [ RunTime:0.000020s ]
INFO: [ app_init ] --END-- [ RunTime:0.002562s ]
INFO: [ app_begin ] --START--
INFO: Run Behavior\ReadHtmlCacheBehavior [ RunTime:0.001468s ]
INFO: [ app_begin ] --END-- [ RunTime:0.001551s ]
SQL: SHOW COLUMNS FROM `b_site_config` [ RunTime:0.0512s ]
SQL: SELECT * FROM `b_site_config` WHERE ( id=1 ) LIMIT 1   [ RunTime:0.0479s ]
SQL: SHOW COLUMNS FROM `b_news` [ RunTime:0.0492s ]
SQL: SELECT `id`,`cid`,`title`,`external_link`,IF(LENGTH(description) <= 48,`description`,CONCAT(LEFT(description,48),'...')) as description FROM `b_news` WHERE ( cid =8 and status = 1 ) ORDER BY recommend desc,id desc LIMIT 3   [ RunTime:0.0480s ]
SQL: SELECT `id`,`cid`,`title`,`external_link`,IF(LENGTH(description) <= 48,`description`,CONCAT(LEFT(description,48),'...')) as description FROM `b_news` WHERE ( cid =9 and status = 1 ) ORDER BY recommend desc,id desc LIMIT 3   [ RunTime:0.0492s ]
SQL: SHOW COLUMNS FROM `b_jobs` [ RunTime:0.0530s ]
SQL: SELECT `id`,`title`,`link`,`company`,`end_date`,IF(person_limit=0,'不限',person_limit) as person_limit,`wage`,DATE(create_time) as create_time FROM `b_jobs` WHERE `status` = 1 ORDER BY sort,id desc LIMIT 5   [ RunTime:0.0504s ]
INFO: [ view_parse ] --START--
INFO: [ template_filter ] --START--
INFO: Run Behavior\ContentReplaceBehavior [ RunTime:0.000083s ]
INFO: [ template_filter ] --END-- [ RunTime:0.000120s ]
INFO: Run Behavior\ParseTemplateBehavior [ RunTime:0.088642s ]
INFO: [ view_parse ] --END-- [ RunTime:0.088689s ]
INFO: [ view_filter ] --START--
INFO: Run Behavior\WriteHtmlCacheBehavior [ RunTime:0.003809s ]
INFO: [ view_filter ] --END-- [ RunTime:0.003845s ]
INFO: [ app_end ] --START--
INFO: Run Behavior\ShowPageTraceBehavior [ RunTime:0.001710s ]
INFO: [ app_end ] --END-- [ RunTime:0.001756s ]

[ 2020-06-20T12:34:09+08:00 ] ::1 /macjob/
INFO: [ app_init ] --START--
INFO: Run Behavior\BuildLiteBehavior [ RunTime:0.000009s ]
INFO: [ app_init ] --END-- [ RunTime:0.000750s ]
INFO: [ app_begin ] --START--
INFO: Run Behavior\ReadHtmlCacheBehavior [ RunTime:0.000627s ]
INFO: [ app_begin ] --END-- [ RunTime:0.000668s ]
SQL: SHOW COLUMNS FROM `b_site_config` [ RunTime:0.0477s ]
SQL: SELECT * FROM `b_site_config` WHERE ( id=1 ) LIMIT 1   [ RunTime:0.0495s ]
SQL: SHOW COLUMNS FROM `b_news` [ RunTime:0.0491s ]
SQL: SELECT `id`,`cid`,`title`,`external_link`,IF(LENGTH(description) <= 48,`description`,CONCAT(LEFT(description,48),'...')) as description FROM `b_news` WHERE ( cid =8 and status = 1 ) ORDER BY recommend desc,id desc LIMIT 3   [ RunTime:0.0474s ]
SQL: SELECT `id`,`cid`,`title`,`external_link`,IF(LENGTH(description) <= 48,`description`,CONCAT(LEFT(description,48),'...')) as description FROM `b_news` WHERE ( cid =9 and status = 1 ) ORDER BY recommend desc,id desc LIMIT 3   [ RunTime:0.0485s ]
SQL: SHOW COLUMNS FROM `b_jobs` [ RunTime:0.0499s ]
SQL: SELECT `id`,`title`,`link`,`company`,`end_date`,IF(person_limit=0,'不限',person_limit) as person_limit,`wage`,DATE(create_time) as create_time FROM `b_jobs` WHERE `status` = 1 ORDER BY sort,id desc LIMIT 5   [ RunTime:0.0508s ]
INFO: [ view_parse ] --START--
INFO: [ template_filter ] --START--
INFO: Run Behavior\ContentReplaceBehavior [ RunTime:0.000109s ]
INFO: [ template_filter ] --END-- [ RunTime:0.000147s ]
INFO: Run Behavior\ParseTemplateBehavior [ RunTime:0.011365s ]
INFO: [ view_parse ] --END-- [ RunTime:0.011420s ]
INFO: [ view_filter ] --START--
INFO: Run Behavior\WriteHtmlCacheBehavior [ RunTime:0.000641s ]
INFO: [ view_filter ] --END-- [ RunTime:0.000675s ]
INFO: [ app_end ] --START--
INFO: Run Behavior\ShowPageTraceBehavior [ RunTime:0.000727s ]
INFO: [ app_end ] --END-- [ RunTime:0.000773s ]

[ 2020-06-20T12:34:47+08:00 ] ::1 /macjob/
INFO: [ app_init ] --START--
INFO: Run Behavior\BuildLiteBehavior [ RunTime:0.000008s ]
INFO: [ app_init ] --END-- [ RunTime:0.000404s ]
INFO: [ app_begin ] --START--
INFO: Run Behavior\ReadHtmlCacheBehavior [ RunTime:0.001062s ]
INFO: [ app_begin ] --END-- [ RunTime:0.001139s ]
SQL: SHOW COLUMNS FROM `b_site_config` [ RunTime:0.0467s ]
SQL: SELECT * FROM `b_site_config` WHERE ( id=1 ) LIMIT 1   [ RunTime:0.0470s ]
SQL: SHOW COLUMNS FROM `b_news` [ RunTime:0.0614s ]
SQL: SELECT `id`,`cid`,`title`,`external_link`,IF(LENGTH(description) <= 48,`description`,CONCAT(LEFT(description,48),'...')) as description FROM `b_news` WHERE ( cid =8 and status = 1 ) ORDER BY recommend desc,id desc LIMIT 3   [ RunTime:0.0491s ]
SQL: SELECT `id`,`cid`,`title`,`external_link`,IF(LENGTH(description) <= 48,`description`,CONCAT(LEFT(description,48),'...')) as description FROM `b_news` WHERE ( cid =9 and status = 1 ) ORDER BY recommend desc,id desc LIMIT 3   [ RunTime:0.0511s ]
SQL: SHOW COLUMNS FROM `b_jobs` [ RunTime:0.0520s ]
SQL: SELECT `id`,`title`,`link`,`company`,`end_date`,IF(person_limit=0,'不限',person_limit) as person_limit,`wage`,DATE(create_time) as create_time FROM `b_jobs` WHERE `status` = 1 ORDER BY sort,id desc LIMIT 5   [ RunTime:0.0503s ]
INFO: [ view_parse ] --START--
INFO: [ template_filter ] --START--
INFO: Run Behavior\ContentReplaceBehavior [ RunTime:0.000119s ]
INFO: [ template_filter ] --END-- [ RunTime:0.000176s ]
INFO: Run Behavior\ParseTemplateBehavior [ RunTime:0.017251s ]
INFO: [ view_parse ] --END-- [ RunTime:0.017306s ]
INFO: [ view_filter ] --START--
INFO: Run Behavior\WriteHtmlCacheBehavior [ RunTime:0.000443s ]
INFO: [ view_filter ] --END-- [ RunTime:0.000470s ]
INFO: [ app_end ] --START--
INFO: Run Behavior\ShowPageTraceBehavior [ RunTime:0.000714s ]
INFO: [ app_end ] --END-- [ RunTime:0.000750s ]

[ 2020-06-20T12:35:52+08:00 ] ::1 /macjob/
INFO: [ app_init ] --START--
INFO: Run Behavior\BuildLiteBehavior [ RunTime:0.000008s ]
INFO: [ app_init ] --END-- [ RunTime:0.000448s ]
INFO: [ app_begin ] --START--
INFO: Run Behavior\ReadHtmlCacheBehavior [ RunTime:0.000660s ]
INFO: [ app_begin ] --END-- [ RunTime:0.000704s ]
SQL: SHOW COLUMNS FROM `b_site_config` [ RunTime:0.0533s ]
SQL: SELECT * FROM `b_site_config` WHERE ( id=1 ) LIMIT 1   [ RunTime:0.0466s ]
SQL: SHOW COLUMNS FROM `b_news` [ RunTime:0.0471s ]
SQL: SELECT `id`,`cid`,`title`,`external_link`,IF(LENGTH(description) <= 48,`description`,CONCAT(LEFT(description,48),'...')) as description FROM `b_news` WHERE ( cid =8 and status = 1 ) ORDER BY recommend desc,id desc LIMIT 3   [ RunTime:0.1304s ]
SQL: SELECT `id`,`cid`,`title`,`external_link`,IF(LENGTH(description) <= 48,`description`,CONCAT(LEFT(description,48),'...')) as description FROM `b_news` WHERE ( cid =9 and status = 1 ) ORDER BY recommend desc,id desc LIMIT 3   [ RunTime:0.0850s ]
SQL: SHOW COLUMNS FROM `b_jobs` [ RunTime:0.0519s ]
SQL: SELECT `id`,`title`,`link`,`company`,`end_date`,IF(person_limit=0,'不限',person_limit) as person_limit,`wage`,DATE(create_time) as create_time FROM `b_jobs` WHERE `status` = 1 ORDER BY sort,id desc LIMIT 5   [ RunTime:0.0467s ]
INFO: [ view_parse ] --START--
INFO: [ template_filter ] --START--
INFO: Run Behavior\ContentReplaceBehavior [ RunTime:0.000083s ]
INFO: [ template_filter ] --END-- [ RunTime:0.000116s ]
INFO: Run Behavior\ParseTemplateBehavior [ RunTime:0.009200s ]
INFO: [ view_parse ] --END-- [ RunTime:0.009236s ]
INFO: [ view_filter ] --START--
INFO: Run Behavior\WriteHtmlCacheBehavior [ RunTime:0.000590s ]
INFO: [ view_filter ] --END-- [ RunTime:0.000619s ]
INFO: [ app_end ] --START--
INFO: Run Behavior\ShowPageTraceBehavior [ RunTime:0.000707s ]
INFO: [ app_end ] --END-- [ RunTime:0.000758s ]

[ 2020-06-20T12:36:42+08:00 ] ::1 /macjob/
INFO: [ app_init ] --START--
INFO: Run Behavior\BuildLiteBehavior [ RunTime:0.000009s ]
INFO: [ app_init ] --END-- [ RunTime:0.000417s ]
INFO: [ app_begin ] --START--
INFO: Run Behavior\ReadHtmlCacheBehavior [ RunTime:0.000576s ]
INFO: [ app_begin ] --END-- [ RunTime:0.000615s ]
SQL: SHOW COLUMNS FROM `b_site_config` [ RunTime:0.0516s ]
SQL: SELECT * FROM `b_site_config` WHERE ( id=1 ) LIMIT 1   [ RunTime:0.0579s ]
SQL: SHOW COLUMNS FROM `b_news` [ RunTime:0.0582s ]
SQL: SELECT `id`,`cid`,`title`,`external_link`,IF(LENGTH(description) <= 48,`description`,CONCAT(LEFT(description,48),'...')) as description FROM `b_news` WHERE ( cid =8 and status = 1 ) ORDER BY recommend desc,id desc LIMIT 3   [ RunTime:0.0778s ]
SQL: SELECT `id`,`cid`,`title`,`external_link`,IF(LENGTH(description) <= 48,`description`,CONCAT(LEFT(description,48),'...')) as description FROM `b_news` WHERE ( cid =9 and status = 1 ) ORDER BY recommend desc,id desc LIMIT 3   [ RunTime:0.0475s ]
SQL: SHOW COLUMNS FROM `b_jobs` [ RunTime:0.0501s ]
SQL: SELECT `id`,`title`,`link`,`company`,`end_date`,IF(person_limit=0,'不限',person_limit) as person_limit,`wage`,DATE(create_time) as create_time FROM `b_jobs` WHERE `status` = 1 ORDER BY sort,id desc LIMIT 5   [ RunTime:0.0526s ]
INFO: [ view_parse ] --START--
INFO: [ template_filter ] --START--
INFO: Run Behavior\ContentReplaceBehavior [ RunTime:0.000088s ]
INFO: [ template_filter ] --END-- [ RunTime:0.000126s ]
INFO: Run Behavior\ParseTemplateBehavior [ RunTime:0.015427s ]
INFO: [ view_parse ] --END-- [ RunTime:0.015478s ]
INFO: [ view_filter ] --START--
INFO: Run Behavior\WriteHtmlCacheBehavior [ RunTime:0.000437s ]
INFO: [ view_filter ] --END-- [ RunTime:0.000464s ]
INFO: [ app_end ] --START--
INFO: Run Behavior\ShowPageTraceBehavior [ RunTime:0.000661s ]
INFO: [ app_end ] --END-- [ RunTime:0.000706s ]

[ 2020-06-20T12:38:09+08:00 ] ::1 /macjob/
INFO: [ app_init ] --START--
INFO: Run Behavior\BuildLiteBehavior [ RunTime:0.000009s ]
INFO: [ app_init ] --END-- [ RunTime:0.000338s ]
INFO: [ app_begin ] --START--
INFO: Run Behavior\ReadHtmlCacheBehavior [ RunTime:0.000476s ]
INFO: [ app_begin ] --END-- [ RunTime:0.000508s ]
SQL: SHOW COLUMNS FROM `b_site_config` [ RunTime:0.0566s ]
SQL: SELECT * FROM `b_site_config` WHERE ( id=1 ) LIMIT 1   [ RunTime:0.0477s ]
SQL: SHOW COLUMNS FROM `b_news` [ RunTime:0.0492s ]
SQL: SELECT `id`,`cid`,`title`,`external_link`,IF(LENGTH(description) <= 48,`description`,CONCAT(LEFT(description,48),'...')) as description FROM `b_news` WHERE ( cid =8 and status = 1 ) ORDER BY recommend desc,id desc LIMIT 3   [ RunTime:0.0518s ]
SQL: SELECT `id`,`cid`,`title`,`external_link`,IF(LENGTH(description) <= 48,`description`,CONCAT(LEFT(description,48),'...')) as description FROM `b_news` WHERE ( cid =9 and status = 1 ) ORDER BY recommend desc,id desc LIMIT 3   [ RunTime:0.0495s ]
SQL: SHOW COLUMNS FROM `b_jobs` [ RunTime:0.0503s ]
SQL: SELECT `id`,`title`,`link`,`company`,`end_date`,IF(person_limit=0,'不限',person_limit) as person_limit,`wage`,DATE(create_time) as create_time FROM `b_jobs` WHERE `status` = 1 ORDER BY sort,id desc LIMIT 5   [ RunTime:0.0486s ]
INFO: [ view_parse ] --START--
INFO: [ template_filter ] --START--
INFO: Run Behavior\ContentReplaceBehavior [ RunTime:0.000187s ]
INFO: [ template_filter ] --END-- [ RunTime:0.000268s ]
INFO: Run Behavior\ParseTemplateBehavior [ RunTime:0.027773s ]
INFO: [ view_parse ] --END-- [ RunTime:0.027859s ]
INFO: [ view_filter ] --START--
INFO: Run Behavior\WriteHtmlCacheBehavior [ RunTime:0.000795s ]
INFO: [ view_filter ] --END-- [ RunTime:0.000846s ]
INFO: [ app_end ] --START--
INFO: Run Behavior\ShowPageTraceBehavior [ RunTime:0.000767s ]
INFO: [ app_end ] --END-- [ RunTime:0.000819s ]

[ 2020-06-20T12:39:24+08:00 ] ::1 /macjob/
INFO: [ app_init ] --START--
INFO: Run Behavior\BuildLiteBehavior [ RunTime:0.000008s ]
INFO: [ app_init ] --END-- [ RunTime:0.000410s ]
INFO: [ app_begin ] --START--
INFO: Run Behavior\ReadHtmlCacheBehavior [ RunTime:0.000935s ]
INFO: [ app_begin ] --END-- [ RunTime:0.000988s ]
SQL: SHOW COLUMNS FROM `b_site_config` [ RunTime:0.0475s ]
SQL: SELECT * FROM `b_site_config` WHERE ( id=1 ) LIMIT 1   [ RunTime:0.0511s ]
SQL: SHOW COLUMNS FROM `b_news` [ RunTime:0.0548s ]
SQL: SELECT `id`,`cid`,`title`,`external_link`,IF(LENGTH(description) <= 48,`description`,CONCAT(LEFT(description,48),'...')) as description FROM `b_news` WHERE ( cid =8 and status = 1 ) ORDER BY recommend desc,id desc LIMIT 3   [ RunTime:0.0579s ]
SQL: SELECT `id`,`cid`,`title`,`external_link`,IF(LENGTH(description) <= 48,`description`,CONCAT(LEFT(description,48),'...')) as description FROM `b_news` WHERE ( cid =9 and status = 1 ) ORDER BY recommend desc,id desc LIMIT 3   [ RunTime:0.0529s ]
SQL: SHOW COLUMNS FROM `b_jobs` [ RunTime:0.0484s ]
SQL: SELECT `id`,`title`,`link`,`company`,`end_date`,IF(person_limit=0,'不限',person_limit) as person_limit,`wage`,DATE(create_time) as create_time FROM `b_jobs` WHERE `status` = 1 ORDER BY sort,id desc LIMIT 5   [ RunTime:0.0536s ]
INFO: [ view_parse ] --START--
INFO: [ template_filter ] --START--
INFO: Run Behavior\ContentReplaceBehavior [ RunTime:0.000131s ]
INFO: [ template_filter ] --END-- [ RunTime:0.000167s ]
INFO: Run Behavior\ParseTemplateBehavior [ RunTime:0.010148s ]
INFO: [ view_parse ] --END-- [ RunTime:0.010197s ]
INFO: [ view_filter ] --START--
INFO: Run Behavior\WriteHtmlCacheBehavior [ RunTime:0.000669s ]
INFO: [ view_filter ] --END-- [ RunTime:0.000695s ]
INFO: [ app_end ] --START--
INFO: Run Behavior\ShowPageTraceBehavior [ RunTime:0.000887s ]
INFO: [ app_end ] --END-- [ RunTime:0.000937s ]

