[ 2020-06-21T10:23:53+08:00 ] ::1 /macjob/
INFO: [ app_init ] --START--
INFO: Run Behavior\BuildLiteBehavior [ RunTime:0.000008s ]
INFO: [ app_init ] --END-- [ RunTime:0.000506s ]
INFO: [ app_begin ] --START--
INFO: Run Behavior\ReadHtmlCacheBehavior [ RunTime:0.000569s ]
INFO: [ app_begin ] --END-- [ RunTime:0.000603s ]
SQL: SHOW COLUMNS FROM `b_site_config` [ RunTime:0.0585s ]
SQL: SELECT * FROM `b_site_config` WHERE ( id=1 ) LIMIT 1   [ RunTime:0.0585s ]
SQL: SHOW COLUMNS FROM `b_news` [ RunTime:0.0523s ]
SQL: SELECT `id`,`cid`,`title`,`external_link`,IF(LENGTH(description) <= 48,`description`,CONCAT(LEFT(description,48),'...')) as description FROM `b_news` WHERE ( cid =8 and status = 1 ) ORDER BY recommend desc,id desc LIMIT 3   [ RunTime:0.0634s ]
SQL: SELECT `id`,`cid`,`title`,`external_link`,IF(LENGTH(description) <= 48,`description`,CONCAT(LEFT(description,48),'...')) as description FROM `b_news` WHERE ( cid =9 and status = 1 ) ORDER BY recommend desc,id desc LIMIT 3   [ RunTime:0.0532s ]
SQL: SHOW COLUMNS FROM `b_jobs` [ RunTime:0.0507s ]
SQL: SELECT `id`,`title`,`link`,`company`,`end_date`,IF(person_limit=0,'不限',person_limit) as person_limit,`wage`,DATE(create_time) as create_time FROM `b_jobs` WHERE `status` = 1 ORDER BY sort,id desc LIMIT 5   [ RunTime:0.0501s ]
INFO: [ view_parse ] --START--
INFO: [ template_filter ] --START--
INFO: Run Behavior\ContentReplaceBehavior [ RunTime:0.000099s ]
INFO: [ template_filter ] --END-- [ RunTime:0.000151s ]
INFO: Run Behavior\ParseTemplateBehavior [ RunTime:0.008813s ]
INFO: [ view_parse ] --END-- [ RunTime:0.008848s ]
INFO: [ view_filter ] --START--
INFO: Run Behavior\WriteHtmlCacheBehavior [ RunTime:0.000698s ]
INFO: [ view_filter ] --END-- [ RunTime:0.000764s ]
INFO: [ app_end ] --START--
INFO: Run Behavior\ShowPageTraceBehavior [ RunTime:0.000795s ]
INFO: [ app_end ] --END-- [ RunTime:0.000841s ]

[ 2020-06-21T10:23:53+08:00 ] ::1 /macjob/
INFO: [ app_init ] --START--
INFO: Run Behavior\BuildLiteBehavior [ RunTime:0.000027s ]
INFO: [ app_init ] --END-- [ RunTime:0.000726s ]
INFO: [ app_begin ] --START--
INFO: Run Behavior\ReadHtmlCacheBehavior [ RunTime:0.000578s ]
INFO: [ app_begin ] --END-- [ RunTime:0.000617s ]
SQL: SHOW COLUMNS FROM `b_site_config` [ RunTime:0.0485s ]
SQL: SELECT * FROM `b_site_config` WHERE ( id=1 ) LIMIT 1   [ RunTime:0.0484s ]
SQL: SHOW COLUMNS FROM `b_news` [ RunTime:0.0510s ]
SQL: SELECT `id`,`cid`,`title`,`external_link`,IF(LENGTH(description) <= 48,`description`,CONCAT(LEFT(description,48),'...')) as description FROM `b_news` WHERE ( cid =8 and status = 1 ) ORDER BY recommend desc,id desc LIMIT 3   [ RunTime:0.0528s ]
SQL: SELECT `id`,`cid`,`title`,`external_link`,IF(LENGTH(description) <= 48,`description`,CONCAT(LEFT(description,48),'...')) as description FROM `b_news` WHERE ( cid =9 and status = 1 ) ORDER BY recommend desc,id desc LIMIT 3   [ RunTime:0.0507s ]
SQL: SHOW COLUMNS FROM `b_jobs` [ RunTime:0.0504s ]
SQL: SELECT `id`,`title`,`link`,`company`,`end_date`,IF(person_limit=0,'不限',person_limit) as person_limit,`wage`,DATE(create_time) as create_time FROM `b_jobs` WHERE `status` = 1 ORDER BY sort,id desc LIMIT 5   [ RunTime:0.0563s ]
INFO: [ view_parse ] --START--
INFO: [ template_filter ] --START--
INFO: Run Behavior\ContentReplaceBehavior [ RunTime:0.000143s ]
INFO: [ template_filter ] --END-- [ RunTime:0.000178s ]
INFO: Run Behavior\ParseTemplateBehavior [ RunTime:0.009562s ]
INFO: [ view_parse ] --END-- [ RunTime:0.009599s ]
INFO: [ view_filter ] --START--
INFO: Run Behavior\WriteHtmlCacheBehavior [ RunTime:0.000488s ]
INFO: [ view_filter ] --END-- [ RunTime:0.000517s ]
INFO: [ app_end ] --START--
INFO: Run Behavior\ShowPageTraceBehavior [ RunTime:0.000630s ]
INFO: [ app_end ] --END-- [ RunTime:0.000667s ]

[ 2020-06-21T10:25:43+08:00 ] ::1 /macjob/
INFO: [ app_init ] --START--
INFO: Run Behavior\BuildLiteBehavior [ RunTime:0.000009s ]
INFO: [ app_init ] --END-- [ RunTime:0.000403s ]
INFO: [ app_begin ] --START--
INFO: Run Behavior\ReadHtmlCacheBehavior [ RunTime:0.000649s ]
INFO: [ app_begin ] --END-- [ RunTime:0.000686s ]
SQL: SHOW COLUMNS FROM `b_site_config` [ RunTime:0.0558s ]
SQL: SELECT * FROM `b_site_config` WHERE ( id=1 ) LIMIT 1   [ RunTime:0.0523s ]
SQL: SHOW COLUMNS FROM `b_news` [ RunTime:0.0549s ]
SQL: SELECT `id`,`cid`,`title`,`external_link`,IF(LENGTH(description) <= 48,`description`,CONCAT(LEFT(description,48),'...')) as description FROM `b_news` WHERE ( cid =8 and status = 1 ) ORDER BY recommend desc,id desc LIMIT 3   [ RunTime:0.0503s ]
SQL: SELECT `id`,`cid`,`title`,`external_link`,IF(LENGTH(description) <= 48,`description`,CONCAT(LEFT(description,48),'...')) as description FROM `b_news` WHERE ( cid =9 and status = 1 ) ORDER BY recommend desc,id desc LIMIT 3   [ RunTime:0.0576s ]
SQL: SHOW COLUMNS FROM `b_jobs` [ RunTime:0.0634s ]
SQL: SELECT `id`,`title`,`link`,`company`,`end_date`,IF(person_limit=0,'不限',person_limit) as person_limit,`wage`,DATE(create_time) as create_time FROM `b_jobs` WHERE `status` = 1 ORDER BY sort,id desc LIMIT 5   [ RunTime:0.0548s ]
INFO: [ view_parse ] --START--
INFO: [ template_filter ] --START--
INFO: Run Behavior\ContentReplaceBehavior [ RunTime:0.000369s ]
INFO: [ template_filter ] --END-- [ RunTime:0.000407s ]
INFO: Run Behavior\ParseTemplateBehavior [ RunTime:0.014822s ]
INFO: [ view_parse ] --END-- [ RunTime:0.014874s ]
INFO: [ view_filter ] --START--
INFO: Run Behavior\WriteHtmlCacheBehavior [ RunTime:0.000442s ]
INFO: [ view_filter ] --END-- [ RunTime:0.000468s ]
INFO: [ app_end ] --START--
INFO: Run Behavior\ShowPageTraceBehavior [ RunTime:0.000589s ]
INFO: [ app_end ] --END-- [ RunTime:0.000623s ]

[ 2020-06-21T10:28:39+08:00 ] ::1 /macjob/
INFO: [ app_init ] --START--
INFO: Run Behavior\BuildLiteBehavior [ RunTime:0.000008s ]
INFO: [ app_init ] --END-- [ RunTime:0.000424s ]
INFO: [ app_begin ] --START--
INFO: Run Behavior\ReadHtmlCacheBehavior [ RunTime:0.000566s ]
INFO: [ app_begin ] --END-- [ RunTime:0.000599s ]
SQL: SHOW COLUMNS FROM `b_site_config` [ RunTime:0.0485s ]
SQL: SELECT * FROM `b_site_config` WHERE ( id=1 ) LIMIT 1   [ RunTime:0.0483s ]
SQL: SHOW COLUMNS FROM `b_news` [ RunTime:0.0482s ]
SQL: SELECT `id`,`cid`,`title`,`external_link`,IF(LENGTH(description) <= 48,`description`,CONCAT(LEFT(description,48),'...')) as description FROM `b_news` WHERE ( cid =8 and status = 1 ) ORDER BY recommend desc,id desc LIMIT 3   [ RunTime:0.0496s ]
SQL: SELECT `id`,`cid`,`title`,`external_link`,IF(LENGTH(description) <= 48,`description`,CONCAT(LEFT(description,48),'...')) as description FROM `b_news` WHERE ( cid =9 and status = 1 ) ORDER BY recommend desc,id desc LIMIT 3   [ RunTime:0.0474s ]
SQL: SHOW COLUMNS FROM `b_jobs` [ RunTime:0.0476s ]
SQL: SELECT `id`,`title`,`link`,`company`,`end_date`,IF(person_limit=0,'不限',person_limit) as person_limit,`wage`,DATE(create_time) as create_time FROM `b_jobs` WHERE `status` = 1 ORDER BY sort,id desc LIMIT 5   [ RunTime:0.0475s ]
INFO: [ view_parse ] --START--
INFO: [ template_filter ] --START--
INFO: Run Behavior\ContentReplaceBehavior [ RunTime:0.000456s ]
INFO: [ template_filter ] --END-- [ RunTime:0.000504s ]
INFO: Run Behavior\ParseTemplateBehavior [ RunTime:0.013889s ]
INFO: [ view_parse ] --END-- [ RunTime:0.013934s ]
INFO: [ view_filter ] --START--
INFO: Run Behavior\WriteHtmlCacheBehavior [ RunTime:0.000452s ]
INFO: [ view_filter ] --END-- [ RunTime:0.000480s ]
INFO: [ app_end ] --START--
INFO: Run Behavior\ShowPageTraceBehavior [ RunTime:0.000611s ]
INFO: [ app_end ] --END-- [ RunTime:0.000643s ]

[ 2020-06-21T10:29:55+08:00 ] ::1 /macjob/
INFO: [ app_init ] --START--
INFO: Run Behavior\BuildLiteBehavior [ RunTime:0.000009s ]
INFO: [ app_init ] --END-- [ RunTime:0.000381s ]
INFO: [ app_begin ] --START--
INFO: Run Behavior\ReadHtmlCacheBehavior [ RunTime:0.000848s ]
INFO: [ app_begin ] --END-- [ RunTime:0.000903s ]
SQL: SHOW COLUMNS FROM `b_site_config` [ RunTime:0.0607s ]
SQL: SELECT * FROM `b_site_config` WHERE ( id=1 ) LIMIT 1   [ RunTime:0.0578s ]
SQL: SHOW COLUMNS FROM `b_news` [ RunTime:0.0595s ]
SQL: SELECT `id`,`cid`,`title`,`external_link`,IF(LENGTH(description) <= 48,`description`,CONCAT(LEFT(description,48),'...')) as description FROM `b_news` WHERE ( cid =8 and status = 1 ) ORDER BY recommend desc,id desc LIMIT 3   [ RunTime:0.0521s ]
SQL: SELECT `id`,`cid`,`title`,`external_link`,IF(LENGTH(description) <= 48,`description`,CONCAT(LEFT(description,48),'...')) as description FROM `b_news` WHERE ( cid =9 and status = 1 ) ORDER BY recommend desc,id desc LIMIT 3   [ RunTime:0.0573s ]
SQL: SHOW COLUMNS FROM `b_jobs` [ RunTime:0.0600s ]
SQL: SELECT `id`,`title`,`link`,`company`,`end_date`,IF(person_limit=0,'不限',person_limit) as person_limit,`wage`,DATE(create_time) as create_time FROM `b_jobs` WHERE `status` = 1 ORDER BY sort,id desc LIMIT 5   [ RunTime:0.0542s ]
INFO: [ view_parse ] --START--
INFO: [ template_filter ] --START--
INFO: Run Behavior\ContentReplaceBehavior [ RunTime:0.000272s ]
INFO: [ template_filter ] --END-- [ RunTime:0.000315s ]
INFO: Run Behavior\ParseTemplateBehavior [ RunTime:0.015116s ]
INFO: [ view_parse ] --END-- [ RunTime:0.015172s ]
INFO: [ view_filter ] --START--
INFO: Run Behavior\WriteHtmlCacheBehavior [ RunTime:0.000534s ]
INFO: [ view_filter ] --END-- [ RunTime:0.000560s ]
INFO: [ app_end ] --START--
INFO: Run Behavior\ShowPageTraceBehavior [ RunTime:0.000620s ]
INFO: [ app_end ] --END-- [ RunTime:0.000660s ]

[ 2020-06-21T10:29:56+08:00 ] ::1 /macjob/
INFO: [ app_init ] --START--
INFO: Run Behavior\BuildLiteBehavior [ RunTime:0.000010s ]
INFO: [ app_init ] --END-- [ RunTime:0.000634s ]
INFO: [ app_begin ] --START--
INFO: Run Behavior\ReadHtmlCacheBehavior [ RunTime:0.000572s ]
INFO: [ app_begin ] --END-- [ RunTime:0.000609s ]
SQL: SHOW COLUMNS FROM `b_site_config` [ RunTime:0.0488s ]
SQL: SELECT * FROM `b_site_config` WHERE ( id=1 ) LIMIT 1   [ RunTime:0.3288s ]
SQL: SHOW COLUMNS FROM `b_news` [ RunTime:0.0576s ]
SQL: SELECT `id`,`cid`,`title`,`external_link`,IF(LENGTH(description) <= 48,`description`,CONCAT(LEFT(description,48),'...')) as description FROM `b_news` WHERE ( cid =8 and status = 1 ) ORDER BY recommend desc,id desc LIMIT 3   [ RunTime:0.0546s ]
SQL: SELECT `id`,`cid`,`title`,`external_link`,IF(LENGTH(description) <= 48,`description`,CONCAT(LEFT(description,48),'...')) as description FROM `b_news` WHERE ( cid =9 and status = 1 ) ORDER BY recommend desc,id desc LIMIT 3   [ RunTime:0.0555s ]
SQL: SHOW COLUMNS FROM `b_jobs` [ RunTime:0.0496s ]
SQL: SELECT `id`,`title`,`link`,`company`,`end_date`,IF(person_limit=0,'不限',person_limit) as person_limit,`wage`,DATE(create_time) as create_time FROM `b_jobs` WHERE `status` = 1 ORDER BY sort,id desc LIMIT 5   [ RunTime:0.0563s ]
INFO: [ view_parse ] --START--
INFO: [ template_filter ] --START--
INFO: Run Behavior\ContentReplaceBehavior [ RunTime:0.000277s ]
INFO: [ template_filter ] --END-- [ RunTime:0.000314s ]
INFO: Run Behavior\ParseTemplateBehavior [ RunTime:0.012585s ]
INFO: [ view_parse ] --END-- [ RunTime:0.012622s ]
INFO: [ view_filter ] --START--
INFO: Run Behavior\WriteHtmlCacheBehavior [ RunTime:0.000386s ]
INFO: [ view_filter ] --END-- [ RunTime:0.000410s ]
INFO: [ app_end ] --START--
INFO: Run Behavior\ShowPageTraceBehavior [ RunTime:0.000561s ]
INFO: [ app_end ] --END-- [ RunTime:0.000605s ]

[ 2020-06-21T10:30:44+08:00 ] ::1 /macjob/
INFO: [ app_init ] --START--
INFO: Run Behavior\BuildLiteBehavior [ RunTime:0.000009s ]
INFO: [ app_init ] --END-- [ RunTime:0.000507s ]
INFO: [ app_begin ] --START--
INFO: Run Behavior\ReadHtmlCacheBehavior [ RunTime:0.000577s ]
INFO: [ app_begin ] --END-- [ RunTime:0.000612s ]
SQL: SHOW COLUMNS FROM `b_site_config` [ RunTime:0.0505s ]
SQL: SELECT * FROM `b_site_config` WHERE ( id=1 ) LIMIT 1   [ RunTime:0.0541s ]
SQL: SHOW COLUMNS FROM `b_news` [ RunTime:0.0586s ]
SQL: SELECT `id`,`cid`,`title`,`external_link`,IF(LENGTH(description) <= 48,`description`,CONCAT(LEFT(description,48),'...')) as description FROM `b_news` WHERE ( cid =8 and status = 1 ) ORDER BY recommend desc,id desc LIMIT 3   [ RunTime:0.0496s ]
SQL: SELECT `id`,`cid`,`title`,`external_link`,IF(LENGTH(description) <= 48,`description`,CONCAT(LEFT(description,48),'...')) as description FROM `b_news` WHERE ( cid =9 and status = 1 ) ORDER BY recommend desc,id desc LIMIT 3   [ RunTime:0.0497s ]
SQL: SHOW COLUMNS FROM `b_jobs` [ RunTime:0.0495s ]
SQL: SELECT `id`,`title`,`link`,`company`,`end_date`,IF(person_limit=0,'不限',person_limit) as person_limit,`wage`,DATE(create_time) as create_time FROM `b_jobs` WHERE `status` = 1 ORDER BY sort,id desc LIMIT 5   [ RunTime:0.0504s ]
INFO: [ view_parse ] --START--
INFO: [ template_filter ] --START--
INFO: Run Behavior\ContentReplaceBehavior [ RunTime:0.000382s ]
INFO: [ template_filter ] --END-- [ RunTime:0.000416s ]
INFO: Run Behavior\ParseTemplateBehavior [ RunTime:0.013076s ]
INFO: [ view_parse ] --END-- [ RunTime:0.013122s ]
INFO: [ view_filter ] --START--
INFO: Run Behavior\WriteHtmlCacheBehavior [ RunTime:0.000449s ]
INFO: [ view_filter ] --END-- [ RunTime:0.000476s ]
INFO: [ app_end ] --START--
INFO: Run Behavior\ShowPageTraceBehavior [ RunTime:0.000575s ]
INFO: [ app_end ] --END-- [ RunTime:0.000605s ]

[ 2020-06-21T10:33:37+08:00 ] ::1 /macjob/
INFO: [ app_init ] --START--
INFO: Run Behavior\BuildLiteBehavior [ RunTime:0.000013s ]
INFO: [ app_init ] --END-- [ RunTime:0.000516s ]
INFO: [ app_begin ] --START--
INFO: Run Behavior\ReadHtmlCacheBehavior [ RunTime:0.000637s ]
INFO: [ app_begin ] --END-- [ RunTime:0.000676s ]
SQL: SHOW COLUMNS FROM `b_site_config` [ RunTime:0.0483s ]
SQL: SELECT * FROM `b_site_config` WHERE ( id=1 ) LIMIT 1   [ RunTime:0.0463s ]
SQL: SHOW COLUMNS FROM `b_news` [ RunTime:0.0502s ]
SQL: SELECT `id`,`cid`,`title`,`external_link`,IF(LENGTH(description) <= 48,`description`,CONCAT(LEFT(description,48),'...')) as description FROM `b_news` WHERE ( cid =8 and status = 1 ) ORDER BY recommend desc,id desc LIMIT 3   [ RunTime:0.0507s ]
SQL: SELECT `id`,`cid`,`title`,`external_link`,IF(LENGTH(description) <= 48,`description`,CONCAT(LEFT(description,48),'...')) as description FROM `b_news` WHERE ( cid =9 and status = 1 ) ORDER BY recommend desc,id desc LIMIT 3   [ RunTime:0.0455s ]
SQL: SHOW COLUMNS FROM `b_jobs` [ RunTime:0.0569s ]
SQL: SELECT `id`,`title`,`link`,`company`,`end_date`,IF(person_limit=0,'不限',person_limit) as person_limit,`wage`,DATE(create_time) as create_time FROM `b_jobs` WHERE `status` = 1 ORDER BY sort,id desc LIMIT 5   [ RunTime:0.0502s ]
INFO: [ view_parse ] --START--
INFO: [ template_filter ] --START--
INFO: Run Behavior\ContentReplaceBehavior [ RunTime:0.000280s ]
INFO: [ template_filter ] --END-- [ RunTime:0.000319s ]
INFO: Run Behavior\ParseTemplateBehavior [ RunTime:0.013056s ]
INFO: [ view_parse ] --END-- [ RunTime:0.013101s ]
INFO: [ view_filter ] --START--
INFO: Run Behavior\WriteHtmlCacheBehavior [ RunTime:0.000439s ]
INFO: [ view_filter ] --END-- [ RunTime:0.000465s ]
INFO: [ app_end ] --START--
INFO: Run Behavior\ShowPageTraceBehavior [ RunTime:0.000612s ]
INFO: [ app_end ] --END-- [ RunTime:0.000814s ]

[ 2020-06-21T10:33:37+08:00 ] ::1 /macjob/
INFO: [ app_init ] --START--
INFO: Run Behavior\BuildLiteBehavior [ RunTime:0.000009s ]
INFO: [ app_init ] --END-- [ RunTime:0.000493s ]
INFO: [ app_begin ] --START--
INFO: Run Behavior\ReadHtmlCacheBehavior [ RunTime:0.000596s ]
INFO: [ app_begin ] --END-- [ RunTime:0.000631s ]
SQL: SHOW COLUMNS FROM `b_site_config` [ RunTime:0.0458s ]
SQL: SELECT * FROM `b_site_config` WHERE ( id=1 ) LIMIT 1   [ RunTime:0.0516s ]
SQL: SHOW COLUMNS FROM `b_news` [ RunTime:0.0470s ]
SQL: SELECT `id`,`cid`,`title`,`external_link`,IF(LENGTH(description) <= 48,`description`,CONCAT(LEFT(description,48),'...')) as description FROM `b_news` WHERE ( cid =8 and status = 1 ) ORDER BY recommend desc,id desc LIMIT 3   [ RunTime:0.0465s ]
SQL: SELECT `id`,`cid`,`title`,`external_link`,IF(LENGTH(description) <= 48,`description`,CONCAT(LEFT(description,48),'...')) as description FROM `b_news` WHERE ( cid =9 and status = 1 ) ORDER BY recommend desc,id desc LIMIT 3   [ RunTime:0.0468s ]
SQL: SHOW COLUMNS FROM `b_jobs` [ RunTime:0.0499s ]
SQL: SELECT `id`,`title`,`link`,`company`,`end_date`,IF(person_limit=0,'不限',person_limit) as person_limit,`wage`,DATE(create_time) as create_time FROM `b_jobs` WHERE `status` = 1 ORDER BY sort,id desc LIMIT 5   [ RunTime:0.0576s ]
INFO: [ view_parse ] --START--
INFO: [ template_filter ] --START--
INFO: Run Behavior\ContentReplaceBehavior [ RunTime:0.000430s ]
INFO: [ template_filter ] --END-- [ RunTime:0.000473s ]
INFO: Run Behavior\ParseTemplateBehavior [ RunTime:0.013162s ]
INFO: [ view_parse ] --END-- [ RunTime:0.013205s ]
INFO: [ view_filter ] --START--
INFO: Run Behavior\WriteHtmlCacheBehavior [ RunTime:0.000375s ]
INFO: [ view_filter ] --END-- [ RunTime:0.000402s ]
INFO: [ app_end ] --START--
INFO: Run Behavior\ShowPageTraceBehavior [ RunTime:0.000518s ]
INFO: [ app_end ] --END-- [ RunTime:0.000549s ]

[ 2020-06-21T10:34:38+08:00 ] ::1 /macjob/
INFO: [ app_init ] --START--
INFO: Run Behavior\BuildLiteBehavior [ RunTime:0.000009s ]
INFO: [ app_init ] --END-- [ RunTime:0.000501s ]
INFO: [ app_begin ] --START--
INFO: Run Behavior\ReadHtmlCacheBehavior [ RunTime:0.000782s ]
INFO: [ app_begin ] --END-- [ RunTime:0.000855s ]
SQL: SHOW COLUMNS FROM `b_site_config` [ RunTime:0.0487s ]
SQL: SELECT * FROM `b_site_config` WHERE ( id=1 ) LIMIT 1   [ RunTime:0.0523s ]
SQL: SHOW COLUMNS FROM `b_news` [ RunTime:0.0489s ]
SQL: SELECT `id`,`cid`,`title`,`external_link`,IF(LENGTH(description) <= 48,`description`,CONCAT(LEFT(description,48),'...')) as description FROM `b_news` WHERE ( cid =8 and status = 1 ) ORDER BY recommend desc,id desc LIMIT 3   [ RunTime:0.0627s ]
SQL: SELECT `id`,`cid`,`title`,`external_link`,IF(LENGTH(description) <= 48,`description`,CONCAT(LEFT(description,48),'...')) as description FROM `b_news` WHERE ( cid =9 and status = 1 ) ORDER BY recommend desc,id desc LIMIT 3   [ RunTime:0.0457s ]
SQL: SHOW COLUMNS FROM `b_jobs` [ RunTime:0.0482s ]
SQL: SELECT `id`,`title`,`link`,`company`,`end_date`,IF(person_limit=0,'不限',person_limit) as person_limit,`wage`,DATE(create_time) as create_time FROM `b_jobs` WHERE `status` = 1 ORDER BY sort,id desc LIMIT 5   [ RunTime:0.0675s ]
INFO: [ view_parse ] --START--
INFO: [ template_filter ] --START--
INFO: Run Behavior\ContentReplaceBehavior [ RunTime:0.000446s ]
INFO: [ template_filter ] --END-- [ RunTime:0.000480s ]
INFO: Run Behavior\ParseTemplateBehavior [ RunTime:0.012316s ]
INFO: [ view_parse ] --END-- [ RunTime:0.012366s ]
INFO: [ view_filter ] --START--
INFO: Run Behavior\WriteHtmlCacheBehavior [ RunTime:0.000661s ]
INFO: [ view_filter ] --END-- [ RunTime:0.000690s ]
INFO: [ app_end ] --START--
INFO: Run Behavior\ShowPageTraceBehavior [ RunTime:0.001000s ]
INFO: [ app_end ] --END-- [ RunTime:0.001048s ]

[ 2020-06-21T10:34:39+08:00 ] ::1 /macjob/
INFO: [ app_init ] --START--
INFO: Run Behavior\BuildLiteBehavior [ RunTime:0.000009s ]
INFO: [ app_init ] --END-- [ RunTime:0.000533s ]
INFO: [ app_begin ] --START--
INFO: Run Behavior\ReadHtmlCacheBehavior [ RunTime:0.000633s ]
INFO: [ app_begin ] --END-- [ RunTime:0.000749s ]
SQL: SHOW COLUMNS FROM `b_site_config` [ RunTime:0.0511s ]
SQL: SELECT * FROM `b_site_config` WHERE ( id=1 ) LIMIT 1   [ RunTime:0.0660s ]
SQL: SHOW COLUMNS FROM `b_news` [ RunTime:0.0530s ]
SQL: SELECT `id`,`cid`,`title`,`external_link`,IF(LENGTH(description) <= 48,`description`,CONCAT(LEFT(description,48),'...')) as description FROM `b_news` WHERE ( cid =8 and status = 1 ) ORDER BY recommend desc,id desc LIMIT 3   [ RunTime:0.0530s ]
SQL: SELECT `id`,`cid`,`title`,`external_link`,IF(LENGTH(description) <= 48,`description`,CONCAT(LEFT(description,48),'...')) as description FROM `b_news` WHERE ( cid =9 and status = 1 ) ORDER BY recommend desc,id desc LIMIT 3   [ RunTime:0.3181s ]
SQL: SHOW COLUMNS FROM `b_jobs` [ RunTime:0.0706s ]
SQL: SELECT `id`,`title`,`link`,`company`,`end_date`,IF(person_limit=0,'不限',person_limit) as person_limit,`wage`,DATE(create_time) as create_time FROM `b_jobs` WHERE `status` = 1 ORDER BY sort,id desc LIMIT 5   [ RunTime:0.0562s ]
INFO: [ view_parse ] --START--
INFO: [ template_filter ] --START--
INFO: Run Behavior\ContentReplaceBehavior [ RunTime:0.000354s ]
INFO: [ template_filter ] --END-- [ RunTime:0.000397s ]
INFO: Run Behavior\ParseTemplateBehavior [ RunTime:0.013316s ]
INFO: [ view_parse ] --END-- [ RunTime:0.013375s ]
INFO: [ view_filter ] --START--
INFO: Run Behavior\WriteHtmlCacheBehavior [ RunTime:0.000578s ]
INFO: [ view_filter ] --END-- [ RunTime:0.000624s ]
INFO: [ app_end ] --START--
INFO: Run Behavior\ShowPageTraceBehavior [ RunTime:0.000692s ]
INFO: [ app_end ] --END-- [ RunTime:0.000758s ]

[ 2020-06-21T10:35:55+08:00 ] ::1 /macjob/
INFO: [ app_init ] --START--
INFO: Run Behavior\BuildLiteBehavior [ RunTime:0.000009s ]
INFO: [ app_init ] --END-- [ RunTime:0.000432s ]
INFO: [ app_begin ] --START--
INFO: Run Behavior\ReadHtmlCacheBehavior [ RunTime:0.000615s ]
INFO: [ app_begin ] --END-- [ RunTime:0.000650s ]
SQL: SHOW COLUMNS FROM `b_site_config` [ RunTime:0.0562s ]
SQL: SELECT * FROM `b_site_config` WHERE ( id=1 ) LIMIT 1   [ RunTime:0.0643s ]
SQL: SHOW COLUMNS FROM `b_news` [ RunTime:0.0537s ]
SQL: SELECT `id`,`cid`,`title`,`external_link`,IF(LENGTH(description) <= 48,`description`,CONCAT(LEFT(description,48),'...')) as description FROM `b_news` WHERE ( cid =8 and status = 1 ) ORDER BY recommend desc,id desc LIMIT 3   [ RunTime:0.0517s ]
SQL: SELECT `id`,`cid`,`title`,`external_link`,IF(LENGTH(description) <= 48,`description`,CONCAT(LEFT(description,48),'...')) as description FROM `b_news` WHERE ( cid =9 and status = 1 ) ORDER BY recommend desc,id desc LIMIT 3   [ RunTime:0.0504s ]
SQL: SHOW COLUMNS FROM `b_jobs` [ RunTime:0.0508s ]
SQL: SELECT `id`,`title`,`link`,`company`,`end_date`,IF(person_limit=0,'不限',person_limit) as person_limit,`wage`,DATE(create_time) as create_time FROM `b_jobs` WHERE `status` = 1 ORDER BY sort,id desc LIMIT 5   [ RunTime:0.0506s ]
INFO: [ view_parse ] --START--
INFO: [ template_filter ] --START--
INFO: Run Behavior\ContentReplaceBehavior [ RunTime:0.000411s ]
INFO: [ template_filter ] --END-- [ RunTime:0.000451s ]
INFO: Run Behavior\ParseTemplateBehavior [ RunTime:0.012435s ]
INFO: [ view_parse ] --END-- [ RunTime:0.012476s ]
INFO: [ view_filter ] --START--
INFO: Run Behavior\WriteHtmlCacheBehavior [ RunTime:0.000425s ]
INFO: [ view_filter ] --END-- [ RunTime:0.000452s ]
INFO: [ app_end ] --START--
INFO: Run Behavior\ShowPageTraceBehavior [ RunTime:0.000838s ]
INFO: [ app_end ] --END-- [ RunTime:0.000895s ]

[ 2020-06-21T10:35:55+08:00 ] ::1 /macjob/
INFO: [ app_init ] --START--
INFO: Run Behavior\BuildLiteBehavior [ RunTime:0.000008s ]
INFO: [ app_init ] --END-- [ RunTime:0.000407s ]
INFO: [ app_begin ] --START--
INFO: Run Behavior\ReadHtmlCacheBehavior [ RunTime:0.000563s ]
INFO: [ app_begin ] --END-- [ RunTime:0.000599s ]
SQL: SHOW COLUMNS FROM `b_site_config` [ RunTime:0.0543s ]
SQL: SELECT * FROM `b_site_config` WHERE ( id=1 ) LIMIT 1   [ RunTime:0.0537s ]
SQL: SHOW COLUMNS FROM `b_news` [ RunTime:0.0481s ]
SQL: SELECT `id`,`cid`,`title`,`external_link`,IF(LENGTH(description) <= 48,`description`,CONCAT(LEFT(description,48),'...')) as description FROM `b_news` WHERE ( cid =8 and status = 1 ) ORDER BY recommend desc,id desc LIMIT 3   [ RunTime:0.0484s ]
SQL: SELECT `id`,`cid`,`title`,`external_link`,IF(LENGTH(description) <= 48,`description`,CONCAT(LEFT(description,48),'...')) as description FROM `b_news` WHERE ( cid =9 and status = 1 ) ORDER BY recommend desc,id desc LIMIT 3   [ RunTime:0.0479s ]
SQL: SHOW COLUMNS FROM `b_jobs` [ RunTime:0.0613s ]
SQL: SELECT `id`,`title`,`link`,`company`,`end_date`,IF(person_limit=0,'不限',person_limit) as person_limit,`wage`,DATE(create_time) as create_time FROM `b_jobs` WHERE `status` = 1 ORDER BY sort,id desc LIMIT 5   [ RunTime:0.0633s ]
INFO: [ view_parse ] --START--
INFO: [ template_filter ] --START--
INFO: Run Behavior\ContentReplaceBehavior [ RunTime:0.000400s ]
INFO: [ template_filter ] --END-- [ RunTime:0.000439s ]
INFO: Run Behavior\ParseTemplateBehavior [ RunTime:0.013976s ]
INFO: [ view_parse ] --END-- [ RunTime:0.014031s ]
INFO: [ view_filter ] --START--
INFO: Run Behavior\WriteHtmlCacheBehavior [ RunTime:0.000777s ]
INFO: [ view_filter ] --END-- [ RunTime:0.000808s ]
INFO: [ app_end ] --START--
INFO: Run Behavior\ShowPageTraceBehavior [ RunTime:0.000927s ]
INFO: [ app_end ] --END-- [ RunTime:0.000999s ]

[ 2020-06-21T14:05:15+08:00 ] ::1 /macjob/
INFO: [ app_init ] --START--
INFO: Run Behavior\BuildLiteBehavior [ RunTime:0.000008s ]
INFO: [ app_init ] --END-- [ RunTime:0.000480s ]
INFO: [ app_begin ] --START--
INFO: Run Behavior\ReadHtmlCacheBehavior [ RunTime:0.001201s ]
INFO: [ app_begin ] --END-- [ RunTime:0.001304s ]
SQL: SHOW COLUMNS FROM `b_site_config` [ RunTime:0.0508s ]
SQL: SELECT * FROM `b_site_config` WHERE ( id=1 ) LIMIT 1   [ RunTime:0.0496s ]
SQL: SHOW COLUMNS FROM `b_news` [ RunTime:0.0498s ]
SQL: SELECT `id`,`cid`,`title`,`external_link`,IF(LENGTH(description) <= 48,`description`,CONCAT(LEFT(description,48),'...')) as description FROM `b_news` WHERE ( cid =8 and status = 1 ) ORDER BY recommend desc,id desc LIMIT 3   [ RunTime:0.0491s ]
SQL: SELECT `id`,`cid`,`title`,`external_link`,IF(LENGTH(description) <= 48,`description`,CONCAT(LEFT(description,48),'...')) as description FROM `b_news` WHERE ( cid =9 and status = 1 ) ORDER BY recommend desc,id desc LIMIT 3   [ RunTime:0.0527s ]
SQL: SHOW COLUMNS FROM `b_jobs` [ RunTime:0.0488s ]
SQL: SELECT `id`,`title`,`link`,`company`,`end_date`,IF(person_limit=0,'不限',person_limit) as person_limit,`wage`,DATE(create_time) as create_time FROM `b_jobs` WHERE `status` = 1 ORDER BY sort,id desc LIMIT 5   [ RunTime:0.0489s ]
INFO: [ view_parse ] --START--
INFO: [ template_filter ] --START--
INFO: Run Behavior\ContentReplaceBehavior [ RunTime:0.000443s ]
INFO: [ template_filter ] --END-- [ RunTime:0.000486s ]
INFO: Run Behavior\ParseTemplateBehavior [ RunTime:0.012900s ]
INFO: [ view_parse ] --END-- [ RunTime:0.012943s ]
INFO: [ view_filter ] --START--
INFO: Run Behavior\WriteHtmlCacheBehavior [ RunTime:0.000486s ]
INFO: [ view_filter ] --END-- [ RunTime:0.000512s ]
INFO: [ app_end ] --START--
INFO: Run Behavior\ShowPageTraceBehavior [ RunTime:0.001099s ]
INFO: [ app_end ] --END-- [ RunTime:0.001153s ]

