[ 2021-02-21T10:55:21+08:00 ] 127.0.0.1 /xiaoshigong/backend/index.php/Main/login
INFO: [ app_init ] --START--
INFO: Run Behavior\BuildLiteBehavior [ RunTime:0.000009s ]
INFO: [ app_init ] --END-- [ RunTime:0.000601s ]
INFO: [ app_begin ] --START--
INFO: Run Behavior\ReadHtmlCacheBehavior [ RunTime:0.000998s ]
INFO: [ app_begin ] --END-- [ RunTime:0.001036s ]
SQL: SHOW COLUMNS FROM `xsg_admin_user` [ RunTime:0.0558s ]
SQL: SELECT * FROM `xsg_admin_user` WHERE `username` = 'sxgadmin' LIMIT 1   [ RunTime:0.0518s ]

[ 2021-02-21T10:56:02+08:00 ] 127.0.0.1 /xiaoshigong/backend/index.php/Main/login
INFO: [ app_init ] --START--
INFO: Run Behavior\BuildLiteBehavior [ RunTime:0.000013s ]
INFO: [ app_init ] --END-- [ RunTime:0.000868s ]
INFO: [ app_begin ] --START--
INFO: Run Behavior\ReadHtmlCacheBehavior [ RunTime:0.001021s ]
INFO: [ app_begin ] --END-- [ RunTime:0.001069s ]
SQL: SHOW COLUMNS FROM `xsg_admin_user` [ RunTime:0.0552s ]
SQL: SELECT * FROM `xsg_admin_user` WHERE `username` = 'xsgadmin' LIMIT 1   [ RunTime:0.0522s ]
SQL: SELECT `id`,`username`,`nickname`,`status` FROM `xsg_admin_user` WHERE `username` = 'xsgadmin' AND `password` = 'da9927a3153c7d8b4a43bcdde4894dea' LIMIT 1   [ RunTime:0.0518s ]
SQL: SHOW COLUMNS FROM `xsg_admin_session` [ RunTime:0.0580s ]
NOTIC: [8] Undefined variable: uid D:\work\xiaoshigong\backend\Home\Controller\MainController.class.php 第 113 行.
SQL: SELECT * FROM `xsg_admin_session` WHERE `uid` = 1 LIMIT 1   [ RunTime:0.0671s ]
SQL: UPDATE `xsg_admin_session` SET `token`='224345f2656541b01b40076088b9e80e',`expires_time`='1613879762' WHERE `uid` = 1 [ RunTime:0.0676s ]

[ 2021-02-21T11:05:08+08:00 ] 127.0.0.1 /xiaoshigong/backend/index.php/User/ulist?p=1&k=&w=
INFO: [ app_init ] --START--
INFO: Run Behavior\BuildLiteBehavior [ RunTime:0.000012s ]
INFO: [ app_init ] --END-- [ RunTime:0.001777s ]
INFO: [ app_begin ] --START--
INFO: Run Behavior\ReadHtmlCacheBehavior [ RunTime:0.000895s ]
INFO: [ app_begin ] --END-- [ RunTime:0.000939s ]

[ 2021-02-21T11:05:08+08:00 ] 127.0.0.1 /xiaoshigong/backend/index.php/User/groups
INFO: [ app_init ] --START--
INFO: Run Behavior\BuildLiteBehavior [ RunTime:0.000009s ]
INFO: [ app_init ] --END-- [ RunTime:0.000457s ]
INFO: [ app_begin ] --START--
INFO: Run Behavior\ReadHtmlCacheBehavior [ RunTime:0.001167s ]
INFO: [ app_begin ] --END-- [ RunTime:0.001218s ]

[ 2021-02-21T11:13:08+08:00 ] 127.0.0.1 /xiaoshigong/backend/index.php/User/ulist?p=1&k=&w=
INFO: [ app_init ] --START--
INFO: Run Behavior\BuildLiteBehavior [ RunTime:0.000022s ]
INFO: [ app_init ] --END-- [ RunTime:0.000581s ]
INFO: [ app_begin ] --START--
INFO: Run Behavior\ReadHtmlCacheBehavior [ RunTime:0.000840s ]
INFO: [ app_begin ] --END-- [ RunTime:0.000880s ]
SQL: SHOW COLUMNS FROM `xsg_admin_session` [ RunTime:0.0705s ]
SQL: SELECT `expires_time` FROM `xsg_admin_session` WHERE `token` = '224345f2656541b01b40076088b9e80e' LIMIT 1   [ RunTime:0.0941s ]
SQL: UPDATE `xsg_admin_session` SET `expires_time`='1613880788' WHERE `token` = '224345f2656541b01b40076088b9e80e' [ RunTime:0.0616s ]
SQL: SELECT `uid` FROM `xsg_admin_session` WHERE `token` = '224345f2656541b01b40076088b9e80e' LIMIT 1   [ RunTime:0.0564s ]
SQL: SHOW COLUMNS FROM `xsg_admin_user` [ RunTime:0.0588s ]
SQL: SELECT `id`,`username`,`nickname` FROM `xsg_admin_user` WHERE `id` = 1 LIMIT 1   [ RunTime:0.0544s ]
ERR: SQLSTATE[42S02]: Base table or view not found: 1146 Table 'xiaoshigong.xsg_admin' doesn't exist

[ 2021-02-21T11:13:08+08:00 ] 127.0.0.1 /xiaoshigong/backend/index.php/User/groups
INFO: [ app_init ] --START--
INFO: Run Behavior\BuildLiteBehavior [ RunTime:0.000010s ]
INFO: [ app_init ] --END-- [ RunTime:0.000629s ]
INFO: [ app_begin ] --START--
INFO: Run Behavior\ReadHtmlCacheBehavior [ RunTime:0.001461s ]
INFO: [ app_begin ] --END-- [ RunTime:0.001541s ]
SQL: SHOW COLUMNS FROM `xsg_admin_session` [ RunTime:0.0704s ]
SQL: SELECT `expires_time` FROM `xsg_admin_session` WHERE `token` = '224345f2656541b01b40076088b9e80e' LIMIT 1   [ RunTime:0.0477s ]
SQL: UPDATE `xsg_admin_session` SET `expires_time`='1613880788' WHERE `token` = '224345f2656541b01b40076088b9e80e' [ RunTime:0.0546s ]
SQL: SELECT `uid` FROM `xsg_admin_session` WHERE `token` = '224345f2656541b01b40076088b9e80e' LIMIT 1   [ RunTime:0.0513s ]
SQL: SHOW COLUMNS FROM `xsg_admin_user` [ RunTime:0.0495s ]
SQL: SELECT `id`,`username`,`nickname` FROM `xsg_admin_user` WHERE `id` = 1 LIMIT 1   [ RunTime:0.0492s ]
ERR: SQLSTATE[42S02]: Base table or view not found: 1146 Table 'xiaoshigong.xsg_admin_groups' doesn't exist

[ 2021-02-21T11:33:58+08:00 ] 127.0.0.1 /xiaoshigong/backend/index.php/User/ulist?p=1&k=&w=
INFO: [ app_init ] --START--
INFO: Run Behavior\BuildLiteBehavior [ RunTime:0.000010s ]
INFO: [ app_init ] --END-- [ RunTime:0.000599s ]
INFO: [ app_begin ] --START--
INFO: Run Behavior\ReadHtmlCacheBehavior [ RunTime:0.000938s ]
INFO: [ app_begin ] --END-- [ RunTime:0.000994s ]
SQL: SHOW COLUMNS FROM `xsg_admin_session` [ RunTime:0.2016s ]
SQL: SELECT `expires_time` FROM `xsg_admin_session` WHERE `token` = '224345f2656541b01b40076088b9e80e' LIMIT 1   [ RunTime:0.1429s ]
SQL: UPDATE `xsg_admin_session` SET `expires_time`='1613882038' WHERE `token` = '224345f2656541b01b40076088b9e80e' [ RunTime:0.2752s ]
SQL: SELECT `uid` FROM `xsg_admin_session` WHERE `token` = '224345f2656541b01b40076088b9e80e' LIMIT 1   [ RunTime:0.1811s ]
SQL: SHOW COLUMNS FROM `xsg_admin_user` [ RunTime:0.0968s ]
SQL: SELECT `id`,`username`,`nickname` FROM `xsg_admin_user` WHERE `id` = 1 LIMIT 1   [ RunTime:0.0736s ]
ERR: SQLSTATE[42S02]: Base table or view not found: 1146 Table 'xiaoshigong.xsg_admin_groups' doesn't exist

[ 2021-02-21T11:33:59+08:00 ] 127.0.0.1 /xiaoshigong/backend/index.php/User/groups
INFO: [ app_init ] --START--
INFO: Run Behavior\BuildLiteBehavior [ RunTime:0.000012s ]
INFO: [ app_init ] --END-- [ RunTime:0.001198s ]
INFO: [ app_begin ] --START--
INFO: Run Behavior\ReadHtmlCacheBehavior [ RunTime:0.001879s ]
INFO: [ app_begin ] --END-- [ RunTime:0.001945s ]
SQL: SHOW COLUMNS FROM `xsg_admin_session` [ RunTime:0.0520s ]
SQL: SELECT `expires_time` FROM `xsg_admin_session` WHERE `token` = '224345f2656541b01b40076088b9e80e' LIMIT 1   [ RunTime:0.0663s ]
SQL: UPDATE `xsg_admin_session` SET `expires_time`='1613882039' WHERE `token` = '224345f2656541b01b40076088b9e80e' [ RunTime:0.0789s ]
SQL: SELECT `uid` FROM `xsg_admin_session` WHERE `token` = '224345f2656541b01b40076088b9e80e' LIMIT 1   [ RunTime:0.0716s ]
SQL: SHOW COLUMNS FROM `xsg_admin_user` [ RunTime:0.0633s ]
SQL: SELECT `id`,`username`,`nickname` FROM `xsg_admin_user` WHERE `id` = 1 LIMIT 1   [ RunTime:0.0527s ]
ERR: SQLSTATE[42S02]: Base table or view not found: 1146 Table 'xiaoshigong.xsg_admin_groups' doesn't exist

[ 2021-02-21T11:34:17+08:00 ] 127.0.0.1 /xiaoshigong/backend/index.php/User/groups
INFO: [ app_init ] --START--
INFO: Run Behavior\BuildLiteBehavior [ RunTime:0.000009s ]
INFO: [ app_init ] --END-- [ RunTime:0.000585s ]
INFO: [ app_begin ] --START--
INFO: Run Behavior\ReadHtmlCacheBehavior [ RunTime:0.000956s ]
INFO: [ app_begin ] --END-- [ RunTime:0.000994s ]
SQL: SHOW COLUMNS FROM `xsg_admin_session` [ RunTime:0.0619s ]
SQL: SELECT `expires_time` FROM `xsg_admin_session` WHERE `token` = '224345f2656541b01b40076088b9e80e' LIMIT 1   [ RunTime:0.0506s ]
SQL: UPDATE `xsg_admin_session` SET `expires_time`='1613882057' WHERE `token` = '224345f2656541b01b40076088b9e80e' [ RunTime:0.0549s ]
SQL: SELECT `uid` FROM `xsg_admin_session` WHERE `token` = '224345f2656541b01b40076088b9e80e' LIMIT 1   [ RunTime:0.0492s ]
SQL: SHOW COLUMNS FROM `xsg_admin_user` [ RunTime:0.0818s ]
SQL: SELECT `id`,`username`,`nickname` FROM `xsg_admin_user` WHERE `id` = 1 LIMIT 1   [ RunTime:0.0488s ]
ERR: SQLSTATE[42S02]: Base table or view not found: 1146 Table 'xiaoshigong.xsg_admin_groups' doesn't exist

[ 2021-02-21T11:34:21+08:00 ] 127.0.0.1 /xiaoshigong/backend/index.php/User/ulist?p=1&k=&w=
INFO: [ app_init ] --START--
INFO: Run Behavior\BuildLiteBehavior [ RunTime:0.000030s ]
INFO: [ app_init ] --END-- [ RunTime:0.001645s ]
INFO: [ app_begin ] --START--
INFO: Run Behavior\ReadHtmlCacheBehavior [ RunTime:0.001055s ]
INFO: [ app_begin ] --END-- [ RunTime:0.001097s ]
SQL: SHOW COLUMNS FROM `xsg_admin_session` [ RunTime:0.0505s ]
SQL: SELECT `expires_time` FROM `xsg_admin_session` WHERE `token` = '224345f2656541b01b40076088b9e80e' LIMIT 1   [ RunTime:0.0513s ]
SQL: UPDATE `xsg_admin_session` SET `expires_time`='1613882061' WHERE `token` = '224345f2656541b01b40076088b9e80e' [ RunTime:0.0504s ]
SQL: SELECT `uid` FROM `xsg_admin_session` WHERE `token` = '224345f2656541b01b40076088b9e80e' LIMIT 1   [ RunTime:0.0489s ]
SQL: SHOW COLUMNS FROM `xsg_admin_user` [ RunTime:0.0517s ]
SQL: SELECT `id`,`username`,`nickname` FROM `xsg_admin_user` WHERE `id` = 1 LIMIT 1   [ RunTime:0.0497s ]
ERR: SQLSTATE[42S02]: Base table or view not found: 1146 Table 'xiaoshigong.xsg_admin_groups' doesn't exist

[ 2021-02-21T11:46:49+08:00 ] 127.0.0.1 /xiaoshigong/backend/index.php/User/groups
INFO: [ app_init ] --START--
INFO: Run Behavior\BuildLiteBehavior [ RunTime:0.000012s ]
INFO: [ app_init ] --END-- [ RunTime:0.000540s ]
INFO: [ app_begin ] --START--
INFO: Run Behavior\ReadHtmlCacheBehavior [ RunTime:0.001202s ]
INFO: [ app_begin ] --END-- [ RunTime:0.001243s ]
SQL: SHOW COLUMNS FROM `xsg_admin_session` [ RunTime:0.0514s ]
SQL: SELECT `expires_time` FROM `xsg_admin_session` WHERE `token` = '224345f2656541b01b40076088b9e80e' LIMIT 1   [ RunTime:0.0471s ]
SQL: UPDATE `xsg_admin_session` SET `expires_time`='1613882809' WHERE `token` = '224345f2656541b01b40076088b9e80e' [ RunTime:0.0571s ]
SQL: SELECT `uid` FROM `xsg_admin_session` WHERE `token` = '224345f2656541b01b40076088b9e80e' LIMIT 1   [ RunTime:0.0483s ]
SQL: SHOW COLUMNS FROM `xsg_admin_user` [ RunTime:0.0496s ]
SQL: SELECT `id`,`username`,`nickname` FROM `xsg_admin_user` WHERE `id` = 1 LIMIT 1   [ RunTime:0.0475s ]
ERR: SQLSTATE[42S02]: Base table or view not found: 1146 Table 'xiaoshigong.xsg_admin_groups' doesn't exist

[ 2021-02-21T11:46:50+08:00 ] 127.0.0.1 /xiaoshigong/backend/index.php/User/ulist?p=1&k=&w=
INFO: [ app_init ] --START--
INFO: Run Behavior\BuildLiteBehavior [ RunTime:0.000011s ]
INFO: [ app_init ] --END-- [ RunTime:0.000605s ]
INFO: [ app_begin ] --START--
INFO: Run Behavior\ReadHtmlCacheBehavior [ RunTime:0.001209s ]
INFO: [ app_begin ] --END-- [ RunTime:0.001251s ]
SQL: SHOW COLUMNS FROM `xsg_admin_session` [ RunTime:0.0485s ]
SQL: SELECT `expires_time` FROM `xsg_admin_session` WHERE `token` = '224345f2656541b01b40076088b9e80e' LIMIT 1   [ RunTime:0.0532s ]
SQL: UPDATE `xsg_admin_session` SET `expires_time`='1613882810' WHERE `token` = '224345f2656541b01b40076088b9e80e' [ RunTime:0.0499s ]
SQL: SELECT `uid` FROM `xsg_admin_session` WHERE `token` = '224345f2656541b01b40076088b9e80e' LIMIT 1   [ RunTime:0.0476s ]
SQL: SHOW COLUMNS FROM `xsg_admin_user` [ RunTime:0.0494s ]
SQL: SELECT `id`,`username`,`nickname` FROM `xsg_admin_user` WHERE `id` = 1 LIMIT 1   [ RunTime:0.0495s ]
ERR: SQLSTATE[42S02]: Base table or view not found: 1146 Table 'xiaoshigong.__ADMIN_ROLE__' doesn't exist

[ 2021-02-21T11:47:18+08:00 ] 127.0.0.1 /xiaoshigong/backend/index.php/User/ulist?p=1&k=&w=
INFO: [ app_init ] --START--
INFO: Run Behavior\BuildLiteBehavior [ RunTime:0.000010s ]
INFO: [ app_init ] --END-- [ RunTime:0.000563s ]
INFO: [ app_begin ] --START--
INFO: Run Behavior\ReadHtmlCacheBehavior [ RunTime:0.000919s ]
INFO: [ app_begin ] --END-- [ RunTime:0.000958s ]
SQL: SHOW COLUMNS FROM `xsg_admin_session` [ RunTime:0.0608s ]
SQL: SELECT `expires_time` FROM `xsg_admin_session` WHERE `token` = '224345f2656541b01b40076088b9e80e' LIMIT 1   [ RunTime:0.0540s ]
SQL: UPDATE `xsg_admin_session` SET `expires_time`='1613882838' WHERE `token` = '224345f2656541b01b40076088b9e80e' [ RunTime:0.0555s ]
SQL: SELECT `uid` FROM `xsg_admin_session` WHERE `token` = '224345f2656541b01b40076088b9e80e' LIMIT 1   [ RunTime:0.0527s ]
SQL: SHOW COLUMNS FROM `xsg_admin_user` [ RunTime:0.0536s ]
SQL: SELECT `id`,`username`,`nickname` FROM `xsg_admin_user` WHERE `id` = 1 LIMIT 1   [ RunTime:0.0521s ]
SQL: SELECT *,(select name from xsg_admin_role where id in (U.role_id)) as role FROM xsg_admin_user U LIMIT 0,15   [ RunTime:0.0511s ]
SQL: SELECT COUNT(*) AS tp_count FROM xsg_admin_user U LIMIT 1   [ RunTime:0.0540s ]
NOTIC: [8] Undefined variable: intval D:\work\xiaoshigong\backend\Home\Controller\UserController.class.php 第 39 行.

[ 2021-02-21T11:47:50+08:00 ] 127.0.0.1 /xiaoshigong/backend/index.php/User/ulist?p=1&k=&w=
INFO: [ app_init ] --START--
INFO: Run Behavior\BuildLiteBehavior [ RunTime:0.000011s ]
INFO: [ app_init ] --END-- [ RunTime:0.000547s ]
INFO: [ app_begin ] --START--
INFO: Run Behavior\ReadHtmlCacheBehavior [ RunTime:0.000860s ]
INFO: [ app_begin ] --END-- [ RunTime:0.000905s ]
SQL: SHOW COLUMNS FROM `xsg_admin_session` [ RunTime:0.0527s ]
SQL: SELECT `expires_time` FROM `xsg_admin_session` WHERE `token` = '224345f2656541b01b40076088b9e80e' LIMIT 1   [ RunTime:0.0516s ]
SQL: UPDATE `xsg_admin_session` SET `expires_time`='1613882870' WHERE `token` = '224345f2656541b01b40076088b9e80e' [ RunTime:0.0555s ]
SQL: SELECT `uid` FROM `xsg_admin_session` WHERE `token` = '224345f2656541b01b40076088b9e80e' LIMIT 1   [ RunTime:0.0547s ]
SQL: SHOW COLUMNS FROM `xsg_admin_user` [ RunTime:0.0673s ]
SQL: SELECT `id`,`username`,`nickname` FROM `xsg_admin_user` WHERE `id` = 1 LIMIT 1   [ RunTime:0.0555s ]

[ 2021-02-21T21:55:20+08:00 ] 127.0.0.1 /xiaoshigong/backend/index.php/User/ulist?p=1&k=&w=
INFO: [ app_init ] --START--
INFO: Run Behavior\BuildLiteBehavior [ RunTime:0.000013s ]
INFO: [ app_init ] --END-- [ RunTime:0.000766s ]
INFO: [ app_begin ] --START--
INFO: Run Behavior\ReadHtmlCacheBehavior [ RunTime:0.001063s ]
INFO: [ app_begin ] --END-- [ RunTime:0.001117s ]
SQL: SHOW COLUMNS FROM `xsg_admin_session` [ RunTime:0.0579s ]
SQL: SELECT `expires_time` FROM `xsg_admin_session` WHERE `token` = '224345f2656541b01b40076088b9e80e' LIMIT 1   [ RunTime:0.0556s ]

[ 2021-02-21T21:55:20+08:00 ] 127.0.0.1 /xiaoshigong/backend/index.php/User/groups
INFO: [ app_init ] --START--
INFO: Run Behavior\BuildLiteBehavior [ RunTime:0.000015s ]
INFO: [ app_init ] --END-- [ RunTime:0.001143s ]
INFO: [ app_begin ] --START--
INFO: Run Behavior\ReadHtmlCacheBehavior [ RunTime:0.000796s ]
INFO: [ app_begin ] --END-- [ RunTime:0.000837s ]
SQL: SHOW COLUMNS FROM `xsg_admin_session` [ RunTime:0.0833s ]
SQL: SELECT `expires_time` FROM `xsg_admin_session` WHERE `token` = '224345f2656541b01b40076088b9e80e' LIMIT 1   [ RunTime:0.0600s ]

[ 2021-02-21T21:55:35+08:00 ] 127.0.0.1 /xiaoshigong/backend/index.php/Main/login
INFO: [ app_init ] --START--
INFO: Run Behavior\BuildLiteBehavior [ RunTime:0.000007s ]
INFO: [ app_init ] --END-- [ RunTime:0.000491s ]
INFO: [ app_begin ] --START--
INFO: Run Behavior\ReadHtmlCacheBehavior [ RunTime:0.000784s ]
INFO: [ app_begin ] --END-- [ RunTime:0.000821s ]
SQL: SHOW COLUMNS FROM `xsg_admin_user` [ RunTime:0.0512s ]
SQL: SELECT * FROM `xsg_admin_user` WHERE `username` = 'xsgadmin' LIMIT 1   [ RunTime:0.0512s ]
SQL: SELECT `id`,`username`,`nickname`,`status` FROM `xsg_admin_user` WHERE `username` = 'xsgadmin' AND `password` = 'da9927a3153c7d8b4a43bcdde4894dea' LIMIT 1   [ RunTime:0.0581s ]
SQL: SHOW COLUMNS FROM `xsg_admin_session` [ RunTime:0.0520s ]
NOTIC: [8] Undefined variable: uid D:\work\xiaoshigong\backend\Home\Controller\MainController.class.php 第 113 行.
SQL: SELECT * FROM `xsg_admin_session` WHERE `uid` = 1 LIMIT 1   [ RunTime:0.0511s ]
SQL: UPDATE `xsg_admin_session` SET `token`='fc4ea225f7d9ad70cf1c3a9ce5a50661',`expires_time`='1613919335' WHERE `uid` = 1 [ RunTime:0.0698s ]

[ 2021-02-21T22:56:23+08:00 ] 127.0.0.1 /xiaoshigong/backend/index.php/User/ulist?p=1&k=&w=
INFO: [ app_init ] --START--
INFO: Run Behavior\BuildLiteBehavior [ RunTime:0.000011s ]
INFO: [ app_init ] --END-- [ RunTime:0.000589s ]
INFO: [ app_begin ] --START--
INFO: Run Behavior\ReadHtmlCacheBehavior [ RunTime:0.001373s ]
INFO: [ app_begin ] --END-- [ RunTime:0.001439s ]
SQL: SHOW COLUMNS FROM `xsg_admin_session` [ RunTime:0.0579s ]
SQL: SELECT `expires_time` FROM `xsg_admin_session` WHERE `token` = 'fc4ea225f7d9ad70cf1c3a9ce5a50661' LIMIT 1   [ RunTime:0.0723s ]

[ 2021-02-21T22:56:23+08:00 ] 127.0.0.1 /xiaoshigong/backend/index.php/User/groups
INFO: [ app_init ] --START--
INFO: Run Behavior\BuildLiteBehavior [ RunTime:0.000010s ]
INFO: [ app_init ] --END-- [ RunTime:0.000480s ]
INFO: [ app_begin ] --START--
INFO: Run Behavior\ReadHtmlCacheBehavior [ RunTime:0.000978s ]
INFO: [ app_begin ] --END-- [ RunTime:0.001026s ]
SQL: SHOW COLUMNS FROM `xsg_admin_session` [ RunTime:0.0534s ]
SQL: SELECT `expires_time` FROM `xsg_admin_session` WHERE `token` = 'fc4ea225f7d9ad70cf1c3a9ce5a50661' LIMIT 1   [ RunTime:0.0526s ]

[ 2021-02-21T22:56:34+08:00 ] 127.0.0.1 /xiaoshigong/backend/index.php/Main/login
INFO: [ app_init ] --START--
INFO: Run Behavior\BuildLiteBehavior [ RunTime:0.000008s ]
INFO: [ app_init ] --END-- [ RunTime:0.000497s ]
INFO: [ app_begin ] --START--
INFO: Run Behavior\ReadHtmlCacheBehavior [ RunTime:0.000818s ]
INFO: [ app_begin ] --END-- [ RunTime:0.000855s ]
SQL: SHOW COLUMNS FROM `xsg_admin_user` [ RunTime:0.0561s ]
SQL: SELECT * FROM `xsg_admin_user` WHERE `username` = 'xsgadmin' LIMIT 1   [ RunTime:0.0576s ]
SQL: SELECT `id`,`username`,`nickname`,`status` FROM `xsg_admin_user` WHERE `username` = 'xsgadmin' AND `password` = 'da9927a3153c7d8b4a43bcdde4894dea' LIMIT 1   [ RunTime:0.0517s ]
SQL: SHOW COLUMNS FROM `xsg_admin_session` [ RunTime:0.0515s ]
NOTIC: [8] Undefined variable: uid D:\work\xiaoshigong\backend\Home\Controller\MainController.class.php 第 113 行.
SQL: SELECT * FROM `xsg_admin_session` WHERE `uid` = 1 LIMIT 1   [ RunTime:0.0508s ]
SQL: UPDATE `xsg_admin_session` SET `token`='a4231a68c031c42eacbaba4f731a9a18',`expires_time`='1613922994' WHERE `uid` = 1 [ RunTime:0.0531s ]

[ 2021-02-21T22:56:38+08:00 ] 127.0.0.1 /xiaoshigong/backend/index.php/User/ulist?p=1&k=&w=
INFO: [ app_init ] --START--
INFO: Run Behavior\BuildLiteBehavior [ RunTime:0.000017s ]
INFO: [ app_init ] --END-- [ RunTime:0.001047s ]
INFO: [ app_begin ] --START--
INFO: Run Behavior\ReadHtmlCacheBehavior [ RunTime:0.005182s ]
INFO: [ app_begin ] --END-- [ RunTime:0.005255s ]
SQL: SHOW COLUMNS FROM `xsg_admin_session` [ RunTime:0.0533s ]
SQL: SELECT `expires_time` FROM `xsg_admin_session` WHERE `token` = 'a4231a68c031c42eacbaba4f731a9a18' LIMIT 1   [ RunTime:0.0536s ]
SQL: UPDATE `xsg_admin_session` SET `expires_time`='1613922997' WHERE `token` = 'a4231a68c031c42eacbaba4f731a9a18' [ RunTime:0.0532s ]
SQL: SELECT `uid` FROM `xsg_admin_session` WHERE `token` = 'a4231a68c031c42eacbaba4f731a9a18' LIMIT 1   [ RunTime:0.0568s ]
SQL: SHOW COLUMNS FROM `xsg_admin_user` [ RunTime:0.0527s ]
SQL: SELECT `id`,`username`,`nickname` FROM `xsg_admin_user` WHERE `id` = 1 LIMIT 1   [ RunTime:0.0536s ]

[ 2021-02-21T22:56:38+08:00 ] 127.0.0.1 /xiaoshigong/backend/index.php/User/groups
INFO: [ app_init ] --START--
INFO: Run Behavior\BuildLiteBehavior [ RunTime:0.000012s ]
INFO: [ app_init ] --END-- [ RunTime:0.000626s ]
INFO: [ app_begin ] --START--
INFO: Run Behavior\ReadHtmlCacheBehavior [ RunTime:0.001145s ]
INFO: [ app_begin ] --END-- [ RunTime:0.001200s ]
SQL: SHOW COLUMNS FROM `xsg_admin_session` [ RunTime:0.0476s ]
SQL: SELECT `expires_time` FROM `xsg_admin_session` WHERE `token` = 'a4231a68c031c42eacbaba4f731a9a18' LIMIT 1   [ RunTime:0.0517s ]
SQL: UPDATE `xsg_admin_session` SET `expires_time`='1613922998' WHERE `token` = 'a4231a68c031c42eacbaba4f731a9a18' [ RunTime:0.0492s ]
SQL: SELECT `uid` FROM `xsg_admin_session` WHERE `token` = 'a4231a68c031c42eacbaba4f731a9a18' LIMIT 1   [ RunTime:0.0508s ]
SQL: SHOW COLUMNS FROM `xsg_admin_user` [ RunTime:0.0518s ]
SQL: SELECT `id`,`username`,`nickname` FROM `xsg_admin_user` WHERE `id` = 1 LIMIT 1   [ RunTime:0.0544s ]
ERR: SQLSTATE[42S02]: Base table or view not found: 1146 Table 'xiaoshigong.xsg_admin_groups' doesn't exist

[ 2021-02-21T22:57:32+08:00 ] 127.0.0.1 /xiaoshigong/backend/index.php/User/ulist?p=1&k=&w=
INFO: [ app_init ] --START--
INFO: Run Behavior\BuildLiteBehavior [ RunTime:0.000009s ]
INFO: [ app_init ] --END-- [ RunTime:0.000611s ]
INFO: [ app_begin ] --START--
INFO: Run Behavior\ReadHtmlCacheBehavior [ RunTime:0.000875s ]
INFO: [ app_begin ] --END-- [ RunTime:0.000913s ]
SQL: SHOW COLUMNS FROM `xsg_admin_session` [ RunTime:0.0547s ]
SQL: SELECT `expires_time` FROM `xsg_admin_session` WHERE `token` = 'a4231a68c031c42eacbaba4f731a9a18' LIMIT 1   [ RunTime:0.0598s ]
SQL: UPDATE `xsg_admin_session` SET `expires_time`='1613923052' WHERE `token` = 'a4231a68c031c42eacbaba4f731a9a18' [ RunTime:0.0509s ]
SQL: SELECT `uid` FROM `xsg_admin_session` WHERE `token` = 'a4231a68c031c42eacbaba4f731a9a18' LIMIT 1   [ RunTime:0.0485s ]
SQL: SHOW COLUMNS FROM `xsg_admin_user` [ RunTime:0.0620s ]
SQL: SELECT `id`,`username`,`nickname` FROM `xsg_admin_user` WHERE `id` = 1 LIMIT 1   [ RunTime:0.0532s ]

[ 2021-02-21T22:57:33+08:00 ] 127.0.0.1 /xiaoshigong/backend/index.php/User/groups
INFO: [ app_init ] --START--
INFO: Run Behavior\BuildLiteBehavior [ RunTime:0.000011s ]
INFO: [ app_init ] --END-- [ RunTime:0.000620s ]
INFO: [ app_begin ] --START--
INFO: Run Behavior\ReadHtmlCacheBehavior [ RunTime:0.000856s ]
INFO: [ app_begin ] --END-- [ RunTime:0.000893s ]
SQL: SHOW COLUMNS FROM `xsg_admin_session` [ RunTime:0.0565s ]
SQL: SELECT `expires_time` FROM `xsg_admin_session` WHERE `token` = 'a4231a68c031c42eacbaba4f731a9a18' LIMIT 1   [ RunTime:0.0475s ]
SQL: UPDATE `xsg_admin_session` SET `expires_time`='1613923053' WHERE `token` = 'a4231a68c031c42eacbaba4f731a9a18' [ RunTime:0.0648s ]
SQL: SELECT `uid` FROM `xsg_admin_session` WHERE `token` = 'a4231a68c031c42eacbaba4f731a9a18' LIMIT 1   [ RunTime:0.1390s ]
SQL: SHOW COLUMNS FROM `xsg_admin_user` [ RunTime:0.0574s ]
SQL: SELECT `id`,`username`,`nickname` FROM `xsg_admin_user` WHERE `id` = 1 LIMIT 1   [ RunTime:0.0593s ]
ERR: SQLSTATE[42S02]: Base table or view not found: 1146 Table 'xiaoshigong.xsg_admin_groups' doesn't exist

