[ 2021-03-01T04:31:37+08:00 ] 127.0.0.1 /xiaoshigong/backend/index.php/Stationer/vlist
INFO: [ app_init ] --START--
INFO: Run Behavior\BuildLiteBehavior [ RunTime:0.000014s ]
INFO: [ app_init ] --END-- [ RunTime:0.000490s ]
INFO: [ app_begin ] --START--
INFO: Run Behavior\ReadHtmlCacheBehavior [ RunTime:0.001707s ]
INFO: [ app_begin ] --END-- [ RunTime:0.001772s ]
SQL: SHOW COLUMNS FROM `xsg_admin_session` [ RunTime:0.0504s ]
SQL: SELECT `expires_time` FROM `xsg_admin_session` WHERE `token` = '33000dae8ed0e95650ed9560e797d0e3' LIMIT 1   [ RunTime:0.0518s ]

[ 2021-03-01T04:31:52+08:00 ] 127.0.0.1 /xiaoshigong/backend/index.php/Main/login
INFO: [ app_init ] --START--
INFO: Run Behavior\BuildLiteBehavior [ RunTime:0.000009s ]
INFO: [ app_init ] --END-- [ RunTime:0.000431s ]
INFO: [ app_begin ] --START--
INFO: Run Behavior\ReadHtmlCacheBehavior [ RunTime:0.000551s ]
INFO: [ app_begin ] --END-- [ RunTime:0.000587s ]
SQL: SHOW COLUMNS FROM `xsg_admin_user` [ RunTime:0.0570s ]
SQL: SELECT * FROM `xsg_admin_user` WHERE `username` = 'xsgadmin' LIMIT 1   [ RunTime:0.0486s ]
SQL: SELECT `id`,`username`,`nickname`,`status` FROM `xsg_admin_user` WHERE `username` = 'xsgadmin' AND `password` = 'da9927a3153c7d8b4a43bcdde4894dea' LIMIT 1   [ RunTime:0.0511s ]
SQL: SHOW COLUMNS FROM `xsg_admin_session` [ RunTime:0.0503s ]
NOTIC: [8] Undefined variable: uid D:\work\xiaoshigong\backend\Home\Controller\MainController.class.php 第 113 行.
SQL: SELECT * FROM `xsg_admin_session` WHERE `uid` = 1 LIMIT 1   [ RunTime:0.0999s ]
SQL: UPDATE `xsg_admin_session` SET `token`='01cc44a42dd088e855be451da5a38a76',`expires_time`='1614547912' WHERE `uid` = 1 [ RunTime:0.0656s ]

[ 2021-03-01T04:32:00+08:00 ] 127.0.0.1 /xiaoshigong/backend/index.php/Stationer/vlist
INFO: [ app_init ] --START--
INFO: Run Behavior\BuildLiteBehavior [ RunTime:0.000012s ]
INFO: [ app_init ] --END-- [ RunTime:0.000517s ]
INFO: [ app_begin ] --START--
INFO: Run Behavior\ReadHtmlCacheBehavior [ RunTime:0.000617s ]
INFO: [ app_begin ] --END-- [ RunTime:0.000660s ]
SQL: SHOW COLUMNS FROM `xsg_admin_session` [ RunTime:0.0703s ]
SQL: SELECT `expires_time` FROM `xsg_admin_session` WHERE `token` = '01cc44a42dd088e855be451da5a38a76' LIMIT 1   [ RunTime:0.0542s ]
SQL: UPDATE `xsg_admin_session` SET `expires_time`='1614547919' WHERE `token` = '01cc44a42dd088e855be451da5a38a76' [ RunTime:0.0583s ]
SQL: SELECT `uid` FROM `xsg_admin_session` WHERE `token` = '01cc44a42dd088e855be451da5a38a76' LIMIT 1   [ RunTime:0.0560s ]
SQL: SHOW COLUMNS FROM `xsg_admin_user` [ RunTime:0.0570s ]
SQL: SELECT `id`,`username`,`nickname` FROM `xsg_admin_user` WHERE `id` = 1 LIMIT 1   [ RunTime:0.0554s ]
SQL: SHOW COLUMNS FROM `xsg_stationer` [ RunTime:0.0597s ]
SQL: SELECT * FROM `xsg_stationer` WHERE `is_deleted` = 0 ORDER BY id asc LIMIT 0,15   [ RunTime:0.0580s ]
SQL: SELECT COUNT(*) AS tp_count FROM `xsg_stationer` WHERE `is_deleted` = 0 LIMIT 1   [ RunTime:0.0613s ]

[ 2021-03-01T04:32:03+08:00 ] 127.0.0.1 /xiaoshigong/backend/index.php/Company/vlist
INFO: [ app_init ] --START--
INFO: Run Behavior\BuildLiteBehavior [ RunTime:0.000010s ]
INFO: [ app_init ] --END-- [ RunTime:0.000431s ]
INFO: [ app_begin ] --START--
INFO: Run Behavior\ReadHtmlCacheBehavior [ RunTime:0.000622s ]
INFO: [ app_begin ] --END-- [ RunTime:0.000659s ]
SQL: SHOW COLUMNS FROM `xsg_admin_session` [ RunTime:0.0503s ]
SQL: SELECT `expires_time` FROM `xsg_admin_session` WHERE `token` = '01cc44a42dd088e855be451da5a38a76' LIMIT 1   [ RunTime:0.0519s ]
SQL: UPDATE `xsg_admin_session` SET `expires_time`='1614547922' WHERE `token` = '01cc44a42dd088e855be451da5a38a76' [ RunTime:0.0935s ]
SQL: SELECT `uid` FROM `xsg_admin_session` WHERE `token` = '01cc44a42dd088e855be451da5a38a76' LIMIT 1   [ RunTime:0.0508s ]
SQL: SHOW COLUMNS FROM `xsg_admin_user` [ RunTime:0.0621s ]
SQL: SELECT `id`,`username`,`nickname` FROM `xsg_admin_user` WHERE `id` = 1 LIMIT 1   [ RunTime:0.0683s ]
SQL: SHOW COLUMNS FROM `xsg_company` [ RunTime:0.0542s ]
SQL: SELECT COM.id,COM.name,COM.area,COM.address,COM.contact,COM.telphone,COM.create_time,COM.status,C.name as area_name FROM xsg_company COM INNER JOIN xsg_city_class C on C.id= COM.area  WHERE COM.is_deleted = 0 ORDER BY id asc LIMIT 0,15   [ RunTime:0.0544s ]
SQL: SELECT COUNT(*) AS tp_count FROM xsg_company COM WHERE COM.is_deleted = 0 LIMIT 1   [ RunTime:0.0673s ]

[ 2021-03-01T04:32:03+08:00 ] 127.0.0.1 /xiaoshigong/backend/index.php/CityClass/vlist?id=
INFO: [ app_init ] --START--
INFO: Run Behavior\BuildLiteBehavior [ RunTime:0.000010s ]
INFO: [ app_init ] --END-- [ RunTime:0.000513s ]
INFO: [ app_begin ] --START--
INFO: Run Behavior\ReadHtmlCacheBehavior [ RunTime:0.000664s ]
INFO: [ app_begin ] --END-- [ RunTime:0.000701s ]
SQL: SHOW COLUMNS FROM `xsg_admin_session` [ RunTime:0.0514s ]
SQL: SELECT `expires_time` FROM `xsg_admin_session` WHERE `token` = '01cc44a42dd088e855be451da5a38a76' LIMIT 1   [ RunTime:0.0799s ]
SQL: UPDATE `xsg_admin_session` SET `expires_time`='1614547923' WHERE `token` = '01cc44a42dd088e855be451da5a38a76' [ RunTime:0.0668s ]
SQL: SELECT `uid` FROM `xsg_admin_session` WHERE `token` = '01cc44a42dd088e855be451da5a38a76' LIMIT 1   [ RunTime:0.0522s ]
SQL: SHOW COLUMNS FROM `xsg_admin_user` [ RunTime:0.0513s ]
SQL: SELECT `id`,`username`,`nickname` FROM `xsg_admin_user` WHERE `id` = 1 LIMIT 1   [ RunTime:0.0530s ]
SQL: SHOW COLUMNS FROM `xsg_city_class` [ RunTime:0.0532s ]
SQL: SELECT * FROM `xsg_city_class` WHERE `parentid` = 2 ORDER BY id asc  [ RunTime:0.0514s ]

[ 2021-03-01T04:32:04+08:00 ] 127.0.0.1 /xiaoshigong/backend/index.php/Stationer/vlist
INFO: [ app_init ] --START--
INFO: Run Behavior\BuildLiteBehavior [ RunTime:0.000009s ]
INFO: [ app_init ] --END-- [ RunTime:0.000523s ]
INFO: [ app_begin ] --START--
INFO: Run Behavior\ReadHtmlCacheBehavior [ RunTime:0.000634s ]
INFO: [ app_begin ] --END-- [ RunTime:0.000670s ]
SQL: SHOW COLUMNS FROM `xsg_admin_session` [ RunTime:0.0481s ]
SQL: SELECT `expires_time` FROM `xsg_admin_session` WHERE `token` = '01cc44a42dd088e855be451da5a38a76' LIMIT 1   [ RunTime:0.0532s ]
SQL: UPDATE `xsg_admin_session` SET `expires_time`='1614547924' WHERE `token` = '01cc44a42dd088e855be451da5a38a76' [ RunTime:0.0497s ]
SQL: SELECT `uid` FROM `xsg_admin_session` WHERE `token` = '01cc44a42dd088e855be451da5a38a76' LIMIT 1   [ RunTime:0.0449s ]
SQL: SHOW COLUMNS FROM `xsg_admin_user` [ RunTime:0.0452s ]
SQL: SELECT `id`,`username`,`nickname` FROM `xsg_admin_user` WHERE `id` = 1 LIMIT 1   [ RunTime:0.0475s ]
SQL: SHOW COLUMNS FROM `xsg_stationer` [ RunTime:0.0444s ]
SQL: SELECT * FROM `xsg_stationer` WHERE `is_deleted` = 0 ORDER BY id asc LIMIT 0,15   [ RunTime:0.0452s ]
SQL: SELECT COUNT(*) AS tp_count FROM `xsg_stationer` WHERE `is_deleted` = 0 LIMIT 1   [ RunTime:0.0446s ]

[ 2021-03-01T04:33:06+08:00 ] 127.0.0.1 /xiaoshigong/backend/index.php/Stationer/vlist
INFO: [ app_init ] --START--
INFO: Run Behavior\BuildLiteBehavior [ RunTime:0.000009s ]
INFO: [ app_init ] --END-- [ RunTime:0.000379s ]
INFO: [ app_begin ] --START--
INFO: Run Behavior\ReadHtmlCacheBehavior [ RunTime:0.000530s ]
INFO: [ app_begin ] --END-- [ RunTime:0.000566s ]
SQL: SHOW COLUMNS FROM `xsg_admin_session` [ RunTime:0.0497s ]
SQL: SELECT `expires_time` FROM `xsg_admin_session` WHERE `token` = '01cc44a42dd088e855be451da5a38a76' LIMIT 1   [ RunTime:0.0524s ]
SQL: UPDATE `xsg_admin_session` SET `expires_time`='1614547986' WHERE `token` = '01cc44a42dd088e855be451da5a38a76' [ RunTime:0.0527s ]
SQL: SELECT `uid` FROM `xsg_admin_session` WHERE `token` = '01cc44a42dd088e855be451da5a38a76' LIMIT 1   [ RunTime:0.0496s ]
SQL: SHOW COLUMNS FROM `xsg_admin_user` [ RunTime:0.0519s ]
SQL: SELECT `id`,`username`,`nickname` FROM `xsg_admin_user` WHERE `id` = 1 LIMIT 1   [ RunTime:0.0498s ]
SQL: SHOW COLUMNS FROM `xsg_stationer` [ RunTime:0.0514s ]
SQL: SELECT * FROM `xsg_stationer` WHERE `is_deleted` = 0 ORDER BY id asc LIMIT 0,15   [ RunTime:0.0530s ]
SQL: SELECT COUNT(*) AS tp_count FROM `xsg_stationer` WHERE `is_deleted` = 0 LIMIT 1   [ RunTime:0.0496s ]

[ 2021-03-01T04:33:10+08:00 ] 127.0.0.1 /xiaoshigong/backend/index.php/Stationer/info?id=1
INFO: [ app_init ] --START--
INFO: Run Behavior\BuildLiteBehavior [ RunTime:0.000009s ]
INFO: [ app_init ] --END-- [ RunTime:0.000479s ]
INFO: [ app_begin ] --START--
INFO: Run Behavior\ReadHtmlCacheBehavior [ RunTime:0.000549s ]
INFO: [ app_begin ] --END-- [ RunTime:0.000585s ]
SQL: SHOW COLUMNS FROM `xsg_admin_session` [ RunTime:0.0626s ]
SQL: SELECT `expires_time` FROM `xsg_admin_session` WHERE `token` = '01cc44a42dd088e855be451da5a38a76' LIMIT 1   [ RunTime:0.0681s ]
SQL: UPDATE `xsg_admin_session` SET `expires_time`='1614547989' WHERE `token` = '01cc44a42dd088e855be451da5a38a76' [ RunTime:0.0579s ]
SQL: SELECT `uid` FROM `xsg_admin_session` WHERE `token` = '01cc44a42dd088e855be451da5a38a76' LIMIT 1   [ RunTime:0.0562s ]
SQL: SHOW COLUMNS FROM `xsg_admin_user` [ RunTime:0.0565s ]
SQL: SELECT `id`,`username`,`nickname` FROM `xsg_admin_user` WHERE `id` = 1 LIMIT 1   [ RunTime:0.0761s ]
SQL: SHOW COLUMNS FROM `xsg_stationer` [ RunTime:0.0570s ]
SQL: SELECT * FROM `xsg_stationer` WHERE ( id = 1 ) LIMIT 1   [ RunTime:0.0548s ]

[ 2021-03-01T04:44:51+08:00 ] 127.0.0.1 /xiaoshigong/backend/index.php/Stationer/vlist
INFO: [ app_init ] --START--
INFO: Run Behavior\BuildLiteBehavior [ RunTime:0.000011s ]
INFO: [ app_init ] --END-- [ RunTime:0.000507s ]
INFO: [ app_begin ] --START--
INFO: Run Behavior\ReadHtmlCacheBehavior [ RunTime:0.000811s ]
INFO: [ app_begin ] --END-- [ RunTime:0.000911s ]
SQL: SHOW COLUMNS FROM `xsg_admin_session` [ RunTime:0.0466s ]
SQL: SELECT `expires_time` FROM `xsg_admin_session` WHERE `token` = '01cc44a42dd088e855be451da5a38a76' LIMIT 1   [ RunTime:0.0495s ]
SQL: UPDATE `xsg_admin_session` SET `expires_time`='1614548690' WHERE `token` = '01cc44a42dd088e855be451da5a38a76' [ RunTime:0.0525s ]
SQL: SELECT `uid` FROM `xsg_admin_session` WHERE `token` = '01cc44a42dd088e855be451da5a38a76' LIMIT 1   [ RunTime:0.0475s ]
SQL: SHOW COLUMNS FROM `xsg_admin_user` [ RunTime:0.0471s ]
SQL: SELECT `id`,`username`,`nickname` FROM `xsg_admin_user` WHERE `id` = 1 LIMIT 1   [ RunTime:0.0602s ]
SQL: SHOW COLUMNS FROM `xsg_stationer` [ RunTime:0.0500s ]
SQL: SELECT * FROM `xsg_stationer` WHERE `is_deleted` = 0 ORDER BY id asc LIMIT 0,15   [ RunTime:0.0473s ]
SQL: SELECT COUNT(*) AS tp_count FROM `xsg_stationer` WHERE `is_deleted` = 0 LIMIT 1   [ RunTime:0.0510s ]

[ 2021-03-01T04:44:55+08:00 ] 127.0.0.1 /xiaoshigong/backend/index.php/Stationer/vlist
INFO: [ app_init ] --START--
INFO: Run Behavior\BuildLiteBehavior [ RunTime:0.000010s ]
INFO: [ app_init ] --END-- [ RunTime:0.000498s ]
INFO: [ app_begin ] --START--
INFO: Run Behavior\ReadHtmlCacheBehavior [ RunTime:0.000570s ]
INFO: [ app_begin ] --END-- [ RunTime:0.000608s ]
SQL: SHOW COLUMNS FROM `xsg_admin_session` [ RunTime:0.0572s ]
SQL: SELECT `expires_time` FROM `xsg_admin_session` WHERE `token` = '01cc44a42dd088e855be451da5a38a76' LIMIT 1   [ RunTime:0.0621s ]
SQL: UPDATE `xsg_admin_session` SET `expires_time`='1614548694' WHERE `token` = '01cc44a42dd088e855be451da5a38a76' [ RunTime:0.0623s ]
SQL: SELECT `uid` FROM `xsg_admin_session` WHERE `token` = '01cc44a42dd088e855be451da5a38a76' LIMIT 1   [ RunTime:0.1519s ]
SQL: SHOW COLUMNS FROM `xsg_admin_user` [ RunTime:0.1389s ]
SQL: SELECT `id`,`username`,`nickname` FROM `xsg_admin_user` WHERE `id` = 1 LIMIT 1   [ RunTime:0.1477s ]
SQL: SHOW COLUMNS FROM `xsg_stationer` [ RunTime:0.1265s ]
SQL: SELECT * FROM `xsg_stationer` WHERE `is_deleted` = 0 ORDER BY id asc LIMIT 0,15   [ RunTime:0.0560s ]
SQL: SELECT COUNT(*) AS tp_count FROM `xsg_stationer` WHERE `is_deleted` = 0 LIMIT 1   [ RunTime:0.1334s ]

[ 2021-03-01T04:54:38+08:00 ] 127.0.0.1 /xiaoshigong/backend/index.php/Introducer/vlist
INFO: [ app_init ] --START--
INFO: Run Behavior\BuildLiteBehavior [ RunTime:0.000009s ]
INFO: [ app_init ] --END-- [ RunTime:0.000611s ]
INFO: [ app_begin ] --START--
INFO: Run Behavior\ReadHtmlCacheBehavior [ RunTime:0.000656s ]
INFO: [ app_begin ] --END-- [ RunTime:0.000694s ]
ERR: 无法加载控制器:Introducer

[ 2021-03-01T04:54:44+08:00 ] 127.0.0.1 /xiaoshigong/backend/index.php/Introducer/vlist
INFO: [ app_init ] --START--
INFO: Run Behavior\BuildLiteBehavior [ RunTime:0.000024s ]
INFO: [ app_init ] --END-- [ RunTime:0.001072s ]
INFO: [ app_begin ] --START--
INFO: Run Behavior\ReadHtmlCacheBehavior [ RunTime:0.000633s ]
INFO: [ app_begin ] --END-- [ RunTime:0.000682s ]
ERR: 无法加载控制器:Introducer

[ 2021-03-01T04:56:02+08:00 ] 127.0.0.1 /xiaoshigong/backend/index.php/Introducer/vlist
INFO: [ app_init ] --START--
INFO: Run Behavior\BuildLiteBehavior [ RunTime:0.000015s ]
INFO: [ app_init ] --END-- [ RunTime:0.000553s ]
INFO: [ app_begin ] --START--
INFO: Run Behavior\ReadHtmlCacheBehavior [ RunTime:0.000670s ]
INFO: [ app_begin ] --END-- [ RunTime:0.000714s ]
SQL: SHOW COLUMNS FROM `xsg_admin_session` [ RunTime:0.0475s ]
SQL: SELECT `expires_time` FROM `xsg_admin_session` WHERE `token` = '01cc44a42dd088e855be451da5a38a76' LIMIT 1   [ RunTime:0.0476s ]
SQL: UPDATE `xsg_admin_session` SET `expires_time`='1614549362' WHERE `token` = '01cc44a42dd088e855be451da5a38a76' [ RunTime:0.0541s ]
SQL: SELECT `uid` FROM `xsg_admin_session` WHERE `token` = '01cc44a42dd088e855be451da5a38a76' LIMIT 1   [ RunTime:0.0477s ]
SQL: SHOW COLUMNS FROM `xsg_admin_user` [ RunTime:0.0497s ]
SQL: SELECT `id`,`username`,`nickname` FROM `xsg_admin_user` WHERE `id` = 1 LIMIT 1   [ RunTime:0.0528s ]
SQL: SHOW COLUMNS FROM `xsg_introducer` [ RunTime:0.0495s ]
SQL: SELECT * FROM `xsg_introducer` WHERE `is_deleted` = 0 ORDER BY id asc LIMIT 0,15   [ RunTime:0.0524s ]
SQL: SELECT COUNT(*) AS tp_count FROM `xsg_introducer` WHERE `is_deleted` = 0 LIMIT 1   [ RunTime:0.0566s ]

[ 2021-03-01T04:58:40+08:00 ] 127.0.0.1 /xiaoshigong/backend/index.php/Introducer/vlist
INFO: [ app_init ] --START--
INFO: Run Behavior\BuildLiteBehavior [ RunTime:0.000010s ]
INFO: [ app_init ] --END-- [ RunTime:0.000426s ]
INFO: [ app_begin ] --START--
INFO: Run Behavior\ReadHtmlCacheBehavior [ RunTime:0.000620s ]
INFO: [ app_begin ] --END-- [ RunTime:0.000657s ]
SQL: SHOW COLUMNS FROM `xsg_admin_session` [ RunTime:0.0492s ]
SQL: SELECT `expires_time` FROM `xsg_admin_session` WHERE `token` = '01cc44a42dd088e855be451da5a38a76' LIMIT 1   [ RunTime:0.0544s ]
SQL: UPDATE `xsg_admin_session` SET `expires_time`='1614549519' WHERE `token` = '01cc44a42dd088e855be451da5a38a76' [ RunTime:0.0529s ]
SQL: SELECT `uid` FROM `xsg_admin_session` WHERE `token` = '01cc44a42dd088e855be451da5a38a76' LIMIT 1   [ RunTime:0.0535s ]
SQL: SHOW COLUMNS FROM `xsg_admin_user` [ RunTime:0.0486s ]
SQL: SELECT `id`,`username`,`nickname` FROM `xsg_admin_user` WHERE `id` = 1 LIMIT 1   [ RunTime:0.0515s ]
SQL: SHOW COLUMNS FROM `xsg_introducer` [ RunTime:0.0502s ]
SQL: SELECT * FROM `xsg_introducer` WHERE `is_deleted` = 0 ORDER BY id asc LIMIT 0,15   [ RunTime:0.0502s ]
SQL: SELECT COUNT(*) AS tp_count FROM `xsg_introducer` WHERE `is_deleted` = 0 LIMIT 1   [ RunTime:0.0496s ]

[ 2021-03-01T04:59:34+08:00 ] 127.0.0.1 /xiaoshigong/backend/index.php/Introducer/vlist
INFO: [ app_init ] --START--
INFO: Run Behavior\BuildLiteBehavior [ RunTime:0.000013s ]
INFO: [ app_init ] --END-- [ RunTime:0.000722s ]
INFO: [ app_begin ] --START--
INFO: Run Behavior\ReadHtmlCacheBehavior [ RunTime:0.000741s ]
INFO: [ app_begin ] --END-- [ RunTime:0.000806s ]
SQL: SHOW COLUMNS FROM `xsg_admin_session` [ RunTime:0.0528s ]
SQL: SELECT `expires_time` FROM `xsg_admin_session` WHERE `token` = '01cc44a42dd088e855be451da5a38a76' LIMIT 1   [ RunTime:0.0530s ]
SQL: UPDATE `xsg_admin_session` SET `expires_time`='1614549574' WHERE `token` = '01cc44a42dd088e855be451da5a38a76' [ RunTime:0.0708s ]
SQL: SELECT `uid` FROM `xsg_admin_session` WHERE `token` = '01cc44a42dd088e855be451da5a38a76' LIMIT 1   [ RunTime:0.0523s ]
SQL: SHOW COLUMNS FROM `xsg_admin_user` [ RunTime:0.0538s ]
SQL: SELECT `id`,`username`,`nickname` FROM `xsg_admin_user` WHERE `id` = 1 LIMIT 1   [ RunTime:0.0534s ]
SQL: SHOW COLUMNS FROM `xsg_introducer` [ RunTime:0.0529s ]
SQL: SELECT * FROM `xsg_introducer` WHERE `is_deleted` = 0 ORDER BY id asc LIMIT 0,15   [ RunTime:0.0542s ]
SQL: SELECT COUNT(*) AS tp_count FROM `xsg_introducer` WHERE `is_deleted` = 0 LIMIT 1   [ RunTime:0.0701s ]

[ 2021-03-01T04:59:45+08:00 ] 127.0.0.1 /xiaoshigong/backend/index.php/Introducer/vlist
INFO: [ app_init ] --START--
INFO: Run Behavior\BuildLiteBehavior [ RunTime:0.000011s ]
INFO: [ app_init ] --END-- [ RunTime:0.000627s ]
INFO: [ app_begin ] --START--
INFO: Run Behavior\ReadHtmlCacheBehavior [ RunTime:0.000621s ]
INFO: [ app_begin ] --END-- [ RunTime:0.000671s ]
SQL: SHOW COLUMNS FROM `xsg_admin_session` [ RunTime:0.0493s ]
SQL: SELECT `expires_time` FROM `xsg_admin_session` WHERE `token` = '01cc44a42dd088e855be451da5a38a76' LIMIT 1   [ RunTime:0.0522s ]
SQL: UPDATE `xsg_admin_session` SET `expires_time`='1614549585' WHERE `token` = '01cc44a42dd088e855be451da5a38a76' [ RunTime:0.0521s ]
SQL: SELECT `uid` FROM `xsg_admin_session` WHERE `token` = '01cc44a42dd088e855be451da5a38a76' LIMIT 1   [ RunTime:0.0516s ]
SQL: SHOW COLUMNS FROM `xsg_admin_user` [ RunTime:0.0495s ]
SQL: SELECT `id`,`username`,`nickname` FROM `xsg_admin_user` WHERE `id` = 1 LIMIT 1   [ RunTime:0.0535s ]
SQL: SHOW COLUMNS FROM `xsg_introducer` [ RunTime:0.0497s ]
SQL: SELECT * FROM `xsg_introducer` WHERE `is_deleted` = 0 ORDER BY id asc LIMIT 0,15   [ RunTime:0.0525s ]
SQL: SELECT COUNT(*) AS tp_count FROM `xsg_introducer` WHERE `is_deleted` = 0 LIMIT 1   [ RunTime:0.0493s ]

[ 2021-03-01T05:22:17+08:00 ] 127.0.0.1 /xiaoshigong/backend/index.php/Stationer/vlist
INFO: [ app_init ] --START--
INFO: Run Behavior\BuildLiteBehavior [ RunTime:0.000034s ]
INFO: [ app_init ] --END-- [ RunTime:0.000704s ]
INFO: [ app_begin ] --START--
INFO: Run Behavior\ReadHtmlCacheBehavior [ RunTime:0.000899s ]
INFO: [ app_begin ] --END-- [ RunTime:0.000966s ]
SQL: SHOW COLUMNS FROM `xsg_admin_session` [ RunTime:0.1640s ]
SQL: SELECT `expires_time` FROM `xsg_admin_session` WHERE `token` = '01cc44a42dd088e855be451da5a38a76' LIMIT 1   [ RunTime:0.1478s ]
SQL: UPDATE `xsg_admin_session` SET `expires_time`='1614550936' WHERE `token` = '01cc44a42dd088e855be451da5a38a76' [ RunTime:0.2093s ]
SQL: SELECT `uid` FROM `xsg_admin_session` WHERE `token` = '01cc44a42dd088e855be451da5a38a76' LIMIT 1   [ RunTime:0.0585s ]
SQL: SHOW COLUMNS FROM `xsg_admin_user` [ RunTime:0.0553s ]
SQL: SELECT `id`,`username`,`nickname` FROM `xsg_admin_user` WHERE `id` = 1 LIMIT 1   [ RunTime:0.2812s ]
SQL: SHOW COLUMNS FROM `xsg_stationer` [ RunTime:0.1671s ]
SQL: SELECT * FROM `xsg_stationer` WHERE `is_deleted` = 0 ORDER BY id asc LIMIT 0,15   [ RunTime:0.0568s ]
SQL: SELECT COUNT(*) AS tp_count FROM `xsg_stationer` WHERE `is_deleted` = 0 LIMIT 1   [ RunTime:0.0542s ]

[ 2021-03-01T05:22:22+08:00 ] 127.0.0.1 /xiaoshigong/backend/index.php/Introducer/vlist
INFO: [ app_init ] --START--
INFO: Run Behavior\BuildLiteBehavior [ RunTime:0.000012s ]
INFO: [ app_init ] --END-- [ RunTime:0.000665s ]
INFO: [ app_begin ] --START--
INFO: Run Behavior\ReadHtmlCacheBehavior [ RunTime:0.000670s ]
INFO: [ app_begin ] --END-- [ RunTime:0.000745s ]
SQL: SHOW COLUMNS FROM `xsg_admin_session` [ RunTime:0.0534s ]
SQL: SELECT `expires_time` FROM `xsg_admin_session` WHERE `token` = '01cc44a42dd088e855be451da5a38a76' LIMIT 1   [ RunTime:0.0523s ]
SQL: UPDATE `xsg_admin_session` SET `expires_time`='1614550942' WHERE `token` = '01cc44a42dd088e855be451da5a38a76' [ RunTime:0.0549s ]
SQL: SELECT `uid` FROM `xsg_admin_session` WHERE `token` = '01cc44a42dd088e855be451da5a38a76' LIMIT 1   [ RunTime:0.0496s ]
SQL: SHOW COLUMNS FROM `xsg_admin_user` [ RunTime:0.0533s ]
SQL: SELECT `id`,`username`,`nickname` FROM `xsg_admin_user` WHERE `id` = 1 LIMIT 1   [ RunTime:0.0537s ]
SQL: SHOW COLUMNS FROM `xsg_introducer` [ RunTime:0.0495s ]
SQL: SELECT * FROM `xsg_introducer` WHERE `is_deleted` = 0 ORDER BY id asc LIMIT 0,15   [ RunTime:0.0521s ]
SQL: SELECT COUNT(*) AS tp_count FROM `xsg_introducer` WHERE `is_deleted` = 0 LIMIT 1   [ RunTime:0.0551s ]

[ 2021-03-01T05:48:03+08:00 ] 127.0.0.1 /xiaoshigong/backend/index.php/Stationer/vlist
INFO: [ app_init ] --START--
INFO: Run Behavior\BuildLiteBehavior [ RunTime:0.000012s ]
INFO: [ app_init ] --END-- [ RunTime:0.000635s ]
INFO: [ app_begin ] --START--
INFO: Run Behavior\ReadHtmlCacheBehavior [ RunTime:0.000682s ]
INFO: [ app_begin ] --END-- [ RunTime:0.000725s ]
SQL: SHOW COLUMNS FROM `xsg_admin_session` [ RunTime:0.0515s ]
SQL: SELECT `expires_time` FROM `xsg_admin_session` WHERE `token` = '01cc44a42dd088e855be451da5a38a76' LIMIT 1   [ RunTime:0.0515s ]
SQL: UPDATE `xsg_admin_session` SET `expires_time`='1614552482' WHERE `token` = '01cc44a42dd088e855be451da5a38a76' [ RunTime:0.0561s ]
SQL: SELECT `uid` FROM `xsg_admin_session` WHERE `token` = '01cc44a42dd088e855be451da5a38a76' LIMIT 1   [ RunTime:0.0513s ]
SQL: SHOW COLUMNS FROM `xsg_admin_user` [ RunTime:0.0546s ]
SQL: SELECT `id`,`username`,`nickname` FROM `xsg_admin_user` WHERE `id` = 1 LIMIT 1   [ RunTime:0.0526s ]
SQL: SHOW COLUMNS FROM `xsg_stationer` [ RunTime:0.0594s ]
SQL: SELECT * FROM `xsg_stationer` WHERE `is_deleted` = 0 ORDER BY id asc LIMIT 0,15   [ RunTime:0.0566s ]
SQL: SELECT COUNT(*) AS tp_count FROM `xsg_stationer` WHERE `is_deleted` = 0 LIMIT 1   [ RunTime:0.0657s ]

[ 2021-03-01T05:48:04+08:00 ] 127.0.0.1 /xiaoshigong/backend/index.php/Introducer/vlist
INFO: [ app_init ] --START--
INFO: Run Behavior\BuildLiteBehavior [ RunTime:0.000013s ]
INFO: [ app_init ] --END-- [ RunTime:0.000746s ]
INFO: [ app_begin ] --START--
INFO: Run Behavior\ReadHtmlCacheBehavior [ RunTime:0.000679s ]
INFO: [ app_begin ] --END-- [ RunTime:0.000741s ]
SQL: SHOW COLUMNS FROM `xsg_admin_session` [ RunTime:0.0501s ]
SQL: SELECT `expires_time` FROM `xsg_admin_session` WHERE `token` = '01cc44a42dd088e855be451da5a38a76' LIMIT 1   [ RunTime:0.0552s ]
SQL: UPDATE `xsg_admin_session` SET `expires_time`='1614552484' WHERE `token` = '01cc44a42dd088e855be451da5a38a76' [ RunTime:0.0534s ]
SQL: SELECT `uid` FROM `xsg_admin_session` WHERE `token` = '01cc44a42dd088e855be451da5a38a76' LIMIT 1   [ RunTime:0.0487s ]
SQL: SHOW COLUMNS FROM `xsg_admin_user` [ RunTime:0.0498s ]
SQL: SELECT `id`,`username`,`nickname` FROM `xsg_admin_user` WHERE `id` = 1 LIMIT 1   [ RunTime:0.0473s ]
SQL: SHOW COLUMNS FROM `xsg_introducer` [ RunTime:0.0519s ]
SQL: SELECT * FROM `xsg_introducer` WHERE `is_deleted` = 0 ORDER BY id asc LIMIT 0,15   [ RunTime:0.0490s ]
SQL: SELECT COUNT(*) AS tp_count FROM `xsg_introducer` WHERE `is_deleted` = 0 LIMIT 1   [ RunTime:0.0574s ]

[ 2021-03-01T06:13:41+08:00 ] 127.0.0.1 /xiaoshigong/backend/index.php/Introducer/vlist
INFO: [ app_init ] --START--
INFO: Run Behavior\BuildLiteBehavior [ RunTime:0.000013s ]
INFO: [ app_init ] --END-- [ RunTime:0.000642s ]
INFO: [ app_begin ] --START--
INFO: Run Behavior\ReadHtmlCacheBehavior [ RunTime:0.001620s ]
INFO: [ app_begin ] --END-- [ RunTime:0.001705s ]
SQL: SHOW COLUMNS FROM `xsg_admin_session` [ RunTime:0.0491s ]
SQL: SELECT `expires_time` FROM `xsg_admin_session` WHERE `token` = '01cc44a42dd088e855be451da5a38a76' LIMIT 1   [ RunTime:0.1228s ]
SQL: UPDATE `xsg_admin_session` SET `expires_time`='1614554021' WHERE `token` = '01cc44a42dd088e855be451da5a38a76' [ RunTime:0.0681s ]
SQL: SELECT `uid` FROM `xsg_admin_session` WHERE `token` = '01cc44a42dd088e855be451da5a38a76' LIMIT 1   [ RunTime:0.0656s ]
SQL: SHOW COLUMNS FROM `xsg_admin_user` [ RunTime:0.1169s ]
SQL: SELECT `id`,`username`,`nickname` FROM `xsg_admin_user` WHERE `id` = 1 LIMIT 1   [ RunTime:0.0504s ]
SQL: SHOW COLUMNS FROM `xsg_introducer` [ RunTime:0.0535s ]
SQL: SELECT * FROM `xsg_introducer` WHERE `is_deleted` = 0 ORDER BY id asc LIMIT 0,15   [ RunTime:0.0556s ]
SQL: SELECT COUNT(*) AS tp_count FROM `xsg_introducer` WHERE `is_deleted` = 0 LIMIT 1   [ RunTime:0.0983s ]

[ 2021-03-01T06:13:43+08:00 ] 127.0.0.1 /xiaoshigong/backend/index.php/Introducer/vlist
INFO: [ app_init ] --START--
INFO: Run Behavior\BuildLiteBehavior [ RunTime:0.000019s ]
INFO: [ app_init ] --END-- [ RunTime:0.002042s ]
INFO: [ app_begin ] --START--
INFO: Run Behavior\ReadHtmlCacheBehavior [ RunTime:0.001249s ]
INFO: [ app_begin ] --END-- [ RunTime:0.001388s ]
SQL: SHOW COLUMNS FROM `xsg_admin_session` [ RunTime:0.0674s ]
SQL: SELECT `expires_time` FROM `xsg_admin_session` WHERE `token` = '01cc44a42dd088e855be451da5a38a76' LIMIT 1   [ RunTime:0.0647s ]
SQL: UPDATE `xsg_admin_session` SET `expires_time`='1614554022' WHERE `token` = '01cc44a42dd088e855be451da5a38a76' [ RunTime:0.1235s ]
SQL: SELECT `uid` FROM `xsg_admin_session` WHERE `token` = '01cc44a42dd088e855be451da5a38a76' LIMIT 1   [ RunTime:0.2230s ]
SQL: SHOW COLUMNS FROM `xsg_admin_user` [ RunTime:0.1063s ]
SQL: SELECT `id`,`username`,`nickname` FROM `xsg_admin_user` WHERE `id` = 1 LIMIT 1   [ RunTime:0.0823s ]
SQL: SHOW COLUMNS FROM `xsg_introducer` [ RunTime:0.1329s ]
SQL: SELECT * FROM `xsg_introducer` WHERE `is_deleted` = 0 ORDER BY id asc LIMIT 0,15   [ RunTime:0.0531s ]
SQL: SELECT COUNT(*) AS tp_count FROM `xsg_introducer` WHERE `is_deleted` = 0 LIMIT 1   [ RunTime:0.0523s ]

[ 2021-03-01T07:10:27+08:00 ] 127.0.0.1 /xiaoshigong/backend/index.php/Introducer/vlist
INFO: [ app_init ] --START--
INFO: Run Behavior\BuildLiteBehavior [ RunTime:0.000024s ]
INFO: [ app_init ] --END-- [ RunTime:0.001734s ]
INFO: [ app_begin ] --START--
INFO: Run Behavior\ReadHtmlCacheBehavior [ RunTime:0.000838s ]
INFO: [ app_begin ] --END-- [ RunTime:0.000894s ]
SQL: SHOW COLUMNS FROM `xsg_admin_session` [ RunTime:0.0710s ]
SQL: SELECT `expires_time` FROM `xsg_admin_session` WHERE `token` = '01cc44a42dd088e855be451da5a38a76' LIMIT 1   [ RunTime:0.0511s ]
SQL: UPDATE `xsg_admin_session` SET `expires_time`='1614557426' WHERE `token` = '01cc44a42dd088e855be451da5a38a76' [ RunTime:0.0542s ]
SQL: SELECT `uid` FROM `xsg_admin_session` WHERE `token` = '01cc44a42dd088e855be451da5a38a76' LIMIT 1   [ RunTime:0.0506s ]
SQL: SHOW COLUMNS FROM `xsg_admin_user` [ RunTime:0.0595s ]
SQL: SELECT `id`,`username`,`nickname` FROM `xsg_admin_user` WHERE `id` = 1 LIMIT 1   [ RunTime:0.0515s ]
SQL: SHOW COLUMNS FROM `xsg_introducer` [ RunTime:0.0543s ]
SQL: SELECT * FROM `xsg_introducer` WHERE `is_deleted` = 0 ORDER BY id asc LIMIT 0,15   [ RunTime:0.0631s ]
SQL: SELECT COUNT(*) AS tp_count FROM `xsg_introducer` WHERE `is_deleted` = 0 LIMIT 1   [ RunTime:0.0780s ]

[ 2021-03-01T07:20:08+08:00 ] 127.0.0.1 /xiaoshigong/backend/index.php/Introducer/save
INFO: [ app_init ] --START--
INFO: Run Behavior\BuildLiteBehavior [ RunTime:0.000012s ]
INFO: [ app_init ] --END-- [ RunTime:0.000576s ]
INFO: [ app_begin ] --START--
INFO: Run Behavior\ReadHtmlCacheBehavior [ RunTime:0.000709s ]
INFO: [ app_begin ] --END-- [ RunTime:0.000753s ]
SQL: SHOW COLUMNS FROM `xsg_admin_session` [ RunTime:0.0452s ]
SQL: SELECT `expires_time` FROM `xsg_admin_session` WHERE `token` = '01cc44a42dd088e855be451da5a38a76' LIMIT 1   [ RunTime:0.0460s ]
SQL: UPDATE `xsg_admin_session` SET `expires_time`='1614558008' WHERE `token` = '01cc44a42dd088e855be451da5a38a76' [ RunTime:0.0830s ]
SQL: SELECT `uid` FROM `xsg_admin_session` WHERE `token` = '01cc44a42dd088e855be451da5a38a76' LIMIT 1   [ RunTime:0.0455s ]
SQL: SHOW COLUMNS FROM `xsg_admin_user` [ RunTime:0.0449s ]
SQL: SELECT `id`,`username`,`nickname` FROM `xsg_admin_user` WHERE `id` = 1 LIMIT 1   [ RunTime:0.0447s ]
SQL: SHOW COLUMNS FROM `xsg_introducer` [ RunTime:0.0469s ]
SQL: INSERT INTO `xsg_introducer` (`name`,`telphone`,`percentage`,`description`,`status`,`create_by`) VALUES ('高生','1389999666','23','无视对方','1','1') [ RunTime:0.0573s ]
SQL: SELECT * FROM `xsg_introducer` WHERE `id` = 1 LIMIT 1   [ RunTime:0.0449s ]

[ 2021-03-01T07:26:07+08:00 ] 127.0.0.1 /xiaoshigong/backend/index.php/Introducer/vlist
INFO: [ app_init ] --START--
INFO: Run Behavior\BuildLiteBehavior [ RunTime:0.000011s ]
INFO: [ app_init ] --END-- [ RunTime:0.000593s ]
INFO: [ app_begin ] --START--
INFO: Run Behavior\ReadHtmlCacheBehavior [ RunTime:0.000879s ]
INFO: [ app_begin ] --END-- [ RunTime:0.000938s ]
SQL: SHOW COLUMNS FROM `xsg_admin_session` [ RunTime:0.0550s ]
SQL: SELECT `expires_time` FROM `xsg_admin_session` WHERE `token` = '01cc44a42dd088e855be451da5a38a76' LIMIT 1   [ RunTime:0.0608s ]
SQL: UPDATE `xsg_admin_session` SET `expires_time`='1614558367' WHERE `token` = '01cc44a42dd088e855be451da5a38a76' [ RunTime:0.0728s ]
SQL: SELECT `uid` FROM `xsg_admin_session` WHERE `token` = '01cc44a42dd088e855be451da5a38a76' LIMIT 1   [ RunTime:0.0539s ]
SQL: SHOW COLUMNS FROM `xsg_admin_user` [ RunTime:0.0701s ]
SQL: SELECT `id`,`username`,`nickname` FROM `xsg_admin_user` WHERE `id` = 1 LIMIT 1   [ RunTime:0.0587s ]
SQL: SHOW COLUMNS FROM `xsg_introducer` [ RunTime:0.0927s ]
SQL: SELECT * FROM `xsg_introducer` WHERE `is_deleted` = 0 ORDER BY id asc LIMIT 0,15   [ RunTime:0.0556s ]
SQL: SELECT COUNT(*) AS tp_count FROM `xsg_introducer` WHERE `is_deleted` = 0 LIMIT 1   [ RunTime:0.0823s ]

[ 2021-03-01T07:26:38+08:00 ] 127.0.0.1 /xiaoshigong/backend/index.php/Introducer/save
INFO: [ app_init ] --START--
INFO: Run Behavior\BuildLiteBehavior [ RunTime:0.000014s ]
INFO: [ app_init ] --END-- [ RunTime:0.000703s ]
INFO: [ app_begin ] --START--
INFO: Run Behavior\ReadHtmlCacheBehavior [ RunTime:0.000937s ]
INFO: [ app_begin ] --END-- [ RunTime:0.001003s ]
SQL: SHOW COLUMNS FROM `xsg_admin_session` [ RunTime:0.0566s ]
SQL: SELECT `expires_time` FROM `xsg_admin_session` WHERE `token` = '01cc44a42dd088e855be451da5a38a76' LIMIT 1   [ RunTime:0.0534s ]
SQL: UPDATE `xsg_admin_session` SET `expires_time`='1614558398' WHERE `token` = '01cc44a42dd088e855be451da5a38a76' [ RunTime:0.0997s ]
SQL: SELECT `uid` FROM `xsg_admin_session` WHERE `token` = '01cc44a42dd088e855be451da5a38a76' LIMIT 1   [ RunTime:0.0614s ]
SQL: SHOW COLUMNS FROM `xsg_admin_user` [ RunTime:0.0556s ]
SQL: SELECT `id`,`username`,`nickname` FROM `xsg_admin_user` WHERE `id` = 1 LIMIT 1   [ RunTime:0.0679s ]
SQL: SHOW COLUMNS FROM `xsg_introducer` [ RunTime:0.0518s ]
ERR: SQLSTATE[22003]: Numeric value out of range: 1264 Out of range value for column 'percentage' at row 1

[ 2021-03-01T07:28:32+08:00 ] 127.0.0.1 /xiaoshigong/backend/index.php/Introducer/vlist
INFO: [ app_init ] --START--
INFO: Run Behavior\BuildLiteBehavior [ RunTime:0.000013s ]
INFO: [ app_init ] --END-- [ RunTime:0.000485s ]
INFO: [ app_begin ] --START--
INFO: Run Behavior\ReadHtmlCacheBehavior [ RunTime:0.000722s ]
INFO: [ app_begin ] --END-- [ RunTime:0.000787s ]
SQL: SHOW COLUMNS FROM `xsg_admin_session` [ RunTime:0.0494s ]
SQL: SELECT `expires_time` FROM `xsg_admin_session` WHERE `token` = '01cc44a42dd088e855be451da5a38a76' LIMIT 1   [ RunTime:0.0568s ]
SQL: UPDATE `xsg_admin_session` SET `expires_time`='1614558511' WHERE `token` = '01cc44a42dd088e855be451da5a38a76' [ RunTime:0.0527s ]
SQL: SELECT `uid` FROM `xsg_admin_session` WHERE `token` = '01cc44a42dd088e855be451da5a38a76' LIMIT 1   [ RunTime:0.0527s ]
SQL: SHOW COLUMNS FROM `xsg_admin_user` [ RunTime:0.0486s ]
SQL: SELECT `id`,`username`,`nickname` FROM `xsg_admin_user` WHERE `id` = 1 LIMIT 1   [ RunTime:0.0513s ]
SQL: SHOW COLUMNS FROM `xsg_introducer` [ RunTime:0.0510s ]
SQL: SELECT * FROM `xsg_introducer` WHERE `is_deleted` = 0 ORDER BY id asc LIMIT 0,15   [ RunTime:0.0533s ]
SQL: SELECT COUNT(*) AS tp_count FROM `xsg_introducer` WHERE `is_deleted` = 0 LIMIT 1   [ RunTime:0.0482s ]

[ 2021-03-01T07:28:42+08:00 ] 127.0.0.1 /xiaoshigong/backend/index.php/Introducer/save
INFO: [ app_init ] --START--
INFO: Run Behavior\BuildLiteBehavior [ RunTime:0.000012s ]
INFO: [ app_init ] --END-- [ RunTime:0.000628s ]
INFO: [ app_begin ] --START--
INFO: Run Behavior\ReadHtmlCacheBehavior [ RunTime:0.001104s ]
INFO: [ app_begin ] --END-- [ RunTime:0.001170s ]
SQL: SHOW COLUMNS FROM `xsg_admin_session` [ RunTime:0.0562s ]
SQL: SELECT `expires_time` FROM `xsg_admin_session` WHERE `token` = '01cc44a42dd088e855be451da5a38a76' LIMIT 1   [ RunTime:0.0500s ]
SQL: UPDATE `xsg_admin_session` SET `expires_time`='1614558522' WHERE `token` = '01cc44a42dd088e855be451da5a38a76' [ RunTime:0.0565s ]
SQL: SELECT `uid` FROM `xsg_admin_session` WHERE `token` = '01cc44a42dd088e855be451da5a38a76' LIMIT 1   [ RunTime:0.0644s ]
SQL: SHOW COLUMNS FROM `xsg_admin_user` [ RunTime:0.0590s ]
SQL: SELECT `id`,`username`,`nickname` FROM `xsg_admin_user` WHERE `id` = 1 LIMIT 1   [ RunTime:0.0510s ]
SQL: SHOW COLUMNS FROM `xsg_introducer` [ RunTime:0.0538s ]
ERR: SQLSTATE[22003]: Numeric value out of range: 1264 Out of range value for column 'percentage' at row 1

[ 2021-03-01T07:32:06+08:00 ] 127.0.0.1 /xiaoshigong/backend/index.php/Introducer/save
INFO: [ app_init ] --START--
INFO: Run Behavior\BuildLiteBehavior [ RunTime:0.000010s ]
INFO: [ app_init ] --END-- [ RunTime:0.000541s ]
INFO: [ app_begin ] --START--
INFO: Run Behavior\ReadHtmlCacheBehavior [ RunTime:0.000673s ]
INFO: [ app_begin ] --END-- [ RunTime:0.000716s ]
SQL: SHOW COLUMNS FROM `xsg_admin_session` [ RunTime:0.0566s ]
SQL: SELECT `expires_time` FROM `xsg_admin_session` WHERE `token` = '01cc44a42dd088e855be451da5a38a76' LIMIT 1   [ RunTime:0.0549s ]
SQL: UPDATE `xsg_admin_session` SET `expires_time`='1614558725' WHERE `token` = '01cc44a42dd088e855be451da5a38a76' [ RunTime:0.0497s ]
SQL: SELECT `uid` FROM `xsg_admin_session` WHERE `token` = '01cc44a42dd088e855be451da5a38a76' LIMIT 1   [ RunTime:0.0481s ]
SQL: SHOW COLUMNS FROM `xsg_admin_user` [ RunTime:0.0547s ]
SQL: SELECT `id`,`username`,`nickname` FROM `xsg_admin_user` WHERE `id` = 1 LIMIT 1   [ RunTime:0.0511s ]
SQL: SHOW COLUMNS FROM `xsg_introducer` [ RunTime:0.0523s ]
SQL: INSERT INTO `xsg_introducer` (`name`,`telphone`,`percentage`,`description`,`status`,`create_by`) VALUES ('33','44','0','','1','1') [ RunTime:0.2025s ]
SQL: SELECT * FROM `xsg_introducer` WHERE `id` = 1 LIMIT 1   [ RunTime:0.1034s ]

[ 2021-03-01T07:32:17+08:00 ] 127.0.0.1 /xiaoshigong/backend/index.php/Introducer/save
INFO: [ app_init ] --START--
INFO: Run Behavior\BuildLiteBehavior [ RunTime:0.000010s ]
INFO: [ app_init ] --END-- [ RunTime:0.000528s ]
INFO: [ app_begin ] --START--
INFO: Run Behavior\ReadHtmlCacheBehavior [ RunTime:0.000680s ]
INFO: [ app_begin ] --END-- [ RunTime:0.000726s ]
SQL: SHOW COLUMNS FROM `xsg_admin_session` [ RunTime:0.0561s ]
SQL: SELECT `expires_time` FROM `xsg_admin_session` WHERE `token` = '01cc44a42dd088e855be451da5a38a76' LIMIT 1   [ RunTime:0.0733s ]
SQL: UPDATE `xsg_admin_session` SET `expires_time`='1614558737' WHERE `token` = '01cc44a42dd088e855be451da5a38a76' [ RunTime:0.0550s ]
SQL: SELECT `uid` FROM `xsg_admin_session` WHERE `token` = '01cc44a42dd088e855be451da5a38a76' LIMIT 1   [ RunTime:0.0527s ]
SQL: SHOW COLUMNS FROM `xsg_admin_user` [ RunTime:0.0561s ]
SQL: SELECT `id`,`username`,`nickname` FROM `xsg_admin_user` WHERE `id` = 1 LIMIT 1   [ RunTime:0.0530s ]
SQL: SHOW COLUMNS FROM `xsg_introducer` [ RunTime:0.0529s ]
ERR: SQLSTATE[22003]: Numeric value out of range: 1264 Out of range value for column 'percentage' at row 1

[ 2021-03-01T07:33:14+08:00 ] 127.0.0.1 /xiaoshigong/backend/index.php/Introducer/save
INFO: [ app_init ] --START--
INFO: Run Behavior\BuildLiteBehavior [ RunTime:0.000009s ]
INFO: [ app_init ] --END-- [ RunTime:0.000430s ]
INFO: [ app_begin ] --START--
INFO: Run Behavior\ReadHtmlCacheBehavior [ RunTime:0.000531s ]
INFO: [ app_begin ] --END-- [ RunTime:0.000566s ]
SQL: SHOW COLUMNS FROM `xsg_admin_session` [ RunTime:0.0525s ]
SQL: SELECT `expires_time` FROM `xsg_admin_session` WHERE `token` = '01cc44a42dd088e855be451da5a38a76' LIMIT 1   [ RunTime:0.0470s ]
SQL: UPDATE `xsg_admin_session` SET `expires_time`='1614558793' WHERE `token` = '01cc44a42dd088e855be451da5a38a76' [ RunTime:0.0518s ]
SQL: SELECT `uid` FROM `xsg_admin_session` WHERE `token` = '01cc44a42dd088e855be451da5a38a76' LIMIT 1   [ RunTime:0.0600s ]
SQL: SHOW COLUMNS FROM `xsg_admin_user` [ RunTime:0.0536s ]
SQL: SELECT `id`,`username`,`nickname` FROM `xsg_admin_user` WHERE `id` = 1 LIMIT 1   [ RunTime:0.0493s ]
SQL: SHOW COLUMNS FROM `xsg_introducer` [ RunTime:0.0480s ]
ERR: SQLSTATE[22003]: Numeric value out of range: 1264 Out of range value for column 'percentage' at row 1

[ 2021-03-01T07:33:38+08:00 ] 127.0.0.1 /xiaoshigong/backend/index.php/Introducer/save
INFO: [ app_init ] --START--
INFO: Run Behavior\BuildLiteBehavior [ RunTime:0.000009s ]
INFO: [ app_init ] --END-- [ RunTime:0.000489s ]
INFO: [ app_begin ] --START--
INFO: Run Behavior\ReadHtmlCacheBehavior [ RunTime:0.000564s ]
INFO: [ app_begin ] --END-- [ RunTime:0.000599s ]
SQL: SHOW COLUMNS FROM `xsg_admin_session` [ RunTime:0.0563s ]
SQL: SELECT `expires_time` FROM `xsg_admin_session` WHERE `token` = '01cc44a42dd088e855be451da5a38a76' LIMIT 1   [ RunTime:0.0546s ]
SQL: UPDATE `xsg_admin_session` SET `expires_time`='1614558818' WHERE `token` = '01cc44a42dd088e855be451da5a38a76' [ RunTime:0.0579s ]
SQL: SELECT `uid` FROM `xsg_admin_session` WHERE `token` = '01cc44a42dd088e855be451da5a38a76' LIMIT 1   [ RunTime:0.0808s ]
SQL: SHOW COLUMNS FROM `xsg_admin_user` [ RunTime:0.0563s ]
SQL: SELECT `id`,`username`,`nickname` FROM `xsg_admin_user` WHERE `id` = 1 LIMIT 1   [ RunTime:0.0579s ]
SQL: SHOW COLUMNS FROM `xsg_introducer` [ RunTime:0.0552s ]
ERR: SQLSTATE[22003]: Numeric value out of range: 1264 Out of range value for column 'percentage' at row 1

[ 2021-03-01T07:33:53+08:00 ] 127.0.0.1 /xiaoshigong/backend/index.php/Introducer/save
INFO: [ app_init ] --START--
INFO: Run Behavior\BuildLiteBehavior [ RunTime:0.000012s ]
INFO: [ app_init ] --END-- [ RunTime:0.000594s ]
INFO: [ app_begin ] --START--
INFO: Run Behavior\ReadHtmlCacheBehavior [ RunTime:0.000790s ]
INFO: [ app_begin ] --END-- [ RunTime:0.000849s ]
SQL: SHOW COLUMNS FROM `xsg_admin_session` [ RunTime:0.0520s ]
SQL: SELECT `expires_time` FROM `xsg_admin_session` WHERE `token` = '01cc44a42dd088e855be451da5a38a76' LIMIT 1   [ RunTime:0.0511s ]
SQL: UPDATE `xsg_admin_session` SET `expires_time`='1614558832' WHERE `token` = '01cc44a42dd088e855be451da5a38a76' [ RunTime:0.0533s ]
SQL: SELECT `uid` FROM `xsg_admin_session` WHERE `token` = '01cc44a42dd088e855be451da5a38a76' LIMIT 1   [ RunTime:0.0503s ]
SQL: SHOW COLUMNS FROM `xsg_admin_user` [ RunTime:0.0525s ]
SQL: SELECT `id`,`username`,`nickname` FROM `xsg_admin_user` WHERE `id` = 1 LIMIT 1   [ RunTime:0.0567s ]
SQL: SHOW COLUMNS FROM `xsg_introducer` [ RunTime:0.0596s ]
SQL: INSERT INTO `xsg_introducer` (`name`,`telphone`,`percentage`,`description`,`status`,`create_by`) VALUES ('3','4','12','','1','1') [ RunTime:0.0605s ]
SQL: SELECT * FROM `xsg_introducer` WHERE `id` = 2 LIMIT 1   [ RunTime:0.0552s ]

[ 2021-03-01T07:34:03+08:00 ] 127.0.0.1 /xiaoshigong/backend/index.php/Introducer/deleteone?id=1
INFO: [ app_init ] --START--
INFO: Run Behavior\BuildLiteBehavior [ RunTime:0.000012s ]
INFO: [ app_init ] --END-- [ RunTime:0.000596s ]
INFO: [ app_begin ] --START--
INFO: Run Behavior\ReadHtmlCacheBehavior [ RunTime:0.000660s ]
INFO: [ app_begin ] --END-- [ RunTime:0.000702s ]
SQL: SHOW COLUMNS FROM `xsg_admin_session` [ RunTime:0.0584s ]
SQL: SELECT `expires_time` FROM `xsg_admin_session` WHERE `token` = '01cc44a42dd088e855be451da5a38a76' LIMIT 1   [ RunTime:0.0538s ]
SQL: UPDATE `xsg_admin_session` SET `expires_time`='1614558843' WHERE `token` = '01cc44a42dd088e855be451da5a38a76' [ RunTime:0.0697s ]
SQL: SELECT `uid` FROM `xsg_admin_session` WHERE `token` = '01cc44a42dd088e855be451da5a38a76' LIMIT 1   [ RunTime:0.0538s ]
SQL: SHOW COLUMNS FROM `xsg_admin_user` [ RunTime:0.0642s ]
SQL: SELECT `id`,`username`,`nickname` FROM `xsg_admin_user` WHERE `id` = 1 LIMIT 1   [ RunTime:0.0539s ]
SQL: SHOW COLUMNS FROM `xsg_introducer` [ RunTime:0.0523s ]
SQL: UPDATE `xsg_introducer` SET `is_deleted`='1' WHERE `id` = 1 [ RunTime:0.0859s ]

[ 2021-03-01T07:34:07+08:00 ] 127.0.0.1 /xiaoshigong/backend/index.php/Introducer/deleteone?id=2
INFO: [ app_init ] --START--
INFO: Run Behavior\BuildLiteBehavior [ RunTime:0.000010s ]
INFO: [ app_init ] --END-- [ RunTime:0.000585s ]
INFO: [ app_begin ] --START--
INFO: Run Behavior\ReadHtmlCacheBehavior [ RunTime:0.000742s ]
INFO: [ app_begin ] --END-- [ RunTime:0.000790s ]
SQL: SHOW COLUMNS FROM `xsg_admin_session` [ RunTime:0.0473s ]
SQL: SELECT `expires_time` FROM `xsg_admin_session` WHERE `token` = '01cc44a42dd088e855be451da5a38a76' LIMIT 1   [ RunTime:0.0468s ]
SQL: UPDATE `xsg_admin_session` SET `expires_time`='1614558846' WHERE `token` = '01cc44a42dd088e855be451da5a38a76' [ RunTime:0.0692s ]
SQL: SELECT `uid` FROM `xsg_admin_session` WHERE `token` = '01cc44a42dd088e855be451da5a38a76' LIMIT 1   [ RunTime:0.0690s ]
SQL: SHOW COLUMNS FROM `xsg_admin_user` [ RunTime:0.0506s ]
SQL: SELECT `id`,`username`,`nickname` FROM `xsg_admin_user` WHERE `id` = 1 LIMIT 1   [ RunTime:0.0906s ]
SQL: SHOW COLUMNS FROM `xsg_introducer` [ RunTime:0.0657s ]
SQL: UPDATE `xsg_introducer` SET `is_deleted`='1' WHERE `id` = 2 [ RunTime:0.0725s ]

[ 2021-03-01T07:51:08+08:00 ] 127.0.0.1 /xiaoshigong/backend/index.php/Introducer/vlist
INFO: [ app_init ] --START--
INFO: Run Behavior\BuildLiteBehavior [ RunTime:0.000011s ]
INFO: [ app_init ] --END-- [ RunTime:0.000444s ]
INFO: [ app_begin ] --START--
INFO: Run Behavior\ReadHtmlCacheBehavior [ RunTime:0.000693s ]
INFO: [ app_begin ] --END-- [ RunTime:0.000750s ]
SQL: SHOW COLUMNS FROM `xsg_admin_session` [ RunTime:0.0547s ]
SQL: SELECT `expires_time` FROM `xsg_admin_session` WHERE `token` = '01cc44a42dd088e855be451da5a38a76' LIMIT 1   [ RunTime:0.0515s ]
SQL: UPDATE `xsg_admin_session` SET `expires_time`='1614559867' WHERE `token` = '01cc44a42dd088e855be451da5a38a76' [ RunTime:0.0744s ]
SQL: SELECT `uid` FROM `xsg_admin_session` WHERE `token` = '01cc44a42dd088e855be451da5a38a76' LIMIT 1   [ RunTime:0.0588s ]
SQL: SHOW COLUMNS FROM `xsg_admin_user` [ RunTime:0.0949s ]
SQL: SELECT `id`,`username`,`nickname` FROM `xsg_admin_user` WHERE `id` = 1 LIMIT 1   [ RunTime:0.0584s ]
SQL: SHOW COLUMNS FROM `xsg_introducer` [ RunTime:0.0580s ]
SQL: SELECT * FROM `xsg_introducer` WHERE `is_deleted` = 0 ORDER BY id asc LIMIT 0,15   [ RunTime:0.0532s ]
SQL: SELECT COUNT(*) AS tp_count FROM `xsg_introducer` WHERE `is_deleted` = 0 LIMIT 1   [ RunTime:0.0541s ]

[ 2021-03-01T07:54:54+08:00 ] 127.0.0.1 /xiaoshigong/backend/index.php/Introducer/vlist
INFO: [ app_init ] --START--
INFO: Run Behavior\BuildLiteBehavior [ RunTime:0.000011s ]
INFO: [ app_init ] --END-- [ RunTime:0.000510s ]
INFO: [ app_begin ] --START--
INFO: Run Behavior\ReadHtmlCacheBehavior [ RunTime:0.000625s ]
INFO: [ app_begin ] --END-- [ RunTime:0.000670s ]
SQL: SHOW COLUMNS FROM `xsg_admin_session` [ RunTime:0.0695s ]
SQL: SELECT `expires_time` FROM `xsg_admin_session` WHERE `token` = '01cc44a42dd088e855be451da5a38a76' LIMIT 1   [ RunTime:0.0725s ]
SQL: UPDATE `xsg_admin_session` SET `expires_time`='1614560093' WHERE `token` = '01cc44a42dd088e855be451da5a38a76' [ RunTime:0.1051s ]
SQL: SELECT `uid` FROM `xsg_admin_session` WHERE `token` = '01cc44a42dd088e855be451da5a38a76' LIMIT 1   [ RunTime:0.0540s ]
SQL: SHOW COLUMNS FROM `xsg_admin_user` [ RunTime:0.0540s ]
SQL: SELECT `id`,`username`,`nickname` FROM `xsg_admin_user` WHERE `id` = 1 LIMIT 1   [ RunTime:0.0523s ]
SQL: SHOW COLUMNS FROM `xsg_introducer` [ RunTime:0.0645s ]
SQL: SELECT * FROM `xsg_introducer` WHERE `is_deleted` = 0 ORDER BY id asc LIMIT 0,15   [ RunTime:0.0570s ]
SQL: SELECT COUNT(*) AS tp_count FROM `xsg_introducer` WHERE `is_deleted` = 0 LIMIT 1   [ RunTime:0.0539s ]

[ 2021-03-01T07:55:49+08:00 ] 127.0.0.1 /xiaoshigong/backend/index.php/Introducer/vlist
INFO: [ app_init ] --START--
INFO: Run Behavior\BuildLiteBehavior [ RunTime:0.000013s ]
INFO: [ app_init ] --END-- [ RunTime:0.000898s ]
INFO: [ app_begin ] --START--
INFO: Run Behavior\ReadHtmlCacheBehavior [ RunTime:0.000908s ]
INFO: [ app_begin ] --END-- [ RunTime:0.000962s ]
SQL: SHOW COLUMNS FROM `xsg_admin_session` [ RunTime:0.0536s ]
SQL: SELECT `expires_time` FROM `xsg_admin_session` WHERE `token` = '01cc44a42dd088e855be451da5a38a76' LIMIT 1   [ RunTime:0.0469s ]
SQL: UPDATE `xsg_admin_session` SET `expires_time`='1614560149' WHERE `token` = '01cc44a42dd088e855be451da5a38a76' [ RunTime:0.0682s ]
SQL: SELECT `uid` FROM `xsg_admin_session` WHERE `token` = '01cc44a42dd088e855be451da5a38a76' LIMIT 1   [ RunTime:0.0506s ]
SQL: SHOW COLUMNS FROM `xsg_admin_user` [ RunTime:0.0476s ]
SQL: SELECT `id`,`username`,`nickname` FROM `xsg_admin_user` WHERE `id` = 1 LIMIT 1   [ RunTime:0.0485s ]
SQL: SHOW COLUMNS FROM `xsg_introducer` [ RunTime:0.0768s ]
SQL: SELECT * FROM `xsg_introducer` WHERE `is_deleted` = 0 ORDER BY id asc LIMIT 0,15   [ RunTime:0.0474s ]
SQL: SELECT COUNT(*) AS tp_count FROM `xsg_introducer` WHERE `is_deleted` = 0 LIMIT 1   [ RunTime:0.0448s ]

[ 2021-03-01T08:02:46+08:00 ] 127.0.0.1 /xiaoshigong/backend/index.php/Introducer/save
INFO: [ app_init ] --START--
INFO: Run Behavior\BuildLiteBehavior [ RunTime:0.000010s ]
INFO: [ app_init ] --END-- [ RunTime:0.000552s ]
INFO: [ app_begin ] --START--
INFO: Run Behavior\ReadHtmlCacheBehavior [ RunTime:0.000780s ]
INFO: [ app_begin ] --END-- [ RunTime:0.000826s ]
SQL: SHOW COLUMNS FROM `xsg_admin_session` [ RunTime:0.0544s ]
SQL: SELECT `expires_time` FROM `xsg_admin_session` WHERE `token` = '01cc44a42dd088e855be451da5a38a76' LIMIT 1   [ RunTime:0.0795s ]
SQL: UPDATE `xsg_admin_session` SET `expires_time`='1614560566' WHERE `token` = '01cc44a42dd088e855be451da5a38a76' [ RunTime:0.0535s ]
SQL: SELECT `uid` FROM `xsg_admin_session` WHERE `token` = '01cc44a42dd088e855be451da5a38a76' LIMIT 1   [ RunTime:0.0545s ]
SQL: SHOW COLUMNS FROM `xsg_admin_user` [ RunTime:0.0724s ]
SQL: SELECT `id`,`username`,`nickname` FROM `xsg_admin_user` WHERE `id` = 1 LIMIT 1   [ RunTime:0.1008s ]
SQL: SHOW COLUMNS FROM `xsg_introducer` [ RunTime:0.0723s ]
SQL: INSERT INTO `xsg_introducer` (`name`,`telphone`,`percentage`,`description`,`status`,`create_by`) VALUES ('高生','1360009998','9.5','饿死的的','1','1') [ RunTime:0.0533s ]
SQL: SELECT * FROM `xsg_introducer` WHERE `id` = 1 LIMIT 1   [ RunTime:0.0548s ]

[ 2021-03-01T08:02:58+08:00 ] 127.0.0.1 /xiaoshigong/backend/index.php/Introducer/info?id=1
INFO: [ app_init ] --START--
INFO: Run Behavior\BuildLiteBehavior [ RunTime:0.000011s ]
INFO: [ app_init ] --END-- [ RunTime:0.000566s ]
INFO: [ app_begin ] --START--
INFO: Run Behavior\ReadHtmlCacheBehavior [ RunTime:0.000762s ]
INFO: [ app_begin ] --END-- [ RunTime:0.000814s ]
SQL: SHOW COLUMNS FROM `xsg_admin_session` [ RunTime:0.0585s ]
SQL: SELECT `expires_time` FROM `xsg_admin_session` WHERE `token` = '01cc44a42dd088e855be451da5a38a76' LIMIT 1   [ RunTime:0.0609s ]
SQL: UPDATE `xsg_admin_session` SET `expires_time`='1614560577' WHERE `token` = '01cc44a42dd088e855be451da5a38a76' [ RunTime:0.0588s ]
SQL: SELECT `uid` FROM `xsg_admin_session` WHERE `token` = '01cc44a42dd088e855be451da5a38a76' LIMIT 1   [ RunTime:0.0522s ]
SQL: SHOW COLUMNS FROM `xsg_admin_user` [ RunTime:0.0606s ]
SQL: SELECT `id`,`username`,`nickname` FROM `xsg_admin_user` WHERE `id` = 1 LIMIT 1   [ RunTime:0.1362s ]
SQL: SHOW COLUMNS FROM `xsg_introducer` [ RunTime:0.0564s ]
SQL: SELECT * FROM `xsg_introducer` WHERE ( id = 1 ) LIMIT 1   [ RunTime:0.0554s ]

[ 2021-03-01T08:03:08+08:00 ] 127.0.0.1 /xiaoshigong/backend/index.php/Introducer/save
INFO: [ app_init ] --START--
INFO: Run Behavior\BuildLiteBehavior [ RunTime:0.000009s ]
INFO: [ app_init ] --END-- [ RunTime:0.000450s ]
INFO: [ app_begin ] --START--
INFO: Run Behavior\ReadHtmlCacheBehavior [ RunTime:0.000561s ]
INFO: [ app_begin ] --END-- [ RunTime:0.000597s ]
SQL: SHOW COLUMNS FROM `xsg_admin_session` [ RunTime:0.0547s ]
SQL: SELECT `expires_time` FROM `xsg_admin_session` WHERE `token` = '01cc44a42dd088e855be451da5a38a76' LIMIT 1   [ RunTime:0.0606s ]
SQL: UPDATE `xsg_admin_session` SET `expires_time`='1614560587' WHERE `token` = '01cc44a42dd088e855be451da5a38a76' [ RunTime:0.0592s ]
SQL: SELECT `uid` FROM `xsg_admin_session` WHERE `token` = '01cc44a42dd088e855be451da5a38a76' LIMIT 1   [ RunTime:0.0739s ]
SQL: SHOW COLUMNS FROM `xsg_admin_user` [ RunTime:0.0568s ]
SQL: SELECT `id`,`username`,`nickname` FROM `xsg_admin_user` WHERE `id` = 1 LIMIT 1   [ RunTime:0.0504s ]
SQL: SHOW COLUMNS FROM `xsg_introducer` [ RunTime:0.0531s ]
SQL: UPDATE `xsg_introducer` SET `name`='高生',`telphone`='1360009998',`percentage`='10',`status`='1',`is_deleted`='0',`description`='饿死的的啊',`create_by`='1',`create_time`='2021-03-01 08:02:47',`update_time`='2021-03-01 08:03:07',`update_by`='1' WHERE `id` = 1 [ RunTime:0.0544s ]
SQL: SELECT * FROM `xsg_introducer` WHERE `id` = 1 LIMIT 1   [ RunTime:0.0522s ]

[ 2021-03-01T08:03:12+08:00 ] 127.0.0.1 /xiaoshigong/backend/index.php/Introducer/vlist
INFO: [ app_init ] --START--
INFO: Run Behavior\BuildLiteBehavior [ RunTime:0.000013s ]
INFO: [ app_init ] --END-- [ RunTime:0.000503s ]
INFO: [ app_begin ] --START--
INFO: Run Behavior\ReadHtmlCacheBehavior [ RunTime:0.000732s ]
INFO: [ app_begin ] --END-- [ RunTime:0.000786s ]
SQL: SHOW COLUMNS FROM `xsg_admin_session` [ RunTime:0.0591s ]
SQL: SELECT `expires_time` FROM `xsg_admin_session` WHERE `token` = '01cc44a42dd088e855be451da5a38a76' LIMIT 1   [ RunTime:0.0536s ]
SQL: UPDATE `xsg_admin_session` SET `expires_time`='1614560592' WHERE `token` = '01cc44a42dd088e855be451da5a38a76' [ RunTime:0.0535s ]
SQL: SELECT `uid` FROM `xsg_admin_session` WHERE `token` = '01cc44a42dd088e855be451da5a38a76' LIMIT 1   [ RunTime:0.0544s ]
SQL: SHOW COLUMNS FROM `xsg_admin_user` [ RunTime:0.0507s ]
SQL: SELECT `id`,`username`,`nickname` FROM `xsg_admin_user` WHERE `id` = 1 LIMIT 1   [ RunTime:0.0471s ]
SQL: SHOW COLUMNS FROM `xsg_introducer` [ RunTime:0.0498s ]
SQL: SELECT * FROM `xsg_introducer` WHERE `is_deleted` = 0 ORDER BY id asc LIMIT 0,15   [ RunTime:0.0473s ]
SQL: SELECT COUNT(*) AS tp_count FROM `xsg_introducer` WHERE `is_deleted` = 0 LIMIT 1   [ RunTime:0.0621s ]

[ 2021-03-01T08:04:56+08:00 ] 127.0.0.1 /xiaoshigong/backend/index.php/Introducer/vlist
INFO: [ app_init ] --START--
INFO: Run Behavior\BuildLiteBehavior [ RunTime:0.000014s ]
INFO: [ app_init ] --END-- [ RunTime:0.000881s ]
INFO: [ app_begin ] --START--
INFO: Run Behavior\ReadHtmlCacheBehavior [ RunTime:0.000897s ]
INFO: [ app_begin ] --END-- [ RunTime:0.000962s ]
SQL: SHOW COLUMNS FROM `xsg_admin_session` [ RunTime:0.1003s ]
SQL: SELECT `expires_time` FROM `xsg_admin_session` WHERE `token` = '01cc44a42dd088e855be451da5a38a76' LIMIT 1   [ RunTime:0.0599s ]
SQL: UPDATE `xsg_admin_session` SET `expires_time`='1614560696' WHERE `token` = '01cc44a42dd088e855be451da5a38a76' [ RunTime:0.0540s ]
SQL: SELECT `uid` FROM `xsg_admin_session` WHERE `token` = '01cc44a42dd088e855be451da5a38a76' LIMIT 1   [ RunTime:0.0508s ]
SQL: SHOW COLUMNS FROM `xsg_admin_user` [ RunTime:0.0546s ]
SQL: SELECT `id`,`username`,`nickname` FROM `xsg_admin_user` WHERE `id` = 1 LIMIT 1   [ RunTime:0.0520s ]
SQL: SHOW COLUMNS FROM `xsg_introducer` [ RunTime:0.0503s ]
SQL: SELECT * FROM `xsg_introducer` WHERE `is_deleted` = 0 ORDER BY id asc LIMIT 0,15   [ RunTime:0.0527s ]
SQL: SELECT COUNT(*) AS tp_count FROM `xsg_introducer` WHERE `is_deleted` = 0 LIMIT 1   [ RunTime:0.0579s ]

[ 2021-03-01T14:20:17+08:00 ] 127.0.0.1 /xiaoshigong/backend/index.php/Worker/vlist
INFO: [ app_init ] --START--
INFO: Run Behavior\BuildLiteBehavior [ RunTime:0.000011s ]
INFO: [ app_init ] --END-- [ RunTime:0.000896s ]
INFO: [ app_begin ] --START--
INFO: Run Behavior\ReadHtmlCacheBehavior [ RunTime:0.010411s ]
INFO: [ app_begin ] --END-- [ RunTime:0.010478s ]
ERR: 无法加载控制器:Worker

[ 2021-03-01T14:21:24+08:00 ] 127.0.0.1 /xiaoshigong/backend/index.php/Worker/vlist
INFO: [ app_init ] --START--
INFO: Run Behavior\BuildLiteBehavior [ RunTime:0.000014s ]
INFO: [ app_init ] --END-- [ RunTime:0.000504s ]
INFO: [ app_begin ] --START--
INFO: Run Behavior\ReadHtmlCacheBehavior [ RunTime:0.000588s ]
INFO: [ app_begin ] --END-- [ RunTime:0.000635s ]
SQL: SHOW COLUMNS FROM `xsg_admin_session` [ RunTime:0.0535s ]
SQL: SELECT `expires_time` FROM `xsg_admin_session` WHERE `token` = '01cc44a42dd088e855be451da5a38a76' LIMIT 1   [ RunTime:0.0592s ]

[ 2021-03-01T14:21:35+08:00 ] 127.0.0.1 /xiaoshigong/backend/index.php/Main/login
INFO: [ app_init ] --START--
INFO: Run Behavior\BuildLiteBehavior [ RunTime:0.000009s ]
INFO: [ app_init ] --END-- [ RunTime:0.000420s ]
INFO: [ app_begin ] --START--
INFO: Run Behavior\ReadHtmlCacheBehavior [ RunTime:0.000547s ]
INFO: [ app_begin ] --END-- [ RunTime:0.000582s ]
SQL: SHOW COLUMNS FROM `xsg_admin_user` [ RunTime:0.0515s ]
SQL: SELECT * FROM `xsg_admin_user` WHERE `username` = 'xsgadmin' LIMIT 1   [ RunTime:0.0483s ]
SQL: SELECT `id`,`username`,`nickname`,`status` FROM `xsg_admin_user` WHERE `username` = 'xsgadmin' AND `password` = '457856af8cdc571a463c07920b4adc07' LIMIT 1   [ RunTime:0.0548s ]

[ 2021-03-01T14:21:43+08:00 ] 127.0.0.1 /xiaoshigong/backend/index.php/Main/login
INFO: [ app_init ] --START--
INFO: Run Behavior\BuildLiteBehavior [ RunTime:0.000009s ]
INFO: [ app_init ] --END-- [ RunTime:0.000435s ]
INFO: [ app_begin ] --START--
INFO: Run Behavior\ReadHtmlCacheBehavior [ RunTime:0.000550s ]
INFO: [ app_begin ] --END-- [ RunTime:0.000586s ]
SQL: SHOW COLUMNS FROM `xsg_admin_user` [ RunTime:0.0506s ]
SQL: SELECT * FROM `xsg_admin_user` WHERE `username` = 'xsgadmin' LIMIT 1   [ RunTime:0.0517s ]
SQL: SELECT `id`,`username`,`nickname`,`status` FROM `xsg_admin_user` WHERE `username` = 'xsgadmin' AND `password` = 'da9927a3153c7d8b4a43bcdde4894dea' LIMIT 1   [ RunTime:0.0530s ]
SQL: SHOW COLUMNS FROM `xsg_admin_session` [ RunTime:0.0490s ]
NOTIC: [8] Undefined variable: uid D:\work\xiaoshigong\backend\Home\Controller\MainController.class.php 第 113 行.
SQL: SELECT * FROM `xsg_admin_session` WHERE `uid` = 1 LIMIT 1   [ RunTime:0.0591s ]
SQL: UPDATE `xsg_admin_session` SET `token`='61c3f8c61c6dc6219215b78b01d4b780',`expires_time`='1614583303' WHERE `uid` = 1 [ RunTime:0.0540s ]

[ 2021-03-01T14:21:48+08:00 ] 127.0.0.1 /xiaoshigong/backend/index.php/Worker/vlist
INFO: [ app_init ] --START--
INFO: Run Behavior\BuildLiteBehavior [ RunTime:0.000009s ]
INFO: [ app_init ] --END-- [ RunTime:0.000454s ]
INFO: [ app_begin ] --START--
INFO: Run Behavior\ReadHtmlCacheBehavior [ RunTime:0.000549s ]
INFO: [ app_begin ] --END-- [ RunTime:0.000585s ]
SQL: SHOW COLUMNS FROM `xsg_admin_session` [ RunTime:0.0918s ]
SQL: SELECT `expires_time` FROM `xsg_admin_session` WHERE `token` = '61c3f8c61c6dc6219215b78b01d4b780' LIMIT 1   [ RunTime:0.0757s ]
SQL: UPDATE `xsg_admin_session` SET `expires_time`='1614583307' WHERE `token` = '61c3f8c61c6dc6219215b78b01d4b780' [ RunTime:0.0548s ]
SQL: SELECT `uid` FROM `xsg_admin_session` WHERE `token` = '61c3f8c61c6dc6219215b78b01d4b780' LIMIT 1   [ RunTime:0.0651s ]
SQL: SHOW COLUMNS FROM `xsg_admin_user` [ RunTime:0.0610s ]
SQL: SELECT `id`,`username`,`nickname` FROM `xsg_admin_user` WHERE `id` = 1 LIMIT 1   [ RunTime:0.0524s ]
SQL: SHOW COLUMNS FROM `xsg_worker` [ RunTime:0.0710s ]
SQL: SELECT * FROM `xsg_worker` ORDER BY id asc LIMIT 0,15   [ RunTime:0.0954s ]
SQL: SELECT COUNT(*) AS tp_count FROM `xsg_worker` LIMIT 1   [ RunTime:0.0510s ]

[ 2021-03-01T16:37:42+08:00 ] 127.0.0.1 /xiaoshigong/backend/index.php/Worker/vlist
INFO: [ app_init ] --START--
INFO: Run Behavior\BuildLiteBehavior [ RunTime:0.000011s ]
INFO: [ app_init ] --END-- [ RunTime:0.000988s ]
INFO: [ app_begin ] --START--
INFO: Run Behavior\ReadHtmlCacheBehavior [ RunTime:0.001616s ]
INFO: [ app_begin ] --END-- [ RunTime:0.001677s ]
SQL: SHOW COLUMNS FROM `xsg_admin_session` [ RunTime:0.0590s ]
SQL: SELECT `expires_time` FROM `xsg_admin_session` WHERE `token` = '61c3f8c61c6dc6219215b78b01d4b780' LIMIT 1   [ RunTime:0.0491s ]

[ 2021-03-01T16:37:54+08:00 ] 127.0.0.1 /xiaoshigong/backend/index.php/Main/login
INFO: [ app_init ] --START--
INFO: Run Behavior\BuildLiteBehavior [ RunTime:0.000009s ]
INFO: [ app_init ] --END-- [ RunTime:0.000562s ]
INFO: [ app_begin ] --START--
INFO: Run Behavior\ReadHtmlCacheBehavior [ RunTime:0.000612s ]
INFO: [ app_begin ] --END-- [ RunTime:0.000659s ]
SQL: SHOW COLUMNS FROM `xsg_admin_user` [ RunTime:0.0498s ]
SQL: SELECT * FROM `xsg_admin_user` WHERE `username` = 'xsgadmin' LIMIT 1   [ RunTime:0.0528s ]
SQL: SELECT `id`,`username`,`nickname`,`status` FROM `xsg_admin_user` WHERE `username` = 'xsgadmin' AND `password` = 'da9927a3153c7d8b4a43bcdde4894dea' LIMIT 1   [ RunTime:0.0540s ]
SQL: SHOW COLUMNS FROM `xsg_admin_session` [ RunTime:0.0587s ]
NOTIC: [8] Undefined variable: uid D:\work\xiaoshigong\backend\Home\Controller\MainController.class.php 第 113 行.
SQL: SELECT * FROM `xsg_admin_session` WHERE `uid` = 1 LIMIT 1   [ RunTime:0.0733s ]
SQL: UPDATE `xsg_admin_session` SET `token`='f69a12f2cc5239c9ce4d6ef318c57647',`expires_time`='1614591474' WHERE `uid` = 1 [ RunTime:0.0540s ]

[ 2021-03-01T16:37:58+08:00 ] 127.0.0.1 /xiaoshigong/backend/index.php/Worker/vlist
INFO: [ app_init ] --START--
INFO: Run Behavior\BuildLiteBehavior [ RunTime:0.000009s ]
INFO: [ app_init ] --END-- [ RunTime:0.000457s ]
INFO: [ app_begin ] --START--
INFO: Run Behavior\ReadHtmlCacheBehavior [ RunTime:0.000545s ]
INFO: [ app_begin ] --END-- [ RunTime:0.000581s ]
SQL: SHOW COLUMNS FROM `xsg_admin_session` [ RunTime:0.0468s ]
SQL: SELECT `expires_time` FROM `xsg_admin_session` WHERE `token` = 'f69a12f2cc5239c9ce4d6ef318c57647' LIMIT 1   [ RunTime:0.0508s ]
SQL: UPDATE `xsg_admin_session` SET `expires_time`='1614591478' WHERE `token` = 'f69a12f2cc5239c9ce4d6ef318c57647' [ RunTime:0.0810s ]
SQL: SELECT `uid` FROM `xsg_admin_session` WHERE `token` = 'f69a12f2cc5239c9ce4d6ef318c57647' LIMIT 1   [ RunTime:0.0765s ]
SQL: SHOW COLUMNS FROM `xsg_admin_user` [ RunTime:0.0499s ]
SQL: SELECT `id`,`username`,`nickname` FROM `xsg_admin_user` WHERE `id` = 1 LIMIT 1   [ RunTime:0.0471s ]
SQL: SHOW COLUMNS FROM `xsg_worker` [ RunTime:0.0558s ]
SQL: SELECT * FROM `xsg_worker` ORDER BY id asc LIMIT 0,15   [ RunTime:0.0548s ]
SQL: SELECT COUNT(*) AS tp_count FROM `xsg_worker` LIMIT 1   [ RunTime:0.0483s ]

[ 2021-03-01T16:41:30+08:00 ] 127.0.0.1 /xiaoshigong/backend/index.php/Worker/vlist
INFO: [ app_init ] --START--
INFO: Run Behavior\BuildLiteBehavior [ RunTime:0.000014s ]
INFO: [ app_init ] --END-- [ RunTime:0.000536s ]
INFO: [ app_begin ] --START--
INFO: Run Behavior\ReadHtmlCacheBehavior [ RunTime:0.000918s ]
INFO: [ app_begin ] --END-- [ RunTime:0.000984s ]
SQL: SHOW COLUMNS FROM `xsg_admin_session` [ RunTime:0.0539s ]
SQL: SELECT `expires_time` FROM `xsg_admin_session` WHERE `token` = 'f69a12f2cc5239c9ce4d6ef318c57647' LIMIT 1   [ RunTime:0.0553s ]
SQL: UPDATE `xsg_admin_session` SET `expires_time`='1614591690' WHERE `token` = 'f69a12f2cc5239c9ce4d6ef318c57647' [ RunTime:0.0551s ]
SQL: SELECT `uid` FROM `xsg_admin_session` WHERE `token` = 'f69a12f2cc5239c9ce4d6ef318c57647' LIMIT 1   [ RunTime:0.0538s ]
SQL: SHOW COLUMNS FROM `xsg_admin_user` [ RunTime:0.0617s ]
SQL: SELECT `id`,`username`,`nickname` FROM `xsg_admin_user` WHERE `id` = 1 LIMIT 1   [ RunTime:0.0670s ]
SQL: SHOW COLUMNS FROM `xsg_worker` [ RunTime:0.0560s ]
SQL: SELECT * FROM `xsg_worker` ORDER BY id asc LIMIT 0,15   [ RunTime:0.0631s ]
SQL: SELECT COUNT(*) AS tp_count FROM `xsg_worker` LIMIT 1   [ RunTime:0.0638s ]

[ 2021-03-01T16:41:41+08:00 ] 127.0.0.1 /xiaoshigong/backend/index.php/Worker/vlist
INFO: [ app_init ] --START--
INFO: Run Behavior\BuildLiteBehavior [ RunTime:0.000012s ]
INFO: [ app_init ] --END-- [ RunTime:0.000567s ]
INFO: [ app_begin ] --START--
INFO: Run Behavior\ReadHtmlCacheBehavior [ RunTime:0.000670s ]
INFO: [ app_begin ] --END-- [ RunTime:0.000728s ]
SQL: SHOW COLUMNS FROM `xsg_admin_session` [ RunTime:0.0822s ]
SQL: SELECT `expires_time` FROM `xsg_admin_session` WHERE `token` = 'f69a12f2cc5239c9ce4d6ef318c57647' LIMIT 1   [ RunTime:0.0528s ]
SQL: UPDATE `xsg_admin_session` SET `expires_time`='1614591700' WHERE `token` = 'f69a12f2cc5239c9ce4d6ef318c57647' [ RunTime:0.1077s ]
SQL: SELECT `uid` FROM `xsg_admin_session` WHERE `token` = 'f69a12f2cc5239c9ce4d6ef318c57647' LIMIT 1   [ RunTime:0.0530s ]
SQL: SHOW COLUMNS FROM `xsg_admin_user` [ RunTime:0.0540s ]
SQL: SELECT `id`,`username`,`nickname` FROM `xsg_admin_user` WHERE `id` = 1 LIMIT 1   [ RunTime:0.0531s ]
SQL: SHOW COLUMNS FROM `xsg_worker` [ RunTime:0.0530s ]
SQL: SELECT * FROM `xsg_worker` ORDER BY id asc LIMIT 0,15   [ RunTime:0.0553s ]
SQL: SELECT COUNT(*) AS tp_count FROM `xsg_worker` LIMIT 1   [ RunTime:0.1002s ]

[ 2021-03-01T16:41:50+08:00 ] 127.0.0.1 /xiaoshigong/backend/index.php/Worker/vlist
INFO: [ app_init ] --START--
INFO: Run Behavior\BuildLiteBehavior [ RunTime:0.000012s ]
INFO: [ app_init ] --END-- [ RunTime:0.000767s ]
INFO: [ app_begin ] --START--
INFO: Run Behavior\ReadHtmlCacheBehavior [ RunTime:0.000708s ]
INFO: [ app_begin ] --END-- [ RunTime:0.000755s ]
SQL: SHOW COLUMNS FROM `xsg_admin_session` [ RunTime:0.0558s ]
SQL: SELECT `expires_time` FROM `xsg_admin_session` WHERE `token` = 'f69a12f2cc5239c9ce4d6ef318c57647' LIMIT 1   [ RunTime:0.0535s ]
SQL: UPDATE `xsg_admin_session` SET `expires_time`='1614591710' WHERE `token` = 'f69a12f2cc5239c9ce4d6ef318c57647' [ RunTime:0.0556s ]
SQL: SELECT `uid` FROM `xsg_admin_session` WHERE `token` = 'f69a12f2cc5239c9ce4d6ef318c57647' LIMIT 1   [ RunTime:0.0527s ]
SQL: SHOW COLUMNS FROM `xsg_admin_user` [ RunTime:0.0637s ]
SQL: SELECT `id`,`username`,`nickname` FROM `xsg_admin_user` WHERE `id` = 1 LIMIT 1   [ RunTime:0.0554s ]
SQL: SHOW COLUMNS FROM `xsg_worker` [ RunTime:0.0560s ]
SQL: SELECT * FROM `xsg_worker` ORDER BY id asc LIMIT 0,15   [ RunTime:0.0560s ]
SQL: SELECT COUNT(*) AS tp_count FROM `xsg_worker` LIMIT 1   [ RunTime:0.0734s ]

[ 2021-03-01T16:42:06+08:00 ] 127.0.0.1 /xiaoshigong/backend/index.php/Worker/vlist
INFO: [ app_init ] --START--
INFO: Run Behavior\BuildLiteBehavior [ RunTime:0.000013s ]
INFO: [ app_init ] --END-- [ RunTime:0.000605s ]
INFO: [ app_begin ] --START--
INFO: Run Behavior\ReadHtmlCacheBehavior [ RunTime:0.000725s ]
INFO: [ app_begin ] --END-- [ RunTime:0.000773s ]
SQL: SHOW COLUMNS FROM `xsg_admin_session` [ RunTime:0.0538s ]
SQL: SELECT `expires_time` FROM `xsg_admin_session` WHERE `token` = 'f69a12f2cc5239c9ce4d6ef318c57647' LIMIT 1   [ RunTime:0.0669s ]
SQL: UPDATE `xsg_admin_session` SET `expires_time`='1614591726' WHERE `token` = 'f69a12f2cc5239c9ce4d6ef318c57647' [ RunTime:0.0766s ]
SQL: SELECT `uid` FROM `xsg_admin_session` WHERE `token` = 'f69a12f2cc5239c9ce4d6ef318c57647' LIMIT 1   [ RunTime:0.0616s ]
SQL: SHOW COLUMNS FROM `xsg_admin_user` [ RunTime:0.0614s ]
SQL: SELECT `id`,`username`,`nickname` FROM `xsg_admin_user` WHERE `id` = 1 LIMIT 1   [ RunTime:0.0594s ]
SQL: SHOW COLUMNS FROM `xsg_worker` [ RunTime:0.0537s ]
SQL: SELECT * FROM `xsg_worker` ORDER BY id asc LIMIT 0,15   [ RunTime:0.0623s ]
SQL: SELECT COUNT(*) AS tp_count FROM `xsg_worker` LIMIT 1   [ RunTime:0.0578s ]

[ 2021-03-01T16:42:26+08:00 ] 127.0.0.1 /xiaoshigong/backend/index.php/Worker/vlist
INFO: [ app_init ] --START--
INFO: Run Behavior\BuildLiteBehavior [ RunTime:0.000014s ]
INFO: [ app_init ] --END-- [ RunTime:0.000658s ]
INFO: [ app_begin ] --START--
INFO: Run Behavior\ReadHtmlCacheBehavior [ RunTime:0.000659s ]
INFO: [ app_begin ] --END-- [ RunTime:0.000709s ]
SQL: SHOW COLUMNS FROM `xsg_admin_session` [ RunTime:0.0553s ]
SQL: SELECT `expires_time` FROM `xsg_admin_session` WHERE `token` = 'f69a12f2cc5239c9ce4d6ef318c57647' LIMIT 1   [ RunTime:0.0520s ]
SQL: UPDATE `xsg_admin_session` SET `expires_time`='1614591746' WHERE `token` = 'f69a12f2cc5239c9ce4d6ef318c57647' [ RunTime:0.0584s ]
SQL: SELECT `uid` FROM `xsg_admin_session` WHERE `token` = 'f69a12f2cc5239c9ce4d6ef318c57647' LIMIT 1   [ RunTime:0.0547s ]
SQL: SHOW COLUMNS FROM `xsg_admin_user` [ RunTime:0.0552s ]
SQL: SELECT `id`,`username`,`nickname` FROM `xsg_admin_user` WHERE `id` = 1 LIMIT 1   [ RunTime:0.0521s ]
SQL: SHOW COLUMNS FROM `xsg_worker` [ RunTime:0.0528s ]
SQL: SELECT * FROM `xsg_worker` ORDER BY id asc LIMIT 0,15   [ RunTime:0.0704s ]
SQL: SELECT COUNT(*) AS tp_count FROM `xsg_worker` LIMIT 1   [ RunTime:0.0860s ]

[ 2021-03-01T18:19:08+08:00 ] 127.0.0.1 /xiaoshigong/backend/index.php/Introducer/vlist
INFO: [ app_init ] --START--
INFO: Run Behavior\BuildLiteBehavior [ RunTime:0.000010s ]
INFO: [ app_init ] --END-- [ RunTime:0.000512s ]
INFO: [ app_begin ] --START--
INFO: Run Behavior\ReadHtmlCacheBehavior [ RunTime:0.000700s ]
INFO: [ app_begin ] --END-- [ RunTime:0.000779s ]
SQL: SHOW COLUMNS FROM `xsg_admin_session` [ RunTime:0.0537s ]
SQL: SELECT `expires_time` FROM `xsg_admin_session` WHERE `token` = 'f69a12f2cc5239c9ce4d6ef318c57647' LIMIT 1   [ RunTime:0.0468s ]

[ 2021-03-01T18:19:19+08:00 ] 127.0.0.1 /xiaoshigong/backend/index.php/Main/login
INFO: [ app_init ] --START--
INFO: Run Behavior\BuildLiteBehavior [ RunTime:0.000008s ]
INFO: [ app_init ] --END-- [ RunTime:0.000430s ]
INFO: [ app_begin ] --START--
INFO: Run Behavior\ReadHtmlCacheBehavior [ RunTime:0.000552s ]
INFO: [ app_begin ] --END-- [ RunTime:0.000588s ]
SQL: SHOW COLUMNS FROM `xsg_admin_user` [ RunTime:0.0608s ]
SQL: SELECT * FROM `xsg_admin_user` WHERE `username` = 'xsgadmin' LIMIT 1   [ RunTime:0.0646s ]
SQL: SELECT `id`,`username`,`nickname`,`status` FROM `xsg_admin_user` WHERE `username` = 'xsgadmin' AND `password` = 'da9927a3153c7d8b4a43bcdde4894dea' LIMIT 1   [ RunTime:0.1040s ]
SQL: SHOW COLUMNS FROM `xsg_admin_session` [ RunTime:0.3142s ]
NOTIC: [8] Undefined variable: uid D:\work\xiaoshigong\backend\Home\Controller\MainController.class.php 第 113 行.
SQL: SELECT * FROM `xsg_admin_session` WHERE `uid` = 1 LIMIT 1   [ RunTime:0.0820s ]
SQL: UPDATE `xsg_admin_session` SET `token`='74142500edae8314d5eab2629bc95580',`expires_time`='1614597559' WHERE `uid` = 1 [ RunTime:0.0820s ]

[ 2021-03-01T18:19:24+08:00 ] 127.0.0.1 /xiaoshigong/backend/index.php/Worker/vlist
INFO: [ app_init ] --START--
INFO: Run Behavior\BuildLiteBehavior [ RunTime:0.000011s ]
INFO: [ app_init ] --END-- [ RunTime:0.000497s ]
INFO: [ app_begin ] --START--
INFO: Run Behavior\ReadHtmlCacheBehavior [ RunTime:0.000561s ]
INFO: [ app_begin ] --END-- [ RunTime:0.000600s ]
SQL: SHOW COLUMNS FROM `xsg_admin_session` [ RunTime:0.1025s ]
SQL: SELECT `expires_time` FROM `xsg_admin_session` WHERE `token` = '74142500edae8314d5eab2629bc95580' LIMIT 1   [ RunTime:0.1961s ]
SQL: UPDATE `xsg_admin_session` SET `expires_time`='1614597563' WHERE `token` = '74142500edae8314d5eab2629bc95580' [ RunTime:0.1018s ]
SQL: SELECT `uid` FROM `xsg_admin_session` WHERE `token` = '74142500edae8314d5eab2629bc95580' LIMIT 1   [ RunTime:0.1024s ]
SQL: SHOW COLUMNS FROM `xsg_admin_user` [ RunTime:0.2109s ]
SQL: SELECT `id`,`username`,`nickname` FROM `xsg_admin_user` WHERE `id` = 1 LIMIT 1   [ RunTime:0.0775s ]
SQL: SHOW COLUMNS FROM `xsg_worker` [ RunTime:0.2301s ]
SQL: SELECT * FROM `xsg_worker` ORDER BY id asc LIMIT 0,15   [ RunTime:0.2788s ]
SQL: SELECT COUNT(*) AS tp_count FROM `xsg_worker` LIMIT 1   [ RunTime:0.2632s ]

[ 2021-03-01T18:19:28+08:00 ] 127.0.0.1 /xiaoshigong/backend/index.php/Introducer/vlist
INFO: [ app_init ] --START--
INFO: Run Behavior\BuildLiteBehavior [ RunTime:0.000013s ]
INFO: [ app_init ] --END-- [ RunTime:0.000519s ]
INFO: [ app_begin ] --START--
INFO: Run Behavior\ReadHtmlCacheBehavior [ RunTime:0.000543s ]
INFO: [ app_begin ] --END-- [ RunTime:0.000591s ]
SQL: SHOW COLUMNS FROM `xsg_admin_session` [ RunTime:0.2631s ]
SQL: SELECT `expires_time` FROM `xsg_admin_session` WHERE `token` = '74142500edae8314d5eab2629bc95580' LIMIT 1   [ RunTime:0.1103s ]
SQL: UPDATE `xsg_admin_session` SET `expires_time`='1614597566' WHERE `token` = '74142500edae8314d5eab2629bc95580' [ RunTime:0.1962s ]
SQL: SELECT `uid` FROM `xsg_admin_session` WHERE `token` = '74142500edae8314d5eab2629bc95580' LIMIT 1   [ RunTime:0.1198s ]
SQL: SHOW COLUMNS FROM `xsg_admin_user` [ RunTime:0.0941s ]
SQL: SELECT `id`,`username`,`nickname` FROM `xsg_admin_user` WHERE `id` = 1 LIMIT 1   [ RunTime:0.2498s ]
SQL: SHOW COLUMNS FROM `xsg_introducer` [ RunTime:0.2568s ]
SQL: SELECT * FROM `xsg_introducer` WHERE `is_deleted` = 0 ORDER BY id asc LIMIT 0,15   [ RunTime:0.1416s ]
SQL: SELECT COUNT(*) AS tp_count FROM `xsg_introducer` WHERE `is_deleted` = 0 LIMIT 1   [ RunTime:0.0728s ]

[ 2021-03-01T18:19:31+08:00 ] 127.0.0.1 /xiaoshigong/backend/index.php/Introducer/info?id=1
INFO: [ app_init ] --START--
INFO: Run Behavior\BuildLiteBehavior [ RunTime:0.000009s ]
INFO: [ app_init ] --END-- [ RunTime:0.000427s ]
INFO: [ app_begin ] --START--
INFO: Run Behavior\ReadHtmlCacheBehavior [ RunTime:0.000551s ]
INFO: [ app_begin ] --END-- [ RunTime:0.000586s ]
SQL: SHOW COLUMNS FROM `xsg_admin_session` [ RunTime:0.0507s ]
SQL: SELECT `expires_time` FROM `xsg_admin_session` WHERE `token` = '74142500edae8314d5eab2629bc95580' LIMIT 1   [ RunTime:0.0891s ]
SQL: UPDATE `xsg_admin_session` SET `expires_time`='1614597571' WHERE `token` = '74142500edae8314d5eab2629bc95580' [ RunTime:0.0886s ]
SQL: SELECT `uid` FROM `xsg_admin_session` WHERE `token` = '74142500edae8314d5eab2629bc95580' LIMIT 1   [ RunTime:0.0526s ]
SQL: SHOW COLUMNS FROM `xsg_admin_user` [ RunTime:0.0615s ]
SQL: SELECT `id`,`username`,`nickname` FROM `xsg_admin_user` WHERE `id` = 1 LIMIT 1   [ RunTime:0.0989s ]
SQL: SHOW COLUMNS FROM `xsg_introducer` [ RunTime:0.1354s ]
SQL: SELECT * FROM `xsg_introducer` WHERE ( id = 1 ) LIMIT 1   [ RunTime:0.0456s ]

