[ 2021-02-22T09:38:07+08:00 ] 127.0.0.1 /xiaoshigong/backend/index.php/User/groups
INFO: [ app_init ] --START--
INFO: Run Behavior\BuildLiteBehavior [ RunTime:0.000009s ]
INFO: [ app_init ] --END-- [ RunTime:0.000663s ]
INFO: [ app_begin ] --START--
INFO: Run Behavior\ReadHtmlCacheBehavior [ RunTime:0.001197s ]
INFO: [ app_begin ] --END-- [ RunTime:0.001237s ]
SQL: SHOW COLUMNS FROM `xsg_admin_session` [ RunTime:0.0531s ]
SQL: SELECT `expires_time` FROM `xsg_admin_session` WHERE `token` = 'a4231a68c031c42eacbaba4f731a9a18' LIMIT 1   [ RunTime:0.0484s ]

[ 2021-02-22T09:38:07+08:00 ] 127.0.0.1 /xiaoshigong/backend/index.php/User/ulist?p=1&k=&w=
INFO: [ app_init ] --START--
INFO: Run Behavior\BuildLiteBehavior [ RunTime:0.000008s ]
INFO: [ app_init ] --END-- [ RunTime:0.000651s ]
INFO: [ app_begin ] --START--
INFO: Run Behavior\ReadHtmlCacheBehavior [ RunTime:0.001203s ]
INFO: [ app_begin ] --END-- [ RunTime:0.001245s ]
SQL: SHOW COLUMNS FROM `xsg_admin_session` [ RunTime:0.0491s ]
SQL: SELECT `expires_time` FROM `xsg_admin_session` WHERE `token` = 'a4231a68c031c42eacbaba4f731a9a18' LIMIT 1   [ RunTime:0.0580s ]

[ 2021-02-22T09:38:30+08:00 ] 127.0.0.1 /xiaoshigong/backend/index.php/Main/login
INFO: [ app_init ] --START--
INFO: Run Behavior\BuildLiteBehavior [ RunTime:0.000008s ]
INFO: [ app_init ] --END-- [ RunTime:0.000459s ]
INFO: [ app_begin ] --START--
INFO: Run Behavior\ReadHtmlCacheBehavior [ RunTime:0.000907s ]
INFO: [ app_begin ] --END-- [ RunTime:0.000943s ]
SQL: SHOW COLUMNS FROM `xsg_admin_user` [ RunTime:0.0509s ]
SQL: SELECT * FROM `xsg_admin_user` WHERE `username` = 'xsgadmin' LIMIT 1   [ RunTime:0.0502s ]
SQL: SELECT `id`,`username`,`nickname`,`status` FROM `xsg_admin_user` WHERE `username` = 'xsgadmin' AND `password` = 'da9927a3153c7d8b4a43bcdde4894dea' LIMIT 1   [ RunTime:0.0457s ]
SQL: SHOW COLUMNS FROM `xsg_admin_session` [ RunTime:0.0459s ]
NOTIC: [8] Undefined variable: uid D:\work\xiaoshigong\backend\Home\Controller\MainController.class.php 第 113 行.
SQL: SELECT * FROM `xsg_admin_session` WHERE `uid` = 1 LIMIT 1   [ RunTime:0.0484s ]
SQL: UPDATE `xsg_admin_session` SET `token`='27040af2d3f254a74e32e115154b4f16',`expires_time`='1613961510' WHERE `uid` = 1 [ RunTime:0.0502s ]

[ 2021-02-22T09:38:32+08:00 ] 127.0.0.1 /xiaoshigong/backend/index.php/User/ulist?p=1&k=&w=
INFO: [ app_init ] --START--
INFO: Run Behavior\BuildLiteBehavior [ RunTime:0.000009s ]
INFO: [ app_init ] --END-- [ RunTime:0.000491s ]
INFO: [ app_begin ] --START--
INFO: Run Behavior\ReadHtmlCacheBehavior [ RunTime:0.001254s ]
INFO: [ app_begin ] --END-- [ RunTime:0.001312s ]
SQL: SHOW COLUMNS FROM `xsg_admin_session` [ RunTime:0.0555s ]
SQL: SELECT `expires_time` FROM `xsg_admin_session` WHERE `token` = '27040af2d3f254a74e32e115154b4f16' LIMIT 1   [ RunTime:0.0673s ]
SQL: UPDATE `xsg_admin_session` SET `expires_time`='1613961512' WHERE `token` = '27040af2d3f254a74e32e115154b4f16' [ RunTime:0.0600s ]
SQL: SELECT `uid` FROM `xsg_admin_session` WHERE `token` = '27040af2d3f254a74e32e115154b4f16' LIMIT 1   [ RunTime:0.0526s ]
SQL: SHOW COLUMNS FROM `xsg_admin_user` [ RunTime:0.0531s ]
SQL: SELECT `id`,`username`,`nickname` FROM `xsg_admin_user` WHERE `id` = 1 LIMIT 1   [ RunTime:0.0549s ]

[ 2021-02-22T09:38:33+08:00 ] 127.0.0.1 /xiaoshigong/backend/index.php/User/groups
INFO: [ app_init ] --START--
INFO: Run Behavior\BuildLiteBehavior [ RunTime:0.000013s ]
INFO: [ app_init ] --END-- [ RunTime:0.000734s ]
INFO: [ app_begin ] --START--
INFO: Run Behavior\ReadHtmlCacheBehavior [ RunTime:0.001020s ]
INFO: [ app_begin ] --END-- [ RunTime:0.001066s ]
SQL: SHOW COLUMNS FROM `xsg_admin_session` [ RunTime:0.0590s ]
SQL: SELECT `expires_time` FROM `xsg_admin_session` WHERE `token` = '27040af2d3f254a74e32e115154b4f16' LIMIT 1   [ RunTime:0.0541s ]
SQL: UPDATE `xsg_admin_session` SET `expires_time`='1613961513' WHERE `token` = '27040af2d3f254a74e32e115154b4f16' [ RunTime:0.0528s ]
SQL: SELECT `uid` FROM `xsg_admin_session` WHERE `token` = '27040af2d3f254a74e32e115154b4f16' LIMIT 1   [ RunTime:0.0487s ]
SQL: SHOW COLUMNS FROM `xsg_admin_user` [ RunTime:0.0491s ]
SQL: SELECT `id`,`username`,`nickname` FROM `xsg_admin_user` WHERE `id` = 1 LIMIT 1   [ RunTime:0.0678s ]
ERR: SQLSTATE[42S02]: Base table or view not found: 1146 Table 'xiaoshigong.xsg_admin_groups' doesn't exist

[ 2021-02-22T09:40:01+08:00 ] 127.0.0.1 /xiaoshigong/backend/index.php/User/groups
INFO: [ app_init ] --START--
INFO: Run Behavior\BuildLiteBehavior [ RunTime:0.000010s ]
INFO: [ app_init ] --END-- [ RunTime:0.000571s ]
INFO: [ app_begin ] --START--
INFO: Run Behavior\ReadHtmlCacheBehavior [ RunTime:0.001088s ]
INFO: [ app_begin ] --END-- [ RunTime:0.001126s ]
SQL: SHOW COLUMNS FROM `xsg_admin_session` [ RunTime:0.0524s ]
SQL: SELECT `expires_time` FROM `xsg_admin_session` WHERE `token` = '27040af2d3f254a74e32e115154b4f16' LIMIT 1   [ RunTime:0.0645s ]
SQL: UPDATE `xsg_admin_session` SET `expires_time`='1613961601' WHERE `token` = '27040af2d3f254a74e32e115154b4f16' [ RunTime:0.0556s ]
SQL: SELECT `uid` FROM `xsg_admin_session` WHERE `token` = '27040af2d3f254a74e32e115154b4f16' LIMIT 1   [ RunTime:0.0561s ]
SQL: SHOW COLUMNS FROM `xsg_admin_user` [ RunTime:0.0520s ]
SQL: SELECT `id`,`username`,`nickname` FROM `xsg_admin_user` WHERE `id` = 1 LIMIT 1   [ RunTime:0.0515s ]
ERR: SQLSTATE[42S02]: Base table or view not found: 1146 Table 'xiaoshigong.xsg_admin_groups' doesn't exist

[ 2021-02-22T09:40:02+08:00 ] 127.0.0.1 /xiaoshigong/backend/index.php/User/ulist?p=1&k=&w=
INFO: [ app_init ] --START--
INFO: Run Behavior\BuildLiteBehavior [ RunTime:0.000009s ]
INFO: [ app_init ] --END-- [ RunTime:0.000519s ]
INFO: [ app_begin ] --START--
INFO: Run Behavior\ReadHtmlCacheBehavior [ RunTime:0.001076s ]
INFO: [ app_begin ] --END-- [ RunTime:0.001115s ]
SQL: SHOW COLUMNS FROM `xsg_admin_session` [ RunTime:0.0499s ]
SQL: SELECT `expires_time` FROM `xsg_admin_session` WHERE `token` = '27040af2d3f254a74e32e115154b4f16' LIMIT 1   [ RunTime:0.3040s ]
SQL: UPDATE `xsg_admin_session` SET `expires_time`='1613961602' WHERE `token` = '27040af2d3f254a74e32e115154b4f16' [ RunTime:0.0857s ]
SQL: SELECT `uid` FROM `xsg_admin_session` WHERE `token` = '27040af2d3f254a74e32e115154b4f16' LIMIT 1   [ RunTime:0.0491s ]
SQL: SHOW COLUMNS FROM `xsg_admin_user` [ RunTime:0.0565s ]
SQL: SELECT `id`,`username`,`nickname` FROM `xsg_admin_user` WHERE `id` = 1 LIMIT 1   [ RunTime:0.0855s ]

[ 2021-02-22T09:41:17+08:00 ] 127.0.0.1 /xiaoshigong/backend/index.php/User/ulist?p=1&k=&w=
INFO: [ app_init ] --START--
INFO: Run Behavior\BuildLiteBehavior [ RunTime:0.000008s ]
INFO: [ app_init ] --END-- [ RunTime:0.000466s ]
INFO: [ app_begin ] --START--
INFO: Run Behavior\ReadHtmlCacheBehavior [ RunTime:0.000900s ]
INFO: [ app_begin ] --END-- [ RunTime:0.000951s ]
SQL: SHOW COLUMNS FROM `xsg_admin_session` [ RunTime:0.0566s ]
SQL: SELECT `expires_time` FROM `xsg_admin_session` WHERE `token` = '27040af2d3f254a74e32e115154b4f16' LIMIT 1   [ RunTime:0.0506s ]
SQL: UPDATE `xsg_admin_session` SET `expires_time`='1613961677' WHERE `token` = '27040af2d3f254a74e32e115154b4f16' [ RunTime:0.0538s ]
SQL: SELECT `uid` FROM `xsg_admin_session` WHERE `token` = '27040af2d3f254a74e32e115154b4f16' LIMIT 1   [ RunTime:0.0559s ]
SQL: SHOW COLUMNS FROM `xsg_admin_user` [ RunTime:0.0524s ]
SQL: SELECT `id`,`username`,`nickname` FROM `xsg_admin_user` WHERE `id` = 1 LIMIT 1   [ RunTime:0.0528s ]

[ 2021-02-22T11:14:37+08:00 ] 127.0.0.1 /xiaoshigong/backend/index.php/User/ulist?p=1&k=&w=
INFO: [ app_init ] --START--
INFO: Run Behavior\BuildLiteBehavior [ RunTime:0.000010s ]
INFO: [ app_init ] --END-- [ RunTime:0.000692s ]
INFO: [ app_begin ] --START--
INFO: Run Behavior\ReadHtmlCacheBehavior [ RunTime:0.001093s ]
INFO: [ app_begin ] --END-- [ RunTime:0.001162s ]
SQL: SHOW COLUMNS FROM `xsg_admin_session` [ RunTime:0.3146s ]
SQL: SELECT `expires_time` FROM `xsg_admin_session` WHERE `token` = '27040af2d3f254a74e32e115154b4f16' LIMIT 1   [ RunTime:0.0552s ]

[ 2021-02-22T11:14:47+08:00 ] 127.0.0.1 /xiaoshigong/backend/index.php/Main/login
INFO: [ app_init ] --START--
INFO: Run Behavior\BuildLiteBehavior [ RunTime:0.000008s ]
INFO: [ app_init ] --END-- [ RunTime:0.000491s ]
INFO: [ app_begin ] --START--
INFO: Run Behavior\ReadHtmlCacheBehavior [ RunTime:0.000771s ]
INFO: [ app_begin ] --END-- [ RunTime:0.000808s ]
SQL: SHOW COLUMNS FROM `xsg_admin_user` [ RunTime:0.0527s ]
SQL: SELECT * FROM `xsg_admin_user` WHERE `username` = 'xsgadmin' LIMIT 1   [ RunTime:0.0505s ]
SQL: SELECT `id`,`username`,`nickname`,`status` FROM `xsg_admin_user` WHERE `username` = 'xsgadmin' AND `password` = 'da9927a3153c7d8b4a43bcdde4894dea' LIMIT 1   [ RunTime:0.0515s ]
SQL: SHOW COLUMNS FROM `xsg_admin_session` [ RunTime:0.0530s ]
NOTIC: [8] Undefined variable: uid D:\work\xiaoshigong\backend\Home\Controller\MainController.class.php 第 113 行.
SQL: SELECT * FROM `xsg_admin_session` WHERE `uid` = 1 LIMIT 1   [ RunTime:0.0541s ]
SQL: UPDATE `xsg_admin_session` SET `token`='7afa5ad761a7035ac7f17185e0579e62',`expires_time`='1613967287' WHERE `uid` = 1 [ RunTime:0.0592s ]

[ 2021-02-22T11:14:53+08:00 ] 127.0.0.1 /xiaoshigong/backend/index.php/User/ulist?p=1&k=&w=
INFO: [ app_init ] --START--
INFO: Run Behavior\BuildLiteBehavior [ RunTime:0.000009s ]
INFO: [ app_init ] --END-- [ RunTime:0.000511s ]
INFO: [ app_begin ] --START--
INFO: Run Behavior\ReadHtmlCacheBehavior [ RunTime:0.000785s ]
INFO: [ app_begin ] --END-- [ RunTime:0.000820s ]
SQL: SHOW COLUMNS FROM `xsg_admin_session` [ RunTime:0.0549s ]
SQL: SELECT `expires_time` FROM `xsg_admin_session` WHERE `token` = '7afa5ad761a7035ac7f17185e0579e62' LIMIT 1   [ RunTime:0.0546s ]
SQL: UPDATE `xsg_admin_session` SET `expires_time`='1613967292' WHERE `token` = '7afa5ad761a7035ac7f17185e0579e62' [ RunTime:0.0555s ]
SQL: SELECT `uid` FROM `xsg_admin_session` WHERE `token` = '7afa5ad761a7035ac7f17185e0579e62' LIMIT 1   [ RunTime:0.0807s ]
SQL: SHOW COLUMNS FROM `xsg_admin_user` [ RunTime:0.0541s ]
SQL: SELECT `id`,`username`,`nickname` FROM `xsg_admin_user` WHERE `id` = 1 LIMIT 1   [ RunTime:0.0550s ]
NOTIC: [8] Undefined index: page D:\work\xiaoshigong\backend\Home\Controller\UserController.class.php 第 23 行.
SQL: SHOW COLUMNS FROM `xsg_admin_role` [ RunTime:0.0535s ]
SQL: SELECT * FROM `xsg_admin_role` WHERE ( status=1 )  [ RunTime:0.0558s ]
SQL: SELECT COUNT(*) AS tp_count FROM xsg_admin_user U LIMIT 1   [ RunTime:0.0571s ]
NOTIC: [8] Undefined variable: intval D:\work\xiaoshigong\backend\Home\Controller\UserController.class.php 第 43 行.

[ 2021-02-22T11:15:33+08:00 ] 127.0.0.1 /xiaoshigong/backend/index.php/User/ulist?p=1&k=&w=
INFO: [ app_init ] --START--
INFO: Run Behavior\BuildLiteBehavior [ RunTime:0.000011s ]
INFO: [ app_init ] --END-- [ RunTime:0.000638s ]
INFO: [ app_begin ] --START--
INFO: Run Behavior\ReadHtmlCacheBehavior [ RunTime:0.000878s ]
INFO: [ app_begin ] --END-- [ RunTime:0.000918s ]
SQL: SHOW COLUMNS FROM `xsg_admin_session` [ RunTime:0.0568s ]
SQL: SELECT `expires_time` FROM `xsg_admin_session` WHERE `token` = '7afa5ad761a7035ac7f17185e0579e62' LIMIT 1   [ RunTime:0.0561s ]
SQL: UPDATE `xsg_admin_session` SET `expires_time`='1613967332' WHERE `token` = '7afa5ad761a7035ac7f17185e0579e62' [ RunTime:0.0587s ]
SQL: SELECT `uid` FROM `xsg_admin_session` WHERE `token` = '7afa5ad761a7035ac7f17185e0579e62' LIMIT 1   [ RunTime:0.0545s ]
SQL: SHOW COLUMNS FROM `xsg_admin_user` [ RunTime:0.0578s ]
SQL: SELECT `id`,`username`,`nickname` FROM `xsg_admin_user` WHERE `id` = 1 LIMIT 1   [ RunTime:0.0617s ]
NOTIC: [8] Undefined index: page D:\work\xiaoshigong\backend\Home\Controller\UserController.class.php 第 23 行.
SQL: SELECT U.*,(select group_concat(name) from xsg_admin_role R where FIND_IN_SET(R.id,U.role_id)) as role_name FROM xsg_admin_user U LIMIT 0,15   [ RunTime:0.6426s ]
SQL: SHOW COLUMNS FROM `xsg_admin_role` [ RunTime:0.5760s ]
SQL: SELECT * FROM `xsg_admin_role` WHERE ( status=1 )  [ RunTime:0.0591s ]
SQL: SELECT COUNT(*) AS tp_count FROM xsg_admin_user U LIMIT 1   [ RunTime:0.0591s ]
NOTIC: [8] Undefined variable: intval D:\work\xiaoshigong\backend\Home\Controller\UserController.class.php 第 43 行.

[ 2021-02-22T11:15:57+08:00 ] 127.0.0.1 /xiaoshigong/backend/index.php/User/ulist?p=1&k=&w=
INFO: [ app_init ] --START--
INFO: Run Behavior\BuildLiteBehavior [ RunTime:0.000011s ]
INFO: [ app_init ] --END-- [ RunTime:0.000849s ]
INFO: [ app_begin ] --START--
INFO: Run Behavior\ReadHtmlCacheBehavior [ RunTime:0.000800s ]
INFO: [ app_begin ] --END-- [ RunTime:0.000840s ]
SQL: SHOW COLUMNS FROM `xsg_admin_session` [ RunTime:0.0554s ]
SQL: SELECT `expires_time` FROM `xsg_admin_session` WHERE `token` = '7afa5ad761a7035ac7f17185e0579e62' LIMIT 1   [ RunTime:0.0704s ]
SQL: UPDATE `xsg_admin_session` SET `expires_time`='1613967356' WHERE `token` = '7afa5ad761a7035ac7f17185e0579e62' [ RunTime:0.0583s ]
SQL: SELECT `uid` FROM `xsg_admin_session` WHERE `token` = '7afa5ad761a7035ac7f17185e0579e62' LIMIT 1   [ RunTime:0.0554s ]
SQL: SHOW COLUMNS FROM `xsg_admin_user` [ RunTime:0.0598s ]
SQL: SELECT `id`,`username`,`nickname` FROM `xsg_admin_user` WHERE `id` = 1 LIMIT 1   [ RunTime:0.0588s ]
NOTIC: [8] Undefined index: page D:\work\xiaoshigong\backend\Home\Controller\UserController.class.php 第 23 行.
SQL: SELECT U.*,(select group_concat(name) from xsg_admin_role R where FIND_IN_SET(R.id,U.role_id)) as role_name FROM xsg_admin_user U LIMIT 0,15   [ RunTime:0.0558s ]
SQL: SHOW COLUMNS FROM `xsg_admin_role` [ RunTime:0.0552s ]
SQL: SELECT * FROM `xsg_admin_role` WHERE ( status=1 )  [ RunTime:0.0541s ]
SQL: SELECT COUNT(*) AS tp_count FROM xsg_admin_user U LIMIT 1   [ RunTime:0.0540s ]

[ 2021-02-22T11:18:17+08:00 ] 127.0.0.1 /xiaoshigong/backend/index.php/User/ulist?p=1&k=&w=
INFO: [ app_init ] --START--
INFO: Run Behavior\BuildLiteBehavior [ RunTime:0.000010s ]
INFO: [ app_init ] --END-- [ RunTime:0.000594s ]
INFO: [ app_begin ] --START--
INFO: Run Behavior\ReadHtmlCacheBehavior [ RunTime:0.000834s ]
INFO: [ app_begin ] --END-- [ RunTime:0.000873s ]
SQL: SHOW COLUMNS FROM `xsg_admin_session` [ RunTime:0.0469s ]
SQL: SELECT `expires_time` FROM `xsg_admin_session` WHERE `token` = '7afa5ad761a7035ac7f17185e0579e62' LIMIT 1   [ RunTime:0.0472s ]
SQL: UPDATE `xsg_admin_session` SET `expires_time`='1613967496' WHERE `token` = '7afa5ad761a7035ac7f17185e0579e62' [ RunTime:0.0510s ]
SQL: SELECT `uid` FROM `xsg_admin_session` WHERE `token` = '7afa5ad761a7035ac7f17185e0579e62' LIMIT 1   [ RunTime:0.0470s ]
SQL: SHOW COLUMNS FROM `xsg_admin_user` [ RunTime:0.0482s ]
SQL: SELECT `id`,`username`,`nickname` FROM `xsg_admin_user` WHERE `id` = 1 LIMIT 1   [ RunTime:0.0501s ]
NOTIC: [8] Undefined index: page D:\work\xiaoshigong\backend\Home\Controller\UserController.class.php 第 23 行.
SQL: SELECT U.id,U.username,U.nickname,U.role_id,U.status,U.create_time,(select group_concat(name) from xsg_admin_role R where FIND_IN_SET(R.id,U.role_id)) as role_name FROM xsg_admin_user U LIMIT 0,15   [ RunTime:0.0502s ]
SQL: SHOW COLUMNS FROM `xsg_admin_role` [ RunTime:0.0511s ]
SQL: SELECT * FROM `xsg_admin_role` WHERE ( status=1 )  [ RunTime:0.0585s ]
SQL: SELECT COUNT(*) AS tp_count FROM xsg_admin_user U LIMIT 1   [ RunTime:0.0498s ]

[ 2021-02-22T11:20:44+08:00 ] 127.0.0.1 /xiaoshigong/backend/index.php/User/ulist?p=1&k=&w=
INFO: [ app_init ] --START--
INFO: Run Behavior\BuildLiteBehavior [ RunTime:0.000009s ]
INFO: [ app_init ] --END-- [ RunTime:0.000597s ]
INFO: [ app_begin ] --START--
INFO: Run Behavior\ReadHtmlCacheBehavior [ RunTime:0.001051s ]
INFO: [ app_begin ] --END-- [ RunTime:0.001092s ]
SQL: SHOW COLUMNS FROM `xsg_admin_session` [ RunTime:0.1012s ]
SQL: SELECT `expires_time` FROM `xsg_admin_session` WHERE `token` = '7afa5ad761a7035ac7f17185e0579e62' LIMIT 1   [ RunTime:0.0514s ]
SQL: UPDATE `xsg_admin_session` SET `expires_time`='1613967644' WHERE `token` = '7afa5ad761a7035ac7f17185e0579e62' [ RunTime:0.0564s ]
SQL: SELECT `uid` FROM `xsg_admin_session` WHERE `token` = '7afa5ad761a7035ac7f17185e0579e62' LIMIT 1   [ RunTime:0.0584s ]
SQL: SHOW COLUMNS FROM `xsg_admin_user` [ RunTime:0.0520s ]
SQL: SELECT `id`,`username`,`nickname` FROM `xsg_admin_user` WHERE `id` = 1 LIMIT 1   [ RunTime:0.0590s ]
NOTIC: [8] Undefined index: page D:\work\xiaoshigong\backend\Home\Controller\UserController.class.php 第 23 行.
SQL: SELECT U.id,U.username,U.nickname,U.role_id,U.status,U.create_time,(select group_concat(name) from xsg_admin_role R where FIND_IN_SET(R.id,U.role_id)) as role_name FROM xsg_admin_user U LIMIT 0,15   [ RunTime:0.0534s ]
SQL: SHOW COLUMNS FROM `xsg_admin_role` [ RunTime:0.0561s ]
SQL: SELECT * FROM `xsg_admin_role` WHERE ( status=1 )  [ RunTime:0.0538s ]
SQL: SELECT COUNT(*) AS tp_count FROM xsg_admin_user U LIMIT 1   [ RunTime:0.0550s ]

[ 2021-02-22T11:21:39+08:00 ] 127.0.0.1 /xiaoshigong/backend/index.php/User/ulist?p=1&k=&w=
INFO: [ app_init ] --START--
INFO: Run Behavior\BuildLiteBehavior [ RunTime:0.000008s ]
INFO: [ app_init ] --END-- [ RunTime:0.000466s ]
INFO: [ app_begin ] --START--
INFO: Run Behavior\ReadHtmlCacheBehavior [ RunTime:0.000817s ]
INFO: [ app_begin ] --END-- [ RunTime:0.000852s ]
SQL: SHOW COLUMNS FROM `xsg_admin_session` [ RunTime:0.0621s ]
SQL: SELECT `expires_time` FROM `xsg_admin_session` WHERE `token` = '7afa5ad761a7035ac7f17185e0579e62' LIMIT 1   [ RunTime:0.0531s ]
SQL: UPDATE `xsg_admin_session` SET `expires_time`='1613967698' WHERE `token` = '7afa5ad761a7035ac7f17185e0579e62' [ RunTime:0.0574s ]
SQL: SELECT `uid` FROM `xsg_admin_session` WHERE `token` = '7afa5ad761a7035ac7f17185e0579e62' LIMIT 1   [ RunTime:0.0533s ]
SQL: SHOW COLUMNS FROM `xsg_admin_user` [ RunTime:0.0641s ]
SQL: SELECT `id`,`username`,`nickname` FROM `xsg_admin_user` WHERE `id` = 1 LIMIT 1   [ RunTime:0.0710s ]
NOTIC: [8] Undefined index: page D:\work\xiaoshigong\backend\Home\Controller\UserController.class.php 第 23 行.
SQL: SELECT U.id,U.username,U.nickname,U.role_id,U.status,U.create_time,(select group_concat(name) from xsg_admin_role R where FIND_IN_SET(R.id,U.role_id)) as role_name FROM xsg_admin_user U LIMIT 0,15   [ RunTime:0.0550s ]
SQL: SHOW COLUMNS FROM `xsg_admin_role` [ RunTime:0.0551s ]
SQL: SELECT * FROM `xsg_admin_role` WHERE ( status=1 )  [ RunTime:0.0873s ]
SQL: SELECT COUNT(*) AS tp_count FROM xsg_admin_user U LIMIT 1   [ RunTime:0.0587s ]

[ 2021-02-22T11:22:16+08:00 ] 127.0.0.1 /xiaoshigong/backend/index.php/User/ulist?p=1&k=&w=
INFO: [ app_init ] --START--
INFO: Run Behavior\BuildLiteBehavior [ RunTime:0.000068s ]
INFO: [ app_init ] --END-- [ RunTime:0.001956s ]
INFO: [ app_begin ] --START--
INFO: Run Behavior\ReadHtmlCacheBehavior [ RunTime:0.000768s ]
INFO: [ app_begin ] --END-- [ RunTime:0.000817s ]
SQL: SHOW COLUMNS FROM `xsg_admin_session` [ RunTime:0.0661s ]
SQL: SELECT `expires_time` FROM `xsg_admin_session` WHERE `token` = '7afa5ad761a7035ac7f17185e0579e62' LIMIT 1   [ RunTime:0.0554s ]
SQL: UPDATE `xsg_admin_session` SET `expires_time`='1613967736' WHERE `token` = '7afa5ad761a7035ac7f17185e0579e62' [ RunTime:0.0667s ]
SQL: SELECT `uid` FROM `xsg_admin_session` WHERE `token` = '7afa5ad761a7035ac7f17185e0579e62' LIMIT 1   [ RunTime:0.0608s ]
SQL: SHOW COLUMNS FROM `xsg_admin_user` [ RunTime:0.0550s ]
SQL: SELECT `id`,`username`,`nickname` FROM `xsg_admin_user` WHERE `id` = 1 LIMIT 1   [ RunTime:0.0544s ]
NOTIC: [8] Undefined index: page D:\work\xiaoshigong\backend\Home\Controller\UserController.class.php 第 23 行.
SQL: SELECT U.id,U.username,U.nickname,U.role_id,U.status,U.create_time,(select group_concat(name) from xsg_admin_role R where FIND_IN_SET(R.id,U.role_id)) as role_name FROM xsg_admin_user U LIMIT 0,15   [ RunTime:0.0599s ]
SQL: SHOW COLUMNS FROM `xsg_admin_role` [ RunTime:0.0553s ]
SQL: SELECT * FROM `xsg_admin_role` WHERE ( status=1 )  [ RunTime:0.0542s ]
SQL: SELECT COUNT(*) AS tp_count FROM xsg_admin_user U LIMIT 1   [ RunTime:0.0644s ]

[ 2021-02-22T11:22:33+08:00 ] 127.0.0.1 /xiaoshigong/backend/index.php/User/ulist?p=1&k=&w=
INFO: [ app_init ] --START--
INFO: Run Behavior\BuildLiteBehavior [ RunTime:0.000009s ]
INFO: [ app_init ] --END-- [ RunTime:0.000439s ]
INFO: [ app_begin ] --START--
INFO: Run Behavior\ReadHtmlCacheBehavior [ RunTime:0.000547s ]
INFO: [ app_begin ] --END-- [ RunTime:0.000582s ]
SQL: SHOW COLUMNS FROM `xsg_admin_session` [ RunTime:0.0564s ]
SQL: SELECT `expires_time` FROM `xsg_admin_session` WHERE `token` = '7afa5ad761a7035ac7f17185e0579e62' LIMIT 1   [ RunTime:0.0559s ]
SQL: UPDATE `xsg_admin_session` SET `expires_time`='1613967753' WHERE `token` = '7afa5ad761a7035ac7f17185e0579e62' [ RunTime:0.0596s ]
SQL: SELECT `uid` FROM `xsg_admin_session` WHERE `token` = '7afa5ad761a7035ac7f17185e0579e62' LIMIT 1   [ RunTime:0.0537s ]
SQL: SHOW COLUMNS FROM `xsg_admin_user` [ RunTime:0.0552s ]
SQL: SELECT `id`,`username`,`nickname` FROM `xsg_admin_user` WHERE `id` = 1 LIMIT 1   [ RunTime:0.0519s ]
NOTIC: [8] Undefined index: page D:\work\xiaoshigong\backend\Home\Controller\UserController.class.php 第 23 行.
SQL: SELECT U.id,U.username,U.nickname,U.role_id,U.status,U.create_time,(select group_concat(name) from xsg_admin_role R where FIND_IN_SET(R.id,U.role_id)) as role_name FROM xsg_admin_user U LIMIT 0,15   [ RunTime:0.0555s ]
SQL: SHOW COLUMNS FROM `xsg_admin_role` [ RunTime:0.0547s ]
SQL: SELECT * FROM `xsg_admin_role` WHERE ( status=1 )  [ RunTime:0.0511s ]
SQL: SELECT COUNT(*) AS tp_count FROM xsg_admin_user U LIMIT 1   [ RunTime:0.0646s ]

[ 2021-02-22T11:22:43+08:00 ] 127.0.0.1 /xiaoshigong/backend/index.php/User/ulist?p=1&k=&w=
INFO: [ app_init ] --START--
INFO: Run Behavior\BuildLiteBehavior [ RunTime:0.000009s ]
INFO: [ app_init ] --END-- [ RunTime:0.000554s ]
INFO: [ app_begin ] --START--
INFO: Run Behavior\ReadHtmlCacheBehavior [ RunTime:0.000786s ]
INFO: [ app_begin ] --END-- [ RunTime:0.000822s ]
SQL: SHOW COLUMNS FROM `xsg_admin_session` [ RunTime:0.0497s ]
SQL: SELECT `expires_time` FROM `xsg_admin_session` WHERE `token` = '7afa5ad761a7035ac7f17185e0579e62' LIMIT 1   [ RunTime:0.0483s ]
SQL: UPDATE `xsg_admin_session` SET `expires_time`='1613967762' WHERE `token` = '7afa5ad761a7035ac7f17185e0579e62' [ RunTime:0.0588s ]
SQL: SELECT `uid` FROM `xsg_admin_session` WHERE `token` = '7afa5ad761a7035ac7f17185e0579e62' LIMIT 1   [ RunTime:0.0497s ]
SQL: SHOW COLUMNS FROM `xsg_admin_user` [ RunTime:0.0478s ]
SQL: SELECT `id`,`username`,`nickname` FROM `xsg_admin_user` WHERE `id` = 1 LIMIT 1   [ RunTime:0.0481s ]
NOTIC: [8] Undefined index: page D:\work\xiaoshigong\backend\Home\Controller\UserController.class.php 第 23 行.
SQL: SELECT U.id,U.username,U.nickname,U.role_id,U.status,U.create_time,(select group_concat(name) from xsg_admin_role R where FIND_IN_SET(R.id,U.role_id)) as role_name FROM xsg_admin_user U LIMIT 0,15   [ RunTime:0.0515s ]
SQL: SHOW COLUMNS FROM `xsg_admin_role` [ RunTime:0.0524s ]
SQL: SELECT * FROM `xsg_admin_role` WHERE ( status=1 )  [ RunTime:0.0502s ]
SQL: SELECT COUNT(*) AS tp_count FROM xsg_admin_user U LIMIT 1   [ RunTime:0.0512s ]

[ 2021-02-22T11:22:47+08:00 ] 127.0.0.1 /xiaoshigong/backend/index.php/User/ulist?p=2&k=&w=
INFO: [ app_init ] --START--
INFO: Run Behavior\BuildLiteBehavior [ RunTime:0.000008s ]
INFO: [ app_init ] --END-- [ RunTime:0.000495s ]
INFO: [ app_begin ] --START--
INFO: Run Behavior\ReadHtmlCacheBehavior [ RunTime:0.000780s ]
INFO: [ app_begin ] --END-- [ RunTime:0.000816s ]
SQL: SHOW COLUMNS FROM `xsg_admin_session` [ RunTime:0.0526s ]
SQL: SELECT `expires_time` FROM `xsg_admin_session` WHERE `token` = '7afa5ad761a7035ac7f17185e0579e62' LIMIT 1   [ RunTime:0.0554s ]
SQL: UPDATE `xsg_admin_session` SET `expires_time`='1613967766' WHERE `token` = '7afa5ad761a7035ac7f17185e0579e62' [ RunTime:0.0572s ]
SQL: SELECT `uid` FROM `xsg_admin_session` WHERE `token` = '7afa5ad761a7035ac7f17185e0579e62' LIMIT 1   [ RunTime:0.0500s ]
SQL: SHOW COLUMNS FROM `xsg_admin_user` [ RunTime:0.0601s ]
SQL: SELECT `id`,`username`,`nickname` FROM `xsg_admin_user` WHERE `id` = 1 LIMIT 1   [ RunTime:0.0504s ]
NOTIC: [8] Undefined index: page D:\work\xiaoshigong\backend\Home\Controller\UserController.class.php 第 23 行.
SQL: SELECT U.id,U.username,U.nickname,U.role_id,U.status,U.create_time,(select group_concat(name) from xsg_admin_role R where FIND_IN_SET(R.id,U.role_id)) as role_name FROM xsg_admin_user U LIMIT 0,15   [ RunTime:0.0528s ]
SQL: SHOW COLUMNS FROM `xsg_admin_role` [ RunTime:0.0546s ]
SQL: SELECT * FROM `xsg_admin_role` WHERE ( status=1 )  [ RunTime:0.0529s ]
SQL: SELECT COUNT(*) AS tp_count FROM xsg_admin_user U LIMIT 1   [ RunTime:0.0525s ]

[ 2021-02-22T11:22:49+08:00 ] 127.0.0.1 /xiaoshigong/backend/index.php/User/ulist?p=3&k=&w=
INFO: [ app_init ] --START--
INFO: Run Behavior\BuildLiteBehavior [ RunTime:0.000012s ]
INFO: [ app_init ] --END-- [ RunTime:0.000821s ]
INFO: [ app_begin ] --START--
INFO: Run Behavior\ReadHtmlCacheBehavior [ RunTime:0.000801s ]
INFO: [ app_begin ] --END-- [ RunTime:0.000845s ]
SQL: SHOW COLUMNS FROM `xsg_admin_session` [ RunTime:0.0777s ]
SQL: SELECT `expires_time` FROM `xsg_admin_session` WHERE `token` = '7afa5ad761a7035ac7f17185e0579e62' LIMIT 1   [ RunTime:0.0574s ]
SQL: UPDATE `xsg_admin_session` SET `expires_time`='1613967769' WHERE `token` = '7afa5ad761a7035ac7f17185e0579e62' [ RunTime:0.0814s ]
SQL: SELECT `uid` FROM `xsg_admin_session` WHERE `token` = '7afa5ad761a7035ac7f17185e0579e62' LIMIT 1   [ RunTime:0.0745s ]
SQL: SHOW COLUMNS FROM `xsg_admin_user` [ RunTime:0.1060s ]
SQL: SELECT `id`,`username`,`nickname` FROM `xsg_admin_user` WHERE `id` = 1 LIMIT 1   [ RunTime:0.0972s ]
NOTIC: [8] Undefined index: page D:\work\xiaoshigong\backend\Home\Controller\UserController.class.php 第 23 行.
SQL: SELECT U.id,U.username,U.nickname,U.role_id,U.status,U.create_time,(select group_concat(name) from xsg_admin_role R where FIND_IN_SET(R.id,U.role_id)) as role_name FROM xsg_admin_user U LIMIT 0,15   [ RunTime:0.0603s ]
SQL: SHOW COLUMNS FROM `xsg_admin_role` [ RunTime:0.0852s ]
SQL: SELECT * FROM `xsg_admin_role` WHERE ( status=1 )  [ RunTime:0.0562s ]
SQL: SELECT COUNT(*) AS tp_count FROM xsg_admin_user U LIMIT 1   [ RunTime:0.0624s ]

[ 2021-02-22T11:22:51+08:00 ] 127.0.0.1 /xiaoshigong/backend/index.php/User/ulist?p=2&k=&w=
INFO: [ app_init ] --START--
INFO: Run Behavior\BuildLiteBehavior [ RunTime:0.000008s ]
INFO: [ app_init ] --END-- [ RunTime:0.000526s ]
INFO: [ app_begin ] --START--
INFO: Run Behavior\ReadHtmlCacheBehavior [ RunTime:0.001358s ]
INFO: [ app_begin ] --END-- [ RunTime:0.001430s ]
SQL: SHOW COLUMNS FROM `xsg_admin_session` [ RunTime:0.0533s ]
SQL: SELECT `expires_time` FROM `xsg_admin_session` WHERE `token` = '7afa5ad761a7035ac7f17185e0579e62' LIMIT 1   [ RunTime:0.0736s ]
SQL: UPDATE `xsg_admin_session` SET `expires_time`='1613967770' WHERE `token` = '7afa5ad761a7035ac7f17185e0579e62' [ RunTime:0.0549s ]
SQL: SELECT `uid` FROM `xsg_admin_session` WHERE `token` = '7afa5ad761a7035ac7f17185e0579e62' LIMIT 1   [ RunTime:0.1242s ]
SQL: SHOW COLUMNS FROM `xsg_admin_user` [ RunTime:0.1154s ]
SQL: SELECT `id`,`username`,`nickname` FROM `xsg_admin_user` WHERE `id` = 1 LIMIT 1   [ RunTime:0.0587s ]
NOTIC: [8] Undefined index: page D:\work\xiaoshigong\backend\Home\Controller\UserController.class.php 第 23 行.
SQL: SELECT U.id,U.username,U.nickname,U.role_id,U.status,U.create_time,(select group_concat(name) from xsg_admin_role R where FIND_IN_SET(R.id,U.role_id)) as role_name FROM xsg_admin_user U LIMIT 0,15   [ RunTime:0.0661s ]
SQL: SHOW COLUMNS FROM `xsg_admin_role` [ RunTime:0.1134s ]
SQL: SELECT * FROM `xsg_admin_role` WHERE ( status=1 )  [ RunTime:0.1224s ]
SQL: SELECT COUNT(*) AS tp_count FROM xsg_admin_user U LIMIT 1   [ RunTime:0.0508s ]

[ 2021-02-22T11:22:52+08:00 ] 127.0.0.1 /xiaoshigong/backend/index.php/User/ulist?p=1&k=&w=
INFO: [ app_init ] --START--
INFO: Run Behavior\BuildLiteBehavior [ RunTime:0.000013s ]
INFO: [ app_init ] --END-- [ RunTime:0.000706s ]
INFO: [ app_begin ] --START--
INFO: Run Behavior\ReadHtmlCacheBehavior [ RunTime:0.001008s ]
INFO: [ app_begin ] --END-- [ RunTime:0.001056s ]
SQL: SHOW COLUMNS FROM `xsg_admin_session` [ RunTime:0.0526s ]
SQL: SELECT `expires_time` FROM `xsg_admin_session` WHERE `token` = '7afa5ad761a7035ac7f17185e0579e62' LIMIT 1   [ RunTime:0.0516s ]
SQL: UPDATE `xsg_admin_session` SET `expires_time`='1613967772' WHERE `token` = '7afa5ad761a7035ac7f17185e0579e62' [ RunTime:0.0520s ]
SQL: SELECT `uid` FROM `xsg_admin_session` WHERE `token` = '7afa5ad761a7035ac7f17185e0579e62' LIMIT 1   [ RunTime:0.0514s ]
SQL: SHOW COLUMNS FROM `xsg_admin_user` [ RunTime:0.0543s ]
SQL: SELECT `id`,`username`,`nickname` FROM `xsg_admin_user` WHERE `id` = 1 LIMIT 1   [ RunTime:0.0644s ]
NOTIC: [8] Undefined index: page D:\work\xiaoshigong\backend\Home\Controller\UserController.class.php 第 23 行.
SQL: SELECT U.id,U.username,U.nickname,U.role_id,U.status,U.create_time,(select group_concat(name) from xsg_admin_role R where FIND_IN_SET(R.id,U.role_id)) as role_name FROM xsg_admin_user U LIMIT 0,15   [ RunTime:0.0501s ]
SQL: SHOW COLUMNS FROM `xsg_admin_role` [ RunTime:0.0613s ]
SQL: SELECT * FROM `xsg_admin_role` WHERE ( status=1 )  [ RunTime:0.0718s ]
SQL: SELECT COUNT(*) AS tp_count FROM xsg_admin_user U LIMIT 1   [ RunTime:0.0837s ]

