[ 2018-09-15T00:46:34+08:00 ] ::1 /zlc/admin.php/Content/index/pid/2/cid/20.html
ERR: SQLSTATE[42S02]: Base table or view not found: 1146 Table 'zlc.b_custom' doesn't exist

[ 2018-09-15T00:48:38+08:00 ] ::1 /zlc/admin.php/Content/index/pid/2/cid/20.html
ERR: 模板不存在:./Admin/View/Default/Content/custom.html

[ 2018-09-15T00:49:15+08:00 ] ::1 /zlc/admin.php/Content/index/pid/2/cid/20.html
ERR: 模板不存在:./Admin/View/Default/Content/custom.html

[ 2018-09-15T01:09:29+08:00 ] ::1 /zlc/admin.php/Content/save/pid/2.html
INFO: [ app_begin ] --START--
INFO: Run Behavior\ReadHtmlCacheBehavior [ RunTime:0.000909s ]
INFO: [ app_begin ] --END-- [ RunTime:0.001423s ]
SQL: SHOW COLUMNS FROM `b_admin_rule` [ RunTime:0.0464s ]
SQL: SELECT * FROM `b_admin_rule` WHERE `status` = 1 AND `type` = 1 ORDER BY sort asc,id  [ RunTime:0.0463s ]
NOTIC: [8] Use of undefined constant MODULE_ASSET - assumed 'MODULE_ASSET' D:\work\zlc\Admin\Common\Controller\AuthController.class.php 第 174 行.
SQL: SHOW COLUMNS FROM `b_content_cate` [ RunTime:0.0466s ]
SQL: SELECT `id`,`title` FROM `b_content_cate` WHERE `pid` = 0 AND `status` = 1 ORDER BY sort,id  [ RunTime:0.0452s ]
SQL: SELECT `id`,`title`,`type`,`controller_name`,`action_name` FROM `b_content_cate` WHERE `id` = 20 LIMIT 1   [ RunTime:0.0467s ]
INFO: [ app_end ] --START--
INFO: Run Behavior\ShowPageTraceBehavior [ RunTime:0.002951s ]
INFO: [ app_end ] --END-- [ RunTime:0.003081s ]

[ 2018-09-15T01:20:32+08:00 ] ::1 /zlc/admin.php/Content/save/pid/2.html
INFO: [ app_begin ] --START--
INFO: Run Behavior\ReadHtmlCacheBehavior [ RunTime:0.000921s ]
INFO: [ app_begin ] --END-- [ RunTime:0.001443s ]
SQL: SHOW COLUMNS FROM `b_admin_rule` [ RunTime:0.0481s ]
SQL: SELECT * FROM `b_admin_rule` WHERE `status` = 1 AND `type` = 1 ORDER BY sort asc,id  [ RunTime:0.0483s ]
NOTIC: [8] Use of undefined constant MODULE_ASSET - assumed 'MODULE_ASSET' D:\work\zlc\Admin\Common\Controller\AuthController.class.php 第 174 行.
SQL: SHOW COLUMNS FROM `b_content_cate` [ RunTime:0.0511s ]
SQL: SELECT `id`,`title` FROM `b_content_cate` WHERE `pid` = 0 AND `status` = 1 ORDER BY sort,id  [ RunTime:0.0472s ]
SQL: SELECT `id`,`title`,`type`,`controller_name`,`action_name` FROM `b_content_cate` WHERE `id` = 20 LIMIT 1   [ RunTime:0.0486s ]
SQL: SELECT * FROM `b_admin_rule` WHERE `status` = 1 AND `type` = 1 ORDER BY sort asc,id  [ RunTime:0.0487s ]
NOTIC: [8] Use of undefined constant MODULE_ASSET - assumed 'MODULE_ASSET' D:\work\zlc\Admin\Common\Controller\AuthController.class.php 第 174 行.
SQL: SELECT `id`,`title` FROM `b_content_cate` WHERE `pid` = 0 AND `status` = 1 ORDER BY sort,id  [ RunTime:0.0479s ]
NOTIC: [8] Undefined variable: do_add D:\work\zlc\Admin\Controller\ContentController.class.php 第 233 行.

[ 2018-09-15T01:20:55+08:00 ] ::1 /zlc/admin.php/Content/save/pid/2.html
INFO: [ app_begin ] --START--
INFO: Run Behavior\ReadHtmlCacheBehavior [ RunTime:0.000911s ]
INFO: [ app_begin ] --END-- [ RunTime:0.001551s ]
SQL: SHOW COLUMNS FROM `b_admin_rule` [ RunTime:0.0480s ]
SQL: SELECT * FROM `b_admin_rule` WHERE `status` = 1 AND `type` = 1 ORDER BY sort asc,id  [ RunTime:0.0479s ]
NOTIC: [8] Use of undefined constant MODULE_ASSET - assumed 'MODULE_ASSET' D:\work\zlc\Admin\Common\Controller\AuthController.class.php 第 174 行.
SQL: SHOW COLUMNS FROM `b_content_cate` [ RunTime:0.0485s ]
SQL: SELECT `id`,`title` FROM `b_content_cate` WHERE `pid` = 0 AND `status` = 1 ORDER BY sort,id  [ RunTime:0.0469s ]
SQL: SELECT `id`,`title`,`type`,`controller_name`,`action_name` FROM `b_content_cate` WHERE `id` = 20 LIMIT 1   [ RunTime:0.0483s ]
SQL: SELECT * FROM `b_admin_rule` WHERE `status` = 1 AND `type` = 1 ORDER BY sort asc,id  [ RunTime:0.0470s ]
NOTIC: [8] Use of undefined constant MODULE_ASSET - assumed 'MODULE_ASSET' D:\work\zlc\Admin\Common\Controller\AuthController.class.php 第 174 行.
SQL: SELECT `id`,`title` FROM `b_content_cate` WHERE `pid` = 0 AND `status` = 1 ORDER BY sort,id  [ RunTime:0.0475s ]
SQL: SHOW COLUMNS FROM `b_fairs` [ RunTime:0.0475s ]
SQL: INSERT INTO `b_fairs` (`cid`,`title`,`times`,`place`,`recommend`,`status`,`content`) VALUES ('20','2018中拉国际博览会','09月16日 上午9:00至下午5:00','中国-珠海-横琴国际会展中心','1','1','<p>二恶</p>') [ RunTime:0.0499s ]

[ 2018-09-15T01:54:35+08:00 ] ::1 /zlc/admin.php/Content/save/pid/2.html
INFO: [ app_begin ] --START--
INFO: Run Behavior\ReadHtmlCacheBehavior [ RunTime:0.002235s ]
INFO: [ app_begin ] --END-- [ RunTime:0.004491s ]
SQL: SHOW COLUMNS FROM `b_admin_rule` [ RunTime:0.0452s ]
SQL: SELECT * FROM `b_admin_rule` WHERE `status` = 1 AND `type` = 1 ORDER BY sort asc,id  [ RunTime:0.0449s ]
NOTIC: [8] Use of undefined constant MODULE_ASSET - assumed 'MODULE_ASSET' D:\work\zlc\Admin\Common\Controller\AuthController.class.php 第 174 行.
SQL: SHOW COLUMNS FROM `b_content_cate` [ RunTime:0.0457s ]
SQL: SELECT `id`,`title` FROM `b_content_cate` WHERE `pid` = 0 AND `status` = 1 ORDER BY sort,id  [ RunTime:0.0446s ]
SQL: SELECT `id`,`title`,`type`,`controller_name`,`action_name` FROM `b_content_cate` WHERE `id` = 20 LIMIT 1   [ RunTime:0.0453s ]
SQL: SELECT * FROM `b_admin_rule` WHERE `status` = 1 AND `type` = 1 ORDER BY sort asc,id  [ RunTime:0.0452s ]
NOTIC: [8] Use of undefined constant MODULE_ASSET - assumed 'MODULE_ASSET' D:\work\zlc\Admin\Common\Controller\AuthController.class.php 第 174 行.
SQL: SELECT `id`,`title` FROM `b_content_cate` WHERE `pid` = 0 AND `status` = 1 ORDER BY sort,id  [ RunTime:0.0448s ]
SQL: SHOW COLUMNS FROM `b_fairs` [ RunTime:0.0450s ]
SQL: INSERT INTO `b_fairs` (`cid`,`title`,`times`,`place`,`recommend`,`status`,`content`) VALUES ('20','2017年中拉国际博览会','2012','珠海','1','1','<p>是多少</p>') [ RunTime:0.0477s ]

[ 2018-09-15T01:54:51+08:00 ] ::1 /zlc/admin.php/Content/update/pid/2/id/3.html
INFO: [ app_begin ] --START--
INFO: Run Behavior\ReadHtmlCacheBehavior [ RunTime:0.000988s ]
INFO: [ app_begin ] --END-- [ RunTime:0.001547s ]
SQL: SHOW COLUMNS FROM `b_admin_rule` [ RunTime:0.0460s ]
SQL: SELECT * FROM `b_admin_rule` WHERE `status` = 1 AND `type` = 1 ORDER BY sort asc,id  [ RunTime:0.0464s ]
NOTIC: [8] Use of undefined constant MODULE_ASSET - assumed 'MODULE_ASSET' D:\work\zlc\Admin\Common\Controller\AuthController.class.php 第 174 行.
SQL: SHOW COLUMNS FROM `b_content_cate` [ RunTime:0.0477s ]
SQL: SELECT `id`,`title` FROM `b_content_cate` WHERE `pid` = 0 AND `status` = 1 ORDER BY sort,id  [ RunTime:0.0454s ]
SQL: SELECT `id`,`title`,`type`,`controller_name`,`action_name` FROM `b_content_cate` WHERE `id` = 20 LIMIT 1   [ RunTime:0.0467s ]
SQL: SELECT * FROM `b_admin_rule` WHERE `status` = 1 AND `type` = 1 ORDER BY sort asc,id  [ RunTime:0.0461s ]
NOTIC: [8] Use of undefined constant MODULE_ASSET - assumed 'MODULE_ASSET' D:\work\zlc\Admin\Common\Controller\AuthController.class.php 第 174 行.
SQL: SELECT `id`,`title` FROM `b_content_cate` WHERE `pid` = 0 AND `status` = 1 ORDER BY sort,id  [ RunTime:0.0456s ]
SQL: SHOW COLUMNS FROM `b_fairs` [ RunTime:0.0459s ]

[ 2018-09-15T01:55:22+08:00 ] ::1 /zlc/admin.php/Content/update/pid/2/id/3.html
INFO: [ app_begin ] --START--
INFO: Run Behavior\ReadHtmlCacheBehavior [ RunTime:0.001311s ]
INFO: [ app_begin ] --END-- [ RunTime:0.002432s ]
SQL: SHOW COLUMNS FROM `b_admin_rule` [ RunTime:0.0490s ]
SQL: SELECT * FROM `b_admin_rule` WHERE `status` = 1 AND `type` = 1 ORDER BY sort asc,id  [ RunTime:0.0491s ]
NOTIC: [8] Use of undefined constant MODULE_ASSET - assumed 'MODULE_ASSET' D:\work\zlc\Admin\Common\Controller\AuthController.class.php 第 174 行.
SQL: SHOW COLUMNS FROM `b_content_cate` [ RunTime:0.0487s ]
SQL: SELECT `id`,`title` FROM `b_content_cate` WHERE `pid` = 0 AND `status` = 1 ORDER BY sort,id  [ RunTime:0.0485s ]
SQL: SELECT `id`,`title`,`type`,`controller_name`,`action_name` FROM `b_content_cate` WHERE `id` = 20 LIMIT 1   [ RunTime:0.0493s ]
SQL: SELECT * FROM `b_admin_rule` WHERE `status` = 1 AND `type` = 1 ORDER BY sort asc,id  [ RunTime:0.0486s ]
NOTIC: [8] Use of undefined constant MODULE_ASSET - assumed 'MODULE_ASSET' D:\work\zlc\Admin\Common\Controller\AuthController.class.php 第 174 行.
SQL: SELECT `id`,`title` FROM `b_content_cate` WHERE `pid` = 0 AND `status` = 1 ORDER BY sort,id  [ RunTime:0.0486s ]
SQL: SHOW COLUMNS FROM `b_fairs` [ RunTime:0.0487s ]

[ 2018-09-15T01:56:54+08:00 ] ::1 /zlc/admin.php/Content/update/pid/2/id/3.html
INFO: [ app_begin ] --START--
INFO: Run Behavior\ReadHtmlCacheBehavior [ RunTime:0.001380s ]
INFO: [ app_begin ] --END-- [ RunTime:0.002045s ]
SQL: SHOW COLUMNS FROM `b_admin_rule` [ RunTime:0.0459s ]
SQL: SELECT * FROM `b_admin_rule` WHERE `status` = 1 AND `type` = 1 ORDER BY sort asc,id  [ RunTime:0.0458s ]
NOTIC: [8] Use of undefined constant MODULE_ASSET - assumed 'MODULE_ASSET' D:\work\zlc\Admin\Common\Controller\AuthController.class.php 第 174 行.
SQL: SHOW COLUMNS FROM `b_content_cate` [ RunTime:0.0478s ]
SQL: SELECT `id`,`title` FROM `b_content_cate` WHERE `pid` = 0 AND `status` = 1 ORDER BY sort,id  [ RunTime:0.0456s ]
SQL: SELECT `id`,`title`,`type`,`controller_name`,`action_name` FROM `b_content_cate` WHERE `id` = 20 LIMIT 1   [ RunTime:0.0472s ]
SQL: SELECT * FROM `b_admin_rule` WHERE `status` = 1 AND `type` = 1 ORDER BY sort asc,id  [ RunTime:0.0468s ]
NOTIC: [8] Use of undefined constant MODULE_ASSET - assumed 'MODULE_ASSET' D:\work\zlc\Admin\Common\Controller\AuthController.class.php 第 174 行.
SQL: SELECT `id`,`title` FROM `b_content_cate` WHERE `pid` = 0 AND `status` = 1 ORDER BY sort,id  [ RunTime:0.0455s ]
SQL: SHOW COLUMNS FROM `b_fairs` [ RunTime:0.0464s ]

[ 2018-09-15T01:57:47+08:00 ] ::1 /zlc/admin.php/Content/update/pid/2/id/3.html
INFO: [ app_begin ] --START--
INFO: Run Behavior\ReadHtmlCacheBehavior [ RunTime:0.000647s ]
INFO: [ app_begin ] --END-- [ RunTime:0.001130s ]
SQL: SHOW COLUMNS FROM `b_admin_rule` [ RunTime:0.0470s ]
SQL: SELECT * FROM `b_admin_rule` WHERE `status` = 1 AND `type` = 1 ORDER BY sort asc,id  [ RunTime:0.0470s ]
NOTIC: [8] Use of undefined constant MODULE_ASSET - assumed 'MODULE_ASSET' D:\work\zlc\Admin\Common\Controller\AuthController.class.php 第 174 行.
SQL: SHOW COLUMNS FROM `b_content_cate` [ RunTime:0.0483s ]
SQL: SELECT `id`,`title` FROM `b_content_cate` WHERE `pid` = 0 AND `status` = 1 ORDER BY sort,id  [ RunTime:0.0475s ]
SQL: SELECT `id`,`title`,`type`,`controller_name`,`action_name` FROM `b_content_cate` WHERE `id` = 20 LIMIT 1   [ RunTime:0.0476s ]
SQL: SELECT * FROM `b_admin_rule` WHERE `status` = 1 AND `type` = 1 ORDER BY sort asc,id  [ RunTime:0.0472s ]
NOTIC: [8] Use of undefined constant MODULE_ASSET - assumed 'MODULE_ASSET' D:\work\zlc\Admin\Common\Controller\AuthController.class.php 第 174 行.
SQL: SELECT `id`,`title` FROM `b_content_cate` WHERE `pid` = 0 AND `status` = 1 ORDER BY sort,id  [ RunTime:0.0472s ]
SQL: SHOW COLUMNS FROM `b_fairs` [ RunTime:0.0480s ]

[ 2018-09-15T01:59:02+08:00 ] ::1 /zlc/admin.php/Content/update/pid/2/id/3.html
INFO: [ app_begin ] --START--
INFO: Run Behavior\ReadHtmlCacheBehavior [ RunTime:0.003779s ]
INFO: [ app_begin ] --END-- [ RunTime:0.004313s ]
SQL: SHOW COLUMNS FROM `b_admin_rule` [ RunTime:0.0493s ]
SQL: SELECT * FROM `b_admin_rule` WHERE `status` = 1 AND `type` = 1 ORDER BY sort asc,id  [ RunTime:0.0491s ]
NOTIC: [8] Use of undefined constant MODULE_ASSET - assumed 'MODULE_ASSET' D:\work\zlc\Admin\Common\Controller\AuthController.class.php 第 174 行.
SQL: SHOW COLUMNS FROM `b_content_cate` [ RunTime:0.0488s ]
SQL: SELECT `id`,`title` FROM `b_content_cate` WHERE `pid` = 0 AND `status` = 1 ORDER BY sort,id  [ RunTime:0.0485s ]
SQL: SELECT `id`,`title`,`type`,`controller_name`,`action_name` FROM `b_content_cate` WHERE `id` = 20 LIMIT 1   [ RunTime:0.0490s ]
SQL: SELECT * FROM `b_admin_rule` WHERE `status` = 1 AND `type` = 1 ORDER BY sort asc,id  [ RunTime:0.0484s ]
NOTIC: [8] Use of undefined constant MODULE_ASSET - assumed 'MODULE_ASSET' D:\work\zlc\Admin\Common\Controller\AuthController.class.php 第 174 行.
SQL: SELECT `id`,`title` FROM `b_content_cate` WHERE `pid` = 0 AND `status` = 1 ORDER BY sort,id  [ RunTime:0.0484s ]
SQL: SHOW COLUMNS FROM `b_fairs` [ RunTime:0.0487s ]

[ 2018-09-15T02:00:11+08:00 ] ::1 /zlc/admin.php/Content/update/pid/2/id/3.html
INFO: [ app_begin ] --START--
INFO: Run Behavior\ReadHtmlCacheBehavior [ RunTime:0.000763s ]
INFO: [ app_begin ] --END-- [ RunTime:0.001323s ]
SQL: SHOW COLUMNS FROM `b_admin_rule` [ RunTime:0.0481s ]
SQL: SELECT * FROM `b_admin_rule` WHERE `status` = 1 AND `type` = 1 ORDER BY sort asc,id  [ RunTime:0.0482s ]
NOTIC: [8] Use of undefined constant MODULE_ASSET - assumed 'MODULE_ASSET' D:\work\zlc\Admin\Common\Controller\AuthController.class.php 第 174 行.
SQL: SHOW COLUMNS FROM `b_content_cate` [ RunTime:0.0478s ]
SQL: SELECT `id`,`title` FROM `b_content_cate` WHERE `pid` = 0 AND `status` = 1 ORDER BY sort,id  [ RunTime:0.0473s ]
SQL: SELECT `id`,`title`,`type`,`controller_name`,`action_name` FROM `b_content_cate` WHERE `id` = 20 LIMIT 1   [ RunTime:0.0474s ]
SQL: SELECT * FROM `b_admin_rule` WHERE `status` = 1 AND `type` = 1 ORDER BY sort asc,id  [ RunTime:0.0482s ]
NOTIC: [8] Use of undefined constant MODULE_ASSET - assumed 'MODULE_ASSET' D:\work\zlc\Admin\Common\Controller\AuthController.class.php 第 174 行.
SQL: SELECT `id`,`title` FROM `b_content_cate` WHERE `pid` = 0 AND `status` = 1 ORDER BY sort,id  [ RunTime:0.0467s ]
SQL: SHOW COLUMNS FROM `b_fairs` [ RunTime:0.0479s ]
SQL: UPDATE `b_fairs` SET `cid`='20',`title`='2017年中拉国际博览会66',`times`='20125',`place`='珠海-横琴',`recommend`='1',`status`='1',`content`='<p>是多少55</p>' WHERE `id` = 3 [ RunTime:0.0492s ]

[ 2018-09-15T02:01:24+08:00 ] ::1 /zlc/admin.php/Content/update/pid/2/id/3.html
INFO: [ app_begin ] --START--
INFO: Run Behavior\ReadHtmlCacheBehavior [ RunTime:0.000687s ]
INFO: [ app_begin ] --END-- [ RunTime:0.001217s ]
SQL: SHOW COLUMNS FROM `b_admin_rule` [ RunTime:0.0473s ]
SQL: SELECT * FROM `b_admin_rule` WHERE `status` = 1 AND `type` = 1 ORDER BY sort asc,id  [ RunTime:0.0470s ]
NOTIC: [8] Use of undefined constant MODULE_ASSET - assumed 'MODULE_ASSET' D:\work\zlc\Admin\Common\Controller\AuthController.class.php 第 174 行.
SQL: SHOW COLUMNS FROM `b_content_cate` [ RunTime:0.0468s ]
SQL: SELECT `id`,`title` FROM `b_content_cate` WHERE `pid` = 0 AND `status` = 1 ORDER BY sort,id  [ RunTime:0.0462s ]
SQL: SELECT `id`,`title`,`type`,`controller_name`,`action_name` FROM `b_content_cate` WHERE `id` = 20 LIMIT 1   [ RunTime:0.0477s ]
SQL: SELECT * FROM `b_admin_rule` WHERE `status` = 1 AND `type` = 1 ORDER BY sort asc,id  [ RunTime:0.0474s ]
NOTIC: [8] Use of undefined constant MODULE_ASSET - assumed 'MODULE_ASSET' D:\work\zlc\Admin\Common\Controller\AuthController.class.php 第 174 行.
SQL: SELECT `id`,`title` FROM `b_content_cate` WHERE `pid` = 0 AND `status` = 1 ORDER BY sort,id  [ RunTime:0.0465s ]
SQL: SHOW COLUMNS FROM `b_fairs` [ RunTime:0.0467s ]
SQL: UPDATE `b_fairs` SET `cid`='20',`title`='2017年中拉国际博览会',`times`='20125',`place`='珠海-横琴',`recommend`='0',`status`='0',`content`='<p>是多少55</p>' WHERE `id` = 3 [ RunTime:0.0485s ]

[ 2018-09-15T02:01:46+08:00 ] ::1 /zlc/admin.php/Content/update/pid/2/id/3.html
INFO: [ app_begin ] --START--
INFO: Run Behavior\ReadHtmlCacheBehavior [ RunTime:0.000947s ]
INFO: [ app_begin ] --END-- [ RunTime:0.001980s ]
SQL: SHOW COLUMNS FROM `b_admin_rule` [ RunTime:0.0491s ]
SQL: SELECT * FROM `b_admin_rule` WHERE `status` = 1 AND `type` = 1 ORDER BY sort asc,id  [ RunTime:0.0493s ]
NOTIC: [8] Use of undefined constant MODULE_ASSET - assumed 'MODULE_ASSET' D:\work\zlc\Admin\Common\Controller\AuthController.class.php 第 174 行.
SQL: SHOW COLUMNS FROM `b_content_cate` [ RunTime:0.0488s ]
SQL: SELECT `id`,`title` FROM `b_content_cate` WHERE `pid` = 0 AND `status` = 1 ORDER BY sort,id  [ RunTime:0.0484s ]
SQL: SELECT `id`,`title`,`type`,`controller_name`,`action_name` FROM `b_content_cate` WHERE `id` = 20 LIMIT 1   [ RunTime:0.0485s ]
SQL: SELECT * FROM `b_admin_rule` WHERE `status` = 1 AND `type` = 1 ORDER BY sort asc,id  [ RunTime:0.0487s ]
NOTIC: [8] Use of undefined constant MODULE_ASSET - assumed 'MODULE_ASSET' D:\work\zlc\Admin\Common\Controller\AuthController.class.php 第 174 行.
SQL: SELECT `id`,`title` FROM `b_content_cate` WHERE `pid` = 0 AND `status` = 1 ORDER BY sort,id  [ RunTime:0.0478s ]
SQL: SHOW COLUMNS FROM `b_fairs` [ RunTime:0.0487s ]
SQL: UPDATE `b_fairs` SET `cid`='20',`title`='2017年中拉国际博览会',`times`='20125',`place`='珠海-横琴',`recommend`='1',`status`='1',`content`='<p>是多少55</p>' WHERE `id` = 3 [ RunTime:0.0502s ]

[ 2018-09-15T02:02:43+08:00 ] ::1 /zlc/admin.php/Content/update/pid/2/id/3.html
INFO: [ app_begin ] --START--
INFO: Run Behavior\ReadHtmlCacheBehavior [ RunTime:0.000771s ]
INFO: [ app_begin ] --END-- [ RunTime:0.001286s ]
SQL: SHOW COLUMNS FROM `b_admin_rule` [ RunTime:0.0482s ]
SQL: SELECT * FROM `b_admin_rule` WHERE `status` = 1 AND `type` = 1 ORDER BY sort asc,id  [ RunTime:0.0483s ]
NOTIC: [8] Use of undefined constant MODULE_ASSET - assumed 'MODULE_ASSET' D:\work\zlc\Admin\Common\Controller\AuthController.class.php 第 174 行.
SQL: SHOW COLUMNS FROM `b_content_cate` [ RunTime:0.0477s ]
SQL: SELECT `id`,`title` FROM `b_content_cate` WHERE `pid` = 0 AND `status` = 1 ORDER BY sort,id  [ RunTime:0.0474s ]
SQL: SELECT `id`,`title`,`type`,`controller_name`,`action_name` FROM `b_content_cate` WHERE `id` = 20 LIMIT 1   [ RunTime:0.0477s ]
SQL: SELECT * FROM `b_admin_rule` WHERE `status` = 1 AND `type` = 1 ORDER BY sort asc,id  [ RunTime:0.0477s ]
NOTIC: [8] Use of undefined constant MODULE_ASSET - assumed 'MODULE_ASSET' D:\work\zlc\Admin\Common\Controller\AuthController.class.php 第 174 行.
SQL: SELECT `id`,`title` FROM `b_content_cate` WHERE `pid` = 0 AND `status` = 1 ORDER BY sort,id  [ RunTime:0.0467s ]
SQL: SHOW COLUMNS FROM `b_fairs` [ RunTime:0.0480s ]
SQL: UPDATE `b_fairs` SET `cid`='20',`title`='2017年中拉国际博览会',`times`='20125',`place`='珠海-横琴',`recommend`='1',`status`='1',`content`='<p>是多少55</p>' WHERE `id` = 3 [ RunTime:0.0491s ]

[ 2018-09-15T02:02:53+08:00 ] ::1 /zlc/admin.php/Content/update/pid/2/id/3.html
INFO: [ app_begin ] --START--
INFO: Run Behavior\ReadHtmlCacheBehavior [ RunTime:0.001435s ]
INFO: [ app_begin ] --END-- [ RunTime:0.002147s ]
SQL: SHOW COLUMNS FROM `b_admin_rule` [ RunTime:0.0484s ]
SQL: SELECT * FROM `b_admin_rule` WHERE `status` = 1 AND `type` = 1 ORDER BY sort asc,id  [ RunTime:0.0482s ]
NOTIC: [8] Use of undefined constant MODULE_ASSET - assumed 'MODULE_ASSET' D:\work\zlc\Admin\Common\Controller\AuthController.class.php 第 174 行.
SQL: SHOW COLUMNS FROM `b_content_cate` [ RunTime:0.0490s ]
SQL: SELECT `id`,`title` FROM `b_content_cate` WHERE `pid` = 0 AND `status` = 1 ORDER BY sort,id  [ RunTime:0.0474s ]
SQL: SELECT `id`,`title`,`type`,`controller_name`,`action_name` FROM `b_content_cate` WHERE `id` = 20 LIMIT 1   [ RunTime:0.0492s ]
SQL: SELECT * FROM `b_admin_rule` WHERE `status` = 1 AND `type` = 1 ORDER BY sort asc,id  [ RunTime:0.0487s ]
NOTIC: [8] Use of undefined constant MODULE_ASSET - assumed 'MODULE_ASSET' D:\work\zlc\Admin\Common\Controller\AuthController.class.php 第 174 行.
SQL: SELECT `id`,`title` FROM `b_content_cate` WHERE `pid` = 0 AND `status` = 1 ORDER BY sort,id  [ RunTime:0.0474s ]
SQL: SHOW COLUMNS FROM `b_fairs` [ RunTime:0.0490s ]
SQL: UPDATE `b_fairs` SET `cid`='20',`title`='2017年中拉国际博览会',`times`='20125',`place`='珠海-横琴',`recommend`='0',`status`='1',`content`='<p>是多少55</p>' WHERE `id` = 3 [ RunTime:0.0666s ]

