[ 2018-09-13T00:07:44+08:00 ] ::1 /zlc/admin.php/Category/main/id/7.html
ERR: SQLSTATE[42000]: Syntax error or access violation: 1064 You have an error in your SQL syntax; check the manual that corresponds to your MySQL server version for the right syntax to use near ') LIMIT 1' at line 1

[ 2018-09-13T00:17:08+08:00 ] ::1 /zlc/admin.php/Category/save_cate/actype/edit.html
INFO: [ app_begin ] --START--
INFO: Run Behavior\ReadHtmlCacheBehavior [ RunTime:0.000884s ]
INFO: [ app_begin ] --END-- [ RunTime:0.001382s ]
SQL: SHOW COLUMNS FROM `b_admin_rule` [ RunTime:0.0505s ]
SQL: SELECT * FROM `b_admin_rule` WHERE `status` = 1 AND `type` = 1 ORDER BY sort asc,id  [ RunTime:0.0490s ]
NOTIC: [8] Use of undefined constant MODULE_ASSET - assumed 'MODULE_ASSET' D:\work\zlc\Admin\Common\Controller\AuthController.class.php 第 144 行.
SQL: SHOW COLUMNS FROM `b_content_cate` [ RunTime:0.0497s ]
SQL: UPDATE `b_content_cate` SET `title`='关于我们',`en_title`='About',`is_nav`='1',`type`='news' WHERE `id` = 5 [ RunTime:0.0634s ]

[ 2018-09-13T00:22:00+08:00 ] ::1 /zlc/admin.php/Category/save_cate/actype/edit.html
INFO: [ app_begin ] --START--
INFO: Run Behavior\ReadHtmlCacheBehavior [ RunTime:0.000755s ]
INFO: [ app_begin ] --END-- [ RunTime:0.001254s ]
SQL: SHOW COLUMNS FROM `b_admin_rule` [ RunTime:0.0472s ]
SQL: SELECT * FROM `b_admin_rule` WHERE `status` = 1 AND `type` = 1 ORDER BY sort asc,id  [ RunTime:0.0472s ]
NOTIC: [8] Use of undefined constant MODULE_ASSET - assumed 'MODULE_ASSET' D:\work\zlc\Admin\Common\Controller\AuthController.class.php 第 144 行.
SQL: SHOW COLUMNS FROM `b_content_cate` [ RunTime:0.0474s ]
SQL: UPDATE `b_content_cate` SET `title`='政策法规',`en_title`='',`pid`='0',`is_nav`='1',`type`='single' WHERE `id` = 7 [ RunTime:0.0594s ]

[ 2018-09-13T00:25:02+08:00 ] ::1 /zlc/admin.php/Category/save_cate/actype/edit.html
INFO: [ app_begin ] --START--
INFO: Run Behavior\ReadHtmlCacheBehavior [ RunTime:0.000791s ]
INFO: [ app_begin ] --END-- [ RunTime:0.001312s ]
SQL: SHOW COLUMNS FROM `b_admin_rule` [ RunTime:0.0493s ]
SQL: SELECT * FROM `b_admin_rule` WHERE `status` = 1 AND `type` = 1 ORDER BY sort asc,id  [ RunTime:0.0481s ]
NOTIC: [8] Use of undefined constant MODULE_ASSET - assumed 'MODULE_ASSET' D:\work\zlc\Admin\Common\Controller\AuthController.class.php 第 144 行.
SQL: SHOW COLUMNS FROM `b_content_cate` [ RunTime:0.0484s ]
SQL: UPDATE `b_content_cate` SET `title`='中拉合作',`en_title`='cooperate',`pid`='0',`is_nav`='1',`type`='news' WHERE `id` = 2 [ RunTime:0.0498s ]

[ 2018-09-13T00:55:36+08:00 ] ::1 /zlc/admin.php/Category/save_cate/actype/edit.html
INFO: [ app_begin ] --START--
INFO: Run Behavior\ReadHtmlCacheBehavior [ RunTime:0.000932s ]
INFO: [ app_begin ] --END-- [ RunTime:0.001458s ]
SQL: SHOW COLUMNS FROM `b_admin_rule` [ RunTime:0.0481s ]
SQL: SELECT * FROM `b_admin_rule` WHERE `status` = 1 AND `type` = 1 ORDER BY sort asc,id  [ RunTime:0.0482s ]
NOTIC: [8] Use of undefined constant MODULE_ASSET - assumed 'MODULE_ASSET' D:\work\zlc\Admin\Common\Controller\AuthController.class.php 第 144 行.
SQL: SHOW COLUMNS FROM `b_content_cate` [ RunTime:0.0482s ]
SQL: UPDATE `b_content_cate` SET `title`='企业商机',`en_title`='business',`pid`='0',`is_nav`='1',`type`='news',`controller_name`='',`action_name`='' WHERE `id` = 4 [ RunTime:0.0491s ]

[ 2018-09-13T01:00:56+08:00 ] ::1 /zlc/admin.php/Category/save_cate/actype/edit.html
INFO: [ app_begin ] --START--
INFO: Run Behavior\ReadHtmlCacheBehavior [ RunTime:0.000769s ]
INFO: [ app_begin ] --END-- [ RunTime:0.001264s ]
SQL: SHOW COLUMNS FROM `b_admin_rule` [ RunTime:0.0449s ]
SQL: SELECT * FROM `b_admin_rule` WHERE `status` = 1 AND `type` = 1 ORDER BY sort asc,id  [ RunTime:0.0450s ]
NOTIC: [8] Use of undefined constant MODULE_ASSET - assumed 'MODULE_ASSET' D:\work\zlc\Admin\Common\Controller\AuthController.class.php 第 144 行.
SQL: SHOW COLUMNS FROM `b_content_cate` [ RunTime:0.0451s ]
SQL: UPDATE `b_content_cate` SET `title`='企业商机',`en_title`='business',`pid`='0',`is_nav`='1',`type`='custom',`controller_name`='',`action_name`='' WHERE `id` = 4 [ RunTime:0.0463s ]

[ 2018-09-13T10:51:26+08:00 ] ::1 /zlc/admin.php/Category/save_cate/actype/add.html
INFO: [ app_begin ] --START--
INFO: Run Behavior\ReadHtmlCacheBehavior [ RunTime:0.000622s ]
INFO: [ app_begin ] --END-- [ RunTime:0.001096s ]
SQL: SHOW COLUMNS FROM `b_admin_rule` [ RunTime:0.0480s ]
SQL: SELECT * FROM `b_admin_rule` WHERE `status` = 1 AND `type` = 1 ORDER BY sort asc,id  [ RunTime:0.0484s ]
NOTIC: [8] Use of undefined constant MODULE_ASSET - assumed 'MODULE_ASSET' D:\work\zlc\Admin\Common\Controller\AuthController.class.php 第 144 行.
SQL: SHOW COLUMNS FROM `b_content_cate` [ RunTime:0.0485s ]
SQL: INSERT INTO `b_content_cate` (`title`,`en_title`,`pid`,`is_nav`,`type`) VALUES ('政务公开','','0','0','') [ RunTime:0.0500s ]

[ 2018-09-13T10:52:07+08:00 ] ::1 /zlc/admin.php/Category/save_cate/actype/add.html
INFO: [ app_begin ] --START--
INFO: Run Behavior\ReadHtmlCacheBehavior [ RunTime:0.000694s ]
INFO: [ app_begin ] --END-- [ RunTime:0.001267s ]
SQL: SHOW COLUMNS FROM `b_admin_rule` [ RunTime:0.0461s ]
SQL: SELECT * FROM `b_admin_rule` WHERE `status` = 1 AND `type` = 1 ORDER BY sort asc,id  [ RunTime:0.0462s ]
NOTIC: [8] Use of undefined constant MODULE_ASSET - assumed 'MODULE_ASSET' D:\work\zlc\Admin\Common\Controller\AuthController.class.php 第 144 行.
SQL: SHOW COLUMNS FROM `b_content_cate` [ RunTime:0.0459s ]
SQL: INSERT INTO `b_content_cate` (`title`,`en_title`,`pid`,`is_nav`,`type`) VALUES ('业务职能','','11','0','single') [ RunTime:0.0473s ]
SQL: SHOW COLUMNS FROM `b_single` [ RunTime:0.0460s ]
SQL: INSERT INTO `b_single` (`cid`,`title`,`pid`) VALUES ('12','业务职能','11') [ RunTime:0.0476s ]

[ 2018-09-13T10:52:30+08:00 ] ::1 /zlc/admin.php/Category/save_cate/actype/add.html
INFO: [ app_begin ] --START--
INFO: Run Behavior\ReadHtmlCacheBehavior [ RunTime:0.000770s ]
INFO: [ app_begin ] --END-- [ RunTime:0.001292s ]
SQL: SHOW COLUMNS FROM `b_admin_rule` [ RunTime:0.0470s ]
SQL: SELECT * FROM `b_admin_rule` WHERE `status` = 1 AND `type` = 1 ORDER BY sort asc,id  [ RunTime:0.0474s ]
NOTIC: [8] Use of undefined constant MODULE_ASSET - assumed 'MODULE_ASSET' D:\work\zlc\Admin\Common\Controller\AuthController.class.php 第 144 行.
SQL: SHOW COLUMNS FROM `b_content_cate` [ RunTime:0.0470s ]
SQL: INSERT INTO `b_content_cate` (`title`,`en_title`,`pid`,`is_nav`,`type`) VALUES ('机构设置','','11','0','single') [ RunTime:0.0482s ]
SQL: SHOW COLUMNS FROM `b_single` [ RunTime:0.0473s ]
SQL: INSERT INTO `b_single` (`cid`,`title`,`pid`) VALUES ('13','机构设置','11') [ RunTime:0.0490s ]

[ 2018-09-13T10:52:52+08:00 ] ::1 /zlc/admin.php/Category/save_cate/actype/add.html
INFO: [ app_begin ] --START--
INFO: Run Behavior\ReadHtmlCacheBehavior [ RunTime:0.000904s ]
INFO: [ app_begin ] --END-- [ RunTime:0.001438s ]
SQL: SHOW COLUMNS FROM `b_admin_rule` [ RunTime:0.0472s ]
SQL: SELECT * FROM `b_admin_rule` WHERE `status` = 1 AND `type` = 1 ORDER BY sort asc,id  [ RunTime:0.0474s ]
NOTIC: [8] Use of undefined constant MODULE_ASSET - assumed 'MODULE_ASSET' D:\work\zlc\Admin\Common\Controller\AuthController.class.php 第 144 行.
SQL: SHOW COLUMNS FROM `b_content_cate` [ RunTime:0.0474s ]
SQL: INSERT INTO `b_content_cate` (`title`,`en_title`,`pid`,`is_nav`,`type`) VALUES ('领导介绍','','11','0','single') [ RunTime:0.0495s ]
SQL: SHOW COLUMNS FROM `b_single` [ RunTime:0.0478s ]
SQL: INSERT INTO `b_single` (`cid`,`title`,`pid`) VALUES ('14','领导介绍','11') [ RunTime:0.0483s ]

[ 2018-09-13T10:53:24+08:00 ] ::1 /zlc/admin.php/Category/save_cate/actype/add.html
INFO: [ app_begin ] --START--
INFO: Run Behavior\ReadHtmlCacheBehavior [ RunTime:0.000702s ]
INFO: [ app_begin ] --END-- [ RunTime:0.001206s ]
SQL: SHOW COLUMNS FROM `b_admin_rule` [ RunTime:0.0462s ]
SQL: SELECT * FROM `b_admin_rule` WHERE `status` = 1 AND `type` = 1 ORDER BY sort asc,id  [ RunTime:0.0463s ]
NOTIC: [8] Use of undefined constant MODULE_ASSET - assumed 'MODULE_ASSET' D:\work\zlc\Admin\Common\Controller\AuthController.class.php 第 144 行.
SQL: SHOW COLUMNS FROM `b_content_cate` [ RunTime:0.0470s ]
SQL: INSERT INTO `b_content_cate` (`title`,`en_title`,`pid`,`is_nav`,`type`) VALUES ('财务公开','','11','0','news') [ RunTime:0.0587s ]

[ 2018-09-13T10:54:07+08:00 ] ::1 /zlc/admin.php/Category/save_cate/actype/add.html
INFO: [ app_begin ] --START--
INFO: Run Behavior\ReadHtmlCacheBehavior [ RunTime:0.000680s ]
INFO: [ app_begin ] --END-- [ RunTime:0.001178s ]
SQL: SHOW COLUMNS FROM `b_admin_rule` [ RunTime:0.0471s ]
SQL: SELECT * FROM `b_admin_rule` WHERE `status` = 1 AND `type` = 1 ORDER BY sort asc,id  [ RunTime:0.0472s ]
NOTIC: [8] Use of undefined constant MODULE_ASSET - assumed 'MODULE_ASSET' D:\work\zlc\Admin\Common\Controller\AuthController.class.php 第 144 行.
SQL: SHOW COLUMNS FROM `b_content_cate` [ RunTime:0.0472s ]
SQL: INSERT INTO `b_content_cate` (`title`,`en_title`,`pid`,`is_nav`,`type`) VALUES ('贸促新闻','','1','0','news') [ RunTime:0.0481s ]

[ 2018-09-13T10:54:27+08:00 ] ::1 /zlc/admin.php/Category/save_cate/actype/add.html
INFO: [ app_begin ] --START--
INFO: Run Behavior\ReadHtmlCacheBehavior [ RunTime:0.000691s ]
INFO: [ app_begin ] --END-- [ RunTime:0.001189s ]
SQL: SHOW COLUMNS FROM `b_admin_rule` [ RunTime:0.0480s ]
SQL: SELECT * FROM `b_admin_rule` WHERE `status` = 1 AND `type` = 1 ORDER BY sort asc,id  [ RunTime:0.0482s ]
NOTIC: [8] Use of undefined constant MODULE_ASSET - assumed 'MODULE_ASSET' D:\work\zlc\Admin\Common\Controller\AuthController.class.php 第 144 行.
SQL: SHOW COLUMNS FROM `b_content_cate` [ RunTime:0.0479s ]
SQL: INSERT INTO `b_content_cate` (`title`,`en_title`,`pid`,`is_nav`,`type`) VALUES ('信息公开','','1','0','news') [ RunTime:0.0495s ]

[ 2018-09-13T10:57:13+08:00 ] ::1 /zlc/admin.php/Category/save_cate/actype/add.html
INFO: [ app_begin ] --START--
INFO: Run Behavior\ReadHtmlCacheBehavior [ RunTime:0.000693s ]
INFO: [ app_begin ] --END-- [ RunTime:0.001193s ]
SQL: SHOW COLUMNS FROM `b_admin_rule` [ RunTime:0.0458s ]
SQL: SELECT * FROM `b_admin_rule` WHERE `status` = 1 AND `type` = 1 ORDER BY sort asc,id  [ RunTime:0.0452s ]
NOTIC: [8] Use of undefined constant MODULE_ASSET - assumed 'MODULE_ASSET' D:\work\zlc\Admin\Common\Controller\AuthController.class.php 第 144 行.
SQL: SHOW COLUMNS FROM `b_content_cate` [ RunTime:0.0451s ]
SQL: INSERT INTO `b_content_cate` (`title`,`en_title`,`pid`,`is_nav`,`type`) VALUES ('活动公告','','1','0','news') [ RunTime:0.0481s ]

[ 2018-09-13T11:00:21+08:00 ] ::1 /zlc/admin.php/Category/save_cate/actype/add.html
INFO: [ app_begin ] --START--
INFO: Run Behavior\ReadHtmlCacheBehavior [ RunTime:0.000689s ]
INFO: [ app_begin ] --END-- [ RunTime:0.001291s ]
SQL: SHOW COLUMNS FROM `b_admin_rule` [ RunTime:0.0476s ]
SQL: SELECT * FROM `b_admin_rule` WHERE `status` = 1 AND `type` = 1 ORDER BY sort asc,id  [ RunTime:0.0472s ]
NOTIC: [8] Use of undefined constant MODULE_ASSET - assumed 'MODULE_ASSET' D:\work\zlc\Admin\Common\Controller\AuthController.class.php 第 144 行.
SQL: SHOW COLUMNS FROM `b_content_cate` [ RunTime:0.0467s ]
SQL: INSERT INTO `b_content_cate` (`title`,`en_title`,`pid`,`is_nav`,`type`) VALUES ('经贸信息','','2','0','news') [ RunTime:0.0500s ]

[ 2018-09-13T11:03:21+08:00 ] ::1 /zlc/admin.php/Category/save_cate/actype/add.html
INFO: [ app_begin ] --START--
INFO: Run Behavior\ReadHtmlCacheBehavior [ RunTime:0.000864s ]
INFO: [ app_begin ] --END-- [ RunTime:0.001305s ]
SQL: SHOW COLUMNS FROM `b_admin_rule` [ RunTime:0.0472s ]
SQL: SELECT * FROM `b_admin_rule` WHERE `status` = 1 AND `type` = 1 ORDER BY sort asc,id  [ RunTime:0.0474s ]
NOTIC: [8] Use of undefined constant MODULE_ASSET - assumed 'MODULE_ASSET' D:\work\zlc\Admin\Common\Controller\AuthController.class.php 第 144 行.
SQL: SHOW COLUMNS FROM `b_content_cate` [ RunTime:0.0485s ]
SQL: INSERT INTO `b_content_cate` (`title`,`en_title`,`pid`,`is_nav`,`type`,`controller_name`,`action_name`) VALUES ('重点展会','Fairs','2','0','custom','Fairs','index') [ RunTime:0.0499s ]

[ 2018-09-13T11:03:54+08:00 ] ::1 /zlc/admin.php/Category/save_cate/actype/add.html
INFO: [ app_begin ] --START--
INFO: Run Behavior\ReadHtmlCacheBehavior [ RunTime:0.001218s ]
INFO: [ app_begin ] --END-- [ RunTime:0.001821s ]
SQL: SHOW COLUMNS FROM `b_admin_rule` [ RunTime:0.0481s ]
SQL: SELECT * FROM `b_admin_rule` WHERE `status` = 1 AND `type` = 1 ORDER BY sort asc,id  [ RunTime:0.0475s ]
NOTIC: [8] Use of undefined constant MODULE_ASSET - assumed 'MODULE_ASSET' D:\work\zlc\Admin\Common\Controller\AuthController.class.php 第 144 行.
SQL: SHOW COLUMNS FROM `b_content_cate` [ RunTime:0.0481s ]
SQL: INSERT INTO `b_content_cate` (`title`,`en_title`,`pid`,`is_nav`,`type`) VALUES ('文化交流','','2','0','news') [ RunTime:0.0491s ]

[ 2018-09-13T11:04:45+08:00 ] ::1 /zlc/admin.php/Category/save_cate/actype/add.html
INFO: [ app_begin ] --START--
INFO: Run Behavior\ReadHtmlCacheBehavior [ RunTime:0.000721s ]
INFO: [ app_begin ] --END-- [ RunTime:0.001221s ]
SQL: SHOW COLUMNS FROM `b_admin_rule` [ RunTime:0.0472s ]
SQL: SELECT * FROM `b_admin_rule` WHERE `status` = 1 AND `type` = 1 ORDER BY sort asc,id  [ RunTime:0.0473s ]
NOTIC: [8] Use of undefined constant MODULE_ASSET - assumed 'MODULE_ASSET' D:\work\zlc\Admin\Common\Controller\AuthController.class.php 第 144 行.
SQL: SHOW COLUMNS FROM `b_content_cate` [ RunTime:0.0470s ]
SQL: INSERT INTO `b_content_cate` (`title`,`en_title`,`pid`,`is_nav`,`type`) VALUES ('地区热点','','3','0','news') [ RunTime:0.0501s ]

[ 2018-09-13T11:05:08+08:00 ] ::1 /zlc/admin.php/Category/save_cate/actype/add.html
INFO: [ app_begin ] --START--
INFO: Run Behavior\ReadHtmlCacheBehavior [ RunTime:0.001685s ]
INFO: [ app_begin ] --END-- [ RunTime:0.002529s ]
SQL: SHOW COLUMNS FROM `b_admin_rule` [ RunTime:0.0464s ]
SQL: SELECT * FROM `b_admin_rule` WHERE `status` = 1 AND `type` = 1 ORDER BY sort asc,id  [ RunTime:0.0462s ]
NOTIC: [8] Use of undefined constant MODULE_ASSET - assumed 'MODULE_ASSET' D:\work\zlc\Admin\Common\Controller\AuthController.class.php 第 144 行.
SQL: SHOW COLUMNS FROM `b_content_cate` [ RunTime:0.0463s ]
SQL: INSERT INTO `b_content_cate` (`title`,`en_title`,`pid`,`is_nav`,`type`) VALUES ('贸易预警','','3','0','news') [ RunTime:0.0484s ]

[ 2018-09-13T11:11:32+08:00 ] ::1 /zlc/admin.php/Category/save_cate/actype/edit.html
INFO: [ app_begin ] --START--
INFO: Run Behavior\ReadHtmlCacheBehavior [ RunTime:0.000811s ]
INFO: [ app_begin ] --END-- [ RunTime:0.001304s ]
SQL: SHOW COLUMNS FROM `b_admin_rule` [ RunTime:0.0472s ]
SQL: SELECT * FROM `b_admin_rule` WHERE `status` = 1 AND `type` = 1 ORDER BY sort asc,id  [ RunTime:0.0471s ]
NOTIC: [8] Use of undefined constant MODULE_ASSET - assumed 'MODULE_ASSET' D:\work\zlc\Admin\Common\Controller\AuthController.class.php 第 144 行.
SQL: SHOW COLUMNS FROM `b_content_cate` [ RunTime:0.0470s ]
SQL: UPDATE `b_content_cate` SET `title`='其他信息',`en_title`='',`pid`='0',`is_nav`='0',`type`='news' WHERE `id` = 5 [ RunTime:0.0484s ]

[ 2018-09-13T12:54:39+08:00 ] ::1 /zlc/admin.php/Content/index/cid/6.html
ERR: 参数错误或者未定义:pid

[ 2018-09-13T23:25:29+08:00 ] ::1 /zlc/admin.php/Content/index/pid/11.html
ERR: SQLSTATE[42000]: Syntax error or access violation: 1064 You have an error in your SQL syntax; check the manual that corresponds to your MySQL server version for the right syntax to use near ') LIMIT 1' at line 1

[ 2018-09-13T23:26:36+08:00 ] ::1 /zlc/admin.php/Content/index/pid/7.html
ERR: SQLSTATE[42000]: Syntax error or access violation: 1064 You have an error in your SQL syntax; check the manual that corresponds to your MySQL server version for the right syntax to use near ') LIMIT 1' at line 1

[ 2018-09-13T23:37:35+08:00 ] ::1 /zlc/admin.php/Content/index/pid/7.html
ERR: SQLSTATE[42000]: Syntax error or access violation: 1064 You have an error in your SQL syntax; check the manual that corresponds to your MySQL server version for the right syntax to use near ') LIMIT 1' at line 1

[ 2018-09-13T23:38:38+08:00 ] ::1 /zlc/admin.php/Content/index/pid/7.html
ERR: SQLSTATE[42000]: Syntax error or access violation: 1064 You have an error in your SQL syntax; check the manual that corresponds to your MySQL server version for the right syntax to use near ') LIMIT 1' at line 1

[ 2018-09-13T23:38:57+08:00 ] ::1 /zlc/admin.php/Content/index/pid/7.html
ERR: SQLSTATE[42000]: Syntax error or access violation: 1064 You have an error in your SQL syntax; check the manual that corresponds to your MySQL server version for the right syntax to use near ') LIMIT 1' at line 1

