[ 2018-09-21T19:54:23+08:00 ] ::1 /zlc/admin.php/Main/login.html
INFO: [ app_begin ] --START--
INFO: Run Behavior\ReadHtmlCacheBehavior [ RunTime:0.000658s ]
INFO: [ app_begin ] --END-- [ RunTime:0.001047s ]
SQL: SHOW COLUMNS FROM `b_user` [ RunTime:0.0452s ]
SQL: SELECT * FROM `b_user` WHERE `username` = 'admin' AND `password` = 'e10adc3949ba59abbe56e057f20f883e' LIMIT 1   [ RunTime:0.0452s ]
NOTIC: [8] Undefined index: uid D:\work\zlc\Admin\Controller\MainController.class.php 第 73 行.
NOTIC: [8] Undefined index: issuper D:\work\zlc\Admin\Controller\MainController.class.php 第 76 行.

[ 2018-09-21T20:30:41+08:00 ] ::1 /zlc/admin.php/Content/update/pid/2/id/2.html
INFO: [ app_begin ] --START--
INFO: Run Behavior\ReadHtmlCacheBehavior [ RunTime:0.000571s ]
INFO: [ app_begin ] --END-- [ RunTime:0.000961s ]
SQL: SHOW COLUMNS FROM `b_admin_rule` [ RunTime:0.0477s ]
SQL: SELECT * FROM `b_admin_rule` WHERE `status` = 1 AND `type` = 1 ORDER BY sort asc,id  [ RunTime:0.0495s ]
NOTIC: [8] Use of undefined constant MODULE_ASSET - assumed 'MODULE_ASSET' D:\work\zlc\Admin\Common\Controller\AuthController.class.php 第 174 行.
SQL: SHOW COLUMNS FROM `b_content_cate` [ RunTime:0.0483s ]
SQL: SELECT `id`,`title` FROM `b_content_cate` WHERE `pid` = 0 AND `status` = 1 ORDER BY sort,id  [ RunTime:0.0455s ]
SQL: SELECT `id`,`title`,`type`,`controller_name`,`action_name` FROM `b_content_cate` WHERE `id` = 20 LIMIT 1   [ RunTime:0.0469s ]
SQL: SELECT * FROM `b_admin_rule` WHERE `status` = 1 AND `type` = 1 ORDER BY sort asc,id  [ RunTime:0.0480s ]
NOTIC: [8] Use of undefined constant MODULE_ASSET - assumed 'MODULE_ASSET' D:\work\zlc\Admin\Common\Controller\AuthController.class.php 第 174 行.
SQL: SELECT `id`,`title` FROM `b_content_cate` WHERE `pid` = 0 AND `status` = 1 ORDER BY sort,id  [ RunTime:0.0461s ]
SQL: SHOW COLUMNS FROM `b_fairs` [ RunTime:0.0499s ]
SQL: UPDATE `b_fairs` SET `cid`='20',`title`='2017中拉国际博览会',`times`='09月16日 上午9:00至下午5:00',`place`='中国-珠海-横琴国际会展中心',`description`='珠海市委常委、副市长祝青桥在会上宣布，首届“中国——拉美国际博览会”将于2017年11月9日至11日在珠海举办，珠海已成为中国与拉美全面合作的重要平台。',`recommend`='1',`status`='1',`content`='<p>二恶</p>' WHERE `id` = 2 [ RunTime:0.0488s ]

[ 2018-09-21T20:40:23+08:00 ] ::1 /zlc/admin.php/Content/update/pid/2/id/2.html
INFO: [ app_begin ] --START--
INFO: Run Behavior\ReadHtmlCacheBehavior [ RunTime:0.000463s ]
INFO: [ app_begin ] --END-- [ RunTime:0.000810s ]
SQL: SHOW COLUMNS FROM `b_admin_rule` [ RunTime:0.0479s ]
SQL: SELECT * FROM `b_admin_rule` WHERE `status` = 1 AND `type` = 1 ORDER BY sort asc,id  [ RunTime:0.0536s ]
NOTIC: [8] Use of undefined constant MODULE_ASSET - assumed 'MODULE_ASSET' D:\work\zlc\Admin\Common\Controller\AuthController.class.php 第 174 行.
SQL: SHOW COLUMNS FROM `b_content_cate` [ RunTime:0.0491s ]
SQL: SELECT `id`,`title` FROM `b_content_cate` WHERE `pid` = 0 AND `status` = 1 ORDER BY sort,id  [ RunTime:0.0493s ]
SQL: SELECT `id`,`title`,`type`,`controller_name`,`action_name` FROM `b_content_cate` WHERE `id` = 20 LIMIT 1   [ RunTime:0.0478s ]
SQL: SELECT * FROM `b_admin_rule` WHERE `status` = 1 AND `type` = 1 ORDER BY sort asc,id  [ RunTime:0.0511s ]
NOTIC: [8] Use of undefined constant MODULE_ASSET - assumed 'MODULE_ASSET' D:\work\zlc\Admin\Common\Controller\AuthController.class.php 第 174 行.
SQL: SELECT `id`,`title` FROM `b_content_cate` WHERE `pid` = 0 AND `status` = 1 ORDER BY sort,id  [ RunTime:0.0464s ]
SQL: SHOW COLUMNS FROM `b_fairs` [ RunTime:0.0482s ]
SQL: SELECT `thumb` FROM `b_fairs` WHERE ( id=2 ) LIMIT 1   [ RunTime:0.0482s ]
NOTIC: [2] call_user_func() expects parameter 1 to be a valid callback, no array or string given D:\work\ThinkPHP\Library\Think\Upload.class.php 第 170 行.
SQL: UPDATE `b_fairs` SET `thumb`='15375336220.jpg' WHERE `id` = 2 [ RunTime:0.0487s ]

[ 2018-09-21T21:20:50+08:00 ] ::1 /zlc/admin.php/Banner/del/id/1.html
INFO: [ app_begin ] --START--
INFO: Run Behavior\ReadHtmlCacheBehavior [ RunTime:0.000556s ]
INFO: [ app_begin ] --END-- [ RunTime:0.000950s ]
SQL: SHOW COLUMNS FROM `b_admin_rule` [ RunTime:0.0451s ]
SQL: SELECT * FROM `b_admin_rule` WHERE `status` = 1 AND `type` = 1 ORDER BY sort asc,id  [ RunTime:0.0475s ]
NOTIC: [8] Use of undefined constant MODULE_ASSET - assumed 'MODULE_ASSET' D:\work\zlc\Admin\Common\Controller\AuthController.class.php 第 174 行.
SQL: SHOW COLUMNS FROM `b_content_cate` [ RunTime:0.0449s ]
SQL: SELECT `id`,`title` FROM `b_content_cate` WHERE `pid` = 0 AND `status` = 1 ORDER BY sort,id  [ RunTime:0.0440s ]
SQL: SHOW COLUMNS FROM `b_banner` [ RunTime:0.0445s ]
SQL: SELECT `img` FROM `b_banner` WHERE ( id = 1 ) LIMIT 1   [ RunTime:0.0438s ]
SQL: DELETE FROM `b_banner` WHERE ( id = 1 ) [ RunTime:0.0578s ]

