[ 2021-04-22T19:41:52+08:00 ] ::1 /yidao/index.php/Signup/enrol
INFO: [ app_init ] --START--
INFO: Run Behavior\BuildLiteBehavior [ RunTime:0.000190s ]
INFO: [ app_init ] --END-- [ RunTime:0.002229s ]
INFO: [ app_begin ] --START--
INFO: Run Behavior\ReadHtmlCacheBehavior [ RunTime:0.001079s ]
INFO: [ app_begin ] --END-- [ RunTime:0.001105s ]
INFO: [ view_parse ] --START--
INFO: [ template_filter ] --START--
INFO: Run Behavior\ContentReplaceBehavior [ RunTime:0.000022s ]
INFO: [ template_filter ] --END-- [ RunTime:0.000042s ]
INFO: Run Behavior\ParseTemplateBehavior [ RunTime:0.049243s ]
INFO: [ view_parse ] --END-- [ RunTime:0.049270s ]
INFO: [ view_filter ] --START--
INFO: Run Behavior\WriteHtmlCacheBehavior [ RunTime:0.011022s ]
INFO: [ view_filter ] --END-- [ RunTime:0.011044s ]
INFO: [ app_end ] --START--
INFO: Run Behavior\ShowPageTraceBehavior [ RunTime:0.001807s ]
INFO: [ app_end ] --END-- [ RunTime:0.001836s ]

[ 2021-04-22T19:41:53+08:00 ] ::1 /yidao/index.php/Signup/enrol_data.html
INFO: [ app_init ] --START--
INFO: Run Behavior\BuildLiteBehavior [ RunTime:0.000008s ]
INFO: [ app_init ] --END-- [ RunTime:0.000502s ]
INFO: [ app_begin ] --START--
INFO: Run Behavior\ReadHtmlCacheBehavior [ RunTime:0.000825s ]
INFO: [ app_begin ] --END-- [ RunTime:0.000865s ]
ERR: SQLSTATE[HY000] [1045] Access denied for user 'root'@'localhost' (using password: YES)

