[ 2019-01-21T17:19:42+08:00 ] ::1 /edvolks/index.php
INFO: [ app_init ] --START--
INFO: Run Behavior\BuildLiteBehavior [ RunTime:0.000026s ]
INFO: [ app_init ] --END-- [ RunTime:0.001032s ]
INFO: [ app_begin ] --START--
INFO: Run Behavior\ReadHtmlCacheBehavior [ RunTime:0.001227s ]
INFO: [ app_begin ] --END-- [ RunTime:0.001304s ]
SQL: SHOW COLUMNS FROM `b_site_config` [ RunTime:0.0538s ]
SQL: SELECT * FROM `b_site_config` WHERE ( id=1 ) LIMIT 1   [ RunTime:0.0529s ]
SQL: SHOW COLUMNS FROM `b_content_cate` [ RunTime:0.0528s ]
SQL: SELECT `id`,`pid`,`type`,`controller_name`,`action_name`,`title`,`is_nav` FROM `b_content_cate` WHERE ( status=1 ) ORDER BY sort,id  [ RunTime:0.0530s ]
SQL: SHOW COLUMNS FROM `b_news` [ RunTime:0.0538s ]
SQL: SELECT `id`,`title`,DATE_FORMAT(create_time,'%Y/%m') as date FROM `b_news` WHERE `recommend` = 1 ORDER BY id desc LIMIT 1   [ RunTime:0.0514s ]
SQL: SHOW COLUMNS FROM `b_project` [ RunTime:0.0543s ]
SQL: SELECT `id`,`title`,`category`,`location`,`year`,`banner` FROM `b_project` WHERE `recommend` = 1 ORDER BY id desc LIMIT 3   [ RunTime:0.0543s ]
INFO: [ view_parse ] --START--
INFO: [ template_filter ] --START--
INFO: Run Behavior\ContentReplaceBehavior [ RunTime:0.000071s ]
INFO: [ template_filter ] --END-- [ RunTime:0.000118s ]
NOTIC: [8] Undefined index: cid D:\work\edvolks\Runtime\Cache\Web\2d4c864f1da7fda1428855d4005b29bc.php 第 56 行.
INFO: Run Behavior\ParseTemplateBehavior [ RunTime:0.031628s ]
INFO: [ view_parse ] --END-- [ RunTime:0.031836s ]
INFO: [ view_filter ] --START--
INFO: Run Behavior\WriteHtmlCacheBehavior [ RunTime:0.001968s ]
INFO: [ view_filter ] --END-- [ RunTime:0.002086s ]
INFO: [ app_end ] --START--
INFO: Run Behavior\ShowPageTraceBehavior [ RunTime:0.001739s ]
INFO: [ app_end ] --END-- [ RunTime:0.001839s ]

[ 2019-01-21T17:19:47+08:00 ] ::1 /edvolks/index.php/Studio/index/pid/0/cid/2.html
INFO: [ app_init ] --START--
INFO: Run Behavior\BuildLiteBehavior [ RunTime:0.000013s ]
INFO: [ app_init ] --END-- [ RunTime:0.000539s ]
INFO: [ app_begin ] --START--
INFO: Run Behavior\ReadHtmlCacheBehavior [ RunTime:0.000641s ]
INFO: [ app_begin ] --END-- [ RunTime:0.000685s ]
SQL: SHOW COLUMNS FROM `b_site_config` [ RunTime:0.0548s ]
SQL: SELECT * FROM `b_site_config` WHERE ( id=1 ) LIMIT 1   [ RunTime:0.0552s ]
SQL: SHOW COLUMNS FROM `b_content_cate` [ RunTime:0.0551s ]
SQL: SELECT `id`,`pid`,`type`,`controller_name`,`action_name`,`title`,`is_nav` FROM `b_content_cate` WHERE ( status=1 ) ORDER BY sort,id  [ RunTime:0.0552s ]
SQL: SHOW COLUMNS FROM `b_studio` [ RunTime:0.0568s ]
SQL: SELECT * FROM `b_studio` WHERE `cid` = 2  [ RunTime:0.0547s ]
INFO: [ view_parse ] --START--
INFO: [ template_filter ] --START--
INFO: Run Behavior\ContentReplaceBehavior [ RunTime:0.000263s ]
INFO: [ template_filter ] --END-- [ RunTime:0.000393s ]
INFO: Run Behavior\ParseTemplateBehavior [ RunTime:0.041574s ]
INFO: [ view_parse ] --END-- [ RunTime:0.041797s ]
INFO: [ view_filter ] --START--
INFO: Run Behavior\WriteHtmlCacheBehavior [ RunTime:0.001460s ]
INFO: [ view_filter ] --END-- [ RunTime:0.001575s ]
INFO: [ app_end ] --START--
INFO: Run Behavior\ShowPageTraceBehavior [ RunTime:0.001468s ]
INFO: [ app_end ] --END-- [ RunTime:0.001589s ]

[ 2019-01-21T17:26:10+08:00 ] ::1 /edvolks/index.php/Studio/index/pid/0/cid/2.html
INFO: [ app_init ] --START--
INFO: Run Behavior\BuildLiteBehavior [ RunTime:0.000014s ]
INFO: [ app_init ] --END-- [ RunTime:0.000670s ]
INFO: [ app_begin ] --START--
INFO: Run Behavior\ReadHtmlCacheBehavior [ RunTime:0.001426s ]
INFO: [ app_begin ] --END-- [ RunTime:0.001732s ]
SQL: SHOW COLUMNS FROM `b_site_config` [ RunTime:0.0557s ]
SQL: SELECT * FROM `b_site_config` WHERE ( id=1 ) LIMIT 1   [ RunTime:0.0574s ]
SQL: SHOW COLUMNS FROM `b_content_cate` [ RunTime:0.0559s ]
SQL: SELECT `id`,`pid`,`type`,`controller_name`,`action_name`,`title`,`is_nav` FROM `b_content_cate` WHERE ( status=1 ) ORDER BY sort,id  [ RunTime:0.0538s ]
SQL: SHOW COLUMNS FROM `b_studio` [ RunTime:0.0542s ]
SQL: SELECT * FROM `b_studio` WHERE `cid` = 2  [ RunTime:0.0547s ]
INFO: [ view_parse ] --START--
INFO: [ template_filter ] --START--
INFO: Run Behavior\ContentReplaceBehavior [ RunTime:0.000152s ]
INFO: [ template_filter ] --END-- [ RunTime:0.000236s ]
INFO: Run Behavior\ParseTemplateBehavior [ RunTime:0.021593s ]
INFO: [ view_parse ] --END-- [ RunTime:0.021710s ]
INFO: [ view_filter ] --START--
INFO: Run Behavior\WriteHtmlCacheBehavior [ RunTime:0.000976s ]
INFO: [ view_filter ] --END-- [ RunTime:0.001072s ]
INFO: [ app_end ] --START--
INFO: Run Behavior\ShowPageTraceBehavior [ RunTime:0.001854s ]
INFO: [ app_end ] --END-- [ RunTime:0.001953s ]

[ 2019-01-21T17:27:01+08:00 ] ::1 /edvolks/index.php/Studio/index/pid/0/cid/2.html
INFO: [ app_init ] --START--
INFO: Run Behavior\BuildLiteBehavior [ RunTime:0.000022s ]
INFO: [ app_init ] --END-- [ RunTime:0.001993s ]
INFO: [ app_begin ] --START--
INFO: Run Behavior\ReadHtmlCacheBehavior [ RunTime:0.001185s ]
INFO: [ app_begin ] --END-- [ RunTime:0.001262s ]
SQL: SHOW COLUMNS FROM `b_site_config` [ RunTime:0.0494s ]
SQL: SELECT * FROM `b_site_config` WHERE ( id=1 ) LIMIT 1   [ RunTime:0.0491s ]
SQL: SHOW COLUMNS FROM `b_content_cate` [ RunTime:0.0487s ]
SQL: SELECT `id`,`pid`,`type`,`controller_name`,`action_name`,`title`,`is_nav` FROM `b_content_cate` WHERE ( status=1 ) ORDER BY sort,id  [ RunTime:0.0487s ]
SQL: SHOW COLUMNS FROM `b_studio` [ RunTime:0.0491s ]
SQL: SELECT * FROM `b_studio` WHERE `cid` = 2  [ RunTime:0.0495s ]
INFO: [ view_parse ] --START--
INFO: [ template_filter ] --START--
INFO: Run Behavior\ContentReplaceBehavior [ RunTime:0.000303s ]
INFO: [ template_filter ] --END-- [ RunTime:0.000493s ]
INFO: Run Behavior\ParseTemplateBehavior [ RunTime:0.023292s ]
INFO: [ view_parse ] --END-- [ RunTime:0.023435s ]
INFO: [ view_filter ] --START--
INFO: Run Behavior\WriteHtmlCacheBehavior [ RunTime:0.001074s ]
INFO: [ view_filter ] --END-- [ RunTime:0.001143s ]
INFO: [ app_end ] --START--
INFO: Run Behavior\ShowPageTraceBehavior [ RunTime:0.001226s ]
INFO: [ app_end ] --END-- [ RunTime:0.001305s ]

[ 2019-01-21T17:27:36+08:00 ] ::1 /edvolks/index.php/Studio/index/pid/0/cid/2.html
INFO: [ app_init ] --START--
INFO: Run Behavior\BuildLiteBehavior [ RunTime:0.000015s ]
INFO: [ app_init ] --END-- [ RunTime:0.000593s ]
INFO: [ app_begin ] --START--
INFO: Run Behavior\ReadHtmlCacheBehavior [ RunTime:0.000762s ]
INFO: [ app_begin ] --END-- [ RunTime:0.000816s ]
SQL: SHOW COLUMNS FROM `b_site_config` [ RunTime:0.0581s ]
SQL: SELECT * FROM `b_site_config` WHERE ( id=1 ) LIMIT 1   [ RunTime:0.0584s ]
SQL: SHOW COLUMNS FROM `b_content_cate` [ RunTime:0.0584s ]
SQL: SELECT `id`,`pid`,`type`,`controller_name`,`action_name`,`title`,`is_nav` FROM `b_content_cate` WHERE ( status=1 ) ORDER BY sort,id  [ RunTime:0.1966s ]
SQL: SHOW COLUMNS FROM `b_studio` [ RunTime:0.0580s ]
SQL: SELECT * FROM `b_studio` WHERE `cid` = 2  [ RunTime:0.0578s ]
INFO: [ view_parse ] --START--
INFO: [ template_filter ] --START--
INFO: Run Behavior\ContentReplaceBehavior [ RunTime:0.000257s ]
INFO: [ template_filter ] --END-- [ RunTime:0.000407s ]
INFO: Run Behavior\ParseTemplateBehavior [ RunTime:0.025645s ]
INFO: [ view_parse ] --END-- [ RunTime:0.025830s ]
INFO: [ view_filter ] --START--
INFO: Run Behavior\WriteHtmlCacheBehavior [ RunTime:0.001743s ]
INFO: [ view_filter ] --END-- [ RunTime:0.001855s ]
INFO: [ app_end ] --START--
INFO: Run Behavior\ShowPageTraceBehavior [ RunTime:0.002574s ]
INFO: [ app_end ] --END-- [ RunTime:0.002719s ]

[ 2019-01-21T17:28:22+08:00 ] ::1 /edvolks/index.php/Studio/index/pid/0/cid/2.html
INFO: [ app_init ] --START--
INFO: Run Behavior\BuildLiteBehavior [ RunTime:0.000020s ]
INFO: [ app_init ] --END-- [ RunTime:0.000771s ]
INFO: [ app_begin ] --START--
INFO: Run Behavior\ReadHtmlCacheBehavior [ RunTime:0.001266s ]
INFO: [ app_begin ] --END-- [ RunTime:0.001370s ]
SQL: SHOW COLUMNS FROM `b_site_config` [ RunTime:0.0535s ]
SQL: SELECT * FROM `b_site_config` WHERE ( id=1 ) LIMIT 1   [ RunTime:0.0533s ]
SQL: SHOW COLUMNS FROM `b_content_cate` [ RunTime:0.0539s ]
SQL: SELECT `id`,`pid`,`type`,`controller_name`,`action_name`,`title`,`is_nav` FROM `b_content_cate` WHERE ( status=1 ) ORDER BY sort,id  [ RunTime:0.0532s ]
SQL: SHOW COLUMNS FROM `b_studio` [ RunTime:0.0545s ]
SQL: SELECT * FROM `b_studio` WHERE `cid` = 2  [ RunTime:0.0536s ]
INFO: [ view_parse ] --START--
INFO: [ template_filter ] --START--
INFO: Run Behavior\ContentReplaceBehavior [ RunTime:0.000256s ]
INFO: [ template_filter ] --END-- [ RunTime:0.000399s ]
INFO: Run Behavior\ParseTemplateBehavior [ RunTime:0.022116s ]
INFO: [ view_parse ] --END-- [ RunTime:0.022286s ]
INFO: [ view_filter ] --START--
INFO: Run Behavior\WriteHtmlCacheBehavior [ RunTime:0.001344s ]
INFO: [ view_filter ] --END-- [ RunTime:0.001454s ]
INFO: [ app_end ] --START--
INFO: Run Behavior\ShowPageTraceBehavior [ RunTime:0.002074s ]
INFO: [ app_end ] --END-- [ RunTime:0.002210s ]

[ 2019-01-21T17:28:45+08:00 ] ::1 /edvolks/index.php/Studio/index/pid/0/cid/2.html
INFO: [ app_init ] --START--
INFO: Run Behavior\BuildLiteBehavior [ RunTime:0.000013s ]
INFO: [ app_init ] --END-- [ RunTime:0.000597s ]
INFO: [ app_begin ] --START--
INFO: Run Behavior\ReadHtmlCacheBehavior [ RunTime:0.000720s ]
INFO: [ app_begin ] --END-- [ RunTime:0.000765s ]
SQL: SHOW COLUMNS FROM `b_site_config` [ RunTime:0.0528s ]
SQL: SELECT * FROM `b_site_config` WHERE ( id=1 ) LIMIT 1   [ RunTime:0.0524s ]
SQL: SHOW COLUMNS FROM `b_content_cate` [ RunTime:0.0536s ]
SQL: SELECT `id`,`pid`,`type`,`controller_name`,`action_name`,`title`,`is_nav` FROM `b_content_cate` WHERE ( status=1 ) ORDER BY sort,id  [ RunTime:0.0523s ]
SQL: SHOW COLUMNS FROM `b_studio` [ RunTime:0.1307s ]
SQL: SELECT * FROM `b_studio` WHERE `cid` = 2  [ RunTime:0.0522s ]
INFO: [ view_parse ] --START--
INFO: [ template_filter ] --START--
INFO: Run Behavior\ContentReplaceBehavior [ RunTime:0.000162s ]
INFO: [ template_filter ] --END-- [ RunTime:0.000254s ]
INFO: Run Behavior\ParseTemplateBehavior [ RunTime:0.016488s ]
INFO: [ view_parse ] --END-- [ RunTime:0.016649s ]
INFO: [ view_filter ] --START--
INFO: Run Behavior\WriteHtmlCacheBehavior [ RunTime:0.001770s ]
INFO: [ view_filter ] --END-- [ RunTime:0.001885s ]
INFO: [ app_end ] --START--
INFO: Run Behavior\ShowPageTraceBehavior [ RunTime:0.002435s ]
INFO: [ app_end ] --END-- [ RunTime:0.002612s ]

[ 2019-01-21T17:29:37+08:00 ] ::1 /edvolks/index.php/Studio/index/pid/0/cid/2.html
INFO: [ app_init ] --START--
INFO: Run Behavior\BuildLiteBehavior [ RunTime:0.000013s ]
INFO: [ app_init ] --END-- [ RunTime:0.000568s ]
INFO: [ app_begin ] --START--
INFO: Run Behavior\ReadHtmlCacheBehavior [ RunTime:0.000726s ]
INFO: [ app_begin ] --END-- [ RunTime:0.000771s ]
SQL: SHOW COLUMNS FROM `b_site_config` [ RunTime:0.0558s ]
SQL: SELECT * FROM `b_site_config` WHERE ( id=1 ) LIMIT 1   [ RunTime:0.0552s ]
SQL: SHOW COLUMNS FROM `b_content_cate` [ RunTime:0.0556s ]
SQL: SELECT `id`,`pid`,`type`,`controller_name`,`action_name`,`title`,`is_nav` FROM `b_content_cate` WHERE ( status=1 ) ORDER BY sort,id  [ RunTime:0.0551s ]
SQL: SHOW COLUMNS FROM `b_studio` [ RunTime:0.0554s ]
SQL: SELECT * FROM `b_studio` WHERE `cid` = 2  [ RunTime:0.0552s ]
INFO: [ view_parse ] --START--
INFO: [ template_filter ] --START--
INFO: Run Behavior\ContentReplaceBehavior [ RunTime:0.000256s ]
INFO: [ template_filter ] --END-- [ RunTime:0.000400s ]
INFO: Run Behavior\ParseTemplateBehavior [ RunTime:0.032742s ]
INFO: [ view_parse ] --END-- [ RunTime:0.032856s ]
INFO: [ view_filter ] --START--
INFO: Run Behavior\WriteHtmlCacheBehavior [ RunTime:0.000717s ]
INFO: [ view_filter ] --END-- [ RunTime:0.000764s ]
INFO: [ app_end ] --START--
INFO: Run Behavior\ShowPageTraceBehavior [ RunTime:0.000847s ]
INFO: [ app_end ] --END-- [ RunTime:0.000902s ]

[ 2019-01-21T17:29:54+08:00 ] ::1 /edvolks/index.php/Studio/index/pid/0/cid/2.html
INFO: [ app_init ] --START--
INFO: Run Behavior\BuildLiteBehavior [ RunTime:0.000013s ]
INFO: [ app_init ] --END-- [ RunTime:0.000556s ]
INFO: [ app_begin ] --START--
INFO: Run Behavior\ReadHtmlCacheBehavior [ RunTime:0.000826s ]
INFO: [ app_begin ] --END-- [ RunTime:0.000875s ]
SQL: SHOW COLUMNS FROM `b_site_config` [ RunTime:0.0519s ]
SQL: SELECT * FROM `b_site_config` WHERE ( id=1 ) LIMIT 1   [ RunTime:0.0512s ]
SQL: SHOW COLUMNS FROM `b_content_cate` [ RunTime:0.0516s ]
SQL: SELECT `id`,`pid`,`type`,`controller_name`,`action_name`,`title`,`is_nav` FROM `b_content_cate` WHERE ( status=1 ) ORDER BY sort,id  [ RunTime:0.0511s ]
SQL: SHOW COLUMNS FROM `b_studio` [ RunTime:0.0515s ]
SQL: SELECT * FROM `b_studio` WHERE `cid` = 2  [ RunTime:0.0514s ]
INFO: [ view_parse ] --START--
INFO: [ template_filter ] --START--
INFO: Run Behavior\ContentReplaceBehavior [ RunTime:0.000266s ]
INFO: [ template_filter ] --END-- [ RunTime:0.000428s ]
INFO: Run Behavior\ParseTemplateBehavior [ RunTime:0.026579s ]
INFO: [ view_parse ] --END-- [ RunTime:0.026753s ]
INFO: [ view_filter ] --START--
INFO: Run Behavior\WriteHtmlCacheBehavior [ RunTime:0.001550s ]
INFO: [ view_filter ] --END-- [ RunTime:0.001662s ]
INFO: [ app_end ] --START--
INFO: Run Behavior\ShowPageTraceBehavior [ RunTime:0.002174s ]
INFO: [ app_end ] --END-- [ RunTime:0.002315s ]

[ 2019-01-21T17:30:37+08:00 ] ::1 /edvolks/index.php/Studio/index/pid/0/cid/2.html
INFO: [ app_init ] --START--
INFO: Run Behavior\BuildLiteBehavior [ RunTime:0.000014s ]
INFO: [ app_init ] --END-- [ RunTime:0.000616s ]
INFO: [ app_begin ] --START--
INFO: Run Behavior\ReadHtmlCacheBehavior [ RunTime:0.000681s ]
INFO: [ app_begin ] --END-- [ RunTime:0.000726s ]
SQL: SHOW COLUMNS FROM `b_site_config` [ RunTime:0.0604s ]
SQL: SELECT * FROM `b_site_config` WHERE ( id=1 ) LIMIT 1   [ RunTime:0.0578s ]
SQL: SHOW COLUMNS FROM `b_content_cate` [ RunTime:0.0582s ]
SQL: SELECT `id`,`pid`,`type`,`controller_name`,`action_name`,`title`,`is_nav` FROM `b_content_cate` WHERE ( status=1 ) ORDER BY sort,id  [ RunTime:0.0576s ]
SQL: SHOW COLUMNS FROM `b_studio` [ RunTime:0.1187s ]
SQL: SELECT * FROM `b_studio` WHERE `cid` = 2  [ RunTime:0.0579s ]
INFO: [ view_parse ] --START--
INFO: [ template_filter ] --START--
INFO: Run Behavior\ContentReplaceBehavior [ RunTime:0.000252s ]
INFO: [ template_filter ] --END-- [ RunTime:0.000393s ]
INFO: Run Behavior\ParseTemplateBehavior [ RunTime:0.024719s ]
INFO: [ view_parse ] --END-- [ RunTime:0.025141s ]
INFO: [ view_filter ] --START--
INFO: Run Behavior\WriteHtmlCacheBehavior [ RunTime:0.001478s ]
INFO: [ view_filter ] --END-- [ RunTime:0.001626s ]
INFO: [ app_end ] --START--
INFO: Run Behavior\ShowPageTraceBehavior [ RunTime:0.002173s ]
INFO: [ app_end ] --END-- [ RunTime:0.002345s ]

[ 2019-01-21T17:31:20+08:00 ] ::1 /edvolks/index.php/Studio/index/pid/0/cid/2.html
INFO: [ app_init ] --START--
INFO: Run Behavior\BuildLiteBehavior [ RunTime:0.000012s ]
INFO: [ app_init ] --END-- [ RunTime:0.000536s ]
INFO: [ app_begin ] --START--
INFO: Run Behavior\ReadHtmlCacheBehavior [ RunTime:0.000774s ]
INFO: [ app_begin ] --END-- [ RunTime:0.000817s ]
SQL: SHOW COLUMNS FROM `b_site_config` [ RunTime:0.0522s ]
SQL: SELECT * FROM `b_site_config` WHERE ( id=1 ) LIMIT 1   [ RunTime:0.0519s ]
SQL: SHOW COLUMNS FROM `b_content_cate` [ RunTime:0.0521s ]
SQL: SELECT `id`,`pid`,`type`,`controller_name`,`action_name`,`title`,`is_nav` FROM `b_content_cate` WHERE ( status=1 ) ORDER BY sort,id  [ RunTime:0.0518s ]
SQL: SHOW COLUMNS FROM `b_studio` [ RunTime:0.0519s ]
SQL: SELECT * FROM `b_studio` WHERE `cid` = 2  [ RunTime:0.0522s ]
INFO: [ view_parse ] --START--
INFO: [ template_filter ] --START--
INFO: Run Behavior\ContentReplaceBehavior [ RunTime:0.000253s ]
INFO: [ template_filter ] --END-- [ RunTime:0.000395s ]
INFO: Run Behavior\ParseTemplateBehavior [ RunTime:0.033212s ]
INFO: [ view_parse ] --END-- [ RunTime:0.033327s ]
INFO: [ view_filter ] --START--
INFO: Run Behavior\WriteHtmlCacheBehavior [ RunTime:0.000814s ]
INFO: [ view_filter ] --END-- [ RunTime:0.000870s ]
INFO: [ app_end ] --START--
INFO: Run Behavior\ShowPageTraceBehavior [ RunTime:0.001441s ]
INFO: [ app_end ] --END-- [ RunTime:0.001538s ]

[ 2019-01-21T17:31:54+08:00 ] ::1 /edvolks/index.php/Studio/index/pid/0/cid/2.html
INFO: [ app_init ] --START--
INFO: Run Behavior\BuildLiteBehavior [ RunTime:0.000013s ]
INFO: [ app_init ] --END-- [ RunTime:0.000468s ]
INFO: [ app_begin ] --START--
INFO: Run Behavior\ReadHtmlCacheBehavior [ RunTime:0.000774s ]
INFO: [ app_begin ] --END-- [ RunTime:0.000832s ]
SQL: SHOW COLUMNS FROM `b_site_config` [ RunTime:0.0497s ]
SQL: SELECT * FROM `b_site_config` WHERE ( id=1 ) LIMIT 1   [ RunTime:0.0487s ]
SQL: SHOW COLUMNS FROM `b_content_cate` [ RunTime:0.0491s ]
SQL: SELECT `id`,`pid`,`type`,`controller_name`,`action_name`,`title`,`is_nav` FROM `b_content_cate` WHERE ( status=1 ) ORDER BY sort,id  [ RunTime:0.0482s ]
SQL: SHOW COLUMNS FROM `b_studio` [ RunTime:0.0488s ]
SQL: SELECT * FROM `b_studio` WHERE `cid` = 2  [ RunTime:0.0489s ]
INFO: [ view_parse ] --START--
INFO: [ template_filter ] --START--
INFO: Run Behavior\ContentReplaceBehavior [ RunTime:0.000157s ]
INFO: [ template_filter ] --END-- [ RunTime:0.000244s ]
INFO: Run Behavior\ParseTemplateBehavior [ RunTime:0.014350s ]
INFO: [ view_parse ] --END-- [ RunTime:0.014446s ]
INFO: [ view_filter ] --START--
INFO: Run Behavior\WriteHtmlCacheBehavior [ RunTime:0.000878s ]
INFO: [ view_filter ] --END-- [ RunTime:0.000945s ]
INFO: [ app_end ] --START--
INFO: Run Behavior\ShowPageTraceBehavior [ RunTime:0.002125s ]
INFO: [ app_end ] --END-- [ RunTime:0.002270s ]

[ 2019-01-21T17:32:13+08:00 ] ::1 /edvolks/index.php/Article/index/pid/0/cid/1.html
INFO: [ app_init ] --START--
INFO: Run Behavior\BuildLiteBehavior [ RunTime:0.000013s ]
INFO: [ app_init ] --END-- [ RunTime:0.000490s ]
INFO: [ app_begin ] --START--
INFO: Run Behavior\ReadHtmlCacheBehavior [ RunTime:0.000751s ]
INFO: [ app_begin ] --END-- [ RunTime:0.000808s ]
SQL: SHOW COLUMNS FROM `b_site_config` [ RunTime:0.0533s ]
SQL: SELECT * FROM `b_site_config` WHERE ( id=1 ) LIMIT 1   [ RunTime:0.0890s ]
SQL: SHOW COLUMNS FROM `b_content_cate` [ RunTime:0.0532s ]
SQL: SELECT `id`,`pid`,`type`,`controller_name`,`action_name`,`title`,`is_nav` FROM `b_content_cate` WHERE ( status=1 ) ORDER BY sort,id  [ RunTime:0.0528s ]
SQL: SHOW COLUMNS FROM `b_news` [ RunTime:0.0539s ]
SQL: SELECT COUNT(*) AS tp_count FROM `b_news` WHERE `cid` = 1 AND `status` = 1 LIMIT 1   [ RunTime:0.0533s ]
SQL: SELECT `id`,`cid`,`title`,`thumb`,`description`,DATE_FORMAT(create_time,'%d/%m/%Y') as date,(init_click + click) as click FROM `b_news` WHERE `cid` = 1 AND `status` = 1 ORDER BY recommend desc,id desc LIMIT 0,15   [ RunTime:0.0527s ]
INFO: [ view_parse ] --START--
INFO: [ template_filter ] --START--
INFO: Run Behavior\ContentReplaceBehavior [ RunTime:0.000059s ]
INFO: [ template_filter ] --END-- [ RunTime:0.000113s ]
NOTIC: [8] Use of undefined constant date - assumed 'date' D:\work\edvolks\Runtime\Cache\Web\9fab6314ed80e3cc69dc2808baae2b3f.php 第 51 行.
INFO: Run Behavior\ParseTemplateBehavior [ RunTime:0.026359s ]
INFO: [ view_parse ] --END-- [ RunTime:0.026419s ]
INFO: [ view_filter ] --START--
INFO: Run Behavior\WriteHtmlCacheBehavior [ RunTime:0.000602s ]
INFO: [ view_filter ] --END-- [ RunTime:0.000642s ]
INFO: [ app_end ] --START--
INFO: Run Behavior\ShowPageTraceBehavior [ RunTime:0.000788s ]
INFO: [ app_end ] --END-- [ RunTime:0.000832s ]

[ 2019-01-21T17:32:27+08:00 ] ::1 /edvolks/index.php/Studio/index/pid/0/cid/2.html
INFO: [ app_init ] --START--
INFO: Run Behavior\BuildLiteBehavior [ RunTime:0.000012s ]
INFO: [ app_init ] --END-- [ RunTime:0.000495s ]
INFO: [ app_begin ] --START--
INFO: Run Behavior\ReadHtmlCacheBehavior [ RunTime:0.000662s ]
INFO: [ app_begin ] --END-- [ RunTime:0.000706s ]
SQL: SHOW COLUMNS FROM `b_site_config` [ RunTime:0.1002s ]
SQL: SELECT * FROM `b_site_config` WHERE ( id=1 ) LIMIT 1   [ RunTime:0.0528s ]
SQL: SHOW COLUMNS FROM `b_content_cate` [ RunTime:0.0541s ]
SQL: SELECT `id`,`pid`,`type`,`controller_name`,`action_name`,`title`,`is_nav` FROM `b_content_cate` WHERE ( status=1 ) ORDER BY sort,id  [ RunTime:0.0535s ]
SQL: SHOW COLUMNS FROM `b_studio` [ RunTime:0.0529s ]
SQL: SELECT * FROM `b_studio` WHERE `cid` = 2  [ RunTime:0.0533s ]
INFO: [ view_parse ] --START--
INFO: [ template_filter ] --START--
INFO: Run Behavior\ContentReplaceBehavior [ RunTime:0.000160s ]
INFO: [ template_filter ] --END-- [ RunTime:0.000268s ]
INFO: Run Behavior\ParseTemplateBehavior [ RunTime:0.022753s ]
INFO: [ view_parse ] --END-- [ RunTime:0.022868s ]
INFO: [ view_filter ] --START--
INFO: Run Behavior\WriteHtmlCacheBehavior [ RunTime:0.000843s ]
INFO: [ view_filter ] --END-- [ RunTime:0.000906s ]
INFO: [ app_end ] --START--
INFO: Run Behavior\ShowPageTraceBehavior [ RunTime:0.001112s ]
INFO: [ app_end ] --END-- [ RunTime:0.001192s ]

[ 2019-01-21T17:32:38+08:00 ] ::1 /edvolks/index.php/Project/index/pid/0/cid/3.html
INFO: [ app_init ] --START--
INFO: Run Behavior\BuildLiteBehavior [ RunTime:0.000012s ]
INFO: [ app_init ] --END-- [ RunTime:0.000523s ]
INFO: [ app_begin ] --START--
INFO: Run Behavior\ReadHtmlCacheBehavior [ RunTime:0.000672s ]
INFO: [ app_begin ] --END-- [ RunTime:0.000715s ]
SQL: SHOW COLUMNS FROM `b_site_config` [ RunTime:0.0562s ]
SQL: SELECT * FROM `b_site_config` WHERE ( id=1 ) LIMIT 1   [ RunTime:0.0562s ]
SQL: SHOW COLUMNS FROM `b_content_cate` [ RunTime:0.0595s ]
SQL: SELECT `id`,`pid`,`type`,`controller_name`,`action_name`,`title`,`is_nav` FROM `b_content_cate` WHERE ( status=1 ) ORDER BY sort,id  [ RunTime:0.0557s ]
SQL: SHOW COLUMNS FROM `b_project` [ RunTime:0.0589s ]
SQL: SELECT COUNT(*) AS tp_count FROM `b_project` WHERE `cid` = 3 LIMIT 1   [ RunTime:0.0556s ]
SQL: SELECT `id`,`cid`,`title`,`thumb`,`description`,`status`,`picture`,`location`,`year`,`class_name` FROM `b_project` WHERE `cid` = 3 ORDER BY id asc LIMIT 0,10   [ RunTime:0.0571s ]
INFO: [ view_parse ] --START--
INFO: [ template_filter ] --START--
INFO: Run Behavior\ContentReplaceBehavior [ RunTime:0.000202s ]
INFO: [ template_filter ] --END-- [ RunTime:0.000332s ]
NOTIC: [8] Undefined index: title D:\work\edvolks\Runtime\Cache\Web\d98dc687f74eac36dbe37c3d033afdb9.php 第 69 行.
NOTIC: [8] Undefined index: title D:\work\edvolks\Runtime\Cache\Web\d98dc687f74eac36dbe37c3d033afdb9.php 第 69 行.
NOTIC: [8] Undefined index: title D:\work\edvolks\Runtime\Cache\Web\d98dc687f74eac36dbe37c3d033afdb9.php 第 58 行.
NOTIC: [8] Undefined index: title D:\work\edvolks\Runtime\Cache\Web\d98dc687f74eac36dbe37c3d033afdb9.php 第 58 行.
NOTIC: [8] Undefined index: title D:\work\edvolks\Runtime\Cache\Web\d98dc687f74eac36dbe37c3d033afdb9.php 第 69 行.
NOTIC: [8] Undefined index: title D:\work\edvolks\Runtime\Cache\Web\d98dc687f74eac36dbe37c3d033afdb9.php 第 69 行.
NOTIC: [8] Undefined index: title D:\work\edvolks\Runtime\Cache\Web\d98dc687f74eac36dbe37c3d033afdb9.php 第 58 行.
NOTIC: [8] Undefined index: title D:\work\edvolks\Runtime\Cache\Web\d98dc687f74eac36dbe37c3d033afdb9.php 第 58 行.
NOTIC: [8] Undefined index: title D:\work\edvolks\Runtime\Cache\Web\d98dc687f74eac36dbe37c3d033afdb9.php 第 69 行.
INFO: Run Behavior\ParseTemplateBehavior [ RunTime:0.037965s ]
INFO: [ view_parse ] --END-- [ RunTime:0.038109s ]
INFO: [ view_filter ] --START--
INFO: Run Behavior\WriteHtmlCacheBehavior [ RunTime:0.001351s ]
INFO: [ view_filter ] --END-- [ RunTime:0.001460s ]
INFO: [ app_end ] --START--
INFO: Run Behavior\ShowPageTraceBehavior [ RunTime:0.001978s ]
INFO: [ app_end ] --END-- [ RunTime:0.002115s ]

[ 2019-01-21T17:34:15+08:00 ] ::1 /edvolks/index.php/Project/index/pid/0/cid/3.html
INFO: [ app_init ] --START--
INFO: Run Behavior\BuildLiteBehavior [ RunTime:0.000014s ]
INFO: [ app_init ] --END-- [ RunTime:0.000635s ]
INFO: [ app_begin ] --START--
INFO: Run Behavior\ReadHtmlCacheBehavior [ RunTime:0.000792s ]
INFO: [ app_begin ] --END-- [ RunTime:0.000842s ]
SQL: SHOW COLUMNS FROM `b_site_config` [ RunTime:0.0536s ]
SQL: SELECT * FROM `b_site_config` WHERE ( id=1 ) LIMIT 1   [ RunTime:0.0531s ]
SQL: SHOW COLUMNS FROM `b_content_cate` [ RunTime:0.0537s ]
SQL: SELECT `id`,`pid`,`type`,`controller_name`,`action_name`,`title`,`is_nav` FROM `b_content_cate` WHERE ( status=1 ) ORDER BY sort,id  [ RunTime:0.0529s ]
SQL: SHOW COLUMNS FROM `b_project` [ RunTime:0.0537s ]
SQL: SELECT COUNT(*) AS tp_count FROM `b_project` WHERE `cid` = 3 LIMIT 1   [ RunTime:0.0530s ]
SQL: SELECT `id`,`cid`,`title`,`thumb`,`description`,`status`,`picture`,`location`,`year`,`class_name` FROM `b_project` WHERE `cid` = 3 ORDER BY id asc LIMIT 0,10   [ RunTime:0.0535s ]
INFO: [ view_parse ] --START--
INFO: [ template_filter ] --START--
INFO: Run Behavior\ContentReplaceBehavior [ RunTime:0.000063s ]
INFO: [ template_filter ] --END-- [ RunTime:0.000108s ]
NOTIC: [8] Undefined index: title D:\work\edvolks\Runtime\Cache\Web\d98dc687f74eac36dbe37c3d033afdb9.php 第 69 行.
NOTIC: [8] Undefined index: title D:\work\edvolks\Runtime\Cache\Web\d98dc687f74eac36dbe37c3d033afdb9.php 第 69 行.
NOTIC: [8] Undefined index: title D:\work\edvolks\Runtime\Cache\Web\d98dc687f74eac36dbe37c3d033afdb9.php 第 58 行.
NOTIC: [8] Undefined index: title D:\work\edvolks\Runtime\Cache\Web\d98dc687f74eac36dbe37c3d033afdb9.php 第 58 行.
NOTIC: [8] Undefined index: title D:\work\edvolks\Runtime\Cache\Web\d98dc687f74eac36dbe37c3d033afdb9.php 第 69 行.
NOTIC: [8] Undefined index: title D:\work\edvolks\Runtime\Cache\Web\d98dc687f74eac36dbe37c3d033afdb9.php 第 69 行.
NOTIC: [8] Undefined index: title D:\work\edvolks\Runtime\Cache\Web\d98dc687f74eac36dbe37c3d033afdb9.php 第 58 行.
NOTIC: [8] Undefined index: title D:\work\edvolks\Runtime\Cache\Web\d98dc687f74eac36dbe37c3d033afdb9.php 第 58 行.
NOTIC: [8] Undefined index: title D:\work\edvolks\Runtime\Cache\Web\d98dc687f74eac36dbe37c3d033afdb9.php 第 69 行.
INFO: Run Behavior\ParseTemplateBehavior [ RunTime:0.011012s ]
INFO: [ view_parse ] --END-- [ RunTime:0.011066s ]
INFO: [ view_filter ] --START--
INFO: Run Behavior\WriteHtmlCacheBehavior [ RunTime:0.000576s ]
INFO: [ view_filter ] --END-- [ RunTime:0.000610s ]
INFO: [ app_end ] --START--
INFO: Run Behavior\ShowPageTraceBehavior [ RunTime:0.000766s ]
INFO: [ app_end ] --END-- [ RunTime:0.000820s ]

[ 2019-01-21T17:36:56+08:00 ] ::1 /edvolks/index.php/Article/index/pid/0/cid/1.html
INFO: [ app_init ] --START--
INFO: Run Behavior\BuildLiteBehavior [ RunTime:0.000011s ]
INFO: [ app_init ] --END-- [ RunTime:0.000526s ]
INFO: [ app_begin ] --START--
INFO: Run Behavior\ReadHtmlCacheBehavior [ RunTime:0.000722s ]
INFO: [ app_begin ] --END-- [ RunTime:0.000767s ]
SQL: SHOW COLUMNS FROM `b_site_config` [ RunTime:0.0521s ]
SQL: SELECT * FROM `b_site_config` WHERE ( id=1 ) LIMIT 1   [ RunTime:0.0518s ]
SQL: SHOW COLUMNS FROM `b_content_cate` [ RunTime:0.0552s ]
SQL: SELECT `id`,`pid`,`type`,`controller_name`,`action_name`,`title`,`is_nav` FROM `b_content_cate` WHERE ( status=1 ) ORDER BY sort,id  [ RunTime:0.0517s ]
SQL: SHOW COLUMNS FROM `b_news` [ RunTime:0.0524s ]
SQL: SELECT COUNT(*) AS tp_count FROM `b_news` WHERE `cid` = 1 AND `status` = 1 LIMIT 1   [ RunTime:0.0514s ]
SQL: SELECT `id`,`cid`,`title`,`thumb`,`description`,DATE_FORMAT(create_time,'%d/%m/%Y') as date,(init_click + click) as click FROM `b_news` WHERE `cid` = 1 AND `status` = 1 ORDER BY recommend desc,id desc LIMIT 0,15   [ RunTime:0.0519s ]
INFO: [ view_parse ] --START--
INFO: [ template_filter ] --START--
INFO: Run Behavior\ContentReplaceBehavior [ RunTime:0.000227s ]
INFO: [ template_filter ] --END-- [ RunTime:0.000373s ]
NOTIC: [8] Use of undefined constant date - assumed 'date' D:\work\edvolks\Runtime\Cache\Web\9fab6314ed80e3cc69dc2808baae2b3f.php 第 51 行.
INFO: Run Behavior\ParseTemplateBehavior [ RunTime:0.025846s ]
INFO: [ view_parse ] --END-- [ RunTime:0.025986s ]
INFO: [ view_filter ] --START--
INFO: Run Behavior\WriteHtmlCacheBehavior [ RunTime:0.001517s ]
INFO: [ view_filter ] --END-- [ RunTime:0.001629s ]
INFO: [ app_end ] --START--
INFO: Run Behavior\ShowPageTraceBehavior [ RunTime:0.002588s ]
INFO: [ app_end ] --END-- [ RunTime:0.002711s ]

[ 2019-01-21T17:37:03+08:00 ] ::1 /edvolks/index.php/Article/detail/id/1.html
INFO: [ app_init ] --START--
INFO: Run Behavior\BuildLiteBehavior [ RunTime:0.000011s ]
INFO: [ app_init ] --END-- [ RunTime:0.000520s ]
INFO: [ app_begin ] --START--
INFO: Run Behavior\ReadHtmlCacheBehavior [ RunTime:0.000771s ]
INFO: [ app_begin ] --END-- [ RunTime:0.000818s ]
SQL: SHOW COLUMNS FROM `b_site_config` [ RunTime:0.0548s ]
SQL: SELECT * FROM `b_site_config` WHERE ( id=1 ) LIMIT 1   [ RunTime:0.0548s ]
SQL: SHOW COLUMNS FROM `b_content_cate` [ RunTime:0.0549s ]
SQL: SELECT `id`,`pid`,`type`,`controller_name`,`action_name`,`title`,`is_nav` FROM `b_content_cate` WHERE ( status=1 ) ORDER BY sort,id  [ RunTime:0.0548s ]
SQL: update b_news set click = click+1 where id=1 [ RunTime:0.0543s ]
SQL: SHOW COLUMNS FROM `b_news` [ RunTime:0.0637s ]
SQL: SELECT *,date_format(create_time,'%Y/%m') as date,(init_click + click) as click FROM `b_news` WHERE ( id=1 ) LIMIT 1   [ RunTime:0.0864s ]
INFO: [ view_parse ] --START--
INFO: [ template_filter ] --START--
INFO: Run Behavior\ContentReplaceBehavior [ RunTime:0.000177s ]
INFO: [ template_filter ] --END-- [ RunTime:0.000348s ]
INFO: Run Behavior\ParseTemplateBehavior [ RunTime:0.076172s ]
INFO: [ view_parse ] --END-- [ RunTime:0.076343s ]
INFO: [ view_filter ] --START--
INFO: Run Behavior\WriteHtmlCacheBehavior [ RunTime:0.001529s ]
INFO: [ view_filter ] --END-- [ RunTime:0.001646s ]
INFO: [ app_end ] --START--
INFO: Run Behavior\ShowPageTraceBehavior [ RunTime:0.002313s ]
INFO: [ app_end ] --END-- [ RunTime:0.002489s ]

[ 2019-01-21T17:38:38+08:00 ] ::1 /edvolks/index.php/Article/detail/id/1.html
INFO: [ app_init ] --START--
INFO: Run Behavior\BuildLiteBehavior [ RunTime:0.000011s ]
INFO: [ app_init ] --END-- [ RunTime:0.000553s ]
INFO: [ app_begin ] --START--
INFO: Run Behavior\ReadHtmlCacheBehavior [ RunTime:0.000853s ]
INFO: [ app_begin ] --END-- [ RunTime:0.000929s ]
SQL: SHOW COLUMNS FROM `b_site_config` [ RunTime:0.0517s ]
SQL: SELECT * FROM `b_site_config` WHERE ( id=1 ) LIMIT 1   [ RunTime:0.0512s ]
SQL: SHOW COLUMNS FROM `b_content_cate` [ RunTime:0.0517s ]
SQL: SELECT `id`,`pid`,`type`,`controller_name`,`action_name`,`title`,`is_nav` FROM `b_content_cate` WHERE ( status=1 ) ORDER BY sort,id  [ RunTime:0.0517s ]
SQL: update b_news set click = click+1 where id=1 [ RunTime:0.0506s ]
SQL: SHOW COLUMNS FROM `b_news` [ RunTime:0.0523s ]
SQL: SELECT *,date_format(create_time,'%Y/%m') as date,(init_click + click) as click FROM `b_news` WHERE ( id=1 ) LIMIT 1   [ RunTime:0.0520s ]
INFO: [ view_parse ] --START--
INFO: [ template_filter ] --START--
INFO: Run Behavior\ContentReplaceBehavior [ RunTime:0.000173s ]
INFO: [ template_filter ] --END-- [ RunTime:0.000338s ]
NOTIC: [8] Undefined variable: btnStyle D:\work\edvolks\Runtime\Cache\Web\121069b62a58bfd3c9c0fdc67a968555.php 第 29 行.
INFO: Run Behavior\ParseTemplateBehavior [ RunTime:0.041420s ]
INFO: [ view_parse ] --END-- [ RunTime:0.041524s ]
INFO: [ view_filter ] --START--
INFO: Run Behavior\WriteHtmlCacheBehavior [ RunTime:0.000946s ]
INFO: [ view_filter ] --END-- [ RunTime:0.001001s ]
INFO: [ app_end ] --START--
INFO: Run Behavior\ShowPageTraceBehavior [ RunTime:0.000942s ]
INFO: [ app_end ] --END-- [ RunTime:0.000993s ]

[ 2019-01-21T17:38:45+08:00 ] ::1 /edvolks/index.php/Project/index/pid/0/cid/3.html
INFO: [ app_init ] --START--
INFO: Run Behavior\BuildLiteBehavior [ RunTime:0.000013s ]
INFO: [ app_init ] --END-- [ RunTime:0.000657s ]
INFO: [ app_begin ] --START--
INFO: Run Behavior\ReadHtmlCacheBehavior [ RunTime:0.000752s ]
INFO: [ app_begin ] --END-- [ RunTime:0.000802s ]
SQL: SHOW COLUMNS FROM `b_site_config` [ RunTime:0.0533s ]
SQL: SELECT * FROM `b_site_config` WHERE ( id=1 ) LIMIT 1   [ RunTime:0.0527s ]
SQL: SHOW COLUMNS FROM `b_content_cate` [ RunTime:0.0532s ]
SQL: SELECT `id`,`pid`,`type`,`controller_name`,`action_name`,`title`,`is_nav` FROM `b_content_cate` WHERE ( status=1 ) ORDER BY sort,id  [ RunTime:0.0530s ]
SQL: SHOW COLUMNS FROM `b_project` [ RunTime:0.0534s ]
SQL: SELECT COUNT(*) AS tp_count FROM `b_project` WHERE `cid` = 3 LIMIT 1   [ RunTime:0.0536s ]
SQL: SELECT `id`,`cid`,`title`,`thumb`,`description`,`status`,`picture`,`location`,`year`,`class_name` FROM `b_project` WHERE `cid` = 3 ORDER BY id asc LIMIT 0,10   [ RunTime:0.0532s ]
INFO: [ view_parse ] --START--
INFO: [ template_filter ] --START--
INFO: Run Behavior\ContentReplaceBehavior [ RunTime:0.000104s ]
INFO: [ template_filter ] --END-- [ RunTime:0.000172s ]
NOTIC: [8] Undefined variable: btnStyle D:\work\edvolks\Runtime\Cache\Web\d98dc687f74eac36dbe37c3d033afdb9.php 第 28 行.
NOTIC: [8] Undefined index: title D:\work\edvolks\Runtime\Cache\Web\d98dc687f74eac36dbe37c3d033afdb9.php 第 66 行.
NOTIC: [8] Undefined index: title D:\work\edvolks\Runtime\Cache\Web\d98dc687f74eac36dbe37c3d033afdb9.php 第 66 行.
NOTIC: [8] Undefined index: title D:\work\edvolks\Runtime\Cache\Web\d98dc687f74eac36dbe37c3d033afdb9.php 第 55 行.
NOTIC: [8] Undefined index: title D:\work\edvolks\Runtime\Cache\Web\d98dc687f74eac36dbe37c3d033afdb9.php 第 55 行.
NOTIC: [8] Undefined index: title D:\work\edvolks\Runtime\Cache\Web\d98dc687f74eac36dbe37c3d033afdb9.php 第 66 行.
NOTIC: [8] Undefined index: title D:\work\edvolks\Runtime\Cache\Web\d98dc687f74eac36dbe37c3d033afdb9.php 第 66 行.
NOTIC: [8] Undefined index: title D:\work\edvolks\Runtime\Cache\Web\d98dc687f74eac36dbe37c3d033afdb9.php 第 55 行.
NOTIC: [8] Undefined index: title D:\work\edvolks\Runtime\Cache\Web\d98dc687f74eac36dbe37c3d033afdb9.php 第 55 行.
NOTIC: [8] Undefined index: title D:\work\edvolks\Runtime\Cache\Web\d98dc687f74eac36dbe37c3d033afdb9.php 第 66 行.
INFO: Run Behavior\ParseTemplateBehavior [ RunTime:0.025512s ]
INFO: [ view_parse ] --END-- [ RunTime:0.025605s ]
INFO: [ view_filter ] --START--
INFO: Run Behavior\WriteHtmlCacheBehavior [ RunTime:0.001093s ]
INFO: [ view_filter ] --END-- [ RunTime:0.001163s ]
INFO: [ app_end ] --START--
INFO: Run Behavior\ShowPageTraceBehavior [ RunTime:0.001364s ]
INFO: [ app_end ] --END-- [ RunTime:0.001459s ]

[ 2019-01-21T17:38:50+08:00 ] ::1 /edvolks/index.php/Single/index/pid/0/cid/4.html
INFO: [ app_init ] --START--
INFO: Run Behavior\BuildLiteBehavior [ RunTime:0.000012s ]
INFO: [ app_init ] --END-- [ RunTime:0.000547s ]
INFO: [ app_begin ] --START--
INFO: Run Behavior\ReadHtmlCacheBehavior [ RunTime:0.000650s ]
INFO: [ app_begin ] --END-- [ RunTime:0.000693s ]
SQL: SHOW COLUMNS FROM `b_site_config` [ RunTime:0.0504s ]
SQL: SELECT * FROM `b_site_config` WHERE ( id=1 ) LIMIT 1   [ RunTime:0.0500s ]
SQL: SHOW COLUMNS FROM `b_content_cate` [ RunTime:0.0502s ]
SQL: SELECT `id`,`pid`,`type`,`controller_name`,`action_name`,`title`,`is_nav` FROM `b_content_cate` WHERE ( status=1 ) ORDER BY sort,id  [ RunTime:0.0502s ]
SQL: SHOW COLUMNS FROM `b_single` [ RunTime:0.0512s ]
SQL: SELECT * FROM `b_single` WHERE `cid` = 4 LIMIT 1   [ RunTime:0.0494s ]
INFO: [ view_parse ] --START--
INFO: [ template_filter ] --START--
INFO: Run Behavior\ContentReplaceBehavior [ RunTime:0.000182s ]
INFO: [ template_filter ] --END-- [ RunTime:0.000312s ]
NOTIC: [8] Undefined variable: btnStyle D:\work\edvolks\Runtime\Cache\Web\a26fc4301afa751888f8bcbe35989da4.php 第 29 行.
INFO: Run Behavior\ParseTemplateBehavior [ RunTime:0.075726s ]
INFO: [ view_parse ] --END-- [ RunTime:0.075890s ]
INFO: [ view_filter ] --START--
INFO: Run Behavior\WriteHtmlCacheBehavior [ RunTime:0.001812s ]
INFO: [ view_filter ] --END-- [ RunTime:0.002035s ]
INFO: [ app_end ] --START--
INFO: Run Behavior\ShowPageTraceBehavior [ RunTime:0.002293s ]
INFO: [ app_end ] --END-- [ RunTime:0.002428s ]

[ 2019-01-21T17:39:09+08:00 ] ::1 /edvolks/index.php/Contact/index/pid/0/cid/5.html
INFO: [ app_init ] --START--
INFO: Run Behavior\BuildLiteBehavior [ RunTime:0.000011s ]
INFO: [ app_init ] --END-- [ RunTime:0.000537s ]
INFO: [ app_begin ] --START--
INFO: Run Behavior\ReadHtmlCacheBehavior [ RunTime:0.000712s ]
INFO: [ app_begin ] --END-- [ RunTime:0.000772s ]
SQL: SHOW COLUMNS FROM `b_site_config` [ RunTime:0.0565s ]
SQL: SELECT * FROM `b_site_config` WHERE ( id=1 ) LIMIT 1   [ RunTime:0.0553s ]
SQL: SHOW COLUMNS FROM `b_content_cate` [ RunTime:0.0558s ]
SQL: SELECT `id`,`pid`,`type`,`controller_name`,`action_name`,`title`,`is_nav` FROM `b_content_cate` WHERE ( status=1 ) ORDER BY sort,id  [ RunTime:0.0551s ]
SQL: SHOW COLUMNS FROM `b_contact` [ RunTime:0.0566s ]
SQL: SELECT * FROM `b_contact` WHERE `id` = 1 LIMIT 1   [ RunTime:0.0549s ]
INFO: [ view_parse ] --START--
INFO: [ template_filter ] --START--
INFO: Run Behavior\ContentReplaceBehavior [ RunTime:0.000174s ]
INFO: [ template_filter ] --END-- [ RunTime:0.000321s ]
NOTIC: [8] Undefined variable: btnStyle D:\work\edvolks\Runtime\Cache\Web\0d05d19455b8f5bea744335f5015b306.php 第 29 行.
INFO: Run Behavior\ParseTemplateBehavior [ RunTime:0.079856s ]
INFO: [ view_parse ] --END-- [ RunTime:0.080032s ]
INFO: [ view_filter ] --START--
INFO: Run Behavior\WriteHtmlCacheBehavior [ RunTime:0.001553s ]
INFO: [ view_filter ] --END-- [ RunTime:0.001679s ]
INFO: [ app_end ] --START--
INFO: Run Behavior\ShowPageTraceBehavior [ RunTime:0.002465s ]
INFO: [ app_end ] --END-- [ RunTime:0.002637s ]

[ 2019-01-21T17:43:01+08:00 ] ::1 /edvolks/index.php/Contact/index/pid/0/cid/5.html
INFO: [ app_init ] --START--
INFO: Run Behavior\BuildLiteBehavior [ RunTime:0.000012s ]
INFO: [ app_init ] --END-- [ RunTime:0.000527s ]
INFO: [ app_begin ] --START--
INFO: Run Behavior\ReadHtmlCacheBehavior [ RunTime:0.000820s ]
INFO: [ app_begin ] --END-- [ RunTime:0.000873s ]
SQL: SHOW COLUMNS FROM `b_site_config` [ RunTime:0.0520s ]
SQL: SELECT * FROM `b_site_config` WHERE ( id=1 ) LIMIT 1   [ RunTime:0.0517s ]
SQL: SHOW COLUMNS FROM `b_content_cate` [ RunTime:0.0521s ]
SQL: SELECT `id`,`pid`,`type`,`controller_name`,`action_name`,`title`,`is_nav` FROM `b_content_cate` WHERE ( status=1 ) ORDER BY sort,id  [ RunTime:0.0516s ]
SQL: SHOW COLUMNS FROM `b_contact` [ RunTime:0.0516s ]
SQL: SELECT * FROM `b_contact` WHERE `id` = 1 LIMIT 1   [ RunTime:0.0511s ]
INFO: [ view_parse ] --START--
INFO: [ template_filter ] --START--
INFO: Run Behavior\ContentReplaceBehavior [ RunTime:0.000161s ]
INFO: [ template_filter ] --END-- [ RunTime:0.000296s ]
NOTIC: [8] Undefined variable: btnStyle D:\work\edvolks\Runtime\Cache\Web\0d05d19455b8f5bea744335f5015b306.php 第 29 行.
INFO: Run Behavior\ParseTemplateBehavior [ RunTime:0.027361s ]
INFO: [ view_parse ] --END-- [ RunTime:0.027465s ]
INFO: [ view_filter ] --START--
INFO: Run Behavior\WriteHtmlCacheBehavior [ RunTime:0.000867s ]
INFO: [ view_filter ] --END-- [ RunTime:0.000915s ]
INFO: [ app_end ] --START--
INFO: Run Behavior\ShowPageTraceBehavior [ RunTime:0.000947s ]
INFO: [ app_end ] --END-- [ RunTime:0.000993s ]

[ 2019-01-21T17:43:14+08:00 ] ::1 /edvolks/index.php/Contact/index/pid/0/cid/5.html
INFO: [ app_init ] --START--
INFO: Run Behavior\BuildLiteBehavior [ RunTime:0.000048s ]
INFO: [ app_init ] --END-- [ RunTime:0.001135s ]
INFO: [ app_begin ] --START--
INFO: Run Behavior\ReadHtmlCacheBehavior [ RunTime:0.000761s ]
INFO: [ app_begin ] --END-- [ RunTime:0.000808s ]
SQL: SHOW COLUMNS FROM `b_site_config` [ RunTime:0.3099s ]
SQL: SELECT * FROM `b_site_config` WHERE ( id=1 ) LIMIT 1   [ RunTime:0.0557s ]
SQL: SHOW COLUMNS FROM `b_content_cate` [ RunTime:0.0554s ]
SQL: SELECT `id`,`pid`,`type`,`controller_name`,`action_name`,`title`,`is_nav` FROM `b_content_cate` WHERE ( status=1 ) ORDER BY sort,id  [ RunTime:0.0557s ]
SQL: SHOW COLUMNS FROM `b_contact` [ RunTime:0.0556s ]
SQL: SELECT * FROM `b_contact` WHERE `id` = 1 LIMIT 1   [ RunTime:0.0589s ]
INFO: [ view_parse ] --START--
INFO: [ template_filter ] --START--
INFO: Run Behavior\ContentReplaceBehavior [ RunTime:0.000163s ]
INFO: [ template_filter ] --END-- [ RunTime:0.000299s ]
NOTIC: [8] Undefined variable: btnStyle D:\work\edvolks\Runtime\Cache\Web\0d05d19455b8f5bea744335f5015b306.php 第 29 行.
INFO: Run Behavior\ParseTemplateBehavior [ RunTime:0.026631s ]
INFO: [ view_parse ] --END-- [ RunTime:0.026773s ]
INFO: [ view_filter ] --START--
INFO: Run Behavior\WriteHtmlCacheBehavior [ RunTime:0.002092s ]
INFO: [ view_filter ] --END-- [ RunTime:0.002242s ]
INFO: [ app_end ] --START--
INFO: Run Behavior\ShowPageTraceBehavior [ RunTime:0.002236s ]
INFO: [ app_end ] --END-- [ RunTime:0.002362s ]

[ 2019-01-21T17:44:54+08:00 ] ::1 /edvolks/index.php/Contact/index/pid/0/cid/5.html
INFO: [ app_init ] --START--
INFO: Run Behavior\BuildLiteBehavior [ RunTime:0.000021s ]
INFO: [ app_init ] --END-- [ RunTime:0.000517s ]
INFO: [ app_begin ] --START--
INFO: Run Behavior\ReadHtmlCacheBehavior [ RunTime:0.000706s ]
INFO: [ app_begin ] --END-- [ RunTime:0.000751s ]
SQL: SHOW COLUMNS FROM `b_site_config` [ RunTime:0.0561s ]
SQL: SELECT * FROM `b_site_config` WHERE ( id=1 ) LIMIT 1   [ RunTime:0.0540s ]
SQL: SHOW COLUMNS FROM `b_content_cate` [ RunTime:0.0550s ]
SQL: SELECT `id`,`pid`,`type`,`controller_name`,`action_name`,`title`,`is_nav` FROM `b_content_cate` WHERE ( status=1 ) ORDER BY sort,id  [ RunTime:0.0538s ]
SQL: SHOW COLUMNS FROM `b_contact` [ RunTime:0.0547s ]
SQL: SELECT * FROM `b_contact` WHERE `id` = 1 LIMIT 1   [ RunTime:0.0538s ]
INFO: [ view_parse ] --START--
INFO: [ template_filter ] --START--
INFO: Run Behavior\ContentReplaceBehavior [ RunTime:0.000163s ]
INFO: [ template_filter ] --END-- [ RunTime:0.000313s ]
NOTIC: [8] Undefined variable: btnStyle D:\work\edvolks\Runtime\Cache\Web\0d05d19455b8f5bea744335f5015b306.php 第 29 行.
INFO: Run Behavior\ParseTemplateBehavior [ RunTime:0.024887s ]
INFO: [ view_parse ] --END-- [ RunTime:0.025034s ]
INFO: [ view_filter ] --START--
INFO: Run Behavior\WriteHtmlCacheBehavior [ RunTime:0.000906s ]
INFO: [ view_filter ] --END-- [ RunTime:0.001160s ]
INFO: [ app_end ] --START--
INFO: Run Behavior\ShowPageTraceBehavior [ RunTime:0.001778s ]
INFO: [ app_end ] --END-- [ RunTime:0.001876s ]

[ 2019-01-21T17:45:02+08:00 ] ::1 /edvolks/index.php/Article/index/pid/0/cid/1.html
INFO: [ app_init ] --START--
INFO: Run Behavior\BuildLiteBehavior [ RunTime:0.000012s ]
INFO: [ app_init ] --END-- [ RunTime:0.000551s ]
INFO: [ app_begin ] --START--
INFO: Run Behavior\ReadHtmlCacheBehavior [ RunTime:0.000730s ]
INFO: [ app_begin ] --END-- [ RunTime:0.000779s ]
SQL: SHOW COLUMNS FROM `b_site_config` [ RunTime:0.0505s ]
SQL: SELECT * FROM `b_site_config` WHERE ( id=1 ) LIMIT 1   [ RunTime:0.0511s ]
SQL: SHOW COLUMNS FROM `b_content_cate` [ RunTime:0.0509s ]
SQL: SELECT `id`,`pid`,`type`,`controller_name`,`action_name`,`title`,`is_nav` FROM `b_content_cate` WHERE ( status=1 ) ORDER BY sort,id  [ RunTime:0.0497s ]
SQL: SHOW COLUMNS FROM `b_news` [ RunTime:0.0522s ]
SQL: SELECT COUNT(*) AS tp_count FROM `b_news` WHERE `cid` = 1 AND `status` = 1 LIMIT 1   [ RunTime:0.0505s ]
SQL: SELECT `id`,`cid`,`title`,`thumb`,`description`,DATE_FORMAT(create_time,'%d/%m/%Y') as date,(init_click + click) as click FROM `b_news` WHERE `cid` = 1 AND `status` = 1 ORDER BY recommend desc,id desc LIMIT 0,15   [ RunTime:0.0510s ]
INFO: [ view_parse ] --START--
INFO: [ template_filter ] --START--
INFO: Run Behavior\ContentReplaceBehavior [ RunTime:0.000106s ]
INFO: [ template_filter ] --END-- [ RunTime:0.000213s ]
NOTIC: [8] Use of undefined constant date - assumed 'date' D:\work\edvolks\Runtime\Cache\Web\9fab6314ed80e3cc69dc2808baae2b3f.php 第 48 行.
INFO: Run Behavior\ParseTemplateBehavior [ RunTime:0.022147s ]
INFO: [ view_parse ] --END-- [ RunTime:0.022289s ]
INFO: [ view_filter ] --START--
INFO: Run Behavior\WriteHtmlCacheBehavior [ RunTime:0.001060s ]
INFO: [ view_filter ] --END-- [ RunTime:0.001133s ]
INFO: [ app_end ] --START--
INFO: Run Behavior\ShowPageTraceBehavior [ RunTime:0.001361s ]
INFO: [ app_end ] --END-- [ RunTime:0.001440s ]

[ 2019-01-21T17:45:06+08:00 ] ::1 /edvolks/index.php/Article/index/pid/0/cid/1.html
INFO: [ app_init ] --START--
INFO: Run Behavior\BuildLiteBehavior [ RunTime:0.000014s ]
INFO: [ app_init ] --END-- [ RunTime:0.000514s ]
INFO: [ app_begin ] --START--
INFO: Run Behavior\ReadHtmlCacheBehavior [ RunTime:0.000898s ]
INFO: [ app_begin ] --END-- [ RunTime:0.000965s ]
SQL: SHOW COLUMNS FROM `b_site_config` [ RunTime:0.0532s ]
SQL: SELECT * FROM `b_site_config` WHERE ( id=1 ) LIMIT 1   [ RunTime:0.0705s ]
SQL: SHOW COLUMNS FROM `b_content_cate` [ RunTime:0.0534s ]
SQL: SELECT `id`,`pid`,`type`,`controller_name`,`action_name`,`title`,`is_nav` FROM `b_content_cate` WHERE ( status=1 ) ORDER BY sort,id  [ RunTime:0.0531s ]
SQL: SHOW COLUMNS FROM `b_news` [ RunTime:0.0539s ]
SQL: SELECT COUNT(*) AS tp_count FROM `b_news` WHERE `cid` = 1 AND `status` = 1 LIMIT 1   [ RunTime:0.0532s ]
SQL: SELECT `id`,`cid`,`title`,`thumb`,`description`,DATE_FORMAT(create_time,'%d/%m/%Y') as date,(init_click + click) as click FROM `b_news` WHERE `cid` = 1 AND `status` = 1 ORDER BY recommend desc,id desc LIMIT 0,15   [ RunTime:0.0544s ]
INFO: [ view_parse ] --START--
INFO: [ template_filter ] --START--
INFO: Run Behavior\ContentReplaceBehavior [ RunTime:0.000065s ]
INFO: [ template_filter ] --END-- [ RunTime:0.000132s ]
NOTIC: [8] Use of undefined constant date - assumed 'date' D:\work\edvolks\Runtime\Cache\Web\9fab6314ed80e3cc69dc2808baae2b3f.php 第 48 行.
INFO: Run Behavior\ParseTemplateBehavior [ RunTime:0.010074s ]
INFO: [ view_parse ] --END-- [ RunTime:0.010147s ]
INFO: [ view_filter ] --START--
INFO: Run Behavior\WriteHtmlCacheBehavior [ RunTime:0.000590s ]
INFO: [ view_filter ] --END-- [ RunTime:0.000627s ]
INFO: [ app_end ] --START--
INFO: Run Behavior\ShowPageTraceBehavior [ RunTime:0.000879s ]
INFO: [ app_end ] --END-- [ RunTime:0.000942s ]

[ 2019-01-21T17:46:11+08:00 ] ::1 /edvolks/index.php/Article/index/pid/0/cid/1.html
INFO: [ app_init ] --START--
INFO: Run Behavior\BuildLiteBehavior [ RunTime:0.000011s ]
INFO: [ app_init ] --END-- [ RunTime:0.000525s ]
INFO: [ app_begin ] --START--
INFO: Run Behavior\ReadHtmlCacheBehavior [ RunTime:0.000729s ]
INFO: [ app_begin ] --END-- [ RunTime:0.000773s ]
SQL: SHOW COLUMNS FROM `b_site_config` [ RunTime:0.0897s ]
SQL: SELECT * FROM `b_site_config` WHERE ( id=1 ) LIMIT 1   [ RunTime:0.0581s ]
SQL: SHOW COLUMNS FROM `b_content_cate` [ RunTime:0.0586s ]
SQL: SELECT `id`,`pid`,`type`,`controller_name`,`action_name`,`title`,`is_nav` FROM `b_content_cate` WHERE ( status=1 ) ORDER BY sort,id  [ RunTime:0.0577s ]
SQL: SHOW COLUMNS FROM `b_news` [ RunTime:0.0583s ]
SQL: SELECT COUNT(*) AS tp_count FROM `b_news` WHERE `cid` = 1 AND `status` = 1 LIMIT 1   [ RunTime:0.0575s ]
SQL: SELECT `id`,`cid`,`title`,`thumb`,`description`,DATE_FORMAT(create_time,'%d/%m/%Y') as date,(init_click + click) as click FROM `b_news` WHERE `cid` = 1 AND `status` = 1 ORDER BY recommend desc,id desc LIMIT 0,15   [ RunTime:0.0577s ]
INFO: [ view_parse ] --START--
INFO: [ template_filter ] --START--
INFO: Run Behavior\ContentReplaceBehavior [ RunTime:0.000160s ]
INFO: [ template_filter ] --END-- [ RunTime:0.000296s ]
NOTIC: [8] Use of undefined constant date - assumed 'date' D:\work\edvolks\Runtime\Cache\Web\9fab6314ed80e3cc69dc2808baae2b3f.php 第 48 行.
INFO: Run Behavior\ParseTemplateBehavior [ RunTime:0.027728s ]
INFO: [ view_parse ] --END-- [ RunTime:0.027881s ]
INFO: [ view_filter ] --START--
INFO: Run Behavior\WriteHtmlCacheBehavior [ RunTime:0.001785s ]
INFO: [ view_filter ] --END-- [ RunTime:0.001894s ]
INFO: [ app_end ] --START--
INFO: Run Behavior\ShowPageTraceBehavior [ RunTime:0.002933s ]
INFO: [ app_end ] --END-- [ RunTime:0.003073s ]

[ 2019-01-21T17:46:48+08:00 ] ::1 /edvolks/index.php/Project/index/pid/0/cid/3.html
INFO: [ app_init ] --START--
INFO: Run Behavior\BuildLiteBehavior [ RunTime:0.000012s ]
INFO: [ app_init ] --END-- [ RunTime:0.000548s ]
INFO: [ app_begin ] --START--
INFO: Run Behavior\ReadHtmlCacheBehavior [ RunTime:0.000703s ]
INFO: [ app_begin ] --END-- [ RunTime:0.000750s ]
SQL: SHOW COLUMNS FROM `b_site_config` [ RunTime:0.0594s ]
SQL: SELECT * FROM `b_site_config` WHERE ( id=1 ) LIMIT 1   [ RunTime:0.0610s ]
SQL: SHOW COLUMNS FROM `b_content_cate` [ RunTime:0.0590s ]
SQL: SELECT `id`,`pid`,`type`,`controller_name`,`action_name`,`title`,`is_nav` FROM `b_content_cate` WHERE ( status=1 ) ORDER BY sort,id  [ RunTime:0.0588s ]
SQL: SHOW COLUMNS FROM `b_project` [ RunTime:0.0741s ]
SQL: SELECT COUNT(*) AS tp_count FROM `b_project` WHERE `cid` = 3 LIMIT 1   [ RunTime:0.0601s ]
SQL: SELECT `id`,`cid`,`title`,`thumb`,`description`,`status`,`picture`,`location`,`year`,`class_name` FROM `b_project` WHERE `cid` = 3 ORDER BY id asc LIMIT 0,10   [ RunTime:0.0567s ]
INFO: [ view_parse ] --START--
INFO: [ template_filter ] --START--
INFO: Run Behavior\ContentReplaceBehavior [ RunTime:0.000118s ]
INFO: [ template_filter ] --END-- [ RunTime:0.000194s ]
NOTIC: [8] Undefined index: title D:\work\edvolks\Runtime\Cache\Web\d98dc687f74eac36dbe37c3d033afdb9.php 第 66 行.
NOTIC: [8] Undefined index: title D:\work\edvolks\Runtime\Cache\Web\d98dc687f74eac36dbe37c3d033afdb9.php 第 66 行.
NOTIC: [8] Undefined index: title D:\work\edvolks\Runtime\Cache\Web\d98dc687f74eac36dbe37c3d033afdb9.php 第 55 行.
NOTIC: [8] Undefined index: title D:\work\edvolks\Runtime\Cache\Web\d98dc687f74eac36dbe37c3d033afdb9.php 第 55 行.
NOTIC: [8] Undefined index: title D:\work\edvolks\Runtime\Cache\Web\d98dc687f74eac36dbe37c3d033afdb9.php 第 66 行.
NOTIC: [8] Undefined index: title D:\work\edvolks\Runtime\Cache\Web\d98dc687f74eac36dbe37c3d033afdb9.php 第 66 行.
NOTIC: [8] Undefined index: title D:\work\edvolks\Runtime\Cache\Web\d98dc687f74eac36dbe37c3d033afdb9.php 第 55 行.
NOTIC: [8] Undefined index: title D:\work\edvolks\Runtime\Cache\Web\d98dc687f74eac36dbe37c3d033afdb9.php 第 55 行.
NOTIC: [8] Undefined index: title D:\work\edvolks\Runtime\Cache\Web\d98dc687f74eac36dbe37c3d033afdb9.php 第 66 行.
INFO: Run Behavior\ParseTemplateBehavior [ RunTime:0.017033s ]
INFO: [ view_parse ] --END-- [ RunTime:0.017117s ]
INFO: [ view_filter ] --START--
INFO: Run Behavior\WriteHtmlCacheBehavior [ RunTime:0.000826s ]
INFO: [ view_filter ] --END-- [ RunTime:0.000888s ]
INFO: [ app_end ] --START--
INFO: Run Behavior\ShowPageTraceBehavior [ RunTime:0.001121s ]
INFO: [ app_end ] --END-- [ RunTime:0.001202s ]

[ 2019-01-21T17:47:11+08:00 ] ::1 /edvolks/index.php/Studio/index/pid/0/cid/2.html
INFO: [ app_init ] --START--
INFO: Run Behavior\BuildLiteBehavior [ RunTime:0.000011s ]
INFO: [ app_init ] --END-- [ RunTime:0.000505s ]
INFO: [ app_begin ] --START--
INFO: Run Behavior\ReadHtmlCacheBehavior [ RunTime:0.001034s ]
INFO: [ app_begin ] --END-- [ RunTime:0.001099s ]
SQL: SHOW COLUMNS FROM `b_site_config` [ RunTime:0.0689s ]
SQL: SELECT * FROM `b_site_config` WHERE ( id=1 ) LIMIT 1   [ RunTime:0.0746s ]
SQL: SHOW COLUMNS FROM `b_content_cate` [ RunTime:0.0775s ]
SQL: SELECT `id`,`pid`,`type`,`controller_name`,`action_name`,`title`,`is_nav` FROM `b_content_cate` WHERE ( status=1 ) ORDER BY sort,id  [ RunTime:0.0797s ]
SQL: SHOW COLUMNS FROM `b_studio` [ RunTime:0.0830s ]
SQL: SELECT * FROM `b_studio` WHERE `cid` = 2  [ RunTime:0.0795s ]
INFO: [ view_parse ] --START--
INFO: [ template_filter ] --START--
INFO: Run Behavior\ContentReplaceBehavior [ RunTime:0.000290s ]
INFO: [ template_filter ] --END-- [ RunTime:0.000467s ]
NOTIC: [8] Undefined variable: btnStyle D:\work\edvolks\Runtime\Cache\Web\c866fc6df6452b576a03c58cc13f98b8.php 第 29 行.
INFO: Run Behavior\ParseTemplateBehavior [ RunTime:0.025959s ]
INFO: [ view_parse ] --END-- [ RunTime:0.026111s ]
INFO: [ view_filter ] --START--
INFO: Run Behavior\WriteHtmlCacheBehavior [ RunTime:0.001567s ]
INFO: [ view_filter ] --END-- [ RunTime:0.001678s ]
INFO: [ app_end ] --START--
INFO: Run Behavior\ShowPageTraceBehavior [ RunTime:0.002303s ]
INFO: [ app_end ] --END-- [ RunTime:0.002454s ]

[ 2019-01-21T17:49:47+08:00 ] ::1 /edvolks/index.php/Studio/index/pid/0/cid/2.html
INFO: [ app_init ] --START--
INFO: Run Behavior\BuildLiteBehavior [ RunTime:0.000012s ]
INFO: [ app_init ] --END-- [ RunTime:0.000572s ]
INFO: [ app_begin ] --START--
INFO: Run Behavior\ReadHtmlCacheBehavior [ RunTime:0.000751s ]
INFO: [ app_begin ] --END-- [ RunTime:0.000795s ]
SQL: SHOW COLUMNS FROM `b_site_config` [ RunTime:0.0526s ]
SQL: SELECT * FROM `b_site_config` WHERE ( id=1 ) LIMIT 1   [ RunTime:0.0530s ]
SQL: SHOW COLUMNS FROM `b_content_cate` [ RunTime:0.0523s ]
SQL: SELECT `id`,`pid`,`type`,`controller_name`,`action_name`,`title`,`is_nav` FROM `b_content_cate` WHERE ( status=1 ) ORDER BY sort,id  [ RunTime:0.0535s ]
SQL: SHOW COLUMNS FROM `b_studio` [ RunTime:0.0537s ]
SQL: SELECT * FROM `b_studio` WHERE `cid` = 2  [ RunTime:0.0525s ]
INFO: [ view_parse ] --START--
INFO: [ template_filter ] --START--
INFO: Run Behavior\ContentReplaceBehavior [ RunTime:0.000257s ]
INFO: [ template_filter ] --END-- [ RunTime:0.000409s ]
NOTIC: [8] Undefined variable: btnStyle D:\work\edvolks\Runtime\Cache\Web\c866fc6df6452b576a03c58cc13f98b8.php 第 29 行.
INFO: Run Behavior\ParseTemplateBehavior [ RunTime:0.023501s ]
INFO: [ view_parse ] --END-- [ RunTime:0.023609s ]
INFO: [ view_filter ] --START--
INFO: Run Behavior\WriteHtmlCacheBehavior [ RunTime:0.001086s ]
INFO: [ view_filter ] --END-- [ RunTime:0.001160s ]
INFO: [ app_end ] --START--
INFO: Run Behavior\ShowPageTraceBehavior [ RunTime:0.001458s ]
INFO: [ app_end ] --END-- [ RunTime:0.001552s ]

[ 2019-01-21T17:54:18+08:00 ] ::1 /edvolks/index.php/Studio/index/pid/0/cid/2.html
INFO: [ app_init ] --START--
INFO: Run Behavior\BuildLiteBehavior [ RunTime:0.000015s ]
INFO: [ app_init ] --END-- [ RunTime:0.000577s ]
INFO: [ app_begin ] --START--
INFO: Run Behavior\ReadHtmlCacheBehavior [ RunTime:0.001246s ]
INFO: [ app_begin ] --END-- [ RunTime:0.001490s ]
SQL: SHOW COLUMNS FROM `b_site_config` [ RunTime:0.0543s ]
SQL: SELECT * FROM `b_site_config` WHERE ( id=1 ) LIMIT 1   [ RunTime:0.0537s ]
SQL: SHOW COLUMNS FROM `b_content_cate` [ RunTime:0.0544s ]
SQL: SELECT `id`,`pid`,`type`,`controller_name`,`action_name`,`title`,`is_nav` FROM `b_content_cate` WHERE ( status=1 ) ORDER BY sort,id  [ RunTime:0.0541s ]
SQL: SHOW COLUMNS FROM `b_studio` [ RunTime:0.0573s ]
SQL: SELECT * FROM `b_studio` WHERE `cid` = 2  [ RunTime:0.0542s ]
INFO: [ view_parse ] --START--
INFO: [ template_filter ] --START--
INFO: Run Behavior\ContentReplaceBehavior [ RunTime:0.000225s ]
INFO: [ template_filter ] --END-- [ RunTime:0.000362s ]
NOTIC: [8] Undefined variable: btnStyle D:\work\edvolks\Runtime\Cache\Web\c866fc6df6452b576a03c58cc13f98b8.php 第 29 行.
INFO: Run Behavior\ParseTemplateBehavior [ RunTime:0.027888s ]
INFO: [ view_parse ] --END-- [ RunTime:0.028025s ]
INFO: [ view_filter ] --START--
INFO: Run Behavior\WriteHtmlCacheBehavior [ RunTime:0.001538s ]
INFO: [ view_filter ] --END-- [ RunTime:0.001647s ]
INFO: [ app_end ] --START--
INFO: Run Behavior\ShowPageTraceBehavior [ RunTime:0.002367s ]
INFO: [ app_end ] --END-- [ RunTime:0.002537s ]

[ 2019-01-21T17:55:52+08:00 ] ::1 /edvolks/index.php/Studio/index/pid/0/cid/2.html
INFO: [ app_init ] --START--
INFO: Run Behavior\BuildLiteBehavior [ RunTime:0.000012s ]
INFO: [ app_init ] --END-- [ RunTime:0.000538s ]
INFO: [ app_begin ] --START--
INFO: Run Behavior\ReadHtmlCacheBehavior [ RunTime:0.000732s ]
INFO: [ app_begin ] --END-- [ RunTime:0.000778s ]
SQL: SHOW COLUMNS FROM `b_site_config` [ RunTime:0.0562s ]
SQL: SELECT * FROM `b_site_config` WHERE ( id=1 ) LIMIT 1   [ RunTime:0.0560s ]
SQL: SHOW COLUMNS FROM `b_content_cate` [ RunTime:0.0562s ]
SQL: SELECT `id`,`pid`,`type`,`controller_name`,`action_name`,`title`,`is_nav` FROM `b_content_cate` WHERE ( status=1 ) ORDER BY sort,id  [ RunTime:0.0560s ]
SQL: SHOW COLUMNS FROM `b_studio` [ RunTime:0.0572s ]
SQL: SELECT * FROM `b_studio` WHERE `cid` = 2  [ RunTime:0.0571s ]
INFO: [ view_parse ] --START--
INFO: [ template_filter ] --START--
INFO: Run Behavior\ContentReplaceBehavior [ RunTime:0.000226s ]
INFO: [ template_filter ] --END-- [ RunTime:0.000360s ]
NOTIC: [8] Undefined variable: btnStyle D:\work\edvolks\Runtime\Cache\Web\c866fc6df6452b576a03c58cc13f98b8.php 第 29 行.
INFO: Run Behavior\ParseTemplateBehavior [ RunTime:0.029008s ]
INFO: [ view_parse ] --END-- [ RunTime:0.029152s ]
INFO: [ view_filter ] --START--
INFO: Run Behavior\WriteHtmlCacheBehavior [ RunTime:0.001699s ]
INFO: [ view_filter ] --END-- [ RunTime:0.001809s ]
INFO: [ app_end ] --START--
INFO: Run Behavior\ShowPageTraceBehavior [ RunTime:0.002109s ]
INFO: [ app_end ] --END-- [ RunTime:0.002231s ]

[ 2019-01-21T17:56:15+08:00 ] ::1 /edvolks/index.php/Single/index/pid/0/cid/4.html
INFO: [ app_init ] --START--
INFO: Run Behavior\BuildLiteBehavior [ RunTime:0.000012s ]
INFO: [ app_init ] --END-- [ RunTime:0.000631s ]
INFO: [ app_begin ] --START--
INFO: Run Behavior\ReadHtmlCacheBehavior [ RunTime:0.000710s ]
INFO: [ app_begin ] --END-- [ RunTime:0.000756s ]
SQL: SHOW COLUMNS FROM `b_site_config` [ RunTime:0.0517s ]
SQL: SELECT * FROM `b_site_config` WHERE ( id=1 ) LIMIT 1   [ RunTime:0.0514s ]
SQL: SHOW COLUMNS FROM `b_content_cate` [ RunTime:0.0886s ]
SQL: SELECT `id`,`pid`,`type`,`controller_name`,`action_name`,`title`,`is_nav` FROM `b_content_cate` WHERE ( status=1 ) ORDER BY sort,id  [ RunTime:0.0512s ]
SQL: SHOW COLUMNS FROM `b_single` [ RunTime:0.0568s ]
SQL: SELECT * FROM `b_single` WHERE `cid` = 4 LIMIT 1   [ RunTime:0.0512s ]
INFO: [ view_parse ] --START--
INFO: [ template_filter ] --START--
INFO: Run Behavior\ContentReplaceBehavior [ RunTime:0.000183s ]
INFO: [ template_filter ] --END-- [ RunTime:0.000313s ]
NOTIC: [8] Undefined variable: btnStyle D:\work\edvolks\Runtime\Cache\Web\a26fc4301afa751888f8bcbe35989da4.php 第 29 行.
INFO: Run Behavior\ParseTemplateBehavior [ RunTime:0.024560s ]
INFO: [ view_parse ] --END-- [ RunTime:0.024694s ]
INFO: [ view_filter ] --START--
INFO: Run Behavior\WriteHtmlCacheBehavior [ RunTime:0.001544s ]
INFO: [ view_filter ] --END-- [ RunTime:0.001662s ]
INFO: [ app_end ] --START--
INFO: Run Behavior\ShowPageTraceBehavior [ RunTime:0.001692s ]
INFO: [ app_end ] --END-- [ RunTime:0.001770s ]

[ 2019-01-21T18:00:44+08:00 ] ::1 /edvolks/index.php/Article/index/pid/0/cid/1.html
INFO: [ app_init ] --START--
INFO: Run Behavior\BuildLiteBehavior [ RunTime:0.000012s ]
INFO: [ app_init ] --END-- [ RunTime:0.000664s ]
INFO: [ app_begin ] --START--
INFO: Run Behavior\ReadHtmlCacheBehavior [ RunTime:0.001066s ]
INFO: [ app_begin ] --END-- [ RunTime:0.001135s ]
SQL: SHOW COLUMNS FROM `b_site_config` [ RunTime:0.3041s ]
SQL: SELECT * FROM `b_site_config` WHERE ( id=1 ) LIMIT 1   [ RunTime:0.0522s ]
SQL: SHOW COLUMNS FROM `b_content_cate` [ RunTime:0.3048s ]
SQL: SELECT `id`,`pid`,`type`,`controller_name`,`action_name`,`title`,`is_nav` FROM `b_content_cate` WHERE ( status=1 ) ORDER BY sort,id  [ RunTime:1.5603s ]
SQL: SHOW COLUMNS FROM `b_news` [ RunTime:0.0526s ]
SQL: SELECT COUNT(*) AS tp_count FROM `b_news` WHERE `cid` = 1 AND `status` = 1 LIMIT 1   [ RunTime:0.0508s ]
SQL: SELECT `id`,`cid`,`title`,`thumb`,`description`,DATE_FORMAT(create_time,'%d/%m/%Y') as date,(init_click + click) as click FROM `b_news` WHERE `cid` = 1 AND `status` = 1 ORDER BY recommend desc,id desc LIMIT 0,15   [ RunTime:0.0521s ]
INFO: [ view_parse ] --START--
INFO: [ template_filter ] --START--
INFO: Run Behavior\ContentReplaceBehavior [ RunTime:0.000160s ]
INFO: [ template_filter ] --END-- [ RunTime:0.000295s ]
NOTIC: [8] Use of undefined constant date - assumed 'date' D:\work\edvolks\Runtime\Cache\Web\9fab6314ed80e3cc69dc2808baae2b3f.php 第 48 行.
INFO: Run Behavior\ParseTemplateBehavior [ RunTime:0.026832s ]
INFO: [ view_parse ] --END-- [ RunTime:0.026975s ]
INFO: [ view_filter ] --START--
INFO: Run Behavior\WriteHtmlCacheBehavior [ RunTime:0.001824s ]
INFO: [ view_filter ] --END-- [ RunTime:0.001935s ]
INFO: [ app_end ] --START--
INFO: Run Behavior\ShowPageTraceBehavior [ RunTime:0.002173s ]
INFO: [ app_end ] --END-- [ RunTime:0.002294s ]

[ 2019-01-21T18:00:47+08:00 ] ::1 /edvolks/index.php/Article/index/pid/0/cid/1.html
INFO: [ app_init ] --START--
INFO: Run Behavior\BuildLiteBehavior [ RunTime:0.000024s ]
INFO: [ app_init ] --END-- [ RunTime:0.001814s ]
INFO: [ app_begin ] --START--
INFO: Run Behavior\ReadHtmlCacheBehavior [ RunTime:0.001163s ]
INFO: [ app_begin ] --END-- [ RunTime:0.001239s ]
SQL: SHOW COLUMNS FROM `b_site_config` [ RunTime:0.0526s ]
SQL: SELECT * FROM `b_site_config` WHERE ( id=1 ) LIMIT 1   [ RunTime:0.0523s ]
SQL: SHOW COLUMNS FROM `b_content_cate` [ RunTime:0.0526s ]
SQL: SELECT `id`,`pid`,`type`,`controller_name`,`action_name`,`title`,`is_nav` FROM `b_content_cate` WHERE ( status=1 ) ORDER BY sort,id  [ RunTime:0.0526s ]
SQL: SHOW COLUMNS FROM `b_news` [ RunTime:0.0530s ]
SQL: SELECT COUNT(*) AS tp_count FROM `b_news` WHERE `cid` = 1 AND `status` = 1 LIMIT 1   [ RunTime:0.0522s ]
SQL: SELECT `id`,`cid`,`title`,`thumb`,`description`,DATE_FORMAT(create_time,'%d/%m/%Y') as date,(init_click + click) as click FROM `b_news` WHERE `cid` = 1 AND `status` = 1 ORDER BY recommend desc,id desc LIMIT 0,15   [ RunTime:0.0526s ]
INFO: [ view_parse ] --START--
INFO: [ template_filter ] --START--
INFO: Run Behavior\ContentReplaceBehavior [ RunTime:0.000097s ]
INFO: [ template_filter ] --END-- [ RunTime:0.000182s ]
NOTIC: [8] Use of undefined constant date - assumed 'date' D:\work\edvolks\Runtime\Cache\Web\9fab6314ed80e3cc69dc2808baae2b3f.php 第 48 行.
INFO: Run Behavior\ParseTemplateBehavior [ RunTime:0.017359s ]
INFO: [ view_parse ] --END-- [ RunTime:0.017446s ]
INFO: [ view_filter ] --START--
INFO: Run Behavior\WriteHtmlCacheBehavior [ RunTime:0.001026s ]
INFO: [ view_filter ] --END-- [ RunTime:0.001094s ]
INFO: [ app_end ] --START--
INFO: Run Behavior\ShowPageTraceBehavior [ RunTime:0.001376s ]
INFO: [ app_end ] --END-- [ RunTime:0.001449s ]

[ 2019-01-21T18:00:51+08:00 ] ::1 /edvolks/index.php/Careers/index/pid/0/cid/4.html
INFO: [ app_init ] --START--
INFO: Run Behavior\BuildLiteBehavior [ RunTime:0.000011s ]
INFO: [ app_init ] --END-- [ RunTime:0.000512s ]
INFO: [ app_begin ] --START--
INFO: Run Behavior\ReadHtmlCacheBehavior [ RunTime:0.000748s ]
INFO: [ app_begin ] --END-- [ RunTime:0.000795s ]
SQL: SHOW COLUMNS FROM `b_site_config` [ RunTime:0.0670s ]
SQL: SELECT * FROM `b_site_config` WHERE ( id=1 ) LIMIT 1   [ RunTime:0.0569s ]
SQL: SHOW COLUMNS FROM `b_content_cate` [ RunTime:0.0534s ]
SQL: SELECT `id`,`pid`,`type`,`controller_name`,`action_name`,`title`,`is_nav` FROM `b_content_cate` WHERE ( status=1 ) ORDER BY sort,id  [ RunTime:0.0522s ]
INFO: [ view_parse ] --START--
INFO: [ template_filter ] --START--
INFO: Run Behavior\ContentReplaceBehavior [ RunTime:0.000329s ]
INFO: [ template_filter ] --END-- [ RunTime:0.000582s ]
NOTIC: [8] Undefined variable: btnStyle D:\work\edvolks\Runtime\Cache\Web\a26fc4301afa751888f8bcbe35989da4.php 第 29 行.
INFO: Run Behavior\ParseTemplateBehavior [ RunTime:0.027378s ]
INFO: [ view_parse ] --END-- [ RunTime:0.027470s ]
INFO: [ view_filter ] --START--
INFO: Run Behavior\WriteHtmlCacheBehavior [ RunTime:0.000932s ]
INFO: [ view_filter ] --END-- [ RunTime:0.000991s ]
INFO: [ app_end ] --START--
INFO: Run Behavior\ShowPageTraceBehavior [ RunTime:0.001216s ]
INFO: [ app_end ] --END-- [ RunTime:0.001274s ]

