[ 2018-09-21T18:02:26+08:00 ] ::1 /zlc/cn.php/Article/detail/cid/16/id/2.html
ERR: Think\Controller:_mainassign方法不存在！

[ 2018-09-21T19:32:09+08:00 ] ::1 /zlc/cn.php/Article/index/cid/20.html
ERR: 参数错误或者未定义:pid

[ 2018-09-21T19:35:17+08:00 ] ::1 /zlc/cn.php/Fairs/index/pid/2/cid/20.html
ERR: 无法加载控制器:Fairs

[ 2018-09-21T19:53:33+08:00 ] ::1 /zlc/cn.php/Single/index/pid/11.html
ERR: SQLSTATE[42000]: Syntax error or access violation: 1064 You have an error in your SQL syntax; check the manual that corresponds to your MySQL server version for the right syntax to use near 'and status=1 ) ORDER BY id' at line 1

[ 2018-09-21T19:53:38+08:00 ] ::1 /zlc/cn.php/Business/index/pid/4.html
ERR: 无法加载控制器:Business

[ 2018-09-21T19:53:44+08:00 ] ::1 /zlc/cn.php/Fairs/index/pid/2/cid/20.html
ERR: SQLSTATE[42S22]: Column not found: 1054 Unknown column 'thumb' in 'field list'

[ 2018-09-21T19:56:06+08:00 ] ::1 /zlc/cn.php/Fairs/index/pid/2/cid/20.html
ERR: SQLSTATE[42S22]: Column not found: 1054 Unknown column 'init_click' in 'field list'

[ 2018-09-21T20:20:26+08:00 ] ::1 /zlc/cn.php/Fairs/detail/cid/20/id/2.html
ERR: Think\Controller:_mainassign方法不存在！

[ 2018-09-21T20:45:09+08:00 ] ::1 /zlc/cn.php/Single/index/pid/11.html
ERR: SQLSTATE[42000]: Syntax error or access violation: 1064 You have an error in your SQL syntax; check the manual that corresponds to your MySQL server version for the right syntax to use near 'and status=1 ) ORDER BY id' at line 1

[ 2018-09-21T21:08:53+08:00 ] ::1 /zlc/cn.php/Business/index/pid/4.html
ERR: 无法加载控制器:Business

[ 2018-09-21T21:09:37+08:00 ] ::1 /zlc/cn.php/Business/index/pid/4.html
ERR: 无法加载控制器:Business

[ 2018-09-21T21:09:41+08:00 ] ::1 /zlc/cn.php/Single/index/pid/11.html
ERR: SQLSTATE[42000]: Syntax error or access violation: 1064 You have an error in your SQL syntax; check the manual that corresponds to your MySQL server version for the right syntax to use near 'and status=1 ) ORDER BY id' at line 1

[ 2018-09-21T21:14:06+08:00 ] ::1 /zlc/cn.php/Single/index/pid/11.html
ERR: SQLSTATE[42000]: Syntax error or access violation: 1064 You have an error in your SQL syntax; check the manual that corresponds to your MySQL server version for the right syntax to use near 'and status=1 ) ORDER BY id' at line 1

