[ 2021-08-13T05:52:14+08:00 ] 127.0.0.1 /datav-backend/admin.php/Groups/vlist
INFO: [ app_init ] --START--
INFO: Run Behavior\BuildLiteBehavior [ RunTime:0.000012s ]
INFO: [ app_init ] --END-- [ RunTime:0.001948s ]
NOTIC: [8] Undefined variable: Think D:\work\datav-backend\Admin\Conf\config.php 第 4 行.
INFO: [ app_begin ] --START--
INFO: Run Behavior\ReadHtmlCacheBehavior [ RunTime:0.000667s ]
INFO: [ app_begin ] --END-- [ RunTime:0.000691s ]
ERR: 无法加载控制器:Groups

[ 2021-08-13T05:52:27+08:00 ] 127.0.0.1 /datav-backend/admin.php/User/groups
INFO: [ app_init ] --START--
INFO: Run Behavior\BuildLiteBehavior [ RunTime:0.000009s ]
INFO: [ app_init ] --END-- [ RunTime:0.000493s ]
NOTIC: [8] Undefined variable: Think D:\work\datav-backend\Admin\Conf\config.php 第 4 行.
INFO: [ app_begin ] --START--
INFO: Run Behavior\ReadHtmlCacheBehavior [ RunTime:0.001172s ]
INFO: [ app_begin ] --END-- [ RunTime:0.001203s ]
ERR: 非法操作:groups

[ 2021-08-13T05:52:27+08:00 ] 127.0.0.1 /datav-backend/admin.php/User/ulist?p=1&k=&w=
INFO: [ app_init ] --START--
INFO: Run Behavior\BuildLiteBehavior [ RunTime:0.000006s ]
INFO: [ app_init ] --END-- [ RunTime:0.000494s ]
NOTIC: [8] Undefined variable: Think D:\work\datav-backend\Admin\Conf\config.php 第 4 行.
INFO: [ app_begin ] --START--
INFO: Run Behavior\ReadHtmlCacheBehavior [ RunTime:0.000658s ]
INFO: [ app_begin ] --END-- [ RunTime:0.000675s ]
ERR: 非法操作:ulist

[ 2021-08-13T05:52:31+08:00 ] 127.0.0.1 /datav-backend/admin.php/Groups/vlist
INFO: [ app_init ] --START--
INFO: Run Behavior\BuildLiteBehavior [ RunTime:0.000006s ]
INFO: [ app_init ] --END-- [ RunTime:0.000480s ]
NOTIC: [8] Undefined variable: Think D:\work\datav-backend\Admin\Conf\config.php 第 4 行.
INFO: [ app_begin ] --START--
INFO: Run Behavior\ReadHtmlCacheBehavior [ RunTime:0.000564s ]
INFO: [ app_begin ] --END-- [ RunTime:0.000581s ]
ERR: 无法加载控制器:Groups

[ 2021-08-13T05:52:46+08:00 ] 127.0.0.1 /datav-backend/admin.php/Mokuai/vlist
INFO: [ app_init ] --START--
INFO: Run Behavior\BuildLiteBehavior [ RunTime:0.000004s ]
INFO: [ app_init ] --END-- [ RunTime:0.000344s ]
NOTIC: [8] Undefined variable: Think D:\work\datav-backend\Admin\Conf\config.php 第 4 行.
INFO: [ app_begin ] --START--
INFO: Run Behavior\ReadHtmlCacheBehavior [ RunTime:0.000538s ]
INFO: [ app_begin ] --END-- [ RunTime:0.000554s ]
ERR: 无法加载控制器:Mokuai

[ 2021-08-13T05:52:48+08:00 ] 127.0.0.1 /datav-backend/admin.php/Product/vlist
INFO: [ app_init ] --START--
INFO: Run Behavior\BuildLiteBehavior [ RunTime:0.000006s ]
INFO: [ app_init ] --END-- [ RunTime:0.000488s ]
NOTIC: [8] Undefined variable: Think D:\work\datav-backend\Admin\Conf\config.php 第 4 行.
INFO: [ app_begin ] --START--
INFO: Run Behavior\ReadHtmlCacheBehavior [ RunTime:0.000566s ]
INFO: [ app_begin ] --END-- [ RunTime:0.000586s ]
ERR: 无法加载控制器:Product

[ 2021-08-13T06:01:39+08:00 ] 127.0.0.1 /datav-backend/admin.php/Product/vlist
INFO: [ app_init ] --START--
INFO: Run Behavior\BuildLiteBehavior [ RunTime:0.000008s ]
INFO: [ app_init ] --END-- [ RunTime:0.000564s ]
NOTIC: [8] Undefined variable: Think D:\work\datav-backend\Admin\Conf\config.php 第 4 行.
INFO: [ app_begin ] --START--
INFO: Run Behavior\ReadHtmlCacheBehavior [ RunTime:0.001414s ]
INFO: [ app_begin ] --END-- [ RunTime:0.001444s ]
ERR: 无法加载控制器:Product

[ 2021-08-13T06:01:49+08:00 ] 127.0.0.1 /datav-backend/admin.php/Mokuai/vlist
INFO: [ app_init ] --START--
INFO: Run Behavior\BuildLiteBehavior [ RunTime:0.000006s ]
INFO: [ app_init ] --END-- [ RunTime:0.000471s ]
NOTIC: [8] Undefined variable: Think D:\work\datav-backend\Admin\Conf\config.php 第 4 行.
INFO: [ app_begin ] --START--
INFO: Run Behavior\ReadHtmlCacheBehavior [ RunTime:0.000655s ]
INFO: [ app_begin ] --END-- [ RunTime:0.000677s ]
ERR: 无法加载控制器:Mokuai

[ 2021-08-13T06:18:59+08:00 ] 127.0.0.1 /datav-backend/admin.php/Product/vlist
INFO: [ app_init ] --START--
INFO: Run Behavior\BuildLiteBehavior [ RunTime:0.000005s ]
INFO: [ app_init ] --END-- [ RunTime:0.000458s ]
NOTIC: [8] Undefined variable: Think D:\work\datav-backend\Admin\Conf\config.php 第 4 行.
INFO: [ app_begin ] --START--
INFO: Run Behavior\ReadHtmlCacheBehavior [ RunTime:0.000630s ]
INFO: [ app_begin ] --END-- [ RunTime:0.000647s ]
ERR: 无法加载控制器:Product

[ 2021-08-13T06:19:02+08:00 ] 127.0.0.1 /datav-backend/admin.php/User/ulist?p=1&k=&w=
INFO: [ app_init ] --START--
INFO: Run Behavior\BuildLiteBehavior [ RunTime:0.000005s ]
INFO: [ app_init ] --END-- [ RunTime:0.000537s ]
NOTIC: [8] Undefined variable: Think D:\work\datav-backend\Admin\Conf\config.php 第 4 行.
INFO: [ app_begin ] --START--
INFO: Run Behavior\ReadHtmlCacheBehavior [ RunTime:0.000565s ]
INFO: [ app_begin ] --END-- [ RunTime:0.000582s ]
ERR: 非法操作:ulist

[ 2021-08-13T06:19:02+08:00 ] 127.0.0.1 /datav-backend/admin.php/User/groups
INFO: [ app_init ] --START--
INFO: Run Behavior\BuildLiteBehavior [ RunTime:0.000004s ]
INFO: [ app_init ] --END-- [ RunTime:0.000445s ]
NOTIC: [8] Undefined variable: Think D:\work\datav-backend\Admin\Conf\config.php 第 4 行.
INFO: [ app_begin ] --START--
INFO: Run Behavior\ReadHtmlCacheBehavior [ RunTime:0.000644s ]
INFO: [ app_begin ] --END-- [ RunTime:0.000662s ]
ERR: 非法操作:groups

[ 2021-08-13T06:19:04+08:00 ] 127.0.0.1 /datav-backend/admin.php/Product/vlist
INFO: [ app_init ] --START--
INFO: Run Behavior\BuildLiteBehavior [ RunTime:0.000009s ]
INFO: [ app_init ] --END-- [ RunTime:0.000810s ]
NOTIC: [8] Undefined variable: Think D:\work\datav-backend\Admin\Conf\config.php 第 4 行.
INFO: [ app_begin ] --START--
INFO: Run Behavior\ReadHtmlCacheBehavior [ RunTime:0.001069s ]
INFO: [ app_begin ] --END-- [ RunTime:0.001103s ]
ERR: 无法加载控制器:Product

[ 2021-08-13T06:25:11+08:00 ] 127.0.0.1 /datav-backend/admin.php/User/ulist?p=1&k=&w=
INFO: [ app_init ] --START--
INFO: Run Behavior\BuildLiteBehavior [ RunTime:0.000005s ]
INFO: [ app_init ] --END-- [ RunTime:0.000452s ]
NOTIC: [8] Undefined variable: Think D:\work\datav-backend\Admin\Conf\config.php 第 4 行.
INFO: [ app_begin ] --START--
INFO: Run Behavior\ReadHtmlCacheBehavior [ RunTime:0.000649s ]
INFO: [ app_begin ] --END-- [ RunTime:0.000666s ]
ERR: 非法操作:ulist

[ 2021-08-13T06:25:11+08:00 ] 127.0.0.1 /datav-backend/admin.php/User/groups
INFO: [ app_init ] --START--
INFO: Run Behavior\BuildLiteBehavior [ RunTime:0.000005s ]
INFO: [ app_init ] --END-- [ RunTime:0.000461s ]
NOTIC: [8] Undefined variable: Think D:\work\datav-backend\Admin\Conf\config.php 第 4 行.
INFO: [ app_begin ] --START--
INFO: Run Behavior\ReadHtmlCacheBehavior [ RunTime:0.000648s ]
INFO: [ app_begin ] --END-- [ RunTime:0.000664s ]
ERR: 非法操作:groups

[ 2021-08-13T06:25:19+08:00 ] 127.0.0.1 /datav-backend/admin.php/User/ulist?p=1&k=&w=
INFO: [ app_init ] --START--
INFO: Run Behavior\BuildLiteBehavior [ RunTime:0.000010s ]
INFO: [ app_init ] --END-- [ RunTime:0.000566s ]
NOTIC: [8] Undefined variable: Think D:\work\datav-backend\Admin\Conf\config.php 第 4 行.
INFO: [ app_begin ] --START--
INFO: Run Behavior\ReadHtmlCacheBehavior [ RunTime:0.001497s ]
INFO: [ app_begin ] --END-- [ RunTime:0.001530s ]
ERR: 非法操作:ulist

[ 2021-08-13T06:25:20+08:00 ] 127.0.0.1 /datav-backend/admin.php/User/groups
INFO: [ app_init ] --START--
INFO: Run Behavior\BuildLiteBehavior [ RunTime:0.000007s ]
INFO: [ app_init ] --END-- [ RunTime:0.000680s ]
NOTIC: [8] Undefined variable: Think D:\work\datav-backend\Admin\Conf\config.php 第 4 行.
INFO: [ app_begin ] --START--
INFO: Run Behavior\ReadHtmlCacheBehavior [ RunTime:0.000908s ]
INFO: [ app_begin ] --END-- [ RunTime:0.000933s ]
ERR: 非法操作:groups

[ 2021-08-13T06:25:27+08:00 ] 127.0.0.1 /datav-backend/admin.php/User/ulist?p=1&k=&w=
INFO: [ app_init ] --START--
INFO: Run Behavior\BuildLiteBehavior [ RunTime:0.000007s ]
INFO: [ app_init ] --END-- [ RunTime:0.000568s ]
NOTIC: [8] Undefined variable: Think D:\work\datav-backend\Admin\Conf\config.php 第 4 行.
INFO: [ app_begin ] --START--
INFO: Run Behavior\ReadHtmlCacheBehavior [ RunTime:0.000672s ]
INFO: [ app_begin ] --END-- [ RunTime:0.000706s ]
ERR: 非法操作:ulist

[ 2021-08-13T06:25:27+08:00 ] 127.0.0.1 /datav-backend/admin.php/User/groups
INFO: [ app_init ] --START--
INFO: Run Behavior\BuildLiteBehavior [ RunTime:0.000006s ]
INFO: [ app_init ] --END-- [ RunTime:0.000505s ]
NOTIC: [8] Undefined variable: Think D:\work\datav-backend\Admin\Conf\config.php 第 4 行.
INFO: [ app_begin ] --START--
INFO: Run Behavior\ReadHtmlCacheBehavior [ RunTime:0.000676s ]
INFO: [ app_begin ] --END-- [ RunTime:0.000698s ]
ERR: 非法操作:groups

[ 2021-08-13T06:26:43+08:00 ] 127.0.0.1 /datav-backend/admin.php/User/ulist?p=1&k=&w=
INFO: [ app_init ] --START--
INFO: Run Behavior\BuildLiteBehavior [ RunTime:0.000008s ]
INFO: [ app_init ] --END-- [ RunTime:0.000488s ]
NOTIC: [8] Undefined variable: Think D:\work\datav-backend\Admin\Conf\config.php 第 4 行.
INFO: [ app_begin ] --START--
INFO: Run Behavior\ReadHtmlCacheBehavior [ RunTime:0.000530s ]
INFO: [ app_begin ] --END-- [ RunTime:0.000549s ]
ERR: 非法操作:ulist

[ 2021-08-13T06:26:43+08:00 ] 127.0.0.1 /datav-backend/admin.php/User/groups
INFO: [ app_init ] --START--
INFO: Run Behavior\BuildLiteBehavior [ RunTime:0.000008s ]
INFO: [ app_init ] --END-- [ RunTime:0.000573s ]
NOTIC: [8] Undefined variable: Think D:\work\datav-backend\Admin\Conf\config.php 第 4 行.
INFO: [ app_begin ] --START--
INFO: Run Behavior\ReadHtmlCacheBehavior [ RunTime:0.000711s ]
INFO: [ app_begin ] --END-- [ RunTime:0.000732s ]
ERR: 非法操作:groups

[ 2021-08-13T06:26:55+08:00 ] 127.0.0.1 /datav-backend/admin.php/User/ulist?p=1&k=&w=
INFO: [ app_init ] --START--
INFO: Run Behavior\BuildLiteBehavior [ RunTime:0.000006s ]
INFO: [ app_init ] --END-- [ RunTime:0.000359s ]
NOTIC: [8] Undefined variable: Think D:\work\datav-backend\Admin\Conf\config.php 第 4 行.
INFO: [ app_begin ] --START--
INFO: Run Behavior\ReadHtmlCacheBehavior [ RunTime:0.000493s ]
INFO: [ app_begin ] --END-- [ RunTime:0.000509s ]
ERR: 非法操作:ulist

[ 2021-08-13T06:26:55+08:00 ] 127.0.0.1 /datav-backend/admin.php/User/groups
INFO: [ app_init ] --START--
INFO: Run Behavior\BuildLiteBehavior [ RunTime:0.000006s ]
INFO: [ app_init ] --END-- [ RunTime:0.000371s ]
NOTIC: [8] Undefined variable: Think D:\work\datav-backend\Admin\Conf\config.php 第 4 行.
INFO: [ app_begin ] --START--
INFO: Run Behavior\ReadHtmlCacheBehavior [ RunTime:0.000669s ]
INFO: [ app_begin ] --END-- [ RunTime:0.000690s ]
ERR: 非法操作:groups

[ 2021-08-13T06:27:46+08:00 ] 127.0.0.1 /datav-backend/admin.php/User/getlist?p=1&k=&w=
INFO: [ app_init ] --START--
INFO: Run Behavior\BuildLiteBehavior [ RunTime:0.000005s ]
INFO: [ app_init ] --END-- [ RunTime:0.000398s ]
NOTIC: [8] Undefined variable: Think D:\work\datav-backend\Admin\Conf\config.php 第 4 行.
INFO: [ app_begin ] --START--
INFO: Run Behavior\ReadHtmlCacheBehavior [ RunTime:0.000577s ]
INFO: [ app_begin ] --END-- [ RunTime:0.000594s ]
ERR: 非法操作:getlist

[ 2021-08-13T06:27:46+08:00 ] 127.0.0.1 /datav-backend/admin.php/User/groups
INFO: [ app_init ] --START--
INFO: Run Behavior\BuildLiteBehavior [ RunTime:0.000006s ]
INFO: [ app_init ] --END-- [ RunTime:0.000402s ]
NOTIC: [8] Undefined variable: Think D:\work\datav-backend\Admin\Conf\config.php 第 4 行.
INFO: [ app_begin ] --START--
INFO: Run Behavior\ReadHtmlCacheBehavior [ RunTime:0.000697s ]
INFO: [ app_begin ] --END-- [ RunTime:0.000726s ]
ERR: 非法操作:groups

[ 2021-08-13T06:28:15+08:00 ] 127.0.0.1 /datav-backend/admin.php/AdminUser/getlist?p=1&k=&w=
INFO: [ app_init ] --START--
INFO: Run Behavior\BuildLiteBehavior [ RunTime:0.000007s ]
INFO: [ app_init ] --END-- [ RunTime:0.000427s ]
NOTIC: [8] Undefined variable: Think D:\work\datav-backend\Admin\Conf\config.php 第 4 行.
INFO: [ app_begin ] --START--
INFO: Run Behavior\ReadHtmlCacheBehavior [ RunTime:0.000611s ]
INFO: [ app_begin ] --END-- [ RunTime:0.000641s ]
ERR: 无法加载控制器:AdminUser

[ 2021-08-13T06:28:16+08:00 ] 127.0.0.1 /datav-backend/admin.php/AdminUser/groups
INFO: [ app_init ] --START--
INFO: Run Behavior\BuildLiteBehavior [ RunTime:0.000011s ]
INFO: [ app_init ] --END-- [ RunTime:0.001238s ]
NOTIC: [8] Undefined variable: Think D:\work\datav-backend\Admin\Conf\config.php 第 4 行.
INFO: [ app_begin ] --START--
INFO: Run Behavior\ReadHtmlCacheBehavior [ RunTime:0.000652s ]
INFO: [ app_begin ] --END-- [ RunTime:0.000685s ]
ERR: 无法加载控制器:AdminUser

[ 2021-08-13T08:10:52+08:00 ] ::1 /datav-backend/admin.php/Upload/show.html
INFO: [ app_init ] --START--
INFO: Run Behavior\BuildLiteBehavior [ RunTime:0.000007s ]
INFO: [ app_init ] --END-- [ RunTime:0.000508s ]
NOTIC: [8] Undefined variable: Think D:\work\datav-backend\Admin\Conf\config.php 第 4 行.
INFO: [ app_begin ] --START--
INFO: Run Behavior\ReadHtmlCacheBehavior [ RunTime:0.000838s ]
INFO: [ app_begin ] --END-- [ RunTime:0.000883s ]
NOTIC: [2] Declaration of Admin\Controller\UploadController::show() should be compatible with Think\Controller::show($content, $charset = '', $contentType = '', $prefix = '') D:\work\datav-backend\Admin\Controller\UploadController.class.php 第 106 行.
INFO: [ view_parse ] --START--
INFO: [ template_filter ] --START--
INFO: Run Behavior\ContentReplaceBehavior [ RunTime:0.000011s ]
INFO: [ template_filter ] --END-- [ RunTime:0.000030s ]
INFO: Run Behavior\ParseTemplateBehavior [ RunTime:0.005611s ]
INFO: [ view_parse ] --END-- [ RunTime:0.005650s ]
INFO: [ view_filter ] --START--
INFO: Run Behavior\WriteHtmlCacheBehavior [ RunTime:0.001061s ]
INFO: [ view_filter ] --END-- [ RunTime:0.001093s ]
INFO: [ app_end ] --START--
INFO: Run Behavior\ShowPageTraceBehavior [ RunTime:0.001092s ]
INFO: [ app_end ] --END-- [ RunTime:0.001126s ]

[ 2021-08-13T08:13:50+08:00 ] ::1 /datav-backend/admin.php/Upload/upload
INFO: [ app_init ] --START--
INFO: Run Behavior\BuildLiteBehavior [ RunTime:0.000009s ]
INFO: [ app_init ] --END-- [ RunTime:0.000732s ]
NOTIC: [8] Undefined variable: Think D:\work\datav-backend\Admin\Conf\config.php 第 4 行.
INFO: [ app_begin ] --START--
INFO: Run Behavior\ReadHtmlCacheBehavior [ RunTime:0.000583s ]
INFO: [ app_begin ] --END-- [ RunTime:0.000607s ]
NOTIC: [2] Declaration of Admin\Controller\UploadController::show() should be compatible with Think\Controller::show($content, $charset = '', $contentType = '', $prefix = '') D:\work\datav-backend\Admin\Controller\UploadController.class.php 第 106 行.
INFO: [ app_end ] --START--
INFO: Run Behavior\ShowPageTraceBehavior [ RunTime:0.000737s ]
INFO: [ app_end ] --END-- [ RunTime:0.000763s ]

