[ 2021-08-01T10:23:08+08:00 ] 127.0.0.1 /datav-backend/admin.php/KeyEnterprises/get_list_by_map
INFO: [ app_init ] --START--
INFO: Run Behavior\BuildLiteBehavior [ RunTime:0.000133s ]
INFO: [ app_init ] --END-- [ RunTime:0.001471s ]
NOTIC: [8] Undefined variable: Think D:\work\datav-backend\Admin\Conf\config.php Á¨¨ 4 Ë°å.
INFO: [ app_begin ] --START--
INFO: Run Behavior\ReadHtmlCacheBehavior [ RunTime:0.001205s ]
INFO: [ app_begin ] --END-- [ RunTime:0.001239s ]
SQL: SHOW COLUMNS FROM `datav_com_key` [ RunTime:0.0273s ]
SQL: SELECT COUNT(*) AS tp_count FROM `datav_com_key` WHERE `year` = '2021' AND `month` = 6 AND ( lng IS NOT NULL ) LIMIT 1   [ RunTime:0.0604s ]
SQL: SELECT `id`,`comname`,`cate`,`lng`,`lat` FROM `datav_com_key` WHERE `year` = '2021' AND `month` = 6 AND ( lng IS NOT NULL ) LIMIT 0,200   [ RunTime:0.0472s ]

[ 2021-08-01T10:23:11+08:00 ] 127.0.0.1 /datav-backend/admin.php/KeyEnterprises/get_list?cate=%E5%B7%A5%E4%B8%9A&keyword=&gross_val=&gross_type=egt&rise_val=&rise_type=egt
INFO: [ app_init ] --START--
INFO: Run Behavior\BuildLiteBehavior [ RunTime:0.000007s ]
INFO: [ app_init ] --END-- [ RunTime:0.000514s ]
NOTIC: [8] Undefined variable: Think D:\work\datav-backend\Admin\Conf\config.php Á¨¨ 4 Ë°å.
INFO: [ app_begin ] --START--
INFO: Run Behavior\ReadHtmlCacheBehavior [ RunTime:0.000643s ]
INFO: [ app_begin ] --END-- [ RunTime:0.000669s ]
SQL: SHOW COLUMNS FROM `datav_com_key` [ RunTime:0.0225s ]
SQL: SELECT COUNT(*) AS tp_count FROM `datav_com_key` WHERE `year` = '2021' AND `month` = 6 AND `cate` = 'Â∑•‰∏ö' LIMIT 1   [ RunTime:0.0249s ]
SQL: SELECT `id`,`comname`,`cate`,IFNULL(cur_gross,'--') as cur_gross,IFNULL(rise,'--') as rise,IFNULL(before_last_rise,'--') as before_last_rise,IFNULL(electric_gross,'--') as electric_gross,IFNULL(electric_rise,'--') as electric_rise,IFNULL(other,'--') as other FROM `datav_com_key` WHERE `year` = '2021' AND `month` = 6 AND `cate` = 'Â∑•‰∏ö' LIMIT 0,20   [ RunTime:0.0266s ]

[ 2021-08-01T10:23:12+08:00 ] 127.0.0.1 /datav-backend/admin.php/KeyEnterprises/get_cate
INFO: [ app_init ] --START--
INFO: Run Behavior\BuildLiteBehavior [ RunTime:0.000006s ]
INFO: [ app_init ] --END-- [ RunTime:0.000356s ]
NOTIC: [8] Undefined variable: Think D:\work\datav-backend\Admin\Conf\config.php Á¨¨ 4 Ë°å.
INFO: [ app_begin ] --START--
INFO: Run Behavior\ReadHtmlCacheBehavior [ RunTime:0.000508s ]
INFO: [ app_begin ] --END-- [ RunTime:0.000525s ]
SQL: SHOW COLUMNS FROM `datav_com_key` [ RunTime:0.0221s ]
SQL: SELECT DISTINCT  `cate` FROM `datav_com_key` WHERE `year` = '2021' AND `month` = 6  [ RunTime:0.0481s ]

[ 2021-08-01T10:23:22+08:00 ] 127.0.0.1 /datav-backend/admin.php/KeyEnterprises/get_list?cate=%E5%B7%A5%E4%B8%9A&keyword=&gross_val=&gross_type=egt&rise_val=&rise_type=egt&page=2
INFO: [ app_init ] --START--
INFO: Run Behavior\BuildLiteBehavior [ RunTime:0.000006s ]
INFO: [ app_init ] --END-- [ RunTime:0.000424s ]
NOTIC: [8] Undefined variable: Think D:\work\datav-backend\Admin\Conf\config.php Á¨¨ 4 Ë°å.
INFO: [ app_begin ] --START--
INFO: Run Behavior\ReadHtmlCacheBehavior [ RunTime:0.000602s ]
INFO: [ app_begin ] --END-- [ RunTime:0.000622s ]
SQL: SHOW COLUMNS FROM `datav_com_key` [ RunTime:0.0303s ]
SQL: SELECT COUNT(*) AS tp_count FROM `datav_com_key` WHERE `year` = '2021' AND `month` = 6 AND `cate` = 'Â∑•‰∏ö' LIMIT 1   [ RunTime:0.0218s ]
SQL: SELECT `id`,`comname`,`cate`,IFNULL(cur_gross,'--') as cur_gross,IFNULL(rise,'--') as rise,IFNULL(before_last_rise,'--') as before_last_rise,IFNULL(electric_gross,'--') as electric_gross,IFNULL(electric_rise,'--') as electric_rise,IFNULL(other,'--') as other FROM `datav_com_key` WHERE `year` = '2021' AND `month` = 6 AND `cate` = 'Â∑•‰∏ö' LIMIT 20,20   [ RunTime:0.0257s ]

[ 2021-08-01T15:59:18+08:00 ] ::1 /datav-backend/admin.php/KeyEnterprises/update.html
INFO: [ app_init ] --START--
INFO: Run Behavior\BuildLiteBehavior [ RunTime:0.000008s ]
INFO: [ app_init ] --END-- [ RunTime:0.000548s ]
NOTIC: [8] Undefined variable: Think D:\work\datav-backend\Admin\Conf\config.php Á¨¨ 4 Ë°å.
INFO: [ app_begin ] --START--
INFO: Run Behavior\ReadHtmlCacheBehavior [ RunTime:0.000673s ]
INFO: [ app_begin ] --END-- [ RunTime:0.000690s ]
NOTIC: [8] Undefined index: HTTP_X_ACCESS_DATE D:\work\datav-backend\Admin\Common\AuthController.class.php Á¨¨ 13 Ë°å.
SQL: SHOW COLUMNS FROM `datav_sys_setting` [ RunTime:0.0225s ]
SQL: SELECT `sys_date` FROM `datav_sys_setting` LIMIT 1   [ RunTime:0.0213s ]
SQL: SHOW COLUMNS FROM `datav_com_key` [ RunTime:0.0230s ]
SQL: SELECT distinct comname,`id`,`lng`,`lat` FROM `datav_com_key` WHERE `year` = 2021 AND `month` = 6 AND ( lng is null )  [ RunTime:0.0225s ]
INFO: [ view_parse ] --START--
INFO: [ template_filter ] --START--
INFO: Run Behavior\ContentReplaceBehavior [ RunTime:0.000078s ]
INFO: [ template_filter ] --END-- [ RunTime:0.000148s ]
INFO: Run Behavior\ParseTemplateBehavior [ RunTime:0.079084s ]
INFO: [ view_parse ] --END-- [ RunTime:0.079122s ]
INFO: [ view_filter ] --START--
INFO: Run Behavior\WriteHtmlCacheBehavior [ RunTime:0.015039s ]
INFO: [ view_filter ] --END-- [ RunTime:0.015071s ]
INFO: [ app_end ] --START--
INFO: Run Behavior\ShowPageTraceBehavior [ RunTime:0.015540s ]
INFO: [ app_end ] --END-- [ RunTime:0.015600s ]

[ 2021-08-01T15:59:18+08:00 ] ::1 /datav-backend/admin.php/KeyEnterprises/update.html
INFO: [ app_init ] --START--
INFO: Run Behavior\BuildLiteBehavior [ RunTime:0.000004s ]
INFO: [ app_init ] --END-- [ RunTime:0.000448s ]
NOTIC: [8] Undefined variable: Think D:\work\datav-backend\Admin\Conf\config.php Á¨¨ 4 Ë°å.
INFO: [ app_begin ] --START--
INFO: Run Behavior\ReadHtmlCacheBehavior [ RunTime:0.000795s ]
INFO: [ app_begin ] --END-- [ RunTime:0.000815s ]
NOTIC: [8] Undefined index: HTTP_X_ACCESS_DATE D:\work\datav-backend\Admin\Common\AuthController.class.php Á¨¨ 13 Ë°å.
SQL: SHOW COLUMNS FROM `datav_sys_setting` [ RunTime:0.0190s ]
SQL: SELECT `sys_date` FROM `datav_sys_setting` LIMIT 1   [ RunTime:0.0238s ]
SQL: SHOW COLUMNS FROM `datav_com_key` [ RunTime:0.0236s ]
SQL: SELECT distinct comname,`id`,`lng`,`lat` FROM `datav_com_key` WHERE `year` = 2021 AND `month` = 6 AND ( lng is null )  [ RunTime:0.0259s ]
INFO: [ view_parse ] --START--
INFO: [ template_filter ] --START--
INFO: Run Behavior\ContentReplaceBehavior [ RunTime:0.000012s ]
INFO: [ template_filter ] --END-- [ RunTime:0.000028s ]
INFO: Run Behavior\ParseTemplateBehavior [ RunTime:0.008164s ]
INFO: [ view_parse ] --END-- [ RunTime:0.008192s ]
INFO: [ view_filter ] --START--
INFO: Run Behavior\WriteHtmlCacheBehavior [ RunTime:0.000498s ]
INFO: [ view_filter ] --END-- [ RunTime:0.000512s ]
INFO: [ app_end ] --START--
INFO: Run Behavior\ShowPageTraceBehavior [ RunTime:0.000704s ]
INFO: [ app_end ] --END-- [ RunTime:0.000720s ]

[ 2021-08-01T16:03:52+08:00 ] ::1 /datav-backend/admin.php/KeyEnterprises/do_update.html
INFO: [ app_init ] --START--
INFO: Run Behavior\BuildLiteBehavior [ RunTime:0.000006s ]
INFO: [ app_init ] --END-- [ RunTime:0.000419s ]
NOTIC: [8] Undefined variable: Think D:\work\datav-backend\Admin\Conf\config.php Á¨¨ 4 Ë°å.
INFO: [ app_begin ] --START--
INFO: Run Behavior\ReadHtmlCacheBehavior [ RunTime:0.000626s ]
INFO: [ app_begin ] --END-- [ RunTime:0.000645s ]
NOTIC: [8] Undefined index: HTTP_X_ACCESS_DATE D:\work\datav-backend\Admin\Common\AuthController.class.php Á¨¨ 13 Ë°å.
SQL: SHOW COLUMNS FROM `datav_sys_setting` [ RunTime:0.0160s ]
SQL: SELECT `sys_date` FROM `datav_sys_setting` LIMIT 1   [ RunTime:0.0145s ]
SQL: SHOW COLUMNS FROM `datav_com_key` [ RunTime:0.0203s ]
SQL: UPDATE `datav_com_key` SET `lng`='113.214977',`lat`='21.980959' WHERE `comname` = '‰∏≠Êµ∑Ê≤πÊ∞îÁîµÈõÜÂõ¢ÁÄöÊµ∑ËÉΩÊ∫êÊäïËµÑÊúâÈôêÂÖ¨Âè∏' [ RunTime:0.0233s ]

[ 2021-08-01T16:03:52+08:00 ] ::1 /datav-backend/admin.php/KeyEnterprises/update.html
INFO: [ app_init ] --START--
INFO: Run Behavior\BuildLiteBehavior [ RunTime:0.000007s ]
INFO: [ app_init ] --END-- [ RunTime:0.000467s ]
NOTIC: [8] Undefined variable: Think D:\work\datav-backend\Admin\Conf\config.php Á¨¨ 4 Ë°å.
INFO: [ app_begin ] --START--
INFO: Run Behavior\ReadHtmlCacheBehavior [ RunTime:0.000611s ]
INFO: [ app_begin ] --END-- [ RunTime:0.000632s ]
NOTIC: [8] Undefined index: HTTP_X_ACCESS_DATE D:\work\datav-backend\Admin\Common\AuthController.class.php Á¨¨ 13 Ë°å.
SQL: SHOW COLUMNS FROM `datav_sys_setting` [ RunTime:0.0168s ]
SQL: SELECT `sys_date` FROM `datav_sys_setting` LIMIT 1   [ RunTime:0.0187s ]
SQL: SHOW COLUMNS FROM `datav_com_key` [ RunTime:0.0199s ]
SQL: SELECT distinct comname,`id`,`lng`,`lat` FROM `datav_com_key` WHERE `year` = 2021 AND `month` = 6 AND ( lng is null )  [ RunTime:0.0182s ]
INFO: [ view_parse ] --START--
INFO: [ template_filter ] --START--
INFO: Run Behavior\ContentReplaceBehavior [ RunTime:0.000022s ]
INFO: [ template_filter ] --END-- [ RunTime:0.000053s ]
INFO: Run Behavior\ParseTemplateBehavior [ RunTime:0.009361s ]
INFO: [ view_parse ] --END-- [ RunTime:0.009399s ]
INFO: [ view_filter ] --START--
INFO: Run Behavior\WriteHtmlCacheBehavior [ RunTime:0.001067s ]
INFO: [ view_filter ] --END-- [ RunTime:0.001096s ]
INFO: [ app_end ] --START--
INFO: Run Behavior\ShowPageTraceBehavior [ RunTime:0.001455s ]
INFO: [ app_end ] --END-- [ RunTime:0.001606s ]

[ 2021-08-01T16:04:45+08:00 ] ::1 /datav-backend/admin.php/KeyEnterprises/do_update.html
INFO: [ app_init ] --START--
INFO: Run Behavior\BuildLiteBehavior [ RunTime:0.000005s ]
INFO: [ app_init ] --END-- [ RunTime:0.000439s ]
NOTIC: [8] Undefined variable: Think D:\work\datav-backend\Admin\Conf\config.php Á¨¨ 4 Ë°å.
INFO: [ app_begin ] --START--
INFO: Run Behavior\ReadHtmlCacheBehavior [ RunTime:0.000547s ]
INFO: [ app_begin ] --END-- [ RunTime:0.000564s ]
NOTIC: [8] Undefined index: HTTP_X_ACCESS_DATE D:\work\datav-backend\Admin\Common\AuthController.class.php Á¨¨ 13 Ë°å.
SQL: SHOW COLUMNS FROM `datav_sys_setting` [ RunTime:0.0196s ]
SQL: SELECT `sys_date` FROM `datav_sys_setting` LIMIT 1   [ RunTime:0.0220s ]
SQL: SHOW COLUMNS FROM `datav_com_key` [ RunTime:0.0236s ]
SQL: UPDATE `datav_com_key` SET `lng`='113.194997',`lat`='21.977718' WHERE `comname` = 'Áè†Êµ∑ÁªèÊµéÁâπÂå∫ÂπøÁè†ÂèëÁîµÊúâÈôêË¥£‰ªªÂÖ¨Âè∏' [ RunTime:0.0298s ]

[ 2021-08-01T16:04:45+08:00 ] ::1 /datav-backend/admin.php/KeyEnterprises/update.html
INFO: [ app_init ] --START--
INFO: Run Behavior\BuildLiteBehavior [ RunTime:0.000005s ]
INFO: [ app_init ] --END-- [ RunTime:0.000414s ]
NOTIC: [8] Undefined variable: Think D:\work\datav-backend\Admin\Conf\config.php Á¨¨ 4 Ë°å.
INFO: [ app_begin ] --START--
INFO: Run Behavior\ReadHtmlCacheBehavior [ RunTime:0.000613s ]
INFO: [ app_begin ] --END-- [ RunTime:0.000634s ]
NOTIC: [8] Undefined index: HTTP_X_ACCESS_DATE D:\work\datav-backend\Admin\Common\AuthController.class.php Á¨¨ 13 Ë°å.
SQL: SHOW COLUMNS FROM `datav_sys_setting` [ RunTime:0.0171s ]
SQL: SELECT `sys_date` FROM `datav_sys_setting` LIMIT 1   [ RunTime:0.0183s ]
SQL: SHOW COLUMNS FROM `datav_com_key` [ RunTime:0.0187s ]
SQL: SELECT distinct comname,`id`,`lng`,`lat` FROM `datav_com_key` WHERE `year` = 2021 AND `month` = 6 AND ( lng is null )  [ RunTime:0.0169s ]
INFO: [ view_parse ] --START--
INFO: [ template_filter ] --START--
INFO: Run Behavior\ContentReplaceBehavior [ RunTime:0.000033s ]
INFO: [ template_filter ] --END-- [ RunTime:0.000085s ]
INFO: Run Behavior\ParseTemplateBehavior [ RunTime:0.014501s ]
INFO: [ view_parse ] --END-- [ RunTime:0.014556s ]
INFO: [ view_filter ] --START--
INFO: Run Behavior\WriteHtmlCacheBehavior [ RunTime:0.002003s ]
INFO: [ view_filter ] --END-- [ RunTime:0.002050s ]
INFO: [ app_end ] --START--
INFO: Run Behavior\ShowPageTraceBehavior [ RunTime:0.001707s ]
INFO: [ app_end ] --END-- [ RunTime:0.001756s ]

[ 2021-08-01T16:07:43+08:00 ] ::1 /datav-backend/admin.php/KeyEnterprises/do_update.html
INFO: [ app_init ] --START--
INFO: Run Behavior\BuildLiteBehavior [ RunTime:0.000005s ]
INFO: [ app_init ] --END-- [ RunTime:0.000421s ]
NOTIC: [8] Undefined variable: Think D:\work\datav-backend\Admin\Conf\config.php Á¨¨ 4 Ë°å.
INFO: [ app_begin ] --START--
INFO: Run Behavior\ReadHtmlCacheBehavior [ RunTime:0.000646s ]
INFO: [ app_begin ] --END-- [ RunTime:0.000661s ]
NOTIC: [8] Undefined index: HTTP_X_ACCESS_DATE D:\work\datav-backend\Admin\Common\AuthController.class.php Á¨¨ 13 Ë°å.
SQL: SHOW COLUMNS FROM `datav_sys_setting` [ RunTime:0.0187s ]
SQL: SELECT `sys_date` FROM `datav_sys_setting` LIMIT 1   [ RunTime:0.0157s ]
SQL: SHOW COLUMNS FROM `datav_com_key` [ RunTime:0.0164s ]
SQL: UPDATE `datav_com_key` SET `lng`='113.18642',`lat`='21.995709' WHERE `comname` = 'Êµ∑Ê≤πÂèëÂ±ïÔºàÁè†Êµ∑ÔºâÈîÄÂîÆÊúçÂä°ÊúâÈôêÂÖ¨Âè∏' [ RunTime:0.0237s ]

[ 2021-08-01T16:07:43+08:00 ] ::1 /datav-backend/admin.php/KeyEnterprises/update.html
INFO: [ app_init ] --START--
INFO: Run Behavior\BuildLiteBehavior [ RunTime:0.000006s ]
INFO: [ app_init ] --END-- [ RunTime:0.000405s ]
NOTIC: [8] Undefined variable: Think D:\work\datav-backend\Admin\Conf\config.php Á¨¨ 4 Ë°å.
INFO: [ app_begin ] --START--
INFO: Run Behavior\ReadHtmlCacheBehavior [ RunTime:0.000585s ]
INFO: [ app_begin ] --END-- [ RunTime:0.000608s ]
NOTIC: [8] Undefined index: HTTP_X_ACCESS_DATE D:\work\datav-backend\Admin\Common\AuthController.class.php Á¨¨ 13 Ë°å.
SQL: SHOW COLUMNS FROM `datav_sys_setting` [ RunTime:0.0249s ]
SQL: SELECT `sys_date` FROM `datav_sys_setting` LIMIT 1   [ RunTime:0.0186s ]
SQL: SHOW COLUMNS FROM `datav_com_key` [ RunTime:0.0185s ]
SQL: SELECT distinct comname,`id`,`lng`,`lat` FROM `datav_com_key` WHERE `year` = 2021 AND `month` = 6 AND ( lng is null )  [ RunTime:0.0224s ]
INFO: [ view_parse ] --START--
INFO: [ template_filter ] --START--
INFO: Run Behavior\ContentReplaceBehavior [ RunTime:0.000026s ]
INFO: [ template_filter ] --END-- [ RunTime:0.000060s ]
INFO: Run Behavior\ParseTemplateBehavior [ RunTime:0.010835s ]
INFO: [ view_parse ] --END-- [ RunTime:0.010879s ]
INFO: [ view_filter ] --START--
INFO: Run Behavior\WriteHtmlCacheBehavior [ RunTime:0.001027s ]
INFO: [ view_filter ] --END-- [ RunTime:0.001056s ]
INFO: [ app_end ] --START--
INFO: Run Behavior\ShowPageTraceBehavior [ RunTime:0.001449s ]
INFO: [ app_end ] --END-- [ RunTime:0.001487s ]

[ 2021-08-01T16:08:28+08:00 ] ::1 /datav-backend/admin.php/KeyEnterprises/do_update.html
INFO: [ app_init ] --START--
INFO: Run Behavior\BuildLiteBehavior [ RunTime:0.000006s ]
INFO: [ app_init ] --END-- [ RunTime:0.000448s ]
NOTIC: [8] Undefined variable: Think D:\work\datav-backend\Admin\Conf\config.php Á¨¨ 4 Ë°å.
INFO: [ app_begin ] --START--
INFO: Run Behavior\ReadHtmlCacheBehavior [ RunTime:0.000585s ]
INFO: [ app_begin ] --END-- [ RunTime:0.000600s ]
NOTIC: [8] Undefined index: HTTP_X_ACCESS_DATE D:\work\datav-backend\Admin\Common\AuthController.class.php Á¨¨ 13 Ë°å.
SQL: SHOW COLUMNS FROM `datav_sys_setting` [ RunTime:0.0173s ]
SQL: SELECT `sys_date` FROM `datav_sys_setting` LIMIT 1   [ RunTime:0.0207s ]
SQL: SHOW COLUMNS FROM `datav_com_key` [ RunTime:0.0173s ]
SQL: UPDATE `datav_com_key` SET `lng`='113.591172',`lat`='22.258619' WHERE `comname` = 'Áè†Êµ∑‰πêÊ¥ªÂÖ¨Á§æÁΩëÁªúÁßëÊäÄÊúâÈôêÂÖ¨Âè∏' [ RunTime:0.0215s ]

[ 2021-08-01T16:08:28+08:00 ] ::1 /datav-backend/admin.php/KeyEnterprises/update.html
INFO: [ app_init ] --START--
INFO: Run Behavior\BuildLiteBehavior [ RunTime:0.000005s ]
INFO: [ app_init ] --END-- [ RunTime:0.000423s ]
NOTIC: [8] Undefined variable: Think D:\work\datav-backend\Admin\Conf\config.php Á¨¨ 4 Ë°å.
INFO: [ app_begin ] --START--
INFO: Run Behavior\ReadHtmlCacheBehavior [ RunTime:0.000733s ]
INFO: [ app_begin ] --END-- [ RunTime:0.000761s ]
NOTIC: [8] Undefined index: HTTP_X_ACCESS_DATE D:\work\datav-backend\Admin\Common\AuthController.class.php Á¨¨ 13 Ë°å.
SQL: SHOW COLUMNS FROM `datav_sys_setting` [ RunTime:0.0162s ]
SQL: SELECT `sys_date` FROM `datav_sys_setting` LIMIT 1   [ RunTime:0.0190s ]
SQL: SHOW COLUMNS FROM `datav_com_key` [ RunTime:0.0271s ]
SQL: SELECT distinct comname,`id`,`lng`,`lat` FROM `datav_com_key` WHERE `year` = 2021 AND `month` = 6 AND ( lng is null )  [ RunTime:0.0226s ]
INFO: [ view_parse ] --START--
INFO: [ template_filter ] --START--
INFO: Run Behavior\ContentReplaceBehavior [ RunTime:0.000030s ]
INFO: [ template_filter ] --END-- [ RunTime:0.000070s ]
INFO: Run Behavior\ParseTemplateBehavior [ RunTime:0.011810s ]
INFO: [ view_parse ] --END-- [ RunTime:0.011853s ]
INFO: [ view_filter ] --START--
INFO: Run Behavior\WriteHtmlCacheBehavior [ RunTime:0.000861s ]
INFO: [ view_filter ] --END-- [ RunTime:0.000892s ]
INFO: [ app_end ] --START--
INFO: Run Behavior\ShowPageTraceBehavior [ RunTime:0.001688s ]
INFO: [ app_end ] --END-- [ RunTime:0.001731s ]

[ 2021-08-01T16:25:33+08:00 ] ::1 /datav-backend/admin.php/KeyEnterprises/do_update.html
INFO: [ app_init ] --START--
INFO: Run Behavior\BuildLiteBehavior [ RunTime:0.000006s ]
INFO: [ app_init ] --END-- [ RunTime:0.000518s ]
NOTIC: [8] Undefined variable: Think D:\work\datav-backend\Admin\Conf\config.php Á¨¨ 4 Ë°å.
INFO: [ app_begin ] --START--
INFO: Run Behavior\ReadHtmlCacheBehavior [ RunTime:0.000671s ]
INFO: [ app_begin ] --END-- [ RunTime:0.000687s ]
NOTIC: [8] Undefined index: HTTP_X_ACCESS_DATE D:\work\datav-backend\Admin\Common\AuthController.class.php Á¨¨ 13 Ë°å.
SQL: SHOW COLUMNS FROM `datav_sys_setting` [ RunTime:0.0190s ]
SQL: SELECT `sys_date` FROM `datav_sys_setting` LIMIT 1   [ RunTime:0.0172s ]
SQL: SHOW COLUMNS FROM `datav_com_key` [ RunTime:0.0174s ]
SQL: UPDATE `datav_com_key` SET `lng`='113.352138',`lat`='22.14479' WHERE `comname` = 'Áè†Êµ∑ÈπèÊπæÁΩÆ‰∏öÊúâÈôêÂÖ¨Âè∏' [ RunTime:0.0242s ]

[ 2021-08-01T16:25:33+08:00 ] ::1 /datav-backend/admin.php/KeyEnterprises/update.html
INFO: [ app_init ] --START--
INFO: Run Behavior\BuildLiteBehavior [ RunTime:0.000007s ]
INFO: [ app_init ] --END-- [ RunTime:0.000486s ]
NOTIC: [8] Undefined variable: Think D:\work\datav-backend\Admin\Conf\config.php Á¨¨ 4 Ë°å.
INFO: [ app_begin ] --START--
INFO: Run Behavior\ReadHtmlCacheBehavior [ RunTime:0.000593s ]
INFO: [ app_begin ] --END-- [ RunTime:0.000615s ]
NOTIC: [8] Undefined index: HTTP_X_ACCESS_DATE D:\work\datav-backend\Admin\Common\AuthController.class.php Á¨¨ 13 Ë°å.
SQL: SHOW COLUMNS FROM `datav_sys_setting` [ RunTime:0.0215s ]
SQL: SELECT `sys_date` FROM `datav_sys_setting` LIMIT 1   [ RunTime:0.0238s ]
SQL: SHOW COLUMNS FROM `datav_com_key` [ RunTime:0.0202s ]
SQL: SELECT distinct comname,`id`,`lng`,`lat` FROM `datav_com_key` WHERE `year` = 2021 AND `month` = 6 AND ( lng is null )  [ RunTime:0.0233s ]
INFO: [ view_parse ] --START--
INFO: [ template_filter ] --START--
INFO: Run Behavior\ContentReplaceBehavior [ RunTime:0.000019s ]
INFO: [ template_filter ] --END-- [ RunTime:0.000047s ]
INFO: Run Behavior\ParseTemplateBehavior [ RunTime:0.007746s ]
INFO: [ view_parse ] --END-- [ RunTime:0.007773s ]
INFO: [ view_filter ] --START--
INFO: Run Behavior\WriteHtmlCacheBehavior [ RunTime:0.000716s ]
INFO: [ view_filter ] --END-- [ RunTime:0.000736s ]
INFO: [ app_end ] --START--
INFO: Run Behavior\ShowPageTraceBehavior [ RunTime:0.000999s ]
INFO: [ app_end ] --END-- [ RunTime:0.001027s ]

[ 2021-08-01T16:27:06+08:00 ] ::1 /datav-backend/admin.php/KeyEnterprises/do_update.html
INFO: [ app_init ] --START--
INFO: Run Behavior\BuildLiteBehavior [ RunTime:0.000005s ]
INFO: [ app_init ] --END-- [ RunTime:0.000443s ]
NOTIC: [8] Undefined variable: Think D:\work\datav-backend\Admin\Conf\config.php Á¨¨ 4 Ë°å.
INFO: [ app_begin ] --START--
INFO: Run Behavior\ReadHtmlCacheBehavior [ RunTime:0.000571s ]
INFO: [ app_begin ] --END-- [ RunTime:0.000587s ]
NOTIC: [8] Undefined index: HTTP_X_ACCESS_DATE D:\work\datav-backend\Admin\Common\AuthController.class.php Á¨¨ 13 Ë°å.
SQL: SHOW COLUMNS FROM `datav_sys_setting` [ RunTime:0.0181s ]
SQL: SELECT `sys_date` FROM `datav_sys_setting` LIMIT 1   [ RunTime:0.0205s ]
SQL: SHOW COLUMNS FROM `datav_com_key` [ RunTime:0.0237s ]
SQL: UPDATE `datav_com_key` SET `lng`='113.347601',`lat`='22.133399' WHERE `comname` = 'Áè†Êµ∑Â∏Ç‰∏áÂΩ©Áº§Á∫∑ÊàøÂú∞‰∫ßÊúâÈôêÂÖ¨Âè∏' [ RunTime:0.0202s ]

[ 2021-08-01T16:27:06+08:00 ] ::1 /datav-backend/admin.php/KeyEnterprises/update.html
INFO: [ app_init ] --START--
INFO: Run Behavior\BuildLiteBehavior [ RunTime:0.000007s ]
INFO: [ app_init ] --END-- [ RunTime:0.000449s ]
NOTIC: [8] Undefined variable: Think D:\work\datav-backend\Admin\Conf\config.php Á¨¨ 4 Ë°å.
INFO: [ app_begin ] --START--
INFO: Run Behavior\ReadHtmlCacheBehavior [ RunTime:0.000632s ]
INFO: [ app_begin ] --END-- [ RunTime:0.000656s ]
NOTIC: [8] Undefined index: HTTP_X_ACCESS_DATE D:\work\datav-backend\Admin\Common\AuthController.class.php Á¨¨ 13 Ë°å.
SQL: SHOW COLUMNS FROM `datav_sys_setting` [ RunTime:0.0151s ]
SQL: SELECT `sys_date` FROM `datav_sys_setting` LIMIT 1   [ RunTime:0.0165s ]
SQL: SHOW COLUMNS FROM `datav_com_key` [ RunTime:0.0157s ]
SQL: SELECT distinct comname,`id`,`lng`,`lat` FROM `datav_com_key` WHERE `year` = 2021 AND `month` = 6 AND ( lng is null )  [ RunTime:0.0162s ]
INFO: [ view_parse ] --START--
INFO: [ template_filter ] --START--
INFO: Run Behavior\ContentReplaceBehavior [ RunTime:0.000032s ]
INFO: [ template_filter ] --END-- [ RunTime:0.000078s ]
INFO: Run Behavior\ParseTemplateBehavior [ RunTime:0.012933s ]
INFO: [ view_parse ] --END-- [ RunTime:0.012988s ]
INFO: [ view_filter ] --START--
INFO: Run Behavior\WriteHtmlCacheBehavior [ RunTime:0.001187s ]
INFO: [ view_filter ] --END-- [ RunTime:0.001231s ]
INFO: [ app_end ] --START--
INFO: Run Behavior\ShowPageTraceBehavior [ RunTime:0.002021s ]
INFO: [ app_end ] --END-- [ RunTime:0.002085s ]

[ 2021-08-01T16:28:00+08:00 ] ::1 /datav-backend/admin.php/KeyEnterprises/do_update.html
INFO: [ app_init ] --START--
INFO: Run Behavior\BuildLiteBehavior [ RunTime:0.000015s ]
INFO: [ app_init ] --END-- [ RunTime:0.003993s ]
NOTIC: [8] Undefined variable: Think D:\work\datav-backend\Admin\Conf\config.php Á¨¨ 4 Ë°å.
INFO: [ app_begin ] --START--
INFO: Run Behavior\ReadHtmlCacheBehavior [ RunTime:0.000698s ]
INFO: [ app_begin ] --END-- [ RunTime:0.000717s ]
NOTIC: [8] Undefined index: HTTP_X_ACCESS_DATE D:\work\datav-backend\Admin\Common\AuthController.class.php Á¨¨ 13 Ë°å.
SQL: SHOW COLUMNS FROM `datav_sys_setting` [ RunTime:0.0378s ]
SQL: SELECT `sys_date` FROM `datav_sys_setting` LIMIT 1   [ RunTime:0.0311s ]
SQL: SHOW COLUMNS FROM `datav_com_key` [ RunTime:0.0388s ]
SQL: UPDATE `datav_com_key` SET `lng`='113.376971',`lat`='22.107975' WHERE `comname` = 'Áè†Êµ∑Â§©ÂøóÂèëÂ±ïÁΩÆ‰∏öÊúâÈôêÂÖ¨Âè∏' [ RunTime:0.0467s ]

[ 2021-08-01T16:28:01+08:00 ] ::1 /datav-backend/admin.php/KeyEnterprises/update.html
INFO: [ app_init ] --START--
INFO: Run Behavior\BuildLiteBehavior [ RunTime:0.000007s ]
INFO: [ app_init ] --END-- [ RunTime:0.000743s ]
NOTIC: [8] Undefined variable: Think D:\work\datav-backend\Admin\Conf\config.php Á¨¨ 4 Ë°å.
INFO: [ app_begin ] --START--
INFO: Run Behavior\ReadHtmlCacheBehavior [ RunTime:0.000601s ]
INFO: [ app_begin ] --END-- [ RunTime:0.000623s ]
NOTIC: [8] Undefined index: HTTP_X_ACCESS_DATE D:\work\datav-backend\Admin\Common\AuthController.class.php Á¨¨ 13 Ë°å.
SQL: SHOW COLUMNS FROM `datav_sys_setting` [ RunTime:0.0250s ]
SQL: SELECT `sys_date` FROM `datav_sys_setting` LIMIT 1   [ RunTime:0.0230s ]
SQL: SHOW COLUMNS FROM `datav_com_key` [ RunTime:0.0473s ]
SQL: SELECT distinct comname,`id`,`lng`,`lat` FROM `datav_com_key` WHERE `year` = 2021 AND `month` = 6 AND ( lng is null )  [ RunTime:0.0407s ]
INFO: [ view_parse ] --START--
INFO: [ template_filter ] --START--
INFO: Run Behavior\ContentReplaceBehavior [ RunTime:0.000032s ]
INFO: [ template_filter ] --END-- [ RunTime:0.000074s ]
INFO: Run Behavior\ParseTemplateBehavior [ RunTime:0.014220s ]
INFO: [ view_parse ] --END-- [ RunTime:0.014277s ]
INFO: [ view_filter ] --START--
INFO: Run Behavior\WriteHtmlCacheBehavior [ RunTime:0.001513s ]
INFO: [ view_filter ] --END-- [ RunTime:0.001558s ]
INFO: [ app_end ] --START--
INFO: Run Behavior\ShowPageTraceBehavior [ RunTime:0.002010s ]
INFO: [ app_end ] --END-- [ RunTime:0.002065s ]

[ 2021-08-01T16:28:57+08:00 ] ::1 /datav-backend/admin.php/KeyEnterprises/do_update.html
INFO: [ app_init ] --START--
INFO: Run Behavior\BuildLiteBehavior [ RunTime:0.000007s ]
INFO: [ app_init ] --END-- [ RunTime:0.000677s ]
NOTIC: [8] Undefined variable: Think D:\work\datav-backend\Admin\Conf\config.php Á¨¨ 4 Ë°å.
INFO: [ app_begin ] --START--
INFO: Run Behavior\ReadHtmlCacheBehavior [ RunTime:0.000568s ]
INFO: [ app_begin ] --END-- [ RunTime:0.000583s ]
NOTIC: [8] Undefined index: HTTP_X_ACCESS_DATE D:\work\datav-backend\Admin\Common\AuthController.class.php Á¨¨ 13 Ë°å.
SQL: SHOW COLUMNS FROM `datav_sys_setting` [ RunTime:0.0214s ]
SQL: SELECT `sys_date` FROM `datav_sys_setting` LIMIT 1   [ RunTime:0.0435s ]
SQL: SHOW COLUMNS FROM `datav_com_key` [ RunTime:0.0239s ]
SQL: UPDATE `datav_com_key` SET `lng`='113.200727',`lat`='22.102378' WHERE `comname` = 'Áè†Êµ∑Â∏ÇË±™ÊµöÊàøÂú∞‰∫ßÂºÄÂèëÊúâÈôêÂÖ¨Âè∏' [ RunTime:0.0225s ]

[ 2021-08-01T16:28:57+08:00 ] ::1 /datav-backend/admin.php/KeyEnterprises/update.html
INFO: [ app_init ] --START--
INFO: Run Behavior\BuildLiteBehavior [ RunTime:0.000007s ]
INFO: [ app_init ] --END-- [ RunTime:0.000485s ]
NOTIC: [8] Undefined variable: Think D:\work\datav-backend\Admin\Conf\config.php Á¨¨ 4 Ë°å.
INFO: [ app_begin ] --START--
INFO: Run Behavior\ReadHtmlCacheBehavior [ RunTime:0.000642s ]
INFO: [ app_begin ] --END-- [ RunTime:0.000666s ]
NOTIC: [8] Undefined index: HTTP_X_ACCESS_DATE D:\work\datav-backend\Admin\Common\AuthController.class.php Á¨¨ 13 Ë°å.
SQL: SHOW COLUMNS FROM `datav_sys_setting` [ RunTime:0.0251s ]
SQL: SELECT `sys_date` FROM `datav_sys_setting` LIMIT 1   [ RunTime:0.0408s ]
SQL: SHOW COLUMNS FROM `datav_com_key` [ RunTime:0.0199s ]
SQL: SELECT distinct comname,`id`,`lng`,`lat` FROM `datav_com_key` WHERE `year` = 2021 AND `month` = 6 AND ( lng is null )  [ RunTime:0.0232s ]
INFO: [ view_parse ] --START--
INFO: [ template_filter ] --START--
INFO: Run Behavior\ContentReplaceBehavior [ RunTime:0.000026s ]
INFO: [ template_filter ] --END-- [ RunTime:0.000052s ]
INFO: Run Behavior\ParseTemplateBehavior [ RunTime:0.007454s ]
INFO: [ view_parse ] --END-- [ RunTime:0.007483s ]
INFO: [ view_filter ] --START--
INFO: Run Behavior\WriteHtmlCacheBehavior [ RunTime:0.000653s ]
INFO: [ view_filter ] --END-- [ RunTime:0.000675s ]
INFO: [ app_end ] --START--
INFO: Run Behavior\ShowPageTraceBehavior [ RunTime:0.000953s ]
INFO: [ app_end ] --END-- [ RunTime:0.000981s ]

[ 2021-08-01T16:29:40+08:00 ] ::1 /datav-backend/admin.php/KeyEnterprises/do_update.html
INFO: [ app_init ] --START--
INFO: Run Behavior\BuildLiteBehavior [ RunTime:0.000006s ]
INFO: [ app_init ] --END-- [ RunTime:0.000445s ]
NOTIC: [8] Undefined variable: Think D:\work\datav-backend\Admin\Conf\config.php Á¨¨ 4 Ë°å.
INFO: [ app_begin ] --START--
INFO: Run Behavior\ReadHtmlCacheBehavior [ RunTime:0.000727s ]
INFO: [ app_begin ] --END-- [ RunTime:0.000745s ]
NOTIC: [8] Undefined index: HTTP_X_ACCESS_DATE D:\work\datav-backend\Admin\Common\AuthController.class.php Á¨¨ 13 Ë°å.
SQL: SHOW COLUMNS FROM `datav_sys_setting` [ RunTime:0.0165s ]
SQL: SELECT `sys_date` FROM `datav_sys_setting` LIMIT 1   [ RunTime:0.0250s ]
SQL: SHOW COLUMNS FROM `datav_com_key` [ RunTime:0.0315s ]
SQL: UPDATE `datav_com_key` SET `lng`='113.214977',`lat`='21.980959' WHERE `comname` = 'Áè†Êµ∑Â∏Ç‰Ω≥Â§©ÂÆèÊàøÂú∞‰∫ßÂºÄÂèëÊúâÈôêÂÖ¨Âè∏' [ RunTime:0.0220s ]

[ 2021-08-01T16:29:41+08:00 ] ::1 /datav-backend/admin.php/KeyEnterprises/update.html
INFO: [ app_init ] --START--
INFO: Run Behavior\BuildLiteBehavior [ RunTime:0.000005s ]
INFO: [ app_init ] --END-- [ RunTime:0.000426s ]
NOTIC: [8] Undefined variable: Think D:\work\datav-backend\Admin\Conf\config.php Á¨¨ 4 Ë°å.
INFO: [ app_begin ] --START--
INFO: Run Behavior\ReadHtmlCacheBehavior [ RunTime:0.000562s ]
INFO: [ app_begin ] --END-- [ RunTime:0.000578s ]
NOTIC: [8] Undefined index: HTTP_X_ACCESS_DATE D:\work\datav-backend\Admin\Common\AuthController.class.php Á¨¨ 13 Ë°å.
SQL: SHOW COLUMNS FROM `datav_sys_setting` [ RunTime:0.0319s ]
SQL: SELECT `sys_date` FROM `datav_sys_setting` LIMIT 1   [ RunTime:0.0216s ]
SQL: SHOW COLUMNS FROM `datav_com_key` [ RunTime:0.0225s ]
SQL: SELECT distinct comname,`id`,`lng`,`lat` FROM `datav_com_key` WHERE `year` = 2021 AND `month` = 6 AND ( lng is null )  [ RunTime:0.0252s ]
INFO: [ view_parse ] --START--
INFO: [ template_filter ] --START--
INFO: Run Behavior\ContentReplaceBehavior [ RunTime:0.000012s ]
INFO: [ template_filter ] --END-- [ RunTime:0.000028s ]
INFO: Run Behavior\ParseTemplateBehavior [ RunTime:0.007088s ]
INFO: [ view_parse ] --END-- [ RunTime:0.007118s ]
INFO: [ view_filter ] --START--
INFO: Run Behavior\WriteHtmlCacheBehavior [ RunTime:0.000420s ]
INFO: [ view_filter ] --END-- [ RunTime:0.000434s ]
INFO: [ app_end ] --START--
INFO: Run Behavior\ShowPageTraceBehavior [ RunTime:0.000755s ]
INFO: [ app_end ] --END-- [ RunTime:0.000791s ]

[ 2021-08-01T16:30:25+08:00 ] ::1 /datav-backend/admin.php/KeyEnterprises/do_update.html
INFO: [ app_init ] --START--
INFO: Run Behavior\BuildLiteBehavior [ RunTime:0.000006s ]
INFO: [ app_init ] --END-- [ RunTime:0.000495s ]
NOTIC: [8] Undefined variable: Think D:\work\datav-backend\Admin\Conf\config.php Á¨¨ 4 Ë°å.
INFO: [ app_begin ] --START--
INFO: Run Behavior\ReadHtmlCacheBehavior [ RunTime:0.000654s ]
INFO: [ app_begin ] --END-- [ RunTime:0.000670s ]
NOTIC: [8] Undefined index: HTTP_X_ACCESS_DATE D:\work\datav-backend\Admin\Common\AuthController.class.php Á¨¨ 13 Ë°å.
SQL: SHOW COLUMNS FROM `datav_sys_setting` [ RunTime:0.0179s ]
SQL: SELECT `sys_date` FROM `datav_sys_setting` LIMIT 1   [ RunTime:0.0177s ]
SQL: SHOW COLUMNS FROM `datav_com_key` [ RunTime:0.0181s ]
SQL: UPDATE `datav_com_key` SET `lng`='113.200727',`lat`='22.102378' WHERE `comname` = 'Áè†Êµ∑Â∏ÇÊñπÂúÜÊòéËáªÊàøÂú∞‰∫ßÊúâÈôêÂÖ¨Âè∏' [ RunTime:0.0220s ]

[ 2021-08-01T16:30:26+08:00 ] ::1 /datav-backend/admin.php/KeyEnterprises/update.html
INFO: [ app_init ] --START--
INFO: Run Behavior\BuildLiteBehavior [ RunTime:0.000006s ]
INFO: [ app_init ] --END-- [ RunTime:0.000472s ]
NOTIC: [8] Undefined variable: Think D:\work\datav-backend\Admin\Conf\config.php Á¨¨ 4 Ë°å.
INFO: [ app_begin ] --START--
INFO: Run Behavior\ReadHtmlCacheBehavior [ RunTime:0.000674s ]
INFO: [ app_begin ] --END-- [ RunTime:0.000696s ]
NOTIC: [8] Undefined index: HTTP_X_ACCESS_DATE D:\work\datav-backend\Admin\Common\AuthController.class.php Á¨¨ 13 Ë°å.
SQL: SHOW COLUMNS FROM `datav_sys_setting` [ RunTime:0.0234s ]
SQL: SELECT `sys_date` FROM `datav_sys_setting` LIMIT 1   [ RunTime:0.0194s ]
SQL: SHOW COLUMNS FROM `datav_com_key` [ RunTime:0.0200s ]
SQL: SELECT distinct comname,`id`,`lng`,`lat` FROM `datav_com_key` WHERE `year` = 2021 AND `month` = 6 AND ( lng is null )  [ RunTime:0.0237s ]
INFO: [ view_parse ] --START--
INFO: [ template_filter ] --START--
INFO: Run Behavior\ContentReplaceBehavior [ RunTime:0.000031s ]
INFO: [ template_filter ] --END-- [ RunTime:0.000075s ]
INFO: Run Behavior\ParseTemplateBehavior [ RunTime:0.014555s ]
INFO: [ view_parse ] --END-- [ RunTime:0.014604s ]
INFO: [ view_filter ] --START--
INFO: Run Behavior\WriteHtmlCacheBehavior [ RunTime:0.001316s ]
INFO: [ view_filter ] --END-- [ RunTime:0.001352s ]
INFO: [ app_end ] --START--
INFO: Run Behavior\ShowPageTraceBehavior [ RunTime:0.001605s ]
INFO: [ app_end ] --END-- [ RunTime:0.001646s ]

[ 2021-08-01T16:31:09+08:00 ] ::1 /datav-backend/admin.php/KeyEnterprises/do_update.html
INFO: [ app_init ] --START--
INFO: Run Behavior\BuildLiteBehavior [ RunTime:0.000006s ]
INFO: [ app_init ] --END-- [ RunTime:0.000500s ]
NOTIC: [8] Undefined variable: Think D:\work\datav-backend\Admin\Conf\config.php Á¨¨ 4 Ë°å.
INFO: [ app_begin ] --START--
INFO: Run Behavior\ReadHtmlCacheBehavior [ RunTime:0.000582s ]
INFO: [ app_begin ] --END-- [ RunTime:0.000599s ]
NOTIC: [8] Undefined index: HTTP_X_ACCESS_DATE D:\work\datav-backend\Admin\Common\AuthController.class.php Á¨¨ 13 Ë°å.
SQL: SHOW COLUMNS FROM `datav_sys_setting` [ RunTime:0.0176s ]
SQL: SELECT `sys_date` FROM `datav_sys_setting` LIMIT 1   [ RunTime:0.0227s ]
SQL: SHOW COLUMNS FROM `datav_com_key` [ RunTime:0.0347s ]
SQL: UPDATE `datav_com_key` SET `lng`='113.381379',`lat`='22.121025' WHERE `comname` = 'Áè†Êµ∑Â∏ÇÈæôÂÖâËÄÄËç£ÊàøÂú∞‰∫ßÂºÄÂèëÊúâÈôêÂÖ¨Âè∏' [ RunTime:0.0276s ]

[ 2021-08-01T16:31:10+08:00 ] ::1 /datav-backend/admin.php/KeyEnterprises/update.html
INFO: [ app_init ] --START--
INFO: Run Behavior\BuildLiteBehavior [ RunTime:0.000006s ]
INFO: [ app_init ] --END-- [ RunTime:0.000496s ]
NOTIC: [8] Undefined variable: Think D:\work\datav-backend\Admin\Conf\config.php Á¨¨ 4 Ë°å.
INFO: [ app_begin ] --START--
INFO: Run Behavior\ReadHtmlCacheBehavior [ RunTime:0.000609s ]
INFO: [ app_begin ] --END-- [ RunTime:0.000629s ]
NOTIC: [8] Undefined index: HTTP_X_ACCESS_DATE D:\work\datav-backend\Admin\Common\AuthController.class.php Á¨¨ 13 Ë°å.
SQL: SHOW COLUMNS FROM `datav_sys_setting` [ RunTime:0.0191s ]
SQL: SELECT `sys_date` FROM `datav_sys_setting` LIMIT 1   [ RunTime:0.0260s ]
SQL: SHOW COLUMNS FROM `datav_com_key` [ RunTime:0.0223s ]
SQL: SELECT distinct comname,`id`,`lng`,`lat` FROM `datav_com_key` WHERE `year` = 2021 AND `month` = 6 AND ( lng is null )  [ RunTime:0.0247s ]
INFO: [ view_parse ] --START--
INFO: [ template_filter ] --START--
INFO: Run Behavior\ContentReplaceBehavior [ RunTime:0.000025s ]
INFO: [ template_filter ] --END-- [ RunTime:0.000060s ]
INFO: Run Behavior\ParseTemplateBehavior [ RunTime:0.012906s ]
INFO: [ view_parse ] --END-- [ RunTime:0.012949s ]
INFO: [ view_filter ] --START--
INFO: Run Behavior\WriteHtmlCacheBehavior [ RunTime:0.000695s ]
INFO: [ view_filter ] --END-- [ RunTime:0.000719s ]
INFO: [ app_end ] --START--
INFO: Run Behavior\ShowPageTraceBehavior [ RunTime:0.001049s ]
INFO: [ app_end ] --END-- [ RunTime:0.001080s ]

[ 2021-08-01T16:31:50+08:00 ] ::1 /datav-backend/admin.php/KeyEnterprises/do_update.html
INFO: [ app_init ] --START--
INFO: Run Behavior\BuildLiteBehavior [ RunTime:0.000006s ]
INFO: [ app_init ] --END-- [ RunTime:0.000448s ]
NOTIC: [8] Undefined variable: Think D:\work\datav-backend\Admin\Conf\config.php Á¨¨ 4 Ë°å.
INFO: [ app_begin ] --START--
INFO: Run Behavior\ReadHtmlCacheBehavior [ RunTime:0.000843s ]
INFO: [ app_begin ] --END-- [ RunTime:0.000895s ]
NOTIC: [8] Undefined index: HTTP_X_ACCESS_DATE D:\work\datav-backend\Admin\Common\AuthController.class.php Á¨¨ 13 Ë°å.
SQL: SHOW COLUMNS FROM `datav_sys_setting` [ RunTime:0.0192s ]
SQL: SELECT `sys_date` FROM `datav_sys_setting` LIMIT 1   [ RunTime:0.0196s ]
SQL: SHOW COLUMNS FROM `datav_com_key` [ RunTime:0.0221s ]
SQL: UPDATE `datav_com_key` SET `lng`='113.179609',`lat`='22.101044' WHERE `comname` = 'Áè†Êµ∑Â∏ÇÂπøÊãìÁΩÆ‰∏öÊúâÈôêÂÖ¨Âè∏' [ RunTime:0.0230s ]

[ 2021-08-01T16:31:50+08:00 ] ::1 /datav-backend/admin.php/KeyEnterprises/update.html
INFO: [ app_init ] --START--
INFO: Run Behavior\BuildLiteBehavior [ RunTime:0.000007s ]
INFO: [ app_init ] --END-- [ RunTime:0.000433s ]
NOTIC: [8] Undefined variable: Think D:\work\datav-backend\Admin\Conf\config.php Á¨¨ 4 Ë°å.
INFO: [ app_begin ] --START--
INFO: Run Behavior\ReadHtmlCacheBehavior [ RunTime:0.000569s ]
INFO: [ app_begin ] --END-- [ RunTime:0.000591s ]
NOTIC: [8] Undefined index: HTTP_X_ACCESS_DATE D:\work\datav-backend\Admin\Common\AuthController.class.php Á¨¨ 13 Ë°å.
SQL: SHOW COLUMNS FROM `datav_sys_setting` [ RunTime:0.0273s ]
SQL: SELECT `sys_date` FROM `datav_sys_setting` LIMIT 1   [ RunTime:0.0230s ]
SQL: SHOW COLUMNS FROM `datav_com_key` [ RunTime:0.0255s ]
SQL: SELECT distinct comname,`id`,`lng`,`lat` FROM `datav_com_key` WHERE `year` = 2021 AND `month` = 6 AND ( lng is null )  [ RunTime:0.0198s ]
INFO: [ view_parse ] --START--
INFO: [ template_filter ] --START--
INFO: Run Behavior\ContentReplaceBehavior [ RunTime:0.000026s ]
INFO: [ template_filter ] --END-- [ RunTime:0.000061s ]
INFO: Run Behavior\ParseTemplateBehavior [ RunTime:0.010519s ]
INFO: [ view_parse ] --END-- [ RunTime:0.010556s ]
INFO: [ view_filter ] --START--
INFO: Run Behavior\WriteHtmlCacheBehavior [ RunTime:0.001055s ]
INFO: [ view_filter ] --END-- [ RunTime:0.001091s ]
INFO: [ app_end ] --START--
INFO: Run Behavior\ShowPageTraceBehavior [ RunTime:0.003126s ]
INFO: [ app_end ] --END-- [ RunTime:0.003173s ]

[ 2021-08-01T16:32:24+08:00 ] ::1 /datav-backend/admin.php/KeyEnterprises/do_update.html
INFO: [ app_init ] --START--
INFO: Run Behavior\BuildLiteBehavior [ RunTime:0.000005s ]
INFO: [ app_init ] --END-- [ RunTime:0.000428s ]
NOTIC: [8] Undefined variable: Think D:\work\datav-backend\Admin\Conf\config.php Á¨¨ 4 Ë°å.
INFO: [ app_begin ] --START--
INFO: Run Behavior\ReadHtmlCacheBehavior [ RunTime:0.000561s ]
INFO: [ app_begin ] --END-- [ RunTime:0.000577s ]
NOTIC: [8] Undefined index: HTTP_X_ACCESS_DATE D:\work\datav-backend\Admin\Common\AuthController.class.php Á¨¨ 13 Ë°å.
SQL: SHOW COLUMNS FROM `datav_sys_setting` [ RunTime:0.0228s ]
SQL: SELECT `sys_date` FROM `datav_sys_setting` LIMIT 1   [ RunTime:0.0220s ]
SQL: SHOW COLUMNS FROM `datav_com_key` [ RunTime:0.0196s ]
SQL: UPDATE `datav_com_key` SET `lng`='113.381379',`lat`='22.121025' WHERE `comname` = 'Áè†Êµ∑Â∏ÇËûçÊô®ÊàøÂú∞‰∫ßÊúâÈôêÂÖ¨Âè∏' [ RunTime:0.0251s ]

[ 2021-08-01T16:32:24+08:00 ] ::1 /datav-backend/admin.php/KeyEnterprises/update.html
INFO: [ app_init ] --START--
INFO: Run Behavior\BuildLiteBehavior [ RunTime:0.000006s ]
INFO: [ app_init ] --END-- [ RunTime:0.000451s ]
NOTIC: [8] Undefined variable: Think D:\work\datav-backend\Admin\Conf\config.php Á¨¨ 4 Ë°å.
INFO: [ app_begin ] --START--
INFO: Run Behavior\ReadHtmlCacheBehavior [ RunTime:0.000596s ]
INFO: [ app_begin ] --END-- [ RunTime:0.000618s ]
NOTIC: [8] Undefined index: HTTP_X_ACCESS_DATE D:\work\datav-backend\Admin\Common\AuthController.class.php Á¨¨ 13 Ë°å.
SQL: SHOW COLUMNS FROM `datav_sys_setting` [ RunTime:0.0219s ]
SQL: SELECT `sys_date` FROM `datav_sys_setting` LIMIT 1   [ RunTime:0.0282s ]
SQL: SHOW COLUMNS FROM `datav_com_key` [ RunTime:0.0191s ]
SQL: SELECT distinct comname,`id`,`lng`,`lat` FROM `datav_com_key` WHERE `year` = 2021 AND `month` = 6 AND ( lng is null )  [ RunTime:0.0276s ]
INFO: [ view_parse ] --START--
INFO: [ template_filter ] --START--
INFO: Run Behavior\ContentReplaceBehavior [ RunTime:0.000023s ]
INFO: [ template_filter ] --END-- [ RunTime:0.000083s ]
INFO: Run Behavior\ParseTemplateBehavior [ RunTime:0.011975s ]
INFO: [ view_parse ] --END-- [ RunTime:0.012012s ]
INFO: [ view_filter ] --START--
INFO: Run Behavior\WriteHtmlCacheBehavior [ RunTime:0.000801s ]
INFO: [ view_filter ] --END-- [ RunTime:0.000829s ]
INFO: [ app_end ] --START--
INFO: Run Behavior\ShowPageTraceBehavior [ RunTime:0.001154s ]
INFO: [ app_end ] --END-- [ RunTime:0.001188s ]

[ 2021-08-01T16:34:18+08:00 ] ::1 /datav-backend/admin.php/KeyEnterprises/do_update.html
INFO: [ app_init ] --START--
INFO: Run Behavior\BuildLiteBehavior [ RunTime:0.000005s ]
INFO: [ app_init ] --END-- [ RunTime:0.000461s ]
NOTIC: [8] Undefined variable: Think D:\work\datav-backend\Admin\Conf\config.php Á¨¨ 4 Ë°å.
INFO: [ app_begin ] --START--
INFO: Run Behavior\ReadHtmlCacheBehavior [ RunTime:0.000647s ]
INFO: [ app_begin ] --END-- [ RunTime:0.000664s ]
NOTIC: [8] Undefined index: HTTP_X_ACCESS_DATE D:\work\datav-backend\Admin\Common\AuthController.class.php Á¨¨ 13 Ë°å.
SQL: SHOW COLUMNS FROM `datav_sys_setting` [ RunTime:0.0152s ]
SQL: SELECT `sys_date` FROM `datav_sys_setting` LIMIT 1   [ RunTime:0.0154s ]
SQL: SHOW COLUMNS FROM `datav_com_key` [ RunTime:0.0293s ]
SQL: UPDATE `datav_com_key` SET `lng`='113.5659',`lat`='22.246228' WHERE `comname` = 'Áè†Êµ∑Â∏ÇÂ••Âõ≠Â§©ÊÇ¶ÊπæÊàøÂú∞‰∫ßÂºÄÂèëÊúâÈôêÂÖ¨Âè∏' [ RunTime:0.0160s ]

[ 2021-08-01T16:34:18+08:00 ] ::1 /datav-backend/admin.php/KeyEnterprises/update.html
INFO: [ app_init ] --START--
INFO: Run Behavior\BuildLiteBehavior [ RunTime:0.000045s ]
INFO: [ app_init ] --END-- [ RunTime:0.000529s ]
NOTIC: [8] Undefined variable: Think D:\work\datav-backend\Admin\Conf\config.php Á¨¨ 4 Ë°å.
INFO: [ app_begin ] --START--
INFO: Run Behavior\ReadHtmlCacheBehavior [ RunTime:0.000589s ]
INFO: [ app_begin ] --END-- [ RunTime:0.000611s ]
NOTIC: [8] Undefined index: HTTP_X_ACCESS_DATE D:\work\datav-backend\Admin\Common\AuthController.class.php Á¨¨ 13 Ë°å.
SQL: SHOW COLUMNS FROM `datav_sys_setting` [ RunTime:0.0172s ]
SQL: SELECT `sys_date` FROM `datav_sys_setting` LIMIT 1   [ RunTime:0.0253s ]
SQL: SHOW COLUMNS FROM `datav_com_key` [ RunTime:0.0225s ]
SQL: SELECT distinct comname,`id`,`lng`,`lat` FROM `datav_com_key` WHERE `year` = 2021 AND `month` = 6 AND ( lng is null )  [ RunTime:0.0186s ]
INFO: [ view_parse ] --START--
INFO: [ template_filter ] --START--
INFO: Run Behavior\ContentReplaceBehavior [ RunTime:0.000024s ]
INFO: [ template_filter ] --END-- [ RunTime:0.000056s ]
INFO: Run Behavior\ParseTemplateBehavior [ RunTime:0.009987s ]
INFO: [ view_parse ] --END-- [ RunTime:0.010022s ]
INFO: [ view_filter ] --START--
INFO: Run Behavior\WriteHtmlCacheBehavior [ RunTime:0.001029s ]
INFO: [ view_filter ] --END-- [ RunTime:0.001059s ]
INFO: [ app_end ] --START--
INFO: Run Behavior\ShowPageTraceBehavior [ RunTime:0.001491s ]
INFO: [ app_end ] --END-- [ RunTime:0.001524s ]

[ 2021-08-01T16:37:16+08:00 ] ::1 /datav-backend/admin.php/KeyEnterprises/do_update.html
INFO: [ app_init ] --START--
INFO: Run Behavior\BuildLiteBehavior [ RunTime:0.000007s ]
INFO: [ app_init ] --END-- [ RunTime:0.000453s ]
NOTIC: [8] Undefined variable: Think D:\work\datav-backend\Admin\Conf\config.php Á¨¨ 4 Ë°å.
INFO: [ app_begin ] --START--
INFO: Run Behavior\ReadHtmlCacheBehavior [ RunTime:0.000693s ]
INFO: [ app_begin ] --END-- [ RunTime:0.000713s ]
NOTIC: [8] Undefined index: HTTP_X_ACCESS_DATE D:\work\datav-backend\Admin\Common\AuthController.class.php Á¨¨ 13 Ë°å.
SQL: SHOW COLUMNS FROM `datav_sys_setting` [ RunTime:0.0198s ]
SQL: SELECT `sys_date` FROM `datav_sys_setting` LIMIT 1   [ RunTime:0.0157s ]
SQL: SHOW COLUMNS FROM `datav_com_key` [ RunTime:0.0190s ]
SQL: UPDATE `datav_com_key` SET `lng`='113.121573',`lat`='22.069609' WHERE `comname` = 'Ê∏Ø‰∏≠ÊóÖÔºàÁè†Êµ∑ÔºâÊµ∑Ê≥âÊπæÁΩÆ‰∏öÊúâÈôêÂÖ¨Âè∏' [ RunTime:0.0202s ]

[ 2021-08-01T16:37:16+08:00 ] ::1 /datav-backend/admin.php/KeyEnterprises/update.html
INFO: [ app_init ] --START--
INFO: Run Behavior\BuildLiteBehavior [ RunTime:0.000006s ]
INFO: [ app_init ] --END-- [ RunTime:0.000474s ]
NOTIC: [8] Undefined variable: Think D:\work\datav-backend\Admin\Conf\config.php Á¨¨ 4 Ë°å.
INFO: [ app_begin ] --START--
INFO: Run Behavior\ReadHtmlCacheBehavior [ RunTime:0.000619s ]
INFO: [ app_begin ] --END-- [ RunTime:0.000642s ]
NOTIC: [8] Undefined index: HTTP_X_ACCESS_DATE D:\work\datav-backend\Admin\Common\AuthController.class.php Á¨¨ 13 Ë°å.
SQL: SHOW COLUMNS FROM `datav_sys_setting` [ RunTime:0.0232s ]
SQL: SELECT `sys_date` FROM `datav_sys_setting` LIMIT 1   [ RunTime:0.0214s ]
SQL: SHOW COLUMNS FROM `datav_com_key` [ RunTime:0.0200s ]
SQL: SELECT distinct comname,`id`,`lng`,`lat` FROM `datav_com_key` WHERE `year` = 2021 AND `month` = 6 AND ( lng is null )  [ RunTime:0.0195s ]
INFO: [ view_parse ] --START--
INFO: [ template_filter ] --START--
INFO: Run Behavior\ContentReplaceBehavior [ RunTime:0.000026s ]
INFO: [ template_filter ] --END-- [ RunTime:0.000061s ]
INFO: Run Behavior\ParseTemplateBehavior [ RunTime:0.011310s ]
INFO: [ view_parse ] --END-- [ RunTime:0.011351s ]
INFO: [ view_filter ] --START--
INFO: Run Behavior\WriteHtmlCacheBehavior [ RunTime:0.001101s ]
INFO: [ view_filter ] --END-- [ RunTime:0.001132s ]
INFO: [ app_end ] --START--
INFO: Run Behavior\ShowPageTraceBehavior [ RunTime:0.001457s ]
INFO: [ app_end ] --END-- [ RunTime:0.001490s ]

[ 2021-08-01T16:43:55+08:00 ] ::1 /datav-backend/admin.php/KeyEnterprises/do_update.html
INFO: [ app_init ] --START--
INFO: Run Behavior\BuildLiteBehavior [ RunTime:0.000007s ]
INFO: [ app_init ] --END-- [ RunTime:0.000540s ]
NOTIC: [8] Undefined variable: Think D:\work\datav-backend\Admin\Conf\config.php Á¨¨ 4 Ë°å.
INFO: [ app_begin ] --START--
INFO: Run Behavior\ReadHtmlCacheBehavior [ RunTime:0.002116s ]
INFO: [ app_begin ] --END-- [ RunTime:0.002164s ]
NOTIC: [8] Undefined index: HTTP_X_ACCESS_DATE D:\work\datav-backend\Admin\Common\AuthController.class.php Á¨¨ 13 Ë°å.
SQL: SHOW COLUMNS FROM `datav_sys_setting` [ RunTime:0.0223s ]
SQL: SELECT `sys_date` FROM `datav_sys_setting` LIMIT 1   [ RunTime:0.0213s ]
SQL: SHOW COLUMNS FROM `datav_com_key` [ RunTime:0.0175s ]
SQL: UPDATE `datav_com_key` SET `lng`='113.35531',`lat`='22.05209' WHERE `comname` = 'Áè†Êµ∑Â∏Ç‰∏áÊª®Êô®ÁíüÊàøÂú∞‰∫ßÂºÄÂèëÊúâÈôêÂÖ¨Âè∏' [ RunTime:0.0423s ]

[ 2021-08-01T16:43:56+08:00 ] ::1 /datav-backend/admin.php/KeyEnterprises/update.html
INFO: [ app_init ] --START--
INFO: Run Behavior\BuildLiteBehavior [ RunTime:0.000006s ]
INFO: [ app_init ] --END-- [ RunTime:0.000438s ]
NOTIC: [8] Undefined variable: Think D:\work\datav-backend\Admin\Conf\config.php Á¨¨ 4 Ë°å.
INFO: [ app_begin ] --START--
INFO: Run Behavior\ReadHtmlCacheBehavior [ RunTime:0.000658s ]
INFO: [ app_begin ] --END-- [ RunTime:0.000681s ]
NOTIC: [8] Undefined index: HTTP_X_ACCESS_DATE D:\work\datav-backend\Admin\Common\AuthController.class.php Á¨¨ 13 Ë°å.
SQL: SHOW COLUMNS FROM `datav_sys_setting` [ RunTime:0.0186s ]
SQL: SELECT `sys_date` FROM `datav_sys_setting` LIMIT 1   [ RunTime:0.0228s ]
SQL: SHOW COLUMNS FROM `datav_com_key` [ RunTime:0.0247s ]
SQL: SELECT distinct comname,`id`,`lng`,`lat` FROM `datav_com_key` WHERE `year` = 2021 AND `month` = 6 AND ( lng is null )  [ RunTime:0.0268s ]
INFO: [ view_parse ] --START--
INFO: [ template_filter ] --START--
INFO: Run Behavior\ContentReplaceBehavior [ RunTime:0.000019s ]
INFO: [ template_filter ] --END-- [ RunTime:0.000045s ]
INFO: Run Behavior\ParseTemplateBehavior [ RunTime:0.008188s ]
INFO: [ view_parse ] --END-- [ RunTime:0.008221s ]
INFO: [ view_filter ] --START--
INFO: Run Behavior\WriteHtmlCacheBehavior [ RunTime:0.000880s ]
INFO: [ view_filter ] --END-- [ RunTime:0.000904s ]
INFO: [ app_end ] --START--
INFO: Run Behavior\ShowPageTraceBehavior [ RunTime:0.001156s ]
INFO: [ app_end ] --END-- [ RunTime:0.001181s ]

[ 2021-08-01T16:44:30+08:00 ] ::1 /datav-backend/admin.php/KeyEnterprises/do_update.html
INFO: [ app_init ] --START--
INFO: Run Behavior\BuildLiteBehavior [ RunTime:0.000005s ]
INFO: [ app_init ] --END-- [ RunTime:0.000439s ]
NOTIC: [8] Undefined variable: Think D:\work\datav-backend\Admin\Conf\config.php Á¨¨ 4 Ë°å.
INFO: [ app_begin ] --START--
INFO: Run Behavior\ReadHtmlCacheBehavior [ RunTime:0.000583s ]
INFO: [ app_begin ] --END-- [ RunTime:0.000599s ]
NOTIC: [8] Undefined index: HTTP_X_ACCESS_DATE D:\work\datav-backend\Admin\Common\AuthController.class.php Á¨¨ 13 Ë°å.
SQL: SHOW COLUMNS FROM `datav_sys_setting` [ RunTime:0.0235s ]
SQL: SELECT `sys_date` FROM `datav_sys_setting` LIMIT 1   [ RunTime:0.0174s ]
SQL: SHOW COLUMNS FROM `datav_com_key` [ RunTime:0.0177s ]
SQL: UPDATE `datav_com_key` SET `lng`='113.381379',`lat`='22.121025' WHERE `comname` = 'Áè†Êµ∑ÊÅí‰∫ëÊàøÂú∞‰∫ßÂºÄÂèëÊúâÈôêÂÖ¨Âè∏' [ RunTime:0.0197s ]

[ 2021-08-01T16:44:52+08:00 ] ::1 /datav-backend/admin.php/KeyEnterprises/update.html
INFO: [ app_init ] --START--
INFO: Run Behavior\BuildLiteBehavior [ RunTime:0.000009s ]
INFO: [ app_init ] --END-- [ RunTime:0.000486s ]
NOTIC: [8] Undefined variable: Think D:\work\datav-backend\Admin\Conf\config.php Á¨¨ 4 Ë°å.
INFO: [ app_begin ] --START--
INFO: Run Behavior\ReadHtmlCacheBehavior [ RunTime:0.000611s ]
INFO: [ app_begin ] --END-- [ RunTime:0.000639s ]
NOTIC: [8] Undefined index: HTTP_X_ACCESS_DATE D:\work\datav-backend\Admin\Common\AuthController.class.php Á¨¨ 13 Ë°å.
ERR: SQLSTATE[HY000] [2002] ”…”⁄¡¨Ω”∑Ω‘⁄“ª∂Œ ±º‰∫Û√ª”–’˝»∑¥∏¥ªÚ¡¨Ω”µƒ÷˜ª˙√ª”–∑¥”¶£¨¡¨Ω”≥¢ ‘ ß∞‹°£


[ 2021-08-01T16:44:52+08:00 ] ::1 /datav-backend/admin.php/KeyEnterprises/update.html
INFO: [ app_init ] --START--
INFO: Run Behavior\BuildLiteBehavior [ RunTime:0.000005s ]
INFO: [ app_init ] --END-- [ RunTime:0.000417s ]
NOTIC: [8] Undefined variable: Think D:\work\datav-backend\Admin\Conf\config.php Á¨¨ 4 Ë°å.
INFO: [ app_begin ] --START--
INFO: Run Behavior\ReadHtmlCacheBehavior [ RunTime:0.000671s ]
INFO: [ app_begin ] --END-- [ RunTime:0.000688s ]
NOTIC: [8] Undefined index: HTTP_X_ACCESS_DATE D:\work\datav-backend\Admin\Common\AuthController.class.php Á¨¨ 13 Ë°å.
SQL: SHOW COLUMNS FROM `datav_sys_setting` [ RunTime:0.0168s ]
SQL: SELECT `sys_date` FROM `datav_sys_setting` LIMIT 1   [ RunTime:0.0181s ]
SQL: SHOW COLUMNS FROM `datav_com_key` [ RunTime:0.0134s ]
SQL: SELECT distinct comname,`id`,`lng`,`lat` FROM `datav_com_key` WHERE `year` = 2021 AND `month` = 6 AND ( lng is null )  [ RunTime:0.0221s ]
INFO: [ view_parse ] --START--
INFO: [ template_filter ] --START--
INFO: Run Behavior\ContentReplaceBehavior [ RunTime:0.000013s ]
INFO: [ template_filter ] --END-- [ RunTime:0.000044s ]
INFO: Run Behavior\ParseTemplateBehavior [ RunTime:0.010318s ]
INFO: [ view_parse ] --END-- [ RunTime:0.010344s ]
INFO: [ view_filter ] --START--
INFO: Run Behavior\WriteHtmlCacheBehavior [ RunTime:0.000503s ]
INFO: [ view_filter ] --END-- [ RunTime:0.000517s ]
INFO: [ app_end ] --START--
INFO: Run Behavior\ShowPageTraceBehavior [ RunTime:0.000674s ]
INFO: [ app_end ] --END-- [ RunTime:0.000688s ]

[ 2021-08-01T16:44:52+08:00 ] ::1 /datav-backend/admin.php/KeyEnterprises/update.html
INFO: [ app_init ] --START--
INFO: Run Behavior\BuildLiteBehavior [ RunTime:0.000005s ]
INFO: [ app_init ] --END-- [ RunTime:0.000486s ]
NOTIC: [8] Undefined variable: Think D:\work\datav-backend\Admin\Conf\config.php Á¨¨ 4 Ë°å.
INFO: [ app_begin ] --START--
INFO: Run Behavior\ReadHtmlCacheBehavior [ RunTime:0.000861s ]
INFO: [ app_begin ] --END-- [ RunTime:0.000879s ]
NOTIC: [8] Undefined index: HTTP_X_ACCESS_DATE D:\work\datav-backend\Admin\Common\AuthController.class.php Á¨¨ 13 Ë°å.
SQL: SHOW COLUMNS FROM `datav_sys_setting` [ RunTime:0.0169s ]
SQL: SELECT `sys_date` FROM `datav_sys_setting` LIMIT 1   [ RunTime:0.0198s ]
SQL: SHOW COLUMNS FROM `datav_com_key` [ RunTime:0.0269s ]
SQL: SELECT distinct comname,`id`,`lng`,`lat` FROM `datav_com_key` WHERE `year` = 2021 AND `month` = 6 AND ( lng is null )  [ RunTime:0.0170s ]
INFO: [ view_parse ] --START--
INFO: [ template_filter ] --START--
INFO: Run Behavior\ContentReplaceBehavior [ RunTime:0.000021s ]
INFO: [ template_filter ] --END-- [ RunTime:0.000050s ]
INFO: Run Behavior\ParseTemplateBehavior [ RunTime:0.021776s ]
INFO: [ view_parse ] --END-- [ RunTime:0.021817s ]
INFO: [ view_filter ] --START--
INFO: Run Behavior\WriteHtmlCacheBehavior [ RunTime:0.000844s ]
INFO: [ view_filter ] --END-- [ RunTime:0.000869s ]
INFO: [ app_end ] --START--
INFO: Run Behavior\ShowPageTraceBehavior [ RunTime:0.001113s ]
INFO: [ app_end ] --END-- [ RunTime:0.001140s ]

[ 2021-08-01T16:44:52+08:00 ] ::1 /datav-backend/admin.php/KeyEnterprises/update.html
INFO: [ app_init ] --START--
INFO: Run Behavior\BuildLiteBehavior [ RunTime:0.000006s ]
INFO: [ app_init ] --END-- [ RunTime:0.000521s ]
NOTIC: [8] Undefined variable: Think D:\work\datav-backend\Admin\Conf\config.php Á¨¨ 4 Ë°å.
INFO: [ app_begin ] --START--
INFO: Run Behavior\ReadHtmlCacheBehavior [ RunTime:0.000832s ]
INFO: [ app_begin ] --END-- [ RunTime:0.000849s ]
NOTIC: [8] Undefined index: HTTP_X_ACCESS_DATE D:\work\datav-backend\Admin\Common\AuthController.class.php Á¨¨ 13 Ë°å.
SQL: SHOW COLUMNS FROM `datav_sys_setting` [ RunTime:0.0194s ]
SQL: SELECT `sys_date` FROM `datav_sys_setting` LIMIT 1   [ RunTime:0.0170s ]
SQL: SHOW COLUMNS FROM `datav_com_key` [ RunTime:0.0224s ]
SQL: SELECT distinct comname,`id`,`lng`,`lat` FROM `datav_com_key` WHERE `year` = 2021 AND `month` = 6 AND ( lng is null )  [ RunTime:0.0166s ]
INFO: [ view_parse ] --START--
INFO: [ template_filter ] --START--
INFO: Run Behavior\ContentReplaceBehavior [ RunTime:0.000033s ]
INFO: [ template_filter ] --END-- [ RunTime:0.000080s ]
INFO: Run Behavior\ParseTemplateBehavior [ RunTime:0.019172s ]
INFO: [ view_parse ] --END-- [ RunTime:0.019216s ]
INFO: [ view_filter ] --START--
INFO: Run Behavior\WriteHtmlCacheBehavior [ RunTime:0.001008s ]
INFO: [ view_filter ] --END-- [ RunTime:0.001037s ]
INFO: [ app_end ] --START--
INFO: Run Behavior\ShowPageTraceBehavior [ RunTime:0.001521s ]
INFO: [ app_end ] --END-- [ RunTime:0.001557s ]

[ 2021-08-01T16:46:02+08:00 ] ::1 /datav-backend/admin.php/KeyEnterprises/do_update.html
INFO: [ app_init ] --START--
INFO: Run Behavior\BuildLiteBehavior [ RunTime:0.000006s ]
INFO: [ app_init ] --END-- [ RunTime:0.000436s ]
NOTIC: [8] Undefined variable: Think D:\work\datav-backend\Admin\Conf\config.php Á¨¨ 4 Ë°å.
INFO: [ app_begin ] --START--
INFO: Run Behavior\ReadHtmlCacheBehavior [ RunTime:0.000564s ]
INFO: [ app_begin ] --END-- [ RunTime:0.000581s ]
NOTIC: [8] Undefined index: HTTP_X_ACCESS_DATE D:\work\datav-backend\Admin\Common\AuthController.class.php Á¨¨ 13 Ë°å.
SQL: SHOW COLUMNS FROM `datav_sys_setting` [ RunTime:0.0215s ]
SQL: SELECT `sys_date` FROM `datav_sys_setting` LIMIT 1   [ RunTime:0.0198s ]
SQL: SHOW COLUMNS FROM `datav_com_key` [ RunTime:0.0200s ]
SQL: UPDATE `datav_com_key` SET `lng`='113.381379',`lat`='22.121025' WHERE `comname` = 'Áè†Êµ∑Â∏ÇÁ¢ßÊπñÊàøÂú∞‰∫ßÂºÄÂèëÊúâÈôêÂÖ¨Âè∏' [ RunTime:0.0235s ]

[ 2021-08-01T16:46:02+08:00 ] ::1 /datav-backend/admin.php/KeyEnterprises/update.html
INFO: [ app_init ] --START--
INFO: Run Behavior\BuildLiteBehavior [ RunTime:0.000007s ]
INFO: [ app_init ] --END-- [ RunTime:0.000454s ]
NOTIC: [8] Undefined variable: Think D:\work\datav-backend\Admin\Conf\config.php Á¨¨ 4 Ë°å.
INFO: [ app_begin ] --START--
INFO: Run Behavior\ReadHtmlCacheBehavior [ RunTime:0.000867s ]
INFO: [ app_begin ] --END-- [ RunTime:0.000900s ]
NOTIC: [8] Undefined index: HTTP_X_ACCESS_DATE D:\work\datav-backend\Admin\Common\AuthController.class.php Á¨¨ 13 Ë°å.
SQL: SHOW COLUMNS FROM `datav_sys_setting` [ RunTime:0.0168s ]
SQL: SELECT `sys_date` FROM `datav_sys_setting` LIMIT 1   [ RunTime:0.0193s ]
SQL: SHOW COLUMNS FROM `datav_com_key` [ RunTime:0.0167s ]
SQL: SELECT distinct comname,`id`,`lng`,`lat` FROM `datav_com_key` WHERE `year` = 2021 AND `month` = 6 AND ( lng is null )  [ RunTime:0.0497s ]
INFO: [ view_parse ] --START--
INFO: [ template_filter ] --START--
INFO: Run Behavior\ContentReplaceBehavior [ RunTime:0.000034s ]
INFO: [ template_filter ] --END-- [ RunTime:0.000081s ]
INFO: Run Behavior\ParseTemplateBehavior [ RunTime:0.013389s ]
INFO: [ view_parse ] --END-- [ RunTime:0.013444s ]
INFO: [ view_filter ] --START--
INFO: Run Behavior\WriteHtmlCacheBehavior [ RunTime:0.001261s ]
INFO: [ view_filter ] --END-- [ RunTime:0.001302s ]
INFO: [ app_end ] --START--
INFO: Run Behavior\ShowPageTraceBehavior [ RunTime:0.001644s ]
INFO: [ app_end ] --END-- [ RunTime:0.001685s ]

[ 2021-08-01T16:46:43+08:00 ] ::1 /datav-backend/admin.php/KeyEnterprises/do_update.html
INFO: [ app_init ] --START--
INFO: Run Behavior\BuildLiteBehavior [ RunTime:0.000007s ]
INFO: [ app_init ] --END-- [ RunTime:0.000491s ]
NOTIC: [8] Undefined variable: Think D:\work\datav-backend\Admin\Conf\config.php Á¨¨ 4 Ë°å.
INFO: [ app_begin ] --START--
INFO: Run Behavior\ReadHtmlCacheBehavior [ RunTime:0.001321s ]
INFO: [ app_begin ] --END-- [ RunTime:0.001350s ]
NOTIC: [8] Undefined index: HTTP_X_ACCESS_DATE D:\work\datav-backend\Admin\Common\AuthController.class.php Á¨¨ 13 Ë°å.
SQL: SHOW COLUMNS FROM `datav_sys_setting` [ RunTime:0.0247s ]
SQL: SELECT `sys_date` FROM `datav_sys_setting` LIMIT 1   [ RunTime:0.0167s ]
SQL: SHOW COLUMNS FROM `datav_com_key` [ RunTime:0.0168s ]
SQL: UPDATE `datav_com_key` SET `lng`='113.352138',`lat`='22.14479' WHERE `comname` = 'Áè†Êµ∑ÂÆâÁâπÁΩÆ‰∏öÊúâÈôêÂÖ¨Âè∏' [ RunTime:0.0175s ]

[ 2021-08-01T16:46:43+08:00 ] ::1 /datav-backend/admin.php/KeyEnterprises/update.html
INFO: [ app_init ] --START--
INFO: Run Behavior\BuildLiteBehavior [ RunTime:0.000006s ]
INFO: [ app_init ] --END-- [ RunTime:0.000433s ]
NOTIC: [8] Undefined variable: Think D:\work\datav-backend\Admin\Conf\config.php Á¨¨ 4 Ë°å.
INFO: [ app_begin ] --START--
INFO: Run Behavior\ReadHtmlCacheBehavior [ RunTime:0.000591s ]
INFO: [ app_begin ] --END-- [ RunTime:0.000612s ]
NOTIC: [8] Undefined index: HTTP_X_ACCESS_DATE D:\work\datav-backend\Admin\Common\AuthController.class.php Á¨¨ 13 Ë°å.
SQL: SHOW COLUMNS FROM `datav_sys_setting` [ RunTime:0.0390s ]
SQL: SELECT `sys_date` FROM `datav_sys_setting` LIMIT 1   [ RunTime:0.0230s ]
SQL: SHOW COLUMNS FROM `datav_com_key` [ RunTime:0.0218s ]
SQL: SELECT distinct comname,`id`,`lng`,`lat` FROM `datav_com_key` WHERE `year` = 2021 AND `month` = 6 AND ( lng is null )  [ RunTime:0.0179s ]
INFO: [ view_parse ] --START--
INFO: [ template_filter ] --START--
INFO: Run Behavior\ContentReplaceBehavior [ RunTime:0.000012s ]
INFO: [ template_filter ] --END-- [ RunTime:0.000028s ]
INFO: Run Behavior\ParseTemplateBehavior [ RunTime:0.004488s ]
INFO: [ view_parse ] --END-- [ RunTime:0.004506s ]
INFO: [ view_filter ] --START--
INFO: Run Behavior\WriteHtmlCacheBehavior [ RunTime:0.000397s ]
INFO: [ view_filter ] --END-- [ RunTime:0.000411s ]
INFO: [ app_end ] --START--
INFO: Run Behavior\ShowPageTraceBehavior [ RunTime:0.000661s ]
INFO: [ app_end ] --END-- [ RunTime:0.000692s ]

[ 2021-08-01T16:49:12+08:00 ] ::1 /datav-backend/admin.php/KeyEnterprises/do_update.html
INFO: [ app_init ] --START--
INFO: Run Behavior\BuildLiteBehavior [ RunTime:0.000006s ]
INFO: [ app_init ] --END-- [ RunTime:0.000479s ]
NOTIC: [8] Undefined variable: Think D:\work\datav-backend\Admin\Conf\config.php Á¨¨ 4 Ë°å.
INFO: [ app_begin ] --START--
INFO: Run Behavior\ReadHtmlCacheBehavior [ RunTime:0.000692s ]
INFO: [ app_begin ] --END-- [ RunTime:0.000713s ]
NOTIC: [8] Undefined index: HTTP_X_ACCESS_DATE D:\work\datav-backend\Admin\Common\AuthController.class.php Á¨¨ 13 Ë°å.
SQL: SHOW COLUMNS FROM `datav_sys_setting` [ RunTime:0.0185s ]
SQL: SELECT `sys_date` FROM `datav_sys_setting` LIMIT 1   [ RunTime:0.0333s ]
SQL: SHOW COLUMNS FROM `datav_com_key` [ RunTime:0.0274s ]
SQL: UPDATE `datav_com_key` SET `lng`='113.381379',`lat`='22.121025' WHERE `comname` = 'Áè†Êµ∑ÈπèÁëûÁΩÆ‰∏öÊúâÈôêÂÖ¨Âè∏' [ RunTime:0.0231s ]

[ 2021-08-01T16:49:12+08:00 ] ::1 /datav-backend/admin.php/KeyEnterprises/update.html
INFO: [ app_init ] --START--
INFO: Run Behavior\BuildLiteBehavior [ RunTime:0.000006s ]
INFO: [ app_init ] --END-- [ RunTime:0.000438s ]
NOTIC: [8] Undefined variable: Think D:\work\datav-backend\Admin\Conf\config.php Á¨¨ 4 Ë°å.
INFO: [ app_begin ] --START--
INFO: Run Behavior\ReadHtmlCacheBehavior [ RunTime:0.000585s ]
INFO: [ app_begin ] --END-- [ RunTime:0.000606s ]
NOTIC: [8] Undefined index: HTTP_X_ACCESS_DATE D:\work\datav-backend\Admin\Common\AuthController.class.php Á¨¨ 13 Ë°å.
SQL: SHOW COLUMNS FROM `datav_sys_setting` [ RunTime:0.0205s ]
SQL: SELECT `sys_date` FROM `datav_sys_setting` LIMIT 1   [ RunTime:0.0199s ]
SQL: SHOW COLUMNS FROM `datav_com_key` [ RunTime:0.0193s ]
SQL: SELECT distinct comname,`id`,`lng`,`lat` FROM `datav_com_key` WHERE `year` = 2021 AND `month` = 6 AND ( lng is null )  [ RunTime:0.0182s ]
INFO: [ view_parse ] --START--
INFO: [ template_filter ] --START--
INFO: Run Behavior\ContentReplaceBehavior [ RunTime:0.000031s ]
INFO: [ template_filter ] --END-- [ RunTime:0.000075s ]
INFO: Run Behavior\ParseTemplateBehavior [ RunTime:0.013671s ]
INFO: [ view_parse ] --END-- [ RunTime:0.013717s ]
INFO: [ view_filter ] --START--
INFO: Run Behavior\WriteHtmlCacheBehavior [ RunTime:0.001265s ]
INFO: [ view_filter ] --END-- [ RunTime:0.001299s ]
INFO: [ app_end ] --START--
INFO: Run Behavior\ShowPageTraceBehavior [ RunTime:0.001640s ]
INFO: [ app_end ] --END-- [ RunTime:0.001679s ]

[ 2021-08-01T16:53:18+08:00 ] 127.0.0.1 /datav-backend/admin.php/SysSetting/get_sys_date
INFO: [ app_init ] --START--
INFO: Run Behavior\BuildLiteBehavior [ RunTime:0.000008s ]
INFO: [ app_init ] --END-- [ RunTime:0.000603s ]
NOTIC: [8] Undefined variable: Think D:\work\datav-backend\Admin\Conf\config.php Á¨¨ 4 Ë°å.
INFO: [ app_begin ] --START--
INFO: Run Behavior\ReadHtmlCacheBehavior [ RunTime:0.001409s ]
INFO: [ app_begin ] --END-- [ RunTime:0.001444s ]

[ 2021-08-01T16:53:18+08:00 ] 127.0.0.1 /datav-backend/admin.php/KeyEnterprises/get_cate
INFO: [ app_init ] --START--
INFO: Run Behavior\BuildLiteBehavior [ RunTime:0.000007s ]
INFO: [ app_init ] --END-- [ RunTime:0.000499s ]
NOTIC: [8] Undefined variable: Think D:\work\datav-backend\Admin\Conf\config.php Á¨¨ 4 Ë°å.
INFO: [ app_begin ] --START--
INFO: Run Behavior\ReadHtmlCacheBehavior [ RunTime:0.000738s ]
INFO: [ app_begin ] --END-- [ RunTime:0.000764s ]
SQL: SHOW COLUMNS FROM `datav_com_key` [ RunTime:0.0205s ]
SQL: SELECT DISTINCT  `cate` FROM `datav_com_key` WHERE `year` = '2021' AND `month` = 6  [ RunTime:0.0210s ]

[ 2021-08-01T16:53:18+08:00 ] 127.0.0.1 /datav-backend/admin.php/KeyEnterprises/get_list?cate=%E5%B7%A5%E4%B8%9A&keyword=&gross_val=&gross_type=egt&rise_val=&rise_type=egt
INFO: [ app_init ] --START--
INFO: Run Behavior\BuildLiteBehavior [ RunTime:0.000009s ]
INFO: [ app_init ] --END-- [ RunTime:0.002556s ]
NOTIC: [8] Undefined variable: Think D:\work\datav-backend\Admin\Conf\config.php Á¨¨ 4 Ë°å.
INFO: [ app_begin ] --START--
INFO: Run Behavior\ReadHtmlCacheBehavior [ RunTime:0.000618s ]
INFO: [ app_begin ] --END-- [ RunTime:0.000647s ]
SQL: SHOW COLUMNS FROM `datav_com_key` [ RunTime:0.0221s ]
SQL: SELECT COUNT(*) AS tp_count FROM `datav_com_key` WHERE `year` = '2021' AND `month` = 6 AND `cate` = 'Â∑•‰∏ö' LIMIT 1   [ RunTime:0.0137s ]
SQL: SELECT `id`,`comname`,`cate`,IFNULL(cur_gross,'--') as cur_gross,IFNULL(rise,'--') as rise,IFNULL(before_last_rise,'--') as before_last_rise,IFNULL(electric_gross,'--') as electric_gross,IFNULL(electric_rise,'--') as electric_rise,IFNULL(other,'--') as other FROM `datav_com_key` WHERE `year` = '2021' AND `month` = 6 AND `cate` = 'Â∑•‰∏ö' LIMIT 0,20   [ RunTime:0.0190s ]

[ 2021-08-01T16:53:24+08:00 ] 127.0.0.1 /datav-backend/admin.php/KeyEnterprises/get_list_by_map
INFO: [ app_init ] --START--
INFO: Run Behavior\BuildLiteBehavior [ RunTime:0.000012s ]
INFO: [ app_init ] --END-- [ RunTime:0.000638s ]
NOTIC: [8] Undefined variable: Think D:\work\datav-backend\Admin\Conf\config.php Á¨¨ 4 Ë°å.
INFO: [ app_begin ] --START--
INFO: Run Behavior\ReadHtmlCacheBehavior [ RunTime:0.000590s ]
INFO: [ app_begin ] --END-- [ RunTime:0.000618s ]
SQL: SHOW COLUMNS FROM `datav_com_key` [ RunTime:0.0194s ]
SQL: SELECT COUNT(*) AS tp_count FROM `datav_com_key` WHERE `year` = '2021' AND `month` = 6 AND ( lng IS NOT NULL ) LIMIT 1   [ RunTime:0.0201s ]
SQL: SELECT `id`,`comname`,`cate`,`lng`,`lat` FROM `datav_com_key` WHERE `year` = '2021' AND `month` = 6 AND ( lng IS NOT NULL ) LIMIT 0,200   [ RunTime:0.0299s ]

[ 2021-08-01T16:54:01+08:00 ] 127.0.0.1 /datav-backend/admin.php/KeyEnterprises/get_detail?id=796
INFO: [ app_init ] --START--
INFO: Run Behavior\BuildLiteBehavior [ RunTime:0.000006s ]
INFO: [ app_init ] --END-- [ RunTime:0.000530s ]
NOTIC: [8] Undefined variable: Think D:\work\datav-backend\Admin\Conf\config.php Á¨¨ 4 Ë°å.
INFO: [ app_begin ] --START--
INFO: Run Behavior\ReadHtmlCacheBehavior [ RunTime:0.000582s ]
INFO: [ app_begin ] --END-- [ RunTime:0.000600s ]
SQL: SHOW COLUMNS FROM `datav_com_key` [ RunTime:0.0147s ]
SQL: SELECT `id`,`comname`,`cate`,IFNULL(cur_gross,'--') as gross,IFNULL(rise,'--') as rise,IFNULL(before_last_rise,'--') as before_last_rise,IFNULL(electric_gross,'--') as electric_gross,IFNULL(electric_rise,'--') as electric_rise,IFNULL(other,'--') as other,`description` FROM `datav_com_key` WHERE `id` = 796 LIMIT 1   [ RunTime:0.0205s ]

[ 2021-08-01T16:54:53+08:00 ] 127.0.0.1 /datav-backend/admin.php/KeyEnterprises/get_detail?id=812
INFO: [ app_init ] --START--
INFO: Run Behavior\BuildLiteBehavior [ RunTime:0.000004s ]
INFO: [ app_init ] --END-- [ RunTime:0.000438s ]
NOTIC: [8] Undefined variable: Think D:\work\datav-backend\Admin\Conf\config.php Á¨¨ 4 Ë°å.
INFO: [ app_begin ] --START--
INFO: Run Behavior\ReadHtmlCacheBehavior [ RunTime:0.000553s ]
INFO: [ app_begin ] --END-- [ RunTime:0.000571s ]
SQL: SHOW COLUMNS FROM `datav_com_key` [ RunTime:0.0509s ]
SQL: SELECT `id`,`comname`,`cate`,IFNULL(cur_gross,'--') as gross,IFNULL(rise,'--') as rise,IFNULL(before_last_rise,'--') as before_last_rise,IFNULL(electric_gross,'--') as electric_gross,IFNULL(electric_rise,'--') as electric_rise,IFNULL(other,'--') as other,`description` FROM `datav_com_key` WHERE `id` = 812 LIMIT 1   [ RunTime:0.0177s ]

[ 2021-08-01T16:55:24+08:00 ] 127.0.0.1 /datav-backend/admin.php/KeyEnterprises/get_detail?id=730
INFO: [ app_init ] --START--
INFO: Run Behavior\BuildLiteBehavior [ RunTime:0.000005s ]
INFO: [ app_init ] --END-- [ RunTime:0.000471s ]
NOTIC: [8] Undefined variable: Think D:\work\datav-backend\Admin\Conf\config.php Á¨¨ 4 Ë°å.
INFO: [ app_begin ] --START--
INFO: Run Behavior\ReadHtmlCacheBehavior [ RunTime:0.000705s ]
INFO: [ app_begin ] --END-- [ RunTime:0.000724s ]
SQL: SHOW COLUMNS FROM `datav_com_key` [ RunTime:0.0167s ]
SQL: SELECT `id`,`comname`,`cate`,IFNULL(cur_gross,'--') as gross,IFNULL(rise,'--') as rise,IFNULL(before_last_rise,'--') as before_last_rise,IFNULL(electric_gross,'--') as electric_gross,IFNULL(electric_rise,'--') as electric_rise,IFNULL(other,'--') as other,`description` FROM `datav_com_key` WHERE `id` = 730 LIMIT 1   [ RunTime:0.0258s ]

[ 2021-08-01T16:55:36+08:00 ] 127.0.0.1 /datav-backend/admin.php/KeyEnterprises/get_detail?id=778
INFO: [ app_init ] --START--
INFO: Run Behavior\BuildLiteBehavior [ RunTime:0.000005s ]
INFO: [ app_init ] --END-- [ RunTime:0.000475s ]
NOTIC: [8] Undefined variable: Think D:\work\datav-backend\Admin\Conf\config.php Á¨¨ 4 Ë°å.
INFO: [ app_begin ] --START--
INFO: Run Behavior\ReadHtmlCacheBehavior [ RunTime:0.000564s ]
INFO: [ app_begin ] --END-- [ RunTime:0.000580s ]
SQL: SHOW COLUMNS FROM `datav_com_key` [ RunTime:0.0188s ]
SQL: SELECT `id`,`comname`,`cate`,IFNULL(cur_gross,'--') as gross,IFNULL(rise,'--') as rise,IFNULL(before_last_rise,'--') as before_last_rise,IFNULL(electric_gross,'--') as electric_gross,IFNULL(electric_rise,'--') as electric_rise,IFNULL(other,'--') as other,`description` FROM `datav_com_key` WHERE `id` = 778 LIMIT 1   [ RunTime:0.0168s ]

[ 2021-08-01T16:55:43+08:00 ] 127.0.0.1 /datav-backend/admin.php/KeyEnterprises/get_detail?id=698
INFO: [ app_init ] --START--
INFO: Run Behavior\BuildLiteBehavior [ RunTime:0.000006s ]
INFO: [ app_init ] --END-- [ RunTime:0.000438s ]
NOTIC: [8] Undefined variable: Think D:\work\datav-backend\Admin\Conf\config.php Á¨¨ 4 Ë°å.
INFO: [ app_begin ] --START--
INFO: Run Behavior\ReadHtmlCacheBehavior [ RunTime:0.000597s ]
INFO: [ app_begin ] --END-- [ RunTime:0.000618s ]
SQL: SHOW COLUMNS FROM `datav_com_key` [ RunTime:0.0175s ]
SQL: SELECT `id`,`comname`,`cate`,IFNULL(cur_gross,'--') as gross,IFNULL(rise,'--') as rise,IFNULL(before_last_rise,'--') as before_last_rise,IFNULL(electric_gross,'--') as electric_gross,IFNULL(electric_rise,'--') as electric_rise,IFNULL(other,'--') as other,`description` FROM `datav_com_key` WHERE `id` = 698 LIMIT 1   [ RunTime:0.0334s ]

[ 2021-08-01T16:56:20+08:00 ] 127.0.0.1 /datav-backend/admin.php/KeyEnterprises/get_list?cate=%E5%B7%A5%E4%B8%9A&keyword=&gross_val=&gross_type=egt&rise_val=&rise_type=egt
INFO: [ app_init ] --START--
INFO: Run Behavior\BuildLiteBehavior [ RunTime:0.000006s ]
INFO: [ app_init ] --END-- [ RunTime:0.000533s ]
NOTIC: [8] Undefined variable: Think D:\work\datav-backend\Admin\Conf\config.php Á¨¨ 4 Ë°å.
INFO: [ app_begin ] --START--
INFO: Run Behavior\ReadHtmlCacheBehavior [ RunTime:0.000602s ]
INFO: [ app_begin ] --END-- [ RunTime:0.000621s ]
SQL: SHOW COLUMNS FROM `datav_com_key` [ RunTime:0.0163s ]
SQL: SELECT COUNT(*) AS tp_count FROM `datav_com_key` WHERE `year` = '2021' AND `month` = 6 AND `cate` = 'Â∑•‰∏ö' LIMIT 1   [ RunTime:0.0172s ]
SQL: SELECT `id`,`comname`,`cate`,IFNULL(cur_gross,'--') as cur_gross,IFNULL(rise,'--') as rise,IFNULL(before_last_rise,'--') as before_last_rise,IFNULL(electric_gross,'--') as electric_gross,IFNULL(electric_rise,'--') as electric_rise,IFNULL(other,'--') as other FROM `datav_com_key` WHERE `year` = '2021' AND `month` = 6 AND `cate` = 'Â∑•‰∏ö' LIMIT 0,20   [ RunTime:0.0403s ]

[ 2021-08-01T16:56:20+08:00 ] 127.0.0.1 /datav-backend/admin.php/KeyEnterprises/get_cate
INFO: [ app_init ] --START--
INFO: Run Behavior\BuildLiteBehavior [ RunTime:0.000005s ]
INFO: [ app_init ] --END-- [ RunTime:0.000483s ]
NOTIC: [8] Undefined variable: Think D:\work\datav-backend\Admin\Conf\config.php Á¨¨ 4 Ë°å.
INFO: [ app_begin ] --START--
INFO: Run Behavior\ReadHtmlCacheBehavior [ RunTime:0.000682s ]
INFO: [ app_begin ] --END-- [ RunTime:0.000700s ]
SQL: SHOW COLUMNS FROM `datav_com_key` [ RunTime:0.0241s ]
SQL: SELECT DISTINCT  `cate` FROM `datav_com_key` WHERE `year` = '2021' AND `month` = 6  [ RunTime:0.0227s ]

[ 2021-08-01T16:56:23+08:00 ] 127.0.0.1 /datav-backend/admin.php/Sishang/get_total
INFO: [ app_init ] --START--
INFO: Run Behavior\BuildLiteBehavior [ RunTime:0.000006s ]
INFO: [ app_init ] --END-- [ RunTime:0.000462s ]
NOTIC: [8] Undefined variable: Think D:\work\datav-backend\Admin\Conf\config.php Á¨¨ 4 Ë°å.
INFO: [ app_begin ] --START--
INFO: Run Behavior\ReadHtmlCacheBehavior [ RunTime:0.000929s ]
INFO: [ app_begin ] --END-- [ RunTime:0.000961s ]
SQL: SHOW COLUMNS FROM `datav_com_sishang` [ RunTime:0.0279s ]
SQL: SELECT COUNT(*) AS tp_count FROM `datav_com_sishang` WHERE `year` = '2021' AND `month` = 6 LIMIT 1   [ RunTime:0.0266s ]
SQL: SELECT count(*) as total,`cate`,`town` FROM `datav_com_sishang` WHERE `year` = '2021' AND `month` = 6 GROUP BY cate,town  [ RunTime:0.0262s ]
SQL: SELECT DISTINCT  `cate` FROM `datav_com_sishang` WHERE `year` = '2021' AND `month` = 6  [ RunTime:0.0349s ]

[ 2021-08-01T16:56:25+08:00 ] 127.0.0.1 /datav-backend/admin.php/Sishang/get_list?cate=%E5%B7%A5%E4%B8%9A&town=%E5%8D%97%E6%B0%B4
INFO: [ app_init ] --START--
INFO: Run Behavior\BuildLiteBehavior [ RunTime:0.000008s ]
INFO: [ app_init ] --END-- [ RunTime:0.000519s ]
NOTIC: [8] Undefined variable: Think D:\work\datav-backend\Admin\Conf\config.php Á¨¨ 4 Ë°å.
INFO: [ app_begin ] --START--
INFO: Run Behavior\ReadHtmlCacheBehavior [ RunTime:0.000693s ]
INFO: [ app_begin ] --END-- [ RunTime:0.000711s ]
SQL: SHOW COLUMNS FROM `datav_com_sishang` [ RunTime:0.0160s ]
SQL: SELECT COUNT(*) AS tp_count FROM `datav_com_sishang` WHERE `year` = '2021' AND `month` = 6 AND `cate` = 'Â∑•‰∏ö' AND `town` = 'ÂçóÊ∞¥' LIMIT 1   [ RunTime:0.0173s ]
SQL: SELECT `comname`,`cate`,IFNULL(cur_gross,'--') as cur_gross,IFNULL(lj_gross,'--') as lj_gross,`prev_year_gross`,IFNULL(lj_rise,'--') as lj_rise,IFNULL(electric_gross,'--') as electric_gross,IFNULL(electric_rise,'--') as electric_rise,IFNULL(other,'--') as other FROM `datav_com_sishang` WHERE `year` = '2021' AND `month` = 6 AND `cate` = 'Â∑•‰∏ö' AND `town` = 'ÂçóÊ∞¥' LIMIT 0,20   [ RunTime:0.0190s ]

[ 2021-08-01T16:56:25+08:00 ] 127.0.0.1 /datav-backend/admin.php/Sishang/get_cate
INFO: [ app_init ] --START--
INFO: Run Behavior\BuildLiteBehavior [ RunTime:0.000005s ]
INFO: [ app_init ] --END-- [ RunTime:0.000503s ]
NOTIC: [8] Undefined variable: Think D:\work\datav-backend\Admin\Conf\config.php Á¨¨ 4 Ë°å.
INFO: [ app_begin ] --START--
INFO: Run Behavior\ReadHtmlCacheBehavior [ RunTime:0.000596s ]
INFO: [ app_begin ] --END-- [ RunTime:0.000614s ]
SQL: SHOW COLUMNS FROM `datav_com_sishang` [ RunTime:0.0212s ]
SQL: SELECT DISTINCT  `cate` FROM `datav_com_sishang` WHERE `year` = '2021' AND `month` = 6  [ RunTime:0.0187s ]

[ 2021-08-01T16:57:37+08:00 ] ::1 /datav-backend/admin.php/KeyEnterprises/update.html
INFO: [ app_init ] --START--
INFO: Run Behavior\BuildLiteBehavior [ RunTime:0.000007s ]
INFO: [ app_init ] --END-- [ RunTime:0.000484s ]
NOTIC: [8] Undefined variable: Think D:\work\datav-backend\Admin\Conf\config.php Á¨¨ 4 Ë°å.
INFO: [ app_begin ] --START--
INFO: Run Behavior\ReadHtmlCacheBehavior [ RunTime:0.001017s ]
INFO: [ app_begin ] --END-- [ RunTime:0.001047s ]
NOTIC: [8] Undefined index: HTTP_X_ACCESS_DATE D:\work\datav-backend\Admin\Common\AuthController.class.php Á¨¨ 13 Ë°å.
SQL: SHOW COLUMNS FROM `datav_sys_setting` [ RunTime:0.0186s ]
SQL: SELECT `sys_date` FROM `datav_sys_setting` LIMIT 1   [ RunTime:0.0430s ]
SQL: SHOW COLUMNS FROM `datav_com_key` [ RunTime:0.0185s ]
SQL: SELECT distinct comname,`id`,`lng`,`lat` FROM `datav_com_key` WHERE ( lng is null )  [ RunTime:0.0169s ]
INFO: [ view_parse ] --START--
INFO: [ template_filter ] --START--
INFO: Run Behavior\ContentReplaceBehavior [ RunTime:0.000021s ]
INFO: [ template_filter ] --END-- [ RunTime:0.000049s ]
INFO: Run Behavior\ParseTemplateBehavior [ RunTime:0.009116s ]
INFO: [ view_parse ] --END-- [ RunTime:0.009155s ]
INFO: [ view_filter ] --START--
INFO: Run Behavior\WriteHtmlCacheBehavior [ RunTime:0.001446s ]
INFO: [ view_filter ] --END-- [ RunTime:0.001479s ]
INFO: [ app_end ] --START--
INFO: Run Behavior\ShowPageTraceBehavior [ RunTime:0.001282s ]
INFO: [ app_end ] --END-- [ RunTime:0.001316s ]

[ 2021-08-01T16:58:10+08:00 ] ::1 /datav-backend/admin.php/KeyEnterprises/do_update.html
INFO: [ app_init ] --START--
INFO: Run Behavior\BuildLiteBehavior [ RunTime:0.000005s ]
INFO: [ app_init ] --END-- [ RunTime:0.000438s ]
NOTIC: [8] Undefined variable: Think D:\work\datav-backend\Admin\Conf\config.php Á¨¨ 4 Ë°å.
INFO: [ app_begin ] --START--
INFO: Run Behavior\ReadHtmlCacheBehavior [ RunTime:0.000563s ]
INFO: [ app_begin ] --END-- [ RunTime:0.000579s ]
NOTIC: [8] Undefined index: HTTP_X_ACCESS_DATE D:\work\datav-backend\Admin\Common\AuthController.class.php Á¨¨ 13 Ë°å.
SQL: SHOW COLUMNS FROM `datav_sys_setting` [ RunTime:0.0174s ]
SQL: SELECT `sys_date` FROM `datav_sys_setting` LIMIT 1   [ RunTime:0.0679s ]
SQL: SHOW COLUMNS FROM `datav_com_key` [ RunTime:0.0255s ]
SQL: SELECT * FROM `datav_com_key` WHERE `comname` = 'Áè†Êµ∑Â∏Ç‰ø°ÂíåÊàøÂú∞‰∫ßÂºÄÂèëÊúâÈôêÂÖ¨Âè∏' AND ( lng is not null ) LIMIT 1   [ RunTime:0.0191s ]

[ 2021-08-01T16:58:13+08:00 ] ::1 /datav-backend/admin.php/KeyEnterprises/do_update.html
INFO: [ app_init ] --START--
INFO: Run Behavior\BuildLiteBehavior [ RunTime:0.000007s ]
INFO: [ app_init ] --END-- [ RunTime:0.000568s ]
NOTIC: [8] Undefined variable: Think D:\work\datav-backend\Admin\Conf\config.php Á¨¨ 4 Ë°å.
INFO: [ app_begin ] --START--
INFO: Run Behavior\ReadHtmlCacheBehavior [ RunTime:0.000692s ]
INFO: [ app_begin ] --END-- [ RunTime:0.000738s ]
NOTIC: [8] Undefined index: HTTP_X_ACCESS_DATE D:\work\datav-backend\Admin\Common\AuthController.class.php Á¨¨ 13 Ë°å.
SQL: SHOW COLUMNS FROM `datav_sys_setting` [ RunTime:0.0195s ]
SQL: SELECT `sys_date` FROM `datav_sys_setting` LIMIT 1   [ RunTime:0.0218s ]
SQL: SHOW COLUMNS FROM `datav_com_key` [ RunTime:0.0165s ]
SQL: SELECT * FROM `datav_com_key` WHERE `comname` = 'Áè†Êµ∑‰øùËÅîÊàø‰∫ßÊúâÈôêÂÖ¨Âè∏' AND ( lng is not null ) LIMIT 1   [ RunTime:0.0234s ]

[ 2021-08-01T16:58:23+08:00 ] ::1 /datav-backend/admin.php/KeyEnterprises/do_update.html
INFO: [ app_init ] --START--
INFO: Run Behavior\BuildLiteBehavior [ RunTime:0.000019s ]
INFO: [ app_init ] --END-- [ RunTime:0.000658s ]
NOTIC: [8] Undefined variable: Think D:\work\datav-backend\Admin\Conf\config.php Á¨¨ 4 Ë°å.
INFO: [ app_begin ] --START--
INFO: Run Behavior\ReadHtmlCacheBehavior [ RunTime:0.000671s ]
INFO: [ app_begin ] --END-- [ RunTime:0.000706s ]
NOTIC: [8] Undefined index: HTTP_X_ACCESS_DATE D:\work\datav-backend\Admin\Common\AuthController.class.php Á¨¨ 13 Ë°å.
SQL: SHOW COLUMNS FROM `datav_sys_setting` [ RunTime:0.0198s ]
SQL: SELECT `sys_date` FROM `datav_sys_setting` LIMIT 1   [ RunTime:0.0155s ]
SQL: SHOW COLUMNS FROM `datav_com_key` [ RunTime:0.0161s ]
SQL: SELECT * FROM `datav_com_key` WHERE `comname` = 'Áè†Êµ∑Â∏Ç‰∏≠Êµ∑Êµ∑ÊôüÊàøÂú∞‰∫ßÂºÄÂèëÊúâÈôêÂÖ¨Âè∏' AND ( lng is not null ) LIMIT 1   [ RunTime:0.0263s ]

