[ 2021-07-19T06:31:27+08:00 ] 127.0.0.1 /datav-backend/admin.php/Total/get_all_by_county
INFO: [ app_init ] --START--
INFO: Run Behavior\BuildLiteBehavior [ RunTime:0.000130s ]
INFO: [ app_init ] --END-- [ RunTime:0.001427s ]
NOTIC: [8] Undefined variable: Think D:\work\datav-backend\Admin\Conf\config.php 第 4 行.
INFO: [ app_begin ] --START--
INFO: Run Behavior\ReadHtmlCacheBehavior [ RunTime:0.001744s ]
INFO: [ app_begin ] --END-- [ RunTime:0.001764s ]
SQL: SHOW COLUMNS FROM `datav_economy_county` [ RunTime:0.0224s ]
SQL: SELECT distinct title,`measure` FROM `datav_economy_county` WHERE `year` = '2021' AND `month` = 5  [ RunTime:0.0190s ]
SQL: SELECT `title`,`measure`,`county`,`gross`,`rise`,`proportion`,`zs_ranking` FROM `datav_economy_county` WHERE `year` = 2021 AND `month` = 3 AND `title` = '地区生产总值'  [ RunTime:0.0341s ]
SQL: SELECT `title`,`measure`,`county`,`gross`,`rise`,`proportion`,`zs_ranking` FROM `datav_economy_county` WHERE `year` = '2021' AND `month` = 5 AND `title` <> '地区生产总值'  [ RunTime:0.0218s ]

[ 2021-07-19T06:31:28+08:00 ] 127.0.0.1 /datav-backend/admin.php/Total/get_all_by_town
INFO: [ app_init ] --START--
INFO: Run Behavior\BuildLiteBehavior [ RunTime:0.000126s ]
INFO: [ app_init ] --END-- [ RunTime:0.001474s ]
NOTIC: [8] Undefined variable: Think D:\work\datav-backend\Admin\Conf\config.php 第 4 行.
INFO: [ app_begin ] --START--
INFO: Run Behavior\ReadHtmlCacheBehavior [ RunTime:0.001769s ]
INFO: [ app_begin ] --END-- [ RunTime:0.001790s ]
SQL: SHOW COLUMNS FROM `datav_economy_town` [ RunTime:0.0543s ]
SQL: SELECT `title`,`measure`,`sz_gross`,`sz_rise`,`hq_gross`,`hq_rise`,`ns_gross`,`ns_rise`,`ps_gross`,`ps_rise` FROM `datav_economy_town` WHERE `year` = '2021' AND `month` = 5 ORDER BY id asc  [ RunTime:0.0253s ]

[ 2021-07-19T06:31:28+08:00 ] 127.0.0.1 /datav-backend/admin.php/Total/get_data?cate=all
INFO: [ app_init ] --START--
INFO: Run Behavior\BuildLiteBehavior [ RunTime:0.000135s ]
INFO: [ app_init ] --END-- [ RunTime:0.001490s ]
NOTIC: [8] Undefined variable: Think D:\work\datav-backend\Admin\Conf\config.php 第 4 行.
INFO: [ app_begin ] --START--
INFO: Run Behavior\ReadHtmlCacheBehavior [ RunTime:0.001858s ]
INFO: [ app_begin ] --END-- [ RunTime:0.001884s ]
SQL: SHOW COLUMNS FROM `datav_total` [ RunTime:0.0203s ]
SQL: SELECT `title`,`measure`,jw_gross as gross,jw_rise as rise,`before_last_rise`,`two_year_rise` FROM `datav_total` WHERE `year` = '2021' AND `month` = 5 AND `title` IN ('地区生产总值','规模以上工业增加值','规模以上工业总产值','全社会固定资产投资','外贸进出口总额','实际吸收外商投资','社会消费品零售总额','一般公共预算收入','一般公共预算支出','珠海机场旅客吞吐量','珠海机场货邮吞吐量','高栏港港口吞吐量')  [ RunTime:0.0169s ]

[ 2021-07-19T06:31:28+08:00 ] 127.0.0.1 /datav-backend/admin.php/Total/get_all_by_country
INFO: [ app_init ] --START--
INFO: Run Behavior\BuildLiteBehavior [ RunTime:0.000136s ]
INFO: [ app_init ] --END-- [ RunTime:0.001424s ]
NOTIC: [8] Undefined variable: Think D:\work\datav-backend\Admin\Conf\config.php 第 4 行.
INFO: [ app_begin ] --START--
INFO: Run Behavior\ReadHtmlCacheBehavior [ RunTime:0.001770s ]
INFO: [ app_begin ] --END-- [ RunTime:0.001844s ]
SQL: SHOW COLUMNS FROM `datav_whole_country` [ RunTime:0.0312s ]
SQL: SELECT `title`,`measure`,IFNULL(country_gross,'--') as country_gross,`country_rise`,IFNULL(province_gross,'--') as province_gross,`province_rise`,IFNULL(city_gross,'--') as city_gross,`city_rise` FROM `datav_whole_country` WHERE `year` = '2021' AND `month` = 5 ORDER BY id asc  [ RunTime:0.0865s ]

[ 2021-07-19T06:31:34+08:00 ] 127.0.0.1 /datav-backend/admin.php/Economy/get_county?cate=%E5%9C%B0%E5%8C%BA%E7%94%9F%E4%BA%A7%E6%80%BB%E5%80%BC
INFO: [ app_init ] --START--
INFO: Run Behavior\BuildLiteBehavior [ RunTime:0.000006s ]
INFO: [ app_init ] --END-- [ RunTime:0.000391s ]
NOTIC: [8] Undefined variable: Think D:\work\datav-backend\Admin\Conf\config.php 第 4 行.
INFO: [ app_begin ] --START--
INFO: Run Behavior\ReadHtmlCacheBehavior [ RunTime:0.000550s ]
INFO: [ app_begin ] --END-- [ RunTime:0.000572s ]
SQL: SHOW COLUMNS FROM `datav_economy_county` [ RunTime:0.0573s ]
SQL: SELECT `county`,`gross`,`rise`,`proportion`,`zs_ranking`,`measure` FROM `datav_economy_county` WHERE `year` = 2021 AND `month` = 3 AND `title` = '地区生产总值'  [ RunTime:0.0176s ]

[ 2021-07-19T06:31:34+08:00 ] 127.0.0.1 /datav-backend/admin.php/Economy/get_domestic?cate=%E5%9C%B0%E5%8C%BA%E7%94%9F%E4%BA%A7%E6%80%BB%E5%80%BC
INFO: [ app_init ] --START--
INFO: Run Behavior\BuildLiteBehavior [ RunTime:0.000007s ]
INFO: [ app_init ] --END-- [ RunTime:0.000520s ]
NOTIC: [8] Undefined variable: Think D:\work\datav-backend\Admin\Conf\config.php 第 4 行.
INFO: [ app_begin ] --START--
INFO: Run Behavior\ReadHtmlCacheBehavior [ RunTime:0.000903s ]
INFO: [ app_begin ] --END-- [ RunTime:0.000925s ]
SQL: SHOW COLUMNS FROM `datav_economy_domestic` [ RunTime:0.0484s ]
SQL: SELECT `data_date`,`year`,`month` FROM `datav_economy_domestic` WHERE `year` = 2021 AND `month` = 3 AND `title` = '地区生产总值' ORDER BY data_date desc LIMIT 1   [ RunTime:0.0299s ]
SQL: SELECT `area`,`gross`,`rise` FROM `datav_economy_domestic` WHERE `title` = '地区生产总值' AND `data_date` = '2021-03-01' LIMIT 20   [ RunTime:0.1071s ]

[ 2021-07-19T06:31:35+08:00 ] 127.0.0.1 /datav-backend/admin.php/Total/get_data?cate=%E5%9C%B0%E5%8C%BA%E7%94%9F%E4%BA%A7%E6%80%BB%E5%80%BC
INFO: [ app_init ] --START--
INFO: Run Behavior\BuildLiteBehavior [ RunTime:0.000008s ]
INFO: [ app_init ] --END-- [ RunTime:0.002639s ]
NOTIC: [8] Undefined variable: Think D:\work\datav-backend\Admin\Conf\config.php 第 4 行.
INFO: [ app_begin ] --START--
INFO: Run Behavior\ReadHtmlCacheBehavior [ RunTime:0.000573s ]
INFO: [ app_begin ] --END-- [ RunTime:0.000591s ]
SQL: SHOW COLUMNS FROM `datav_total` [ RunTime:0.0390s ]
SQL: SELECT CONCAT(title,'2021年1-3月') as title,IFNULL(jw_gross,'--') as jw_gross,IFNULL(jw_rise,'--') as jw_rise,`measure` FROM `datav_total` WHERE `year` = 2021 AND `month` = 3 AND `title` = '地区生产总值' LIMIT 1   [ RunTime:0.1108s ]

[ 2021-07-19T06:31:35+08:00 ] 127.0.0.1 /datav-backend/admin.php/Timeline/get_monthdata?cate=%E5%9C%B0%E5%8C%BA%E7%94%9F%E4%BA%A7%E6%80%BB%E5%80%BC
INFO: [ app_init ] --START--
INFO: Run Behavior\BuildLiteBehavior [ RunTime:0.000005s ]
INFO: [ app_init ] --END-- [ RunTime:0.000479s ]
NOTIC: [8] Undefined variable: Think D:\work\datav-backend\Admin\Conf\config.php 第 4 行.
INFO: [ app_begin ] --START--
INFO: Run Behavior\ReadHtmlCacheBehavior [ RunTime:0.000568s ]
INFO: [ app_begin ] --END-- [ RunTime:0.000585s ]
SQL: SHOW COLUMNS FROM `datav_timeline_month` [ RunTime:0.0178s ]
SQL: SELECT CONCAT(year,'-',month) as date,jw_gross as gross,jw_rise as rise FROM `datav_timeline_month` WHERE `data_date` >= '2020-05' AND `title` = '地区生产总值' ORDER BY data_date asc LIMIT 4   [ RunTime:0.1590s ]

[ 2021-07-19T06:31:35+08:00 ] 127.0.0.1 /datav-backend/admin.php/Timeline/get_yeardata?cate=%E5%9C%B0%E5%8C%BA%E7%94%9F%E4%BA%A7%E6%80%BB%E5%80%BC
INFO: [ app_init ] --START--
INFO: Run Behavior\BuildLiteBehavior [ RunTime:0.000009s ]
INFO: [ app_init ] --END-- [ RunTime:0.000811s ]
NOTIC: [8] Undefined variable: Think D:\work\datav-backend\Admin\Conf\config.php 第 4 行.
INFO: [ app_begin ] --START--
INFO: Run Behavior\ReadHtmlCacheBehavior [ RunTime:0.001486s ]
INFO: [ app_begin ] --END-- [ RunTime:0.001519s ]
SQL: SHOW COLUMNS FROM `datav_timeline_year` [ RunTime:0.0160s ]
SQL: SELECT `year`,`zs_gross`,`zs_rise`,`kfq_gross`,`kfq_rise` FROM `datav_timeline_year` WHERE ( `year` >= '2016' AND `year` < '2021'  ) AND `title` = '地区生产总值'  [ RunTime:0.0821s ]

[ 2021-07-19T06:31:36+08:00 ] 127.0.0.1 /datav-backend/admin.php/KeyEnterprises/get_list?cate=%E5%B7%A5%E4%B8%9A&keyword=&gross_val=&gross_type=egt&rise_val=&rise_type=egt
INFO: [ app_init ] --START--
INFO: Run Behavior\BuildLiteBehavior [ RunTime:0.000007s ]
INFO: [ app_init ] --END-- [ RunTime:0.000377s ]
NOTIC: [8] Undefined variable: Think D:\work\datav-backend\Admin\Conf\config.php 第 4 行.
INFO: [ app_begin ] --START--
INFO: Run Behavior\ReadHtmlCacheBehavior [ RunTime:0.000798s ]
INFO: [ app_begin ] --END-- [ RunTime:0.000832s ]
SQL: SHOW COLUMNS FROM `datav_com_key` [ RunTime:0.0642s ]
SQL: SELECT COUNT(*) AS tp_count FROM `datav_com_key` WHERE `year` = '2021' AND `month` = 5 AND `cate` = '工业' LIMIT 1   [ RunTime:0.0220s ]
SQL: SELECT `id`,`comname`,`cate`,IFNULL(cur_gross,'--') as cur_gross,IFNULL(rise,'--') as rise,IFNULL(before_last_rise,'--') as before_last_rise,IFNULL(electric_gross,'--') as electric_gross,IFNULL(electric_rise,'--') as electric_rise,IFNULL(other,'--') as other FROM `datav_com_key` WHERE `year` = '2021' AND `month` = 5 AND `cate` = '工业' LIMIT 0,15   [ RunTime:0.0272s ]

[ 2021-07-19T06:31:37+08:00 ] 127.0.0.1 /datav-backend/admin.php/KeyEnterprises/get_cate
INFO: [ app_init ] --START--
INFO: Run Behavior\BuildLiteBehavior [ RunTime:0.000008s ]
INFO: [ app_init ] --END-- [ RunTime:0.000710s ]
NOTIC: [8] Undefined variable: Think D:\work\datav-backend\Admin\Conf\config.php 第 4 行.
INFO: [ app_begin ] --START--
INFO: Run Behavior\ReadHtmlCacheBehavior [ RunTime:0.023596s ]
INFO: [ app_begin ] --END-- [ RunTime:0.023633s ]
SQL: SHOW COLUMNS FROM `datav_com_key` [ RunTime:0.1901s ]
SQL: SELECT DISTINCT  `cate` FROM `datav_com_key` WHERE `year` = '2021' AND `month` = 5  [ RunTime:0.1955s ]

[ 2021-07-19T06:31:38+08:00 ] 127.0.0.1 /datav-backend/admin.php/KeyEnterprises/get_list?cate=%E5%B7%A5%E4%B8%9A&keyword=&gross_val=&gross_type=egt&rise_val=&rise_type=egt&page=2
INFO: [ app_init ] --START--
INFO: Run Behavior\BuildLiteBehavior [ RunTime:0.000010s ]
INFO: [ app_init ] --END-- [ RunTime:0.000801s ]
NOTIC: [8] Undefined variable: Think D:\work\datav-backend\Admin\Conf\config.php 第 4 行.
INFO: [ app_begin ] --START--
INFO: Run Behavior\ReadHtmlCacheBehavior [ RunTime:0.000774s ]
INFO: [ app_begin ] --END-- [ RunTime:0.000800s ]
SQL: SHOW COLUMNS FROM `datav_com_key` [ RunTime:0.0197s ]
SQL: SELECT COUNT(*) AS tp_count FROM `datav_com_key` WHERE `year` = '2021' AND `month` = 5 AND `cate` = '工业' LIMIT 1   [ RunTime:0.0526s ]
SQL: SELECT `id`,`comname`,`cate`,IFNULL(cur_gross,'--') as cur_gross,IFNULL(rise,'--') as rise,IFNULL(before_last_rise,'--') as before_last_rise,IFNULL(electric_gross,'--') as electric_gross,IFNULL(electric_rise,'--') as electric_rise,IFNULL(other,'--') as other FROM `datav_com_key` WHERE `year` = '2021' AND `month` = 5 AND `cate` = '工业' LIMIT 15,15   [ RunTime:0.0329s ]

[ 2021-07-19T06:35:18+08:00 ] 127.0.0.1 /datav-backend/admin.php/SysSetting/get_sys_date
INFO: [ app_init ] --START--
INFO: Run Behavior\BuildLiteBehavior [ RunTime:0.000008s ]
INFO: [ app_init ] --END-- [ RunTime:0.000494s ]
NOTIC: [8] Undefined variable: Think D:\work\datav-backend\Admin\Conf\config.php 第 4 行.
INFO: [ app_begin ] --START--
INFO: Run Behavior\ReadHtmlCacheBehavior [ RunTime:0.000763s ]
INFO: [ app_begin ] --END-- [ RunTime:0.000797s ]

[ 2021-07-19T06:35:18+08:00 ] 127.0.0.1 /datav-backend/admin.php/KeyEnterprises/get_list?cate=%E5%B7%A5%E4%B8%9A&keyword=&gross_val=&gross_type=egt&rise_val=&rise_type=egt
INFO: [ app_init ] --START--
INFO: Run Behavior\BuildLiteBehavior [ RunTime:0.000006s ]
INFO: [ app_init ] --END-- [ RunTime:0.000410s ]
NOTIC: [8] Undefined variable: Think D:\work\datav-backend\Admin\Conf\config.php 第 4 行.
INFO: [ app_begin ] --START--
INFO: Run Behavior\ReadHtmlCacheBehavior [ RunTime:0.000596s ]
INFO: [ app_begin ] --END-- [ RunTime:0.000618s ]
SQL: SHOW COLUMNS FROM `datav_com_key` [ RunTime:0.0208s ]
SQL: SELECT COUNT(*) AS tp_count FROM `datav_com_key` WHERE `year` = '2021' AND `month` = 5 AND `cate` = '工业' LIMIT 1   [ RunTime:0.0211s ]
SQL: SELECT `id`,`comname`,`cate`,IFNULL(cur_gross,'--') as cur_gross,IFNULL(rise,'--') as rise,IFNULL(before_last_rise,'--') as before_last_rise,IFNULL(electric_gross,'--') as electric_gross,IFNULL(electric_rise,'--') as electric_rise,IFNULL(other,'--') as other FROM `datav_com_key` WHERE `year` = '2021' AND `month` = 5 AND `cate` = '工业' LIMIT 0,15   [ RunTime:0.0189s ]

[ 2021-07-19T06:35:19+08:00 ] 127.0.0.1 /datav-backend/admin.php/KeyEnterprises/get_cate
INFO: [ app_init ] --START--
INFO: Run Behavior\BuildLiteBehavior [ RunTime:0.000006s ]
INFO: [ app_init ] --END-- [ RunTime:0.000465s ]
NOTIC: [8] Undefined variable: Think D:\work\datav-backend\Admin\Conf\config.php 第 4 行.
INFO: [ app_begin ] --START--
INFO: Run Behavior\ReadHtmlCacheBehavior [ RunTime:0.001025s ]
INFO: [ app_begin ] --END-- [ RunTime:0.001061s ]
SQL: SHOW COLUMNS FROM `datav_com_key` [ RunTime:0.0273s ]
SQL: SELECT DISTINCT  `cate` FROM `datav_com_key` WHERE `year` = '2021' AND `month` = 5  [ RunTime:0.0192s ]

[ 2021-07-19T07:00:16+08:00 ] 127.0.0.1 /datav-backend/admin.php/SysSetting/get_sys_date
INFO: [ app_init ] --START--
INFO: Run Behavior\BuildLiteBehavior [ RunTime:0.000007s ]
INFO: [ app_init ] --END-- [ RunTime:0.000425s ]
NOTIC: [8] Undefined variable: Think D:\work\datav-backend\Admin\Conf\config.php 第 4 行.
INFO: [ app_begin ] --START--
INFO: Run Behavior\ReadHtmlCacheBehavior [ RunTime:0.000617s ]
INFO: [ app_begin ] --END-- [ RunTime:0.000637s ]

[ 2021-07-19T07:00:17+08:00 ] 127.0.0.1 /datav-backend/admin.php/KeyEnterprises/get_list?cate=%E5%B7%A5%E4%B8%9A&keyword=&gross_val=&gross_type=egt&rise_val=&rise_type=egt
INFO: [ app_init ] --START--
INFO: Run Behavior\BuildLiteBehavior [ RunTime:0.000007s ]
INFO: [ app_init ] --END-- [ RunTime:0.000423s ]
NOTIC: [8] Undefined variable: Think D:\work\datav-backend\Admin\Conf\config.php 第 4 行.
INFO: [ app_begin ] --START--
INFO: Run Behavior\ReadHtmlCacheBehavior [ RunTime:0.000523s ]
INFO: [ app_begin ] --END-- [ RunTime:0.000542s ]
SQL: SHOW COLUMNS FROM `datav_com_key` [ RunTime:0.0180s ]
SQL: SELECT COUNT(*) AS tp_count FROM `datav_com_key` WHERE `year` = '2021' AND `month` = 5 AND `cate` = '工业' LIMIT 1   [ RunTime:0.0145s ]
SQL: SELECT `id`,`comname`,`cate`,IFNULL(cur_gross,'--') as cur_gross,IFNULL(rise,'--') as rise,IFNULL(before_last_rise,'--') as before_last_rise,IFNULL(electric_gross,'--') as electric_gross,IFNULL(electric_rise,'--') as electric_rise,IFNULL(other,'--') as other FROM `datav_com_key` WHERE `year` = '2021' AND `month` = 5 AND `cate` = '工业' LIMIT 0,15   [ RunTime:0.0213s ]

[ 2021-07-19T07:00:17+08:00 ] 127.0.0.1 /datav-backend/admin.php/KeyEnterprises/get_cate
INFO: [ app_init ] --START--
INFO: Run Behavior\BuildLiteBehavior [ RunTime:0.000005s ]
INFO: [ app_init ] --END-- [ RunTime:0.000422s ]
NOTIC: [8] Undefined variable: Think D:\work\datav-backend\Admin\Conf\config.php 第 4 行.
INFO: [ app_begin ] --START--
INFO: Run Behavior\ReadHtmlCacheBehavior [ RunTime:0.000660s ]
INFO: [ app_begin ] --END-- [ RunTime:0.000682s ]
SQL: SHOW COLUMNS FROM `datav_com_key` [ RunTime:0.0199s ]
SQL: SELECT DISTINCT  `cate` FROM `datav_com_key` WHERE `year` = '2021' AND `month` = 5  [ RunTime:0.0178s ]

[ 2021-07-19T07:02:44+08:00 ] 127.0.0.1 /datav-backend/admin.php/KeyEnterprises/get_list
INFO: [ app_init ] --START--
INFO: Run Behavior\BuildLiteBehavior [ RunTime:0.000010s ]
INFO: [ app_init ] --END-- [ RunTime:0.000497s ]
NOTIC: [8] Undefined variable: Think D:\work\datav-backend\Admin\Conf\config.php 第 4 行.
INFO: [ app_begin ] --START--
INFO: Run Behavior\ReadHtmlCacheBehavior [ RunTime:0.000691s ]
INFO: [ app_begin ] --END-- [ RunTime:0.000720s ]
SQL: SHOW COLUMNS FROM `datav_com_key` [ RunTime:0.0455s ]
SQL: SELECT COUNT(*) AS tp_count FROM `datav_com_key` WHERE `year` = '2021' AND `month` = 5 AND `cate` = '工业' LIMIT 1   [ RunTime:0.0317s ]
SQL: SELECT `id`,`comname`,`cate`,IFNULL(cur_gross,'--') as cur_gross,IFNULL(rise,'--') as rise,IFNULL(before_last_rise,'--') as before_last_rise,IFNULL(electric_gross,'--') as electric_gross,IFNULL(electric_rise,'--') as electric_rise,IFNULL(other,'--') as other FROM `datav_com_key` WHERE `year` = '2021' AND `month` = 5 AND `cate` = '工业' LIMIT 0,15   [ RunTime:0.0566s ]

[ 2021-07-19T07:06:11+08:00 ] 127.0.0.1 /datav-backend/admin.php/KeyEnterprises/get_list
INFO: [ app_init ] --START--
INFO: Run Behavior\BuildLiteBehavior [ RunTime:0.000007s ]
INFO: [ app_init ] --END-- [ RunTime:0.000477s ]
NOTIC: [8] Undefined variable: Think D:\work\datav-backend\Admin\Conf\config.php 第 4 行.
INFO: [ app_begin ] --START--
INFO: Run Behavior\ReadHtmlCacheBehavior [ RunTime:0.000710s ]
INFO: [ app_begin ] --END-- [ RunTime:0.000734s ]
SQL: SHOW COLUMNS FROM `datav_com_key` [ RunTime:0.0227s ]
SQL: SELECT COUNT(*) AS tp_count FROM `datav_com_key` WHERE `year` = '2021' AND `month` = 5 AND `cate` = '工业' LIMIT 1   [ RunTime:0.0211s ]
SQL: SELECT `id`,`comname`,`cate`,IFNULL(cur_gross,'--') as cur_gross,IFNULL(rise,'--') as rise,IFNULL(before_last_rise,'--') as before_last_rise,IFNULL(electric_gross,'--') as electric_gross,IFNULL(electric_rise,'--') as electric_rise,IFNULL(other,'--') as other FROM `datav_com_key` WHERE `year` = '2021' AND `month` = 5 AND `cate` = '工业' LIMIT 0,15   [ RunTime:0.0172s ]

[ 2021-07-19T07:06:20+08:00 ] 127.0.0.1 /datav-backend/admin.php/KeyEnterprises/get_list?cate=%E5%B7%A5%E4%B8%9A&keyword=&gross_val=&gross_type=egt&rise_val=&rise_type=egt
INFO: [ app_init ] --START--
INFO: Run Behavior\BuildLiteBehavior [ RunTime:0.000008s ]
INFO: [ app_init ] --END-- [ RunTime:0.000675s ]
NOTIC: [8] Undefined variable: Think D:\work\datav-backend\Admin\Conf\config.php 第 4 行.
INFO: [ app_begin ] --START--
INFO: Run Behavior\ReadHtmlCacheBehavior [ RunTime:0.000645s ]
INFO: [ app_begin ] --END-- [ RunTime:0.000672s ]
SQL: SHOW COLUMNS FROM `datav_com_key` [ RunTime:0.1250s ]
SQL: SELECT COUNT(*) AS tp_count FROM `datav_com_key` WHERE `year` = '2021' AND `month` = 5 AND `cate` = '工业' LIMIT 1   [ RunTime:0.0748s ]
SQL: SELECT `id`,`comname`,`cate`,IFNULL(cur_gross,'--') as cur_gross,IFNULL(rise,'--') as rise,IFNULL(before_last_rise,'--') as before_last_rise,IFNULL(electric_gross,'--') as electric_gross,IFNULL(electric_rise,'--') as electric_rise,IFNULL(other,'--') as other FROM `datav_com_key` WHERE `year` = '2021' AND `month` = 5 AND `cate` = '工业' LIMIT 0,15   [ RunTime:0.1133s ]

[ 2021-07-19T07:06:20+08:00 ] 127.0.0.1 /datav-backend/admin.php/KeyEnterprises/get_cate
INFO: [ app_init ] --START--
INFO: Run Behavior\BuildLiteBehavior [ RunTime:0.000008s ]
INFO: [ app_init ] --END-- [ RunTime:0.000770s ]
NOTIC: [8] Undefined variable: Think D:\work\datav-backend\Admin\Conf\config.php 第 4 行.
INFO: [ app_begin ] --START--
INFO: Run Behavior\ReadHtmlCacheBehavior [ RunTime:0.000902s ]
INFO: [ app_begin ] --END-- [ RunTime:0.000927s ]
SQL: SHOW COLUMNS FROM `datav_com_key` [ RunTime:0.0312s ]
SQL: SELECT DISTINCT  `cate` FROM `datav_com_key` WHERE `year` = '2021' AND `month` = 5  [ RunTime:0.0264s ]

[ 2021-07-19T07:06:24+08:00 ] 127.0.0.1 /datav-backend/admin.php/KeyEnterprises/get_list
INFO: [ app_init ] --START--
INFO: Run Behavior\BuildLiteBehavior [ RunTime:0.000005s ]
INFO: [ app_init ] --END-- [ RunTime:0.000381s ]
NOTIC: [8] Undefined variable: Think D:\work\datav-backend\Admin\Conf\config.php 第 4 行.
INFO: [ app_begin ] --START--
INFO: Run Behavior\ReadHtmlCacheBehavior [ RunTime:0.001496s ]
INFO: [ app_begin ] --END-- [ RunTime:0.001529s ]
SQL: SHOW COLUMNS FROM `datav_com_key` [ RunTime:0.0208s ]
SQL: SELECT COUNT(*) AS tp_count FROM `datav_com_key` WHERE `year` = '2021' AND `month` = 5 AND `cate` = '工业' LIMIT 1   [ RunTime:0.0303s ]
SQL: SELECT `id`,`comname`,`cate`,IFNULL(cur_gross,'--') as cur_gross,IFNULL(rise,'--') as rise,IFNULL(before_last_rise,'--') as before_last_rise,IFNULL(electric_gross,'--') as electric_gross,IFNULL(electric_rise,'--') as electric_rise,IFNULL(other,'--') as other FROM `datav_com_key` WHERE `year` = '2021' AND `month` = 5 AND `cate` = '工业' LIMIT 0,15   [ RunTime:0.0305s ]

[ 2021-07-19T07:11:47+08:00 ] 127.0.0.1 /datav-backend/admin.php/SysSetting/get_sys_date
INFO: [ app_init ] --START--
INFO: Run Behavior\BuildLiteBehavior [ RunTime:0.000008s ]
INFO: [ app_init ] --END-- [ RunTime:0.000599s ]
NOTIC: [8] Undefined variable: Think D:\work\datav-backend\Admin\Conf\config.php 第 4 行.
INFO: [ app_begin ] --START--
INFO: Run Behavior\ReadHtmlCacheBehavior [ RunTime:0.000725s ]
INFO: [ app_begin ] --END-- [ RunTime:0.000752s ]

[ 2021-07-19T07:11:48+08:00 ] 127.0.0.1 /datav-backend/admin.php/KeyEnterprises/get_list
INFO: [ app_init ] --START--
INFO: Run Behavior\BuildLiteBehavior [ RunTime:0.000008s ]
INFO: [ app_init ] --END-- [ RunTime:0.000564s ]
NOTIC: [8] Undefined variable: Think D:\work\datav-backend\Admin\Conf\config.php 第 4 行.
INFO: [ app_begin ] --START--
INFO: Run Behavior\ReadHtmlCacheBehavior [ RunTime:0.002764s ]
INFO: [ app_begin ] --END-- [ RunTime:0.002800s ]
SQL: SHOW COLUMNS FROM `datav_com_key` [ RunTime:0.1992s ]
SQL: SELECT COUNT(*) AS tp_count FROM `datav_com_key` WHERE `year` = '2021' AND `month` = 5 AND `cate` = '工业' LIMIT 1   [ RunTime:0.0634s ]
SQL: SELECT `id`,`comname`,`cate`,IFNULL(cur_gross,'--') as cur_gross,IFNULL(rise,'--') as rise,IFNULL(before_last_rise,'--') as before_last_rise,IFNULL(electric_gross,'--') as electric_gross,IFNULL(electric_rise,'--') as electric_rise,IFNULL(other,'--') as other FROM `datav_com_key` WHERE `year` = '2021' AND `month` = 5 AND `cate` = '工业' LIMIT 0,15   [ RunTime:0.0562s ]

[ 2021-07-19T07:16:17+08:00 ] 127.0.0.1 /datav-backend/admin.php/KeyEnterprises/get_list
INFO: [ app_init ] --START--
INFO: Run Behavior\BuildLiteBehavior [ RunTime:0.000084s ]
INFO: [ app_init ] --END-- [ RunTime:0.001408s ]
NOTIC: [8] Undefined variable: Think D:\work\datav-backend\Admin\Conf\config.php 第 4 行.
INFO: [ app_begin ] --START--
INFO: Run Behavior\ReadHtmlCacheBehavior [ RunTime:0.001130s ]
INFO: [ app_begin ] --END-- [ RunTime:0.001159s ]
SQL: SHOW COLUMNS FROM `datav_com_key` [ RunTime:0.0262s ]
SQL: SELECT COUNT(*) AS tp_count FROM `datav_com_key` WHERE `year` = '2021' AND `month` = 5 AND `cate` = '工业' LIMIT 1   [ RunTime:0.0396s ]
SQL: SELECT `id`,`comname`,`cate`,IFNULL(cur_gross,'--') as cur_gross,IFNULL(rise,'--') as rise,IFNULL(before_last_rise,'--') as before_last_rise,IFNULL(electric_gross,'--') as electric_gross,IFNULL(electric_rise,'--') as electric_rise,IFNULL(other,'--') as other FROM `datav_com_key` WHERE `year` = '2021' AND `month` = 5 AND `cate` = '工业' LIMIT 0,15   [ RunTime:0.0334s ]

[ 2021-07-19T07:22:05+08:00 ] ::1 /datav-backend/admin.php/KeyEnterprises/update.html
INFO: [ app_init ] --START--
INFO: Run Behavior\BuildLiteBehavior [ RunTime:0.000023s ]
INFO: [ app_init ] --END-- [ RunTime:0.000687s ]
NOTIC: [8] Undefined variable: Think D:\work\datav-backend\Admin\Conf\config.php 第 4 行.
INFO: [ app_begin ] --START--
INFO: Run Behavior\ReadHtmlCacheBehavior [ RunTime:0.000668s ]
INFO: [ app_begin ] --END-- [ RunTime:0.000688s ]
NOTIC: [8] Undefined index: HTTP_X_ACCESS_DATE D:\work\datav-backend\Admin\Common\AuthController.class.php 第 13 行.
SQL: SHOW COLUMNS FROM `datav_sys_setting` [ RunTime:0.0271s ]
SQL: SELECT `sys_date` FROM `datav_sys_setting` LIMIT 1   [ RunTime:0.0291s ]
SQL: SHOW COLUMNS FROM `datav_com_key` [ RunTime:0.0242s ]
SQL: SELECT distinct comname,`lng`,`lat` FROM `datav_com_key` WHERE ( lng is null )  [ RunTime:0.0288s ]
INFO: [ view_parse ] --START--
INFO: [ template_filter ] --START--
INFO: Run Behavior\ContentReplaceBehavior [ RunTime:0.000072s ]
INFO: [ template_filter ] --END-- [ RunTime:0.000126s ]
INFO: Run Behavior\ParseTemplateBehavior [ RunTime:0.089504s ]
INFO: [ view_parse ] --END-- [ RunTime:0.089566s ]
INFO: [ view_filter ] --START--
INFO: Run Behavior\WriteHtmlCacheBehavior [ RunTime:0.007842s ]
INFO: [ view_filter ] --END-- [ RunTime:0.007893s ]
INFO: [ app_end ] --START--
INFO: Run Behavior\ShowPageTraceBehavior [ RunTime:0.011792s ]
INFO: [ app_end ] --END-- [ RunTime:0.011857s ]

[ 2021-07-19T07:22:46+08:00 ] 127.0.0.1 /datav-backend/admin.php/SysSetting/get_sys_date
INFO: [ app_init ] --START--
INFO: Run Behavior\BuildLiteBehavior [ RunTime:0.000006s ]
INFO: [ app_init ] --END-- [ RunTime:0.000418s ]
NOTIC: [8] Undefined variable: Think D:\work\datav-backend\Admin\Conf\config.php 第 4 行.
INFO: [ app_begin ] --START--
INFO: Run Behavior\ReadHtmlCacheBehavior [ RunTime:0.000550s ]
INFO: [ app_begin ] --END-- [ RunTime:0.000571s ]

[ 2021-07-19T07:22:47+08:00 ] 127.0.0.1 /datav-backend/admin.php/KeyEnterprises/get_list
INFO: [ app_init ] --START--
INFO: Run Behavior\BuildLiteBehavior [ RunTime:0.000007s ]
INFO: [ app_init ] --END-- [ RunTime:0.000467s ]
NOTIC: [8] Undefined variable: Think D:\work\datav-backend\Admin\Conf\config.php 第 4 行.
INFO: [ app_begin ] --START--
INFO: Run Behavior\ReadHtmlCacheBehavior [ RunTime:0.000823s ]
INFO: [ app_begin ] --END-- [ RunTime:0.000856s ]
SQL: SHOW COLUMNS FROM `datav_com_key` [ RunTime:0.0390s ]
SQL: SELECT COUNT(*) AS tp_count FROM `datav_com_key` WHERE `year` = '2021' AND `month` = 5 AND `cate` = '工业' LIMIT 1   [ RunTime:0.0318s ]
SQL: SELECT `id`,`comname`,`cate`,IFNULL(cur_gross,'--') as cur_gross,IFNULL(rise,'--') as rise,IFNULL(before_last_rise,'--') as before_last_rise,IFNULL(electric_gross,'--') as electric_gross,IFNULL(electric_rise,'--') as electric_rise,IFNULL(other,'--') as other FROM `datav_com_key` WHERE `year` = '2021' AND `month` = 5 AND `cate` = '工业' LIMIT 0,15   [ RunTime:0.0991s ]

[ 2021-07-19T07:23:29+08:00 ] 127.0.0.1 /datav-backend/admin.php/SysSetting/get_sys_date
INFO: [ app_init ] --START--
INFO: Run Behavior\BuildLiteBehavior [ RunTime:0.000007s ]
INFO: [ app_init ] --END-- [ RunTime:0.000541s ]
NOTIC: [8] Undefined variable: Think D:\work\datav-backend\Admin\Conf\config.php 第 4 行.
INFO: [ app_begin ] --START--
INFO: Run Behavior\ReadHtmlCacheBehavior [ RunTime:0.000674s ]
INFO: [ app_begin ] --END-- [ RunTime:0.000701s ]

[ 2021-07-19T07:24:30+08:00 ] 127.0.0.1 /datav-backend/admin.php/SysSetting/get_sys_date
INFO: [ app_init ] --START--
INFO: Run Behavior\BuildLiteBehavior [ RunTime:0.000005s ]
INFO: [ app_init ] --END-- [ RunTime:0.000435s ]
NOTIC: [8] Undefined variable: Think D:\work\datav-backend\Admin\Conf\config.php 第 4 行.
INFO: [ app_begin ] --START--
INFO: Run Behavior\ReadHtmlCacheBehavior [ RunTime:0.000601s ]
INFO: [ app_begin ] --END-- [ RunTime:0.000617s ]

[ 2021-07-19T07:25:34+08:00 ] 127.0.0.1 /datav-backend/admin.php/KeyEnterprises/get_list?cate=%E5%B7%A5%E4%B8%9A&keyword=&gross_val=&gross_type=egt&rise_val=&rise_type=egt
INFO: [ app_init ] --START--
INFO: Run Behavior\BuildLiteBehavior [ RunTime:0.000083s ]
INFO: [ app_init ] --END-- [ RunTime:0.000768s ]
NOTIC: [8] Undefined variable: Think D:\work\datav-backend\Admin\Conf\config.php 第 4 行.
INFO: [ app_begin ] --START--
INFO: Run Behavior\ReadHtmlCacheBehavior [ RunTime:0.000939s ]
INFO: [ app_begin ] --END-- [ RunTime:0.000975s ]
SQL: SHOW COLUMNS FROM `datav_com_key` [ RunTime:0.0193s ]
SQL: SELECT COUNT(*) AS tp_count FROM `datav_com_key` WHERE `year` = '2021' AND `month` = 5 AND `cate` = '工业' LIMIT 1   [ RunTime:0.0177s ]
SQL: SELECT `id`,`comname`,`cate`,IFNULL(cur_gross,'--') as cur_gross,IFNULL(rise,'--') as rise,IFNULL(before_last_rise,'--') as before_last_rise,IFNULL(electric_gross,'--') as electric_gross,IFNULL(electric_rise,'--') as electric_rise,IFNULL(other,'--') as other FROM `datav_com_key` WHERE `year` = '2021' AND `month` = 5 AND `cate` = '工业' LIMIT 0,15   [ RunTime:0.0215s ]

[ 2021-07-19T07:25:34+08:00 ] 127.0.0.1 /datav-backend/admin.php/KeyEnterprises/get_cate
INFO: [ app_init ] --START--
INFO: Run Behavior\BuildLiteBehavior [ RunTime:0.000005s ]
INFO: [ app_init ] --END-- [ RunTime:0.000385s ]
NOTIC: [8] Undefined variable: Think D:\work\datav-backend\Admin\Conf\config.php 第 4 行.
INFO: [ app_begin ] --START--
INFO: Run Behavior\ReadHtmlCacheBehavior [ RunTime:0.000525s ]
INFO: [ app_begin ] --END-- [ RunTime:0.000542s ]
SQL: SHOW COLUMNS FROM `datav_com_key` [ RunTime:0.0195s ]
SQL: SELECT DISTINCT  `cate` FROM `datav_com_key` WHERE `year` = '2021' AND `month` = 5  [ RunTime:0.0205s ]

[ 2021-07-19T11:47:20+08:00 ] 127.0.0.1 /datav-backend/admin.php/SysSetting/get_sys_date
INFO: [ app_init ] --START--
INFO: Run Behavior\BuildLiteBehavior [ RunTime:0.000011s ]
INFO: [ app_init ] --END-- [ RunTime:0.000912s ]
NOTIC: [8] Undefined variable: Think D:\work\datav-backend\Admin\Conf\config.php 第 4 行.
INFO: [ app_begin ] --START--
INFO: Run Behavior\ReadHtmlCacheBehavior [ RunTime:0.000946s ]
INFO: [ app_begin ] --END-- [ RunTime:0.000970s ]

[ 2021-07-19T11:48:56+08:00 ] 127.0.0.1 /datav-backend/admin.php/KeyEnterprises/get_list_by_map
INFO: [ app_init ] --START--
INFO: Run Behavior\BuildLiteBehavior [ RunTime:0.000012s ]
INFO: [ app_init ] --END-- [ RunTime:0.001190s ]
NOTIC: [8] Undefined variable: Think D:\work\datav-backend\Admin\Conf\config.php 第 4 行.
INFO: [ app_begin ] --START--
INFO: Run Behavior\ReadHtmlCacheBehavior [ RunTime:0.001355s ]
INFO: [ app_begin ] --END-- [ RunTime:0.001400s ]
SQL: SHOW COLUMNS FROM `datav_com_key` [ RunTime:0.0147s ]
SQL: SELECT COUNT(*) AS tp_count FROM `datav_com_key` WHERE `year` = '2021' AND `month` = 5 AND ( lng IS NOT NULL ) LIMIT 1   [ RunTime:0.0204s ]
SQL: SELECT `id`,`comname`,`cate`,`lng`,`lat` FROM `datav_com_key` WHERE `year` = '2021' AND `month` = 5 AND ( lng IS NOT NULL ) LIMIT 0,200   [ RunTime:0.0735s ]

[ 2021-07-19T11:49:44+08:00 ] 127.0.0.1 /datav-backend/admin.php/KeyEnterprises/get_list?cate=%E5%B7%A5%E4%B8%9A&keyword=&gross_val=&gross_type=egt&rise_val=&rise_type=egt
INFO: [ app_init ] --START--
INFO: Run Behavior\BuildLiteBehavior [ RunTime:0.000009s ]
INFO: [ app_init ] --END-- [ RunTime:0.000972s ]
NOTIC: [8] Undefined variable: Think D:\work\datav-backend\Admin\Conf\config.php 第 4 行.
INFO: [ app_begin ] --START--
INFO: Run Behavior\ReadHtmlCacheBehavior [ RunTime:0.001646s ]
INFO: [ app_begin ] --END-- [ RunTime:0.001688s ]
SQL: SHOW COLUMNS FROM `datav_com_key` [ RunTime:0.0220s ]
SQL: SELECT COUNT(*) AS tp_count FROM `datav_com_key` WHERE `year` = '2021' AND `month` = 5 AND `cate` = '工业' LIMIT 1   [ RunTime:0.0523s ]
SQL: SELECT `id`,`comname`,`cate`,IFNULL(cur_gross,'--') as cur_gross,IFNULL(rise,'--') as rise,IFNULL(before_last_rise,'--') as before_last_rise,IFNULL(electric_gross,'--') as electric_gross,IFNULL(electric_rise,'--') as electric_rise,IFNULL(other,'--') as other FROM `datav_com_key` WHERE `year` = '2021' AND `month` = 5 AND `cate` = '工业' LIMIT 0,15   [ RunTime:0.0168s ]

[ 2021-07-19T11:49:45+08:00 ] 127.0.0.1 /datav-backend/admin.php/KeyEnterprises/get_cate
INFO: [ app_init ] --START--
INFO: Run Behavior\BuildLiteBehavior [ RunTime:0.000008s ]
INFO: [ app_init ] --END-- [ RunTime:0.000486s ]
NOTIC: [8] Undefined variable: Think D:\work\datav-backend\Admin\Conf\config.php 第 4 行.
INFO: [ app_begin ] --START--
INFO: Run Behavior\ReadHtmlCacheBehavior [ RunTime:0.000583s ]
INFO: [ app_begin ] --END-- [ RunTime:0.000606s ]
SQL: SHOW COLUMNS FROM `datav_com_key` [ RunTime:0.0187s ]
SQL: SELECT DISTINCT  `cate` FROM `datav_com_key` WHERE `year` = '2021' AND `month` = 5  [ RunTime:0.0234s ]

[ 2021-07-19T11:50:54+08:00 ] 127.0.0.1 /datav-backend/admin.php/KeyEnterprises/get_list_by_map
INFO: [ app_init ] --START--
INFO: Run Behavior\BuildLiteBehavior [ RunTime:0.000006s ]
INFO: [ app_init ] --END-- [ RunTime:0.000502s ]
NOTIC: [8] Undefined variable: Think D:\work\datav-backend\Admin\Conf\config.php 第 4 行.
INFO: [ app_begin ] --START--
INFO: Run Behavior\ReadHtmlCacheBehavior [ RunTime:0.000760s ]
INFO: [ app_begin ] --END-- [ RunTime:0.000788s ]
SQL: SHOW COLUMNS FROM `datav_com_key` [ RunTime:0.0199s ]
SQL: SELECT COUNT(*) AS tp_count FROM `datav_com_key` WHERE `year` = '2021' AND `month` = 5 AND ( lng IS NOT NULL ) LIMIT 1   [ RunTime:0.0269s ]

[ 2021-07-19T11:57:01+08:00 ] 127.0.0.1 /datav-backend/admin.php/KeyEnterprises/get_list_by_map
INFO: [ app_init ] --START--
INFO: Run Behavior\BuildLiteBehavior [ RunTime:0.000012s ]
INFO: [ app_init ] --END-- [ RunTime:0.000825s ]
NOTIC: [8] Undefined variable: Think D:\work\datav-backend\Admin\Conf\config.php 第 4 行.
INFO: [ app_begin ] --START--
INFO: Run Behavior\ReadHtmlCacheBehavior [ RunTime:0.002598s ]
INFO: [ app_begin ] --END-- [ RunTime:0.002722s ]
SQL: SHOW COLUMNS FROM `datav_com_key` [ RunTime:0.0212s ]
SQL: SELECT COUNT(*) AS tp_count FROM `datav_com_key` WHERE `year` = '2021' AND `month` = 5 AND ( lng IS NOT NULL ) LIMIT 1   [ RunTime:0.0180s ]

[ 2021-07-19T12:00:26+08:00 ] 127.0.0.1 /datav-backend/admin.php/SysSetting/get_sys_date
INFO: [ app_init ] --START--
INFO: Run Behavior\BuildLiteBehavior [ RunTime:0.000007s ]
INFO: [ app_init ] --END-- [ RunTime:0.000431s ]
NOTIC: [8] Undefined variable: Think D:\work\datav-backend\Admin\Conf\config.php 第 4 行.
INFO: [ app_begin ] --START--
INFO: Run Behavior\ReadHtmlCacheBehavior [ RunTime:0.000625s ]
INFO: [ app_begin ] --END-- [ RunTime:0.000645s ]

[ 2021-07-19T12:00:27+08:00 ] 127.0.0.1 /datav-backend/admin.php/KeyEnterprises/get_list_by_map
INFO: [ app_init ] --START--
INFO: Run Behavior\BuildLiteBehavior [ RunTime:0.000010s ]
INFO: [ app_init ] --END-- [ RunTime:0.001464s ]
NOTIC: [8] Undefined variable: Think D:\work\datav-backend\Admin\Conf\config.php 第 4 行.
INFO: [ app_begin ] --START--
INFO: Run Behavior\ReadHtmlCacheBehavior [ RunTime:0.000591s ]
INFO: [ app_begin ] --END-- [ RunTime:0.000618s ]
SQL: SHOW COLUMNS FROM `datav_com_key` [ RunTime:0.0496s ]
SQL: SELECT COUNT(*) AS tp_count FROM `datav_com_key` WHERE `year` = '2021' AND `month` = 5 AND ( lng IS NOT NULL ) LIMIT 1   [ RunTime:0.0215s ]

[ 2021-07-19T12:01:00+08:00 ] 127.0.0.1 /datav-backend/admin.php/SysSetting/get_sys_date
INFO: [ app_init ] --START--
INFO: Run Behavior\BuildLiteBehavior [ RunTime:0.000006s ]
INFO: [ app_init ] --END-- [ RunTime:0.000738s ]
NOTIC: [8] Undefined variable: Think D:\work\datav-backend\Admin\Conf\config.php 第 4 行.
INFO: [ app_begin ] --START--
INFO: Run Behavior\ReadHtmlCacheBehavior [ RunTime:0.000529s ]
INFO: [ app_begin ] --END-- [ RunTime:0.000549s ]

[ 2021-07-19T12:01:01+08:00 ] 127.0.0.1 /datav-backend/admin.php/KeyEnterprises/get_list_by_map
INFO: [ app_init ] --START--
INFO: Run Behavior\BuildLiteBehavior [ RunTime:0.000008s ]
INFO: [ app_init ] --END-- [ RunTime:0.000412s ]
NOTIC: [8] Undefined variable: Think D:\work\datav-backend\Admin\Conf\config.php 第 4 行.
INFO: [ app_begin ] --START--
INFO: Run Behavior\ReadHtmlCacheBehavior [ RunTime:0.002234s ]
INFO: [ app_begin ] --END-- [ RunTime:0.002266s ]
SQL: SHOW COLUMNS FROM `datav_com_key` [ RunTime:0.0754s ]
SQL: SELECT COUNT(*) AS tp_count FROM `datav_com_key` WHERE `year` = '2021' AND `month` = 5 AND ( lng IS NOT NULL ) LIMIT 1   [ RunTime:0.0568s ]
SQL: SELECT `id`,`comname`,`cate`,`lng`,`lat` FROM `datav_com_key` WHERE `year` = '2021' AND `month` = 5 AND ( lng IS NOT NULL ) LIMIT 0,200   [ RunTime:0.0268s ]

[ 2021-07-19T12:01:39+08:00 ] 127.0.0.1 /datav-backend/admin.php/KeyEnterprises/get_list_by_map
INFO: [ app_init ] --START--
INFO: Run Behavior\BuildLiteBehavior [ RunTime:0.000007s ]
INFO: [ app_init ] --END-- [ RunTime:0.000461s ]
NOTIC: [8] Undefined variable: Think D:\work\datav-backend\Admin\Conf\config.php 第 4 行.
INFO: [ app_begin ] --START--
INFO: Run Behavior\ReadHtmlCacheBehavior [ RunTime:0.000688s ]
INFO: [ app_begin ] --END-- [ RunTime:0.000718s ]
SQL: SHOW COLUMNS FROM `datav_com_key` [ RunTime:0.0289s ]
SQL: SELECT COUNT(*) AS tp_count FROM `datav_com_key` WHERE `year` = '2021' AND `month` = 5 AND ( lng IS NOT NULL ) LIMIT 1   [ RunTime:0.0401s ]
SQL: SELECT `id`,`comname`,`cate`,`lng`,`lat` FROM `datav_com_key` WHERE `year` = '2021' AND `month` = 5 AND ( lng IS NOT NULL ) LIMIT 0,200   [ RunTime:0.0345s ]

[ 2021-07-19T12:02:29+08:00 ] 127.0.0.1 /datav-backend/admin.php/KeyEnterprises/get_list_by_map
INFO: [ app_init ] --START--
INFO: Run Behavior\BuildLiteBehavior [ RunTime:0.000006s ]
INFO: [ app_init ] --END-- [ RunTime:0.000440s ]
NOTIC: [8] Undefined variable: Think D:\work\datav-backend\Admin\Conf\config.php 第 4 行.
INFO: [ app_begin ] --START--
INFO: Run Behavior\ReadHtmlCacheBehavior [ RunTime:0.000623s ]
INFO: [ app_begin ] --END-- [ RunTime:0.000640s ]
SQL: SHOW COLUMNS FROM `datav_com_key` [ RunTime:0.0199s ]
SQL: SELECT COUNT(*) AS tp_count FROM `datav_com_key` WHERE `year` = '2021' AND `month` = 5 AND ( lng IS NOT NULL ) LIMIT 1   [ RunTime:0.0290s ]
SQL: SELECT `id`,`comname`,`cate`,`lng`,`lat` FROM `datav_com_key` WHERE `year` = '2021' AND `month` = 5 AND ( lng IS NOT NULL ) LIMIT 0,200   [ RunTime:0.0289s ]

[ 2021-07-19T12:02:46+08:00 ] 127.0.0.1 /datav-backend/admin.php/SysSetting/get_sys_date
INFO: [ app_init ] --START--
INFO: Run Behavior\BuildLiteBehavior [ RunTime:0.000005s ]
INFO: [ app_init ] --END-- [ RunTime:0.000346s ]
NOTIC: [8] Undefined variable: Think D:\work\datav-backend\Admin\Conf\config.php 第 4 行.
INFO: [ app_begin ] --START--
INFO: Run Behavior\ReadHtmlCacheBehavior [ RunTime:0.000486s ]
INFO: [ app_begin ] --END-- [ RunTime:0.000503s ]

[ 2021-07-19T12:02:47+08:00 ] 127.0.0.1 /datav-backend/admin.php/KeyEnterprises/get_list_by_map
INFO: [ app_init ] --START--
INFO: Run Behavior\BuildLiteBehavior [ RunTime:0.000007s ]
INFO: [ app_init ] --END-- [ RunTime:0.000429s ]
NOTIC: [8] Undefined variable: Think D:\work\datav-backend\Admin\Conf\config.php 第 4 行.
INFO: [ app_begin ] --START--
INFO: Run Behavior\ReadHtmlCacheBehavior [ RunTime:0.000590s ]
INFO: [ app_begin ] --END-- [ RunTime:0.000615s ]
SQL: SHOW COLUMNS FROM `datav_com_key` [ RunTime:0.0264s ]
SQL: SELECT COUNT(*) AS tp_count FROM `datav_com_key` WHERE `year` = '2021' AND `month` = 5 AND ( lng IS NOT NULL ) LIMIT 1   [ RunTime:0.0169s ]
SQL: SELECT `id`,`comname`,`cate`,`lng`,`lat` FROM `datav_com_key` WHERE `year` = '2021' AND `month` = 5 AND ( lng IS NOT NULL ) LIMIT 0,200   [ RunTime:0.0179s ]

[ 2021-07-19T12:03:18+08:00 ] 127.0.0.1 /datav-backend/admin.php/SysSetting/get_sys_date
INFO: [ app_init ] --START--
INFO: Run Behavior\BuildLiteBehavior [ RunTime:0.000007s ]
INFO: [ app_init ] --END-- [ RunTime:0.000394s ]
NOTIC: [8] Undefined variable: Think D:\work\datav-backend\Admin\Conf\config.php 第 4 行.
INFO: [ app_begin ] --START--
INFO: Run Behavior\ReadHtmlCacheBehavior [ RunTime:0.001174s ]
INFO: [ app_begin ] --END-- [ RunTime:0.001213s ]

[ 2021-07-19T12:03:18+08:00 ] 127.0.0.1 /datav-backend/admin.php/KeyEnterprises/get_list_by_map
INFO: [ app_init ] --START--
INFO: Run Behavior\BuildLiteBehavior [ RunTime:0.000009s ]
INFO: [ app_init ] --END-- [ RunTime:0.000424s ]
NOTIC: [8] Undefined variable: Think D:\work\datav-backend\Admin\Conf\config.php 第 4 行.
INFO: [ app_begin ] --START--
INFO: Run Behavior\ReadHtmlCacheBehavior [ RunTime:0.000737s ]
INFO: [ app_begin ] --END-- [ RunTime:0.000767s ]
SQL: SHOW COLUMNS FROM `datav_com_key` [ RunTime:0.0185s ]
SQL: SELECT COUNT(*) AS tp_count FROM `datav_com_key` WHERE `year` = '2021' AND `month` = 5 AND ( lng IS NOT NULL ) LIMIT 1   [ RunTime:0.0176s ]
SQL: SELECT `id`,`comname`,`cate`,`lng`,`lat` FROM `datav_com_key` WHERE `year` = '2021' AND `month` = 5 AND ( lng IS NOT NULL ) LIMIT 0,200   [ RunTime:0.0221s ]

[ 2021-07-19T12:03:52+08:00 ] 127.0.0.1 /datav-backend/admin.php/SysSetting/get_sys_date
INFO: [ app_init ] --START--
INFO: Run Behavior\BuildLiteBehavior [ RunTime:0.000006s ]
INFO: [ app_init ] --END-- [ RunTime:0.000495s ]
NOTIC: [8] Undefined variable: Think D:\work\datav-backend\Admin\Conf\config.php 第 4 行.
INFO: [ app_begin ] --START--
INFO: Run Behavior\ReadHtmlCacheBehavior [ RunTime:0.000589s ]
INFO: [ app_begin ] --END-- [ RunTime:0.000609s ]

[ 2021-07-19T12:03:53+08:00 ] 127.0.0.1 /datav-backend/admin.php/KeyEnterprises/get_list_by_map
INFO: [ app_init ] --START--
INFO: Run Behavior\BuildLiteBehavior [ RunTime:0.000006s ]
INFO: [ app_init ] --END-- [ RunTime:0.000412s ]
NOTIC: [8] Undefined variable: Think D:\work\datav-backend\Admin\Conf\config.php 第 4 行.
INFO: [ app_begin ] --START--
INFO: Run Behavior\ReadHtmlCacheBehavior [ RunTime:0.000636s ]
INFO: [ app_begin ] --END-- [ RunTime:0.000660s ]
SQL: SHOW COLUMNS FROM `datav_com_key` [ RunTime:0.0141s ]
SQL: SELECT COUNT(*) AS tp_count FROM `datav_com_key` WHERE `year` = '2021' AND `month` = 5 AND ( lng IS NOT NULL ) LIMIT 1   [ RunTime:0.0141s ]
SQL: SELECT `id`,`comname`,`cate`,`lng`,`lat` FROM `datav_com_key` WHERE `year` = '2021' AND `month` = 5 AND ( lng IS NOT NULL ) LIMIT 0,200   [ RunTime:0.0544s ]

[ 2021-07-19T12:05:38+08:00 ] 127.0.0.1 /datav-backend/admin.php/KeyEnterprises/get_list_by_map
INFO: [ app_init ] --START--
INFO: Run Behavior\BuildLiteBehavior [ RunTime:0.000007s ]
INFO: [ app_init ] --END-- [ RunTime:0.000443s ]
NOTIC: [8] Undefined variable: Think D:\work\datav-backend\Admin\Conf\config.php 第 4 行.
INFO: [ app_begin ] --START--
INFO: Run Behavior\ReadHtmlCacheBehavior [ RunTime:0.000665s ]
INFO: [ app_begin ] --END-- [ RunTime:0.000689s ]
SQL: SHOW COLUMNS FROM `datav_com_key` [ RunTime:0.0319s ]
SQL: SELECT COUNT(*) AS tp_count FROM `datav_com_key` WHERE `year` = '2021' AND `month` = 5 AND ( lng IS NOT NULL ) LIMIT 1   [ RunTime:0.0271s ]
SQL: SELECT `id`,`comname`,`cate`,`lng`,`lat` FROM `datav_com_key` WHERE `year` = '2021' AND `month` = 5 AND ( lng IS NOT NULL ) LIMIT 0,200   [ RunTime:0.0211s ]

[ 2021-07-19T12:06:21+08:00 ] 127.0.0.1 /datav-backend/admin.php/SysSetting/get_sys_date
INFO: [ app_init ] --START--
INFO: Run Behavior\BuildLiteBehavior [ RunTime:0.000008s ]
INFO: [ app_init ] --END-- [ RunTime:0.000622s ]
NOTIC: [8] Undefined variable: Think D:\work\datav-backend\Admin\Conf\config.php 第 4 行.
INFO: [ app_begin ] --START--
INFO: Run Behavior\ReadHtmlCacheBehavior [ RunTime:0.000539s ]
INFO: [ app_begin ] --END-- [ RunTime:0.000562s ]

[ 2021-07-19T12:06:22+08:00 ] 127.0.0.1 /datav-backend/admin.php/KeyEnterprises/get_list_by_map
INFO: [ app_init ] --START--
INFO: Run Behavior\BuildLiteBehavior [ RunTime:0.000007s ]
INFO: [ app_init ] --END-- [ RunTime:0.000464s ]
NOTIC: [8] Undefined variable: Think D:\work\datav-backend\Admin\Conf\config.php 第 4 行.
INFO: [ app_begin ] --START--
INFO: Run Behavior\ReadHtmlCacheBehavior [ RunTime:0.001387s ]
INFO: [ app_begin ] --END-- [ RunTime:0.001417s ]
SQL: SHOW COLUMNS FROM `datav_com_key` [ RunTime:0.0302s ]
SQL: SELECT COUNT(*) AS tp_count FROM `datav_com_key` WHERE `year` = '2021' AND `month` = 5 AND ( lng IS NOT NULL ) LIMIT 1   [ RunTime:0.0259s ]
SQL: SELECT `id`,`comname`,`cate`,`lng`,`lat` FROM `datav_com_key` WHERE `year` = '2021' AND `month` = 5 AND ( lng IS NOT NULL ) LIMIT 0,200   [ RunTime:0.0168s ]

[ 2021-07-19T19:42:42+08:00 ] 127.0.0.1 /datav-backend/admin.php/SysSetting/get_sys_date
INFO: [ app_init ] --START--
INFO: Run Behavior\BuildLiteBehavior [ RunTime:0.000008s ]
INFO: [ app_init ] --END-- [ RunTime:0.000524s ]
NOTIC: [8] Undefined variable: Think D:\work\datav-backend\Admin\Conf\config.php 第 4 行.
INFO: [ app_begin ] --START--
INFO: Run Behavior\ReadHtmlCacheBehavior [ RunTime:0.000671s ]
INFO: [ app_begin ] --END-- [ RunTime:0.000697s ]

[ 2021-07-19T19:42:46+08:00 ] 127.0.0.1 /datav-backend/admin.php/KeyEnterprises/get_list_by_map
INFO: [ app_init ] --START--
INFO: Run Behavior\BuildLiteBehavior [ RunTime:0.000009s ]
INFO: [ app_init ] --END-- [ RunTime:0.000455s ]
NOTIC: [8] Undefined variable: Think D:\work\datav-backend\Admin\Conf\config.php 第 4 行.
INFO: [ app_begin ] --START--
INFO: Run Behavior\ReadHtmlCacheBehavior [ RunTime:0.000794s ]
INFO: [ app_begin ] --END-- [ RunTime:0.000822s ]
SQL: SHOW COLUMNS FROM `datav_com_key` [ RunTime:0.5382s ]
SQL: SELECT COUNT(*) AS tp_count FROM `datav_com_key` WHERE `year` = '2021' AND `month` = 5 AND ( lng IS NOT NULL ) LIMIT 1   [ RunTime:0.3132s ]
SQL: SELECT `id`,`comname`,`cate`,`lng`,`lat` FROM `datav_com_key` WHERE `year` = '2021' AND `month` = 5 AND ( lng IS NOT NULL ) LIMIT 0,200   [ RunTime:1.8565s ]

[ 2021-07-19T19:42:56+08:00 ] 127.0.0.1 /datav-backend/admin.php/SysSetting/get_sys_date
INFO: [ app_init ] --START--
INFO: Run Behavior\BuildLiteBehavior [ RunTime:0.000561s ]
INFO: [ app_init ] --END-- [ RunTime:0.001403s ]
NOTIC: [8] Undefined variable: Think D:\work\datav-backend\Admin\Conf\config.php 第 4 行.
INFO: [ app_begin ] --START--
INFO: Run Behavior\ReadHtmlCacheBehavior [ RunTime:0.000889s ]
INFO: [ app_begin ] --END-- [ RunTime:0.000920s ]

[ 2021-07-19T19:42:57+08:00 ] 127.0.0.1 /datav-backend/admin.php/KeyEnterprises/get_list_by_map
INFO: [ app_init ] --START--
INFO: Run Behavior\BuildLiteBehavior [ RunTime:0.000006s ]
INFO: [ app_init ] --END-- [ RunTime:0.000379s ]
NOTIC: [8] Undefined variable: Think D:\work\datav-backend\Admin\Conf\config.php 第 4 行.
INFO: [ app_begin ] --START--
INFO: Run Behavior\ReadHtmlCacheBehavior [ RunTime:0.000527s ]
INFO: [ app_begin ] --END-- [ RunTime:0.000549s ]
SQL: SHOW COLUMNS FROM `datav_com_key` [ RunTime:0.0143s ]
SQL: SELECT COUNT(*) AS tp_count FROM `datav_com_key` WHERE `year` = '2021' AND `month` = 5 AND ( lng IS NOT NULL ) LIMIT 1   [ RunTime:0.0142s ]
SQL: SELECT `id`,`comname`,`cate`,`lng`,`lat` FROM `datav_com_key` WHERE `year` = '2021' AND `month` = 5 AND ( lng IS NOT NULL ) LIMIT 0,200   [ RunTime:0.0207s ]

[ 2021-07-19T19:52:02+08:00 ] 127.0.0.1 /datav-backend/admin.php/SysSetting/get_sys_date
INFO: [ app_init ] --START--
INFO: Run Behavior\BuildLiteBehavior [ RunTime:0.000004s ]
INFO: [ app_init ] --END-- [ RunTime:0.000450s ]
NOTIC: [8] Undefined variable: Think D:\work\datav-backend\Admin\Conf\config.php 第 4 行.
INFO: [ app_begin ] --START--
INFO: Run Behavior\ReadHtmlCacheBehavior [ RunTime:0.000643s ]
INFO: [ app_begin ] --END-- [ RunTime:0.000660s ]

[ 2021-07-19T19:52:03+08:00 ] 127.0.0.1 /datav-backend/admin.php/SysSetting/get_sys_date
INFO: [ app_init ] --START--
INFO: Run Behavior\BuildLiteBehavior [ RunTime:0.000010s ]
INFO: [ app_init ] --END-- [ RunTime:0.000911s ]
NOTIC: [8] Undefined variable: Think D:\work\datav-backend\Admin\Conf\config.php 第 4 行.
INFO: [ app_begin ] --START--
INFO: Run Behavior\ReadHtmlCacheBehavior [ RunTime:0.001218s ]
INFO: [ app_begin ] --END-- [ RunTime:0.001256s ]

[ 2021-07-19T19:52:06+08:00 ] 127.0.0.1 /datav-backend/admin.php/Total/get_data?cate=all
INFO: [ app_init ] --START--
INFO: Run Behavior\BuildLiteBehavior [ RunTime:0.000005s ]
INFO: [ app_init ] --END-- [ RunTime:0.000525s ]
NOTIC: [8] Undefined variable: Think D:\work\datav-backend\Admin\Conf\config.php 第 4 行.
INFO: [ app_begin ] --START--
INFO: Run Behavior\ReadHtmlCacheBehavior [ RunTime:0.000813s ]
INFO: [ app_begin ] --END-- [ RunTime:0.000833s ]
SQL: SHOW COLUMNS FROM `datav_total` [ RunTime:0.0155s ]
SQL: SELECT `title`,`measure`,jw_gross as gross,jw_rise as rise,`before_last_rise`,`two_year_rise` FROM `datav_total` WHERE `year` = '2021' AND `month` = 5 AND `title` IN ('地区生产总值','规模以上工业增加值','规模以上工业总产值','全社会固定资产投资','外贸进出口总额','实际吸收外商投资','社会消费品零售总额','一般公共预算收入','一般公共预算支出','珠海机场旅客吞吐量','珠海机场货邮吞吐量','高栏港港口吞吐量')  [ RunTime:0.0153s ]

[ 2021-07-19T19:52:06+08:00 ] 127.0.0.1 /datav-backend/admin.php/Total/get_all_by_town
INFO: [ app_init ] --START--
INFO: Run Behavior\BuildLiteBehavior [ RunTime:0.000005s ]
INFO: [ app_init ] --END-- [ RunTime:0.000564s ]
NOTIC: [8] Undefined variable: Think D:\work\datav-backend\Admin\Conf\config.php 第 4 行.
INFO: [ app_begin ] --START--
INFO: Run Behavior\ReadHtmlCacheBehavior [ RunTime:0.000828s ]
INFO: [ app_begin ] --END-- [ RunTime:0.000845s ]
SQL: SHOW COLUMNS FROM `datav_economy_town` [ RunTime:0.0216s ]
SQL: SELECT `title`,`measure`,`sz_gross`,`sz_rise`,`hq_gross`,`hq_rise`,`ns_gross`,`ns_rise`,`ps_gross`,`ps_rise` FROM `datav_economy_town` WHERE `year` = '2021' AND `month` = 5 ORDER BY id asc  [ RunTime:0.0424s ]

[ 2021-07-19T19:52:07+08:00 ] 127.0.0.1 /datav-backend/admin.php/Total/get_all_by_county
INFO: [ app_init ] --START--
INFO: Run Behavior\BuildLiteBehavior [ RunTime:0.000005s ]
INFO: [ app_init ] --END-- [ RunTime:0.000512s ]
NOTIC: [8] Undefined variable: Think D:\work\datav-backend\Admin\Conf\config.php 第 4 行.
INFO: [ app_begin ] --START--
INFO: Run Behavior\ReadHtmlCacheBehavior [ RunTime:0.000766s ]
INFO: [ app_begin ] --END-- [ RunTime:0.000783s ]
SQL: SHOW COLUMNS FROM `datav_economy_county` [ RunTime:0.0274s ]
SQL: SELECT distinct title,`measure` FROM `datav_economy_county` WHERE `year` = '2021' AND `month` = 5  [ RunTime:0.0160s ]
SQL: SELECT `title`,`measure`,`county`,`gross`,`rise`,`proportion`,`zs_ranking` FROM `datav_economy_county` WHERE `year` = 2021 AND `month` = 3 AND `title` = '地区生产总值'  [ RunTime:0.0301s ]
SQL: SELECT `title`,`measure`,`county`,`gross`,`rise`,`proportion`,`zs_ranking` FROM `datav_economy_county` WHERE `year` = '2021' AND `month` = 5 AND `title` <> '地区生产总值'  [ RunTime:0.0218s ]

[ 2021-07-19T19:52:07+08:00 ] 127.0.0.1 /datav-backend/admin.php/Total/get_all_by_country
INFO: [ app_init ] --START--
INFO: Run Behavior\BuildLiteBehavior [ RunTime:0.000006s ]
INFO: [ app_init ] --END-- [ RunTime:0.000483s ]
NOTIC: [8] Undefined variable: Think D:\work\datav-backend\Admin\Conf\config.php 第 4 行.
INFO: [ app_begin ] --START--
INFO: Run Behavior\ReadHtmlCacheBehavior [ RunTime:0.000751s ]
INFO: [ app_begin ] --END-- [ RunTime:0.000769s ]
SQL: SHOW COLUMNS FROM `datav_whole_country` [ RunTime:0.0290s ]
SQL: SELECT `title`,`measure`,IFNULL(country_gross,'--') as country_gross,`country_rise`,IFNULL(province_gross,'--') as province_gross,`province_rise`,IFNULL(city_gross,'--') as city_gross,`city_rise` FROM `datav_whole_country` WHERE `year` = '2021' AND `month` = 5 ORDER BY id asc  [ RunTime:0.1411s ]

[ 2021-07-19T19:52:09+08:00 ] 127.0.0.1 /datav-backend/admin.php/Total/get_data?cate=%E5%9C%B0%E5%8C%BA%E7%94%9F%E4%BA%A7%E6%80%BB%E5%80%BC
INFO: [ app_init ] --START--
INFO: Run Behavior\BuildLiteBehavior [ RunTime:0.000005s ]
INFO: [ app_init ] --END-- [ RunTime:0.000433s ]
NOTIC: [8] Undefined variable: Think D:\work\datav-backend\Admin\Conf\config.php 第 4 行.
INFO: [ app_begin ] --START--
INFO: Run Behavior\ReadHtmlCacheBehavior [ RunTime:0.000590s ]
INFO: [ app_begin ] --END-- [ RunTime:0.000607s ]
SQL: SHOW COLUMNS FROM `datav_total` [ RunTime:0.0395s ]
SQL: SELECT CONCAT(title,'2021年1-3月') as title,IFNULL(jw_gross,'--') as jw_gross,IFNULL(jw_rise,'--') as jw_rise,`measure` FROM `datav_total` WHERE `year` = 2021 AND `month` = 3 AND `title` = '地区生产总值' LIMIT 1   [ RunTime:0.0369s ]

[ 2021-07-19T19:52:10+08:00 ] 127.0.0.1 /datav-backend/admin.php/Economy/get_county?cate=%E5%9C%B0%E5%8C%BA%E7%94%9F%E4%BA%A7%E6%80%BB%E5%80%BC
INFO: [ app_init ] --START--
INFO: Run Behavior\BuildLiteBehavior [ RunTime:0.000005s ]
INFO: [ app_init ] --END-- [ RunTime:0.000507s ]
NOTIC: [8] Undefined variable: Think D:\work\datav-backend\Admin\Conf\config.php 第 4 行.
INFO: [ app_begin ] --START--
INFO: Run Behavior\ReadHtmlCacheBehavior [ RunTime:0.000705s ]
INFO: [ app_begin ] --END-- [ RunTime:0.000723s ]
SQL: SHOW COLUMNS FROM `datav_economy_county` [ RunTime:0.0483s ]
SQL: SELECT `county`,`gross`,`rise`,`proportion`,`zs_ranking`,`measure` FROM `datav_economy_county` WHERE `year` = 2021 AND `month` = 3 AND `title` = '地区生产总值'  [ RunTime:0.0201s ]

[ 2021-07-19T19:52:10+08:00 ] 127.0.0.1 /datav-backend/admin.php/Economy/get_domestic?cate=%E5%9C%B0%E5%8C%BA%E7%94%9F%E4%BA%A7%E6%80%BB%E5%80%BC
INFO: [ app_init ] --START--
INFO: Run Behavior\BuildLiteBehavior [ RunTime:0.000006s ]
INFO: [ app_init ] --END-- [ RunTime:0.000438s ]
NOTIC: [8] Undefined variable: Think D:\work\datav-backend\Admin\Conf\config.php 第 4 行.
INFO: [ app_begin ] --START--
INFO: Run Behavior\ReadHtmlCacheBehavior [ RunTime:0.000582s ]
INFO: [ app_begin ] --END-- [ RunTime:0.000599s ]
SQL: SHOW COLUMNS FROM `datav_economy_domestic` [ RunTime:0.0249s ]
SQL: SELECT `data_date`,`year`,`month` FROM `datav_economy_domestic` WHERE `year` = 2021 AND `month` = 3 AND `title` = '地区生产总值' ORDER BY data_date desc LIMIT 1   [ RunTime:0.0162s ]
SQL: SELECT `area`,`gross`,`rise` FROM `datav_economy_domestic` WHERE `title` = '地区生产总值' AND `data_date` = '2021-03-01' LIMIT 20   [ RunTime:0.0341s ]

[ 2021-07-19T19:52:10+08:00 ] 127.0.0.1 /datav-backend/admin.php/Timeline/get_monthdata?cate=%E5%9C%B0%E5%8C%BA%E7%94%9F%E4%BA%A7%E6%80%BB%E5%80%BC
INFO: [ app_init ] --START--
INFO: Run Behavior\BuildLiteBehavior [ RunTime:0.000004s ]
INFO: [ app_init ] --END-- [ RunTime:0.000430s ]
NOTIC: [8] Undefined variable: Think D:\work\datav-backend\Admin\Conf\config.php 第 4 行.
INFO: [ app_begin ] --START--
INFO: Run Behavior\ReadHtmlCacheBehavior [ RunTime:0.000560s ]
INFO: [ app_begin ] --END-- [ RunTime:0.000575s ]
SQL: SHOW COLUMNS FROM `datav_timeline_month` [ RunTime:0.0433s ]
SQL: SELECT CONCAT(year,'-',month) as date,jw_gross as gross,jw_rise as rise FROM `datav_timeline_month` WHERE `data_date` >= '2020-05' AND `title` = '地区生产总值' ORDER BY data_date asc LIMIT 4   [ RunTime:0.3189s ]

[ 2021-07-19T19:52:11+08:00 ] 127.0.0.1 /datav-backend/admin.php/Timeline/get_yeardata?cate=%E5%9C%B0%E5%8C%BA%E7%94%9F%E4%BA%A7%E6%80%BB%E5%80%BC
INFO: [ app_init ] --START--
INFO: Run Behavior\BuildLiteBehavior [ RunTime:0.000005s ]
INFO: [ app_init ] --END-- [ RunTime:0.000437s ]
NOTIC: [8] Undefined variable: Think D:\work\datav-backend\Admin\Conf\config.php 第 4 行.
INFO: [ app_begin ] --START--
INFO: Run Behavior\ReadHtmlCacheBehavior [ RunTime:0.000600s ]
INFO: [ app_begin ] --END-- [ RunTime:0.000624s ]
SQL: SHOW COLUMNS FROM `datav_timeline_year` [ RunTime:0.0338s ]
SQL: SELECT `year`,`zs_gross`,`zs_rise`,`kfq_gross`,`kfq_rise` FROM `datav_timeline_year` WHERE ( `year` >= '2016' AND `year` < '2021'  ) AND `title` = '地区生产总值'  [ RunTime:0.0166s ]

[ 2021-07-19T19:52:11+08:00 ] 127.0.0.1 /datav-backend/admin.php/KeyEnterprises/get_list?cate=%E5%B7%A5%E4%B8%9A&keyword=&gross_val=&gross_type=egt&rise_val=&rise_type=egt
INFO: [ app_init ] --START--
INFO: Run Behavior\BuildLiteBehavior [ RunTime:0.000006s ]
INFO: [ app_init ] --END-- [ RunTime:0.000505s ]
NOTIC: [8] Undefined variable: Think D:\work\datav-backend\Admin\Conf\config.php 第 4 行.
INFO: [ app_begin ] --START--
INFO: Run Behavior\ReadHtmlCacheBehavior [ RunTime:0.000654s ]
INFO: [ app_begin ] --END-- [ RunTime:0.000672s ]
SQL: SHOW COLUMNS FROM `datav_com_key` [ RunTime:0.0247s ]
SQL: SELECT COUNT(*) AS tp_count FROM `datav_com_key` WHERE `year` = '2021' AND `month` = 5 AND `cate` = '工业' LIMIT 1   [ RunTime:0.0419s ]
SQL: SELECT `id`,`comname`,`cate`,IFNULL(cur_gross,'--') as cur_gross,IFNULL(rise,'--') as rise,IFNULL(before_last_rise,'--') as before_last_rise,IFNULL(electric_gross,'--') as electric_gross,IFNULL(electric_rise,'--') as electric_rise,IFNULL(other,'--') as other FROM `datav_com_key` WHERE `year` = '2021' AND `month` = 5 AND `cate` = '工业' LIMIT 0,15   [ RunTime:0.0214s ]

[ 2021-07-19T19:52:11+08:00 ] 127.0.0.1 /datav-backend/admin.php/KeyEnterprises/get_cate
INFO: [ app_init ] --START--
INFO: Run Behavior\BuildLiteBehavior [ RunTime:0.000006s ]
INFO: [ app_init ] --END-- [ RunTime:0.000646s ]
NOTIC: [8] Undefined variable: Think D:\work\datav-backend\Admin\Conf\config.php 第 4 行.
INFO: [ app_begin ] --START--
INFO: Run Behavior\ReadHtmlCacheBehavior [ RunTime:0.000637s ]
INFO: [ app_begin ] --END-- [ RunTime:0.000656s ]
SQL: SHOW COLUMNS FROM `datav_com_key` [ RunTime:0.0175s ]
SQL: SELECT DISTINCT  `cate` FROM `datav_com_key` WHERE `year` = '2021' AND `month` = 5  [ RunTime:0.0194s ]

[ 2021-07-19T19:52:14+08:00 ] 127.0.0.1 /datav-backend/admin.php/KeyEnterprises/get_list_by_map
INFO: [ app_init ] --START--
INFO: Run Behavior\BuildLiteBehavior [ RunTime:0.000004s ]
INFO: [ app_init ] --END-- [ RunTime:0.000413s ]
NOTIC: [8] Undefined variable: Think D:\work\datav-backend\Admin\Conf\config.php 第 4 行.
INFO: [ app_begin ] --START--
INFO: Run Behavior\ReadHtmlCacheBehavior [ RunTime:0.000728s ]
INFO: [ app_begin ] --END-- [ RunTime:0.000747s ]
SQL: SHOW COLUMNS FROM `datav_com_key` [ RunTime:0.0207s ]
SQL: SELECT COUNT(*) AS tp_count FROM `datav_com_key` WHERE `year` = '2021' AND `month` = 5 AND ( lng IS NOT NULL ) LIMIT 1   [ RunTime:0.0225s ]
SQL: SELECT `id`,`comname`,`cate`,`lng`,`lat` FROM `datav_com_key` WHERE `year` = '2021' AND `month` = 5 AND ( lng IS NOT NULL ) LIMIT 0,200   [ RunTime:0.0428s ]

[ 2021-07-19T19:52:48+08:00 ] 127.0.0.1 /datav-backend/admin.php/KeyEnterprises/get_detail?id=%7B%22params%22:%7B%22id%22:%22409%22%7D%7D
INFO: [ app_init ] --START--
INFO: Run Behavior\BuildLiteBehavior [ RunTime:0.000009s ]
INFO: [ app_init ] --END-- [ RunTime:0.000664s ]
NOTIC: [8] Undefined variable: Think D:\work\datav-backend\Admin\Conf\config.php 第 4 行.
INFO: [ app_begin ] --START--
INFO: Run Behavior\ReadHtmlCacheBehavior [ RunTime:0.000748s ]
INFO: [ app_begin ] --END-- [ RunTime:0.000772s ]
SQL: SHOW COLUMNS FROM `datav_com_key` [ RunTime:0.0500s ]
SQL: SELECT `comname`,`description` FROM `datav_com_key` WHERE `id` = 0 LIMIT 1   [ RunTime:0.0448s ]

[ 2021-07-19T19:53:50+08:00 ] 127.0.0.1 /datav-backend/admin.php/KeyEnterprises/get_cate
INFO: [ app_init ] --START--
INFO: Run Behavior\BuildLiteBehavior [ RunTime:0.000005s ]
INFO: [ app_init ] --END-- [ RunTime:0.000432s ]
NOTIC: [8] Undefined variable: Think D:\work\datav-backend\Admin\Conf\config.php 第 4 行.
INFO: [ app_begin ] --START--
INFO: Run Behavior\ReadHtmlCacheBehavior [ RunTime:0.000551s ]
INFO: [ app_begin ] --END-- [ RunTime:0.000568s ]
SQL: SHOW COLUMNS FROM `datav_com_key` [ RunTime:0.0234s ]
SQL: SELECT DISTINCT  `cate` FROM `datav_com_key` WHERE `year` = '2021' AND `month` = 5  [ RunTime:0.0245s ]

[ 2021-07-19T19:53:50+08:00 ] 127.0.0.1 /datav-backend/admin.php/KeyEnterprises/get_list?cate=%E5%B7%A5%E4%B8%9A&keyword=&gross_val=&gross_type=egt&rise_val=&rise_type=egt
INFO: [ app_init ] --START--
INFO: Run Behavior\BuildLiteBehavior [ RunTime:0.000004s ]
INFO: [ app_init ] --END-- [ RunTime:0.000442s ]
NOTIC: [8] Undefined variable: Think D:\work\datav-backend\Admin\Conf\config.php 第 4 行.
INFO: [ app_begin ] --START--
INFO: Run Behavior\ReadHtmlCacheBehavior [ RunTime:0.000561s ]
INFO: [ app_begin ] --END-- [ RunTime:0.000578s ]
SQL: SHOW COLUMNS FROM `datav_com_key` [ RunTime:0.0158s ]
SQL: SELECT COUNT(*) AS tp_count FROM `datav_com_key` WHERE `year` = '2021' AND `month` = 5 AND `cate` = '工业' LIMIT 1   [ RunTime:0.0252s ]
SQL: SELECT `id`,`comname`,`cate`,IFNULL(cur_gross,'--') as cur_gross,IFNULL(rise,'--') as rise,IFNULL(before_last_rise,'--') as before_last_rise,IFNULL(electric_gross,'--') as electric_gross,IFNULL(electric_rise,'--') as electric_rise,IFNULL(other,'--') as other FROM `datav_com_key` WHERE `year` = '2021' AND `month` = 5 AND `cate` = '工业' LIMIT 0,15   [ RunTime:0.0245s ]

[ 2021-07-19T19:54:13+08:00 ] 127.0.0.1 /datav-backend/admin.php/KeyEnterprises/get_list_by_map
INFO: [ app_init ] --START--
INFO: Run Behavior\BuildLiteBehavior [ RunTime:0.000005s ]
INFO: [ app_init ] --END-- [ RunTime:0.000488s ]
NOTIC: [8] Undefined variable: Think D:\work\datav-backend\Admin\Conf\config.php 第 4 行.
INFO: [ app_begin ] --START--
INFO: Run Behavior\ReadHtmlCacheBehavior [ RunTime:0.000646s ]
INFO: [ app_begin ] --END-- [ RunTime:0.000666s ]
SQL: SHOW COLUMNS FROM `datav_com_key` [ RunTime:0.0280s ]
SQL: SELECT COUNT(*) AS tp_count FROM `datav_com_key` WHERE `year` = '2021' AND `month` = 5 AND ( lng IS NOT NULL ) LIMIT 1   [ RunTime:0.0152s ]
SQL: SELECT `id`,`comname`,`cate`,`lng`,`lat` FROM `datav_com_key` WHERE `year` = '2021' AND `month` = 5 AND ( lng IS NOT NULL ) LIMIT 0,200   [ RunTime:0.0288s ]

[ 2021-07-19T19:54:38+08:00 ] 127.0.0.1 /datav-backend/admin.php/KeyEnterprises/get_detail?id=%7B%22params%22:%7B%22id%22:%22415%22%7D%7D
INFO: [ app_init ] --START--
INFO: Run Behavior\BuildLiteBehavior [ RunTime:0.000005s ]
INFO: [ app_init ] --END-- [ RunTime:0.000428s ]
NOTIC: [8] Undefined variable: Think D:\work\datav-backend\Admin\Conf\config.php 第 4 行.
INFO: [ app_begin ] --START--
INFO: Run Behavior\ReadHtmlCacheBehavior [ RunTime:0.000560s ]
INFO: [ app_begin ] --END-- [ RunTime:0.000577s ]
SQL: SHOW COLUMNS FROM `datav_com_key` [ RunTime:0.0226s ]
SQL: SELECT `comname`,`description` FROM `datav_com_key` WHERE `id` = 0 LIMIT 1   [ RunTime:0.0539s ]

[ 2021-07-19T19:58:25+08:00 ] 127.0.0.1 /datav-backend/admin.php/KeyEnterprises/get_list?cate=%E5%B7%A5%E4%B8%9A&keyword=&gross_val=&gross_type=egt&rise_val=&rise_type=egt
INFO: [ app_init ] --START--
INFO: Run Behavior\BuildLiteBehavior [ RunTime:0.000006s ]
INFO: [ app_init ] --END-- [ RunTime:0.000550s ]
NOTIC: [8] Undefined variable: Think D:\work\datav-backend\Admin\Conf\config.php 第 4 行.
INFO: [ app_begin ] --START--
INFO: Run Behavior\ReadHtmlCacheBehavior [ RunTime:0.000696s ]
INFO: [ app_begin ] --END-- [ RunTime:0.000715s ]
SQL: SHOW COLUMNS FROM `datav_com_key` [ RunTime:0.0281s ]
SQL: SELECT COUNT(*) AS tp_count FROM `datav_com_key` WHERE `year` = '2021' AND `month` = 5 AND `cate` = '工业' LIMIT 1   [ RunTime:0.0676s ]
SQL: SELECT `id`,`comname`,`cate`,IFNULL(cur_gross,'--') as cur_gross,IFNULL(rise,'--') as rise,IFNULL(before_last_rise,'--') as before_last_rise,IFNULL(electric_gross,'--') as electric_gross,IFNULL(electric_rise,'--') as electric_rise,IFNULL(other,'--') as other FROM `datav_com_key` WHERE `year` = '2021' AND `month` = 5 AND `cate` = '工业' LIMIT 0,15   [ RunTime:0.1240s ]

[ 2021-07-19T19:58:25+08:00 ] 127.0.0.1 /datav-backend/admin.php/KeyEnterprises/get_cate
INFO: [ app_init ] --START--
INFO: Run Behavior\BuildLiteBehavior [ RunTime:0.000004s ]
INFO: [ app_init ] --END-- [ RunTime:0.000458s ]
NOTIC: [8] Undefined variable: Think D:\work\datav-backend\Admin\Conf\config.php 第 4 行.
INFO: [ app_begin ] --START--
INFO: Run Behavior\ReadHtmlCacheBehavior [ RunTime:0.000639s ]
INFO: [ app_begin ] --END-- [ RunTime:0.000655s ]
SQL: SHOW COLUMNS FROM `datav_com_key` [ RunTime:0.0352s ]
SQL: SELECT DISTINCT  `cate` FROM `datav_com_key` WHERE `year` = '2021' AND `month` = 5  [ RunTime:0.0290s ]

[ 2021-07-19T19:58:27+08:00 ] 127.0.0.1 /datav-backend/admin.php/KeyEnterprises/get_list_by_map
INFO: [ app_init ] --START--
INFO: Run Behavior\BuildLiteBehavior [ RunTime:0.000005s ]
INFO: [ app_init ] --END-- [ RunTime:0.000415s ]
NOTIC: [8] Undefined variable: Think D:\work\datav-backend\Admin\Conf\config.php 第 4 行.
INFO: [ app_begin ] --START--
INFO: Run Behavior\ReadHtmlCacheBehavior [ RunTime:0.000557s ]
INFO: [ app_begin ] --END-- [ RunTime:0.000574s ]
SQL: SHOW COLUMNS FROM `datav_com_key` [ RunTime:0.0166s ]
SQL: SELECT COUNT(*) AS tp_count FROM `datav_com_key` WHERE `year` = '2021' AND `month` = 5 AND ( lng IS NOT NULL ) LIMIT 1   [ RunTime:0.0162s ]
SQL: SELECT `id`,`comname`,`cate`,`lng`,`lat` FROM `datav_com_key` WHERE `year` = '2021' AND `month` = 5 AND ( lng IS NOT NULL ) LIMIT 0,200   [ RunTime:0.0214s ]

[ 2021-07-19T19:58:47+08:00 ] 127.0.0.1 /datav-backend/admin.php/SysSetting/get_sys_date
INFO: [ app_init ] --START--
INFO: Run Behavior\BuildLiteBehavior [ RunTime:0.000006s ]
INFO: [ app_init ] --END-- [ RunTime:0.000437s ]
NOTIC: [8] Undefined variable: Think D:\work\datav-backend\Admin\Conf\config.php 第 4 行.
INFO: [ app_begin ] --START--
INFO: Run Behavior\ReadHtmlCacheBehavior [ RunTime:0.000572s ]
INFO: [ app_begin ] --END-- [ RunTime:0.000596s ]

[ 2021-07-19T19:58:48+08:00 ] 127.0.0.1 /datav-backend/admin.php/KeyEnterprises/get_list_by_map
INFO: [ app_init ] --START--
INFO: Run Behavior\BuildLiteBehavior [ RunTime:0.000009s ]
INFO: [ app_init ] --END-- [ RunTime:0.000563s ]
NOTIC: [8] Undefined variable: Think D:\work\datav-backend\Admin\Conf\config.php 第 4 行.
INFO: [ app_begin ] --START--
INFO: Run Behavior\ReadHtmlCacheBehavior [ RunTime:0.000803s ]
INFO: [ app_begin ] --END-- [ RunTime:0.000831s ]
SQL: SHOW COLUMNS FROM `datav_com_key` [ RunTime:0.0223s ]
SQL: SELECT COUNT(*) AS tp_count FROM `datav_com_key` WHERE `year` = '2021' AND `month` = 5 AND ( lng IS NOT NULL ) LIMIT 1   [ RunTime:0.0555s ]
SQL: SELECT `id`,`comname`,`cate`,`lng`,`lat` FROM `datav_com_key` WHERE `year` = '2021' AND `month` = 5 AND ( lng IS NOT NULL ) LIMIT 0,200   [ RunTime:0.0287s ]

[ 2021-07-19T21:42:24+08:00 ] 127.0.0.1 /datav-backend/admin.php/KeyEnterprises/get_list_by_map
INFO: [ app_init ] --START--
INFO: Run Behavior\BuildLiteBehavior [ RunTime:0.000011s ]
INFO: [ app_init ] --END-- [ RunTime:0.000756s ]
NOTIC: [8] Undefined variable: Think D:\work\datav-backend\Admin\Conf\config.php 第 4 行.
INFO: [ app_begin ] --START--
INFO: Run Behavior\ReadHtmlCacheBehavior [ RunTime:0.000729s ]
INFO: [ app_begin ] --END-- [ RunTime:0.000761s ]
SQL: SHOW COLUMNS FROM `datav_com_key` [ RunTime:0.0561s ]
SQL: SELECT COUNT(*) AS tp_count FROM `datav_com_key` WHERE `year` = '2021' AND `month` = 5 AND ( lng IS NOT NULL ) LIMIT 1   [ RunTime:0.0266s ]
SQL: SELECT `id`,`comname`,`cate`,`lng`,`lat` FROM `datav_com_key` WHERE `year` = '2021' AND `month` = 5 AND ( lng IS NOT NULL ) LIMIT 0,200   [ RunTime:0.0319s ]

[ 2021-07-19T21:45:55+08:00 ] 127.0.0.1 /datav-backend/admin.php/SysSetting/get_sys_date
INFO: [ app_init ] --START--
INFO: Run Behavior\BuildLiteBehavior [ RunTime:0.000007s ]
INFO: [ app_init ] --END-- [ RunTime:0.000596s ]
NOTIC: [8] Undefined variable: Think D:\work\datav-backend\Admin\Conf\config.php 第 4 行.
INFO: [ app_begin ] --START--
INFO: Run Behavior\ReadHtmlCacheBehavior [ RunTime:0.000780s ]
INFO: [ app_begin ] --END-- [ RunTime:0.000809s ]

[ 2021-07-19T21:45:56+08:00 ] 127.0.0.1 /datav-backend/admin.php/KeyEnterprises/get_list_by_map
INFO: [ app_init ] --START--
INFO: Run Behavior\BuildLiteBehavior [ RunTime:0.000011s ]
INFO: [ app_init ] --END-- [ RunTime:0.000605s ]
NOTIC: [8] Undefined variable: Think D:\work\datav-backend\Admin\Conf\config.php 第 4 行.
INFO: [ app_begin ] --START--
INFO: Run Behavior\ReadHtmlCacheBehavior [ RunTime:0.000905s ]
INFO: [ app_begin ] --END-- [ RunTime:0.000937s ]
SQL: SHOW COLUMNS FROM `datav_com_key` [ RunTime:0.0338s ]
SQL: SELECT COUNT(*) AS tp_count FROM `datav_com_key` WHERE `year` = '2021' AND `month` = 5 AND ( lng IS NOT NULL ) LIMIT 1   [ RunTime:0.0211s ]
SQL: SELECT `id`,`comname`,`cate`,`lng`,`lat` FROM `datav_com_key` WHERE `year` = '2021' AND `month` = 5 AND ( lng IS NOT NULL ) LIMIT 0,200   [ RunTime:0.0428s ]

