[ 2021-07-03T11:16:56+08:00 ] 127.0.0.1 /datav-backend/admin.php/Total/get_data?cate=all
INFO: [ app_init ] --START--
INFO: Run Behavior\BuildLiteBehavior [ RunTime:0.000006s ]
INFO: [ app_init ] --END-- [ RunTime:0.000846s ]
INFO: [ app_begin ] --START--
INFO: Run Behavior\ReadHtmlCacheBehavior [ RunTime:0.001160s ]
INFO: [ app_begin ] --END-- [ RunTime:0.001177s ]
SQL: SHOW COLUMNS FROM `datav_total` [ RunTime:0.0189s ]
SQL: SELECT `title`,`measure`,jw_gross as gross,jw_rise as rise,`before_last_rise`,`two_year_rise` FROM `datav_total` WHERE `year` = '2021' AND `month` = 5 AND `title` IN ('地区生产总值','规模以上工业增加值','规模以上工业总产值','全社会固定资产投资','外贸进出口总额','实际吸收外商投资','社会消费品零售总额','一般公共预算收入','一般公共预算支出','珠海机场旅客吞吐量','珠海机场货邮吞吐量','高栏港港口吞吐量')  [ RunTime:0.0161s ]

[ 2021-07-03T11:16:59+08:00 ] 127.0.0.1 /datav-backend/admin.php/Economy/get_town?cate=%E5%85%A8%E7%A4%BE%E4%BC%9A%E5%9B%BA%E5%AE%9A%E8%B5%84%E4%BA%A7%E6%8A%95%E8%B5%84
INFO: [ app_init ] --START--
INFO: Run Behavior\BuildLiteBehavior [ RunTime:0.000007s ]
INFO: [ app_init ] --END-- [ RunTime:0.000445s ]
INFO: [ app_begin ] --START--
INFO: Run Behavior\ReadHtmlCacheBehavior [ RunTime:0.000623s ]
INFO: [ app_begin ] --END-- [ RunTime:0.000644s ]
SQL: SHOW COLUMNS FROM `datav_economy_town` [ RunTime:0.0221s ]
SQL: SELECT * FROM `datav_economy_town` WHERE `year` = '2021' AND `month` = 5 AND `title` = '全社会固定资产投资' LIMIT 1   [ RunTime:0.0257s ]

[ 2021-07-03T11:16:59+08:00 ] 127.0.0.1 /datav-backend/admin.php/Timeline/get_yeardata?cate=%E5%9B%BA%E5%AE%9A%E8%B5%84%E4%BA%A7%E6%8A%95%E8%B5%84
INFO: [ app_init ] --START--
INFO: Run Behavior\BuildLiteBehavior [ RunTime:0.000005s ]
INFO: [ app_init ] --END-- [ RunTime:0.000445s ]
INFO: [ app_begin ] --START--
INFO: Run Behavior\ReadHtmlCacheBehavior [ RunTime:0.000932s ]
INFO: [ app_begin ] --END-- [ RunTime:0.000952s ]
SQL: SHOW COLUMNS FROM `datav_timeline_year` [ RunTime:0.0181s ]
SQL: SELECT `year`,`zs_gross`,`zs_rise`,`kfq_gross`,`kfq_rise` FROM `datav_timeline_year` WHERE ( `year` >= '2016' AND `year` < '2021'  ) AND `title` = '固定资产投资'  [ RunTime:0.0220s ]

[ 2021-07-03T11:17:00+08:00 ] 127.0.0.1 /datav-backend/admin.php/Economy/get_county?cate=%E5%9B%BA%E5%AE%9A%E8%B5%84%E4%BA%A7%E6%8A%95%E8%B5%84%E9%A2%9D
INFO: [ app_init ] --START--
INFO: Run Behavior\BuildLiteBehavior [ RunTime:0.000007s ]
INFO: [ app_init ] --END-- [ RunTime:0.000547s ]
INFO: [ app_begin ] --START--
INFO: Run Behavior\ReadHtmlCacheBehavior [ RunTime:0.001279s ]
INFO: [ app_begin ] --END-- [ RunTime:0.001305s ]
SQL: SHOW COLUMNS FROM `datav_economy_county` [ RunTime:0.0278s ]
SQL: SELECT `county`,`gross`,`rise`,`proportion`,`zs_ranking`,`measure` FROM `datav_economy_county` WHERE `year` = '2021' AND `month` = 5 AND `title` = '固定资产投资额'  [ RunTime:0.0261s ]

[ 2021-07-03T11:17:00+08:00 ] 127.0.0.1 /datav-backend/admin.php/Total/get_data?cate=%E5%85%A8%E7%A4%BE%E4%BC%9A%E5%9B%BA%E5%AE%9A%E8%B5%84%E4%BA%A7%E6%8A%95%E8%B5%84
INFO: [ app_init ] --START--
INFO: Run Behavior\BuildLiteBehavior [ RunTime:0.000006s ]
INFO: [ app_init ] --END-- [ RunTime:0.000541s ]
INFO: [ app_begin ] --START--
INFO: Run Behavior\ReadHtmlCacheBehavior [ RunTime:0.000577s ]
INFO: [ app_begin ] --END-- [ RunTime:0.000598s ]
SQL: SHOW COLUMNS FROM `datav_total` [ RunTime:0.0171s ]
SQL: SELECT * FROM `datav_total` WHERE `year` = '2021' AND `month` = 5 AND `title` = '全社会固定资产投资' LIMIT 1   [ RunTime:0.0188s ]

[ 2021-07-03T11:17:00+08:00 ] 127.0.0.1 /datav-backend/admin.php/Timeline/get_monthdata?cate=%E5%9B%BA%E5%AE%9A%E8%B5%84%E4%BA%A7%E6%8A%95%E8%B5%84
INFO: [ app_init ] --START--
INFO: Run Behavior\BuildLiteBehavior [ RunTime:0.000020s ]
INFO: [ app_init ] --END-- [ RunTime:0.000565s ]
INFO: [ app_begin ] --START--
INFO: Run Behavior\ReadHtmlCacheBehavior [ RunTime:0.000780s ]
INFO: [ app_begin ] --END-- [ RunTime:0.000801s ]
SQL: SHOW COLUMNS FROM `datav_timeline_month` [ RunTime:0.0170s ]
SQL: SELECT CONCAT(year,'-',month) as date,jw_gross as gross,jw_rise as rise FROM `datav_timeline_month` WHERE `data_date` >= '2020-05' AND `title` = '固定资产投资' ORDER BY data_date asc LIMIT 12   [ RunTime:0.0187s ]

[ 2021-07-03T11:17:00+08:00 ] 127.0.0.1 /datav-backend/admin.php/Economy/get_domestic?cate=%E5%9B%BA%E5%AE%9A%E8%B5%84%E4%BA%A7%E6%8A%95%E8%B5%84%E9%A2%9D
INFO: [ app_init ] --START--
INFO: Run Behavior\BuildLiteBehavior [ RunTime:0.000007s ]
INFO: [ app_init ] --END-- [ RunTime:0.000637s ]
INFO: [ app_begin ] --START--
INFO: Run Behavior\ReadHtmlCacheBehavior [ RunTime:0.001208s ]
INFO: [ app_begin ] --END-- [ RunTime:0.001282s ]
SQL: SHOW COLUMNS FROM `datav_economy_domestic` [ RunTime:0.0157s ]
SQL: SELECT `data_date`,`year`,`month` FROM `datav_economy_domestic` WHERE `data_date` <= '2021-05-01' AND `title` = '固定资产投资额' ORDER BY data_date desc LIMIT 1   [ RunTime:0.0273s ]
SQL: SELECT `area`,`gross`,`rise` FROM `datav_economy_domestic` WHERE `title` = '固定资产投资额' AND `data_date` = '2021-04-01' LIMIT 20   [ RunTime:0.0296s ]

[ 2021-07-03T11:17:00+08:00 ] 127.0.0.1 /datav-backend/admin.php/InvestmentFixed/get_cate_total?cate=2
INFO: [ app_init ] --START--
INFO: Run Behavior\BuildLiteBehavior [ RunTime:0.000007s ]
INFO: [ app_init ] --END-- [ RunTime:0.002172s ]
INFO: [ app_begin ] --START--
INFO: Run Behavior\ReadHtmlCacheBehavior [ RunTime:0.000916s ]
INFO: [ app_begin ] --END-- [ RunTime:0.000944s ]
SQL: SHOW COLUMNS FROM `datav_investment_fixed` [ RunTime:0.0174s ]
SQL: SELECT `title`,jw_gross as gross,jw_rise as rise FROM `datav_investment_fixed` WHERE `year` = '2021' AND `month` = 5 AND `cate_key` = '2'  [ RunTime:0.0167s ]

[ 2021-07-03T22:05:51+08:00 ] 127.0.0.1 /datav-backend/admin.php/Total/get_data?cate=%E8%A7%84%E6%A8%A1%E4%BB%A5%E4%B8%8A%E5%B7%A5%E4%B8%9A%E5%A2%9E%E5%8A%A0%E5%80%BC
INFO: [ app_init ] --START--
INFO: Run Behavior\BuildLiteBehavior [ RunTime:0.000010s ]
INFO: [ app_init ] --END-- [ RunTime:0.001648s ]
INFO: [ app_begin ] --START--
INFO: Run Behavior\ReadHtmlCacheBehavior [ RunTime:0.001556s ]
INFO: [ app_begin ] --END-- [ RunTime:0.001593s ]
SQL: SHOW COLUMNS FROM `datav_total` [ RunTime:0.0265s ]
SQL: SELECT * FROM `datav_total` WHERE `year` = '2021' AND `month` = 5 AND `title` = '规模以上工业增加值' LIMIT 1   [ RunTime:0.0170s ]

[ 2021-07-03T22:05:51+08:00 ] 127.0.0.1 /datav-backend/admin.php/Economy/get_domestic?cate=%E8%A7%84%E6%A8%A1%E4%BB%A5%E4%B8%8A%E5%B7%A5%E4%B8%9A%E5%A2%9E%E5%8A%A0%E5%80%BC
INFO: [ app_init ] --START--
INFO: Run Behavior\BuildLiteBehavior [ RunTime:0.000009s ]
INFO: [ app_init ] --END-- [ RunTime:0.001732s ]
INFO: [ app_begin ] --START--
INFO: Run Behavior\ReadHtmlCacheBehavior [ RunTime:0.001403s ]
INFO: [ app_begin ] --END-- [ RunTime:0.001519s ]
SQL: SHOW COLUMNS FROM `datav_economy_domestic` [ RunTime:0.0235s ]
SQL: SELECT `data_date`,`year`,`month` FROM `datav_economy_domestic` WHERE `data_date` <= '2021-05-01' AND `title` = '规模以上工业增加值' ORDER BY data_date desc LIMIT 1   [ RunTime:0.0382s ]
SQL: SELECT `area`,`gross`,`rise` FROM `datav_economy_domestic` WHERE `title` = '规模以上工业增加值' AND `data_date` = '2021-04-01' LIMIT 20   [ RunTime:0.0359s ]

[ 2021-07-03T22:05:51+08:00 ] 127.0.0.1 /datav-backend/admin.php/Economy/get_town?cate=%E8%A7%84%E6%A8%A1%E4%BB%A5%E4%B8%8A%E5%B7%A5%E4%B8%9A%E5%A2%9E%E5%8A%A0%E5%80%BC
INFO: [ app_init ] --START--
INFO: Run Behavior\BuildLiteBehavior [ RunTime:0.000011s ]
INFO: [ app_init ] --END-- [ RunTime:0.001901s ]
INFO: [ app_begin ] --START--
INFO: Run Behavior\ReadHtmlCacheBehavior [ RunTime:0.001796s ]
INFO: [ app_begin ] --END-- [ RunTime:0.001832s ]
SQL: SHOW COLUMNS FROM `datav_economy_town` [ RunTime:0.0143s ]
SQL: SELECT * FROM `datav_economy_town` WHERE `year` = '2021' AND `month` = 5 AND `title` = '规模以上工业增加值' LIMIT 1   [ RunTime:0.0173s ]

[ 2021-07-03T22:05:51+08:00 ] 127.0.0.1 /datav-backend/admin.php/Economy/get_county?cate=%E8%A7%84%E6%A8%A1%E4%BB%A5%E4%B8%8A%E5%B7%A5%E4%B8%9A%E5%A2%9E%E5%8A%A0%E5%80%BC
INFO: [ app_init ] --START--
INFO: Run Behavior\BuildLiteBehavior [ RunTime:0.000009s ]
INFO: [ app_init ] --END-- [ RunTime:0.001679s ]
INFO: [ app_begin ] --START--
INFO: Run Behavior\ReadHtmlCacheBehavior [ RunTime:0.001380s ]
INFO: [ app_begin ] --END-- [ RunTime:0.001415s ]
SQL: SHOW COLUMNS FROM `datav_economy_county` [ RunTime:0.0164s ]
SQL: SELECT `county`,`gross`,`rise`,`proportion`,`zs_ranking`,`measure` FROM `datav_economy_county` WHERE `year` = '2021' AND `month` = 5 AND `title` = '规模以上工业增加值'  [ RunTime:0.0192s ]

[ 2021-07-03T22:05:52+08:00 ] 127.0.0.1 /datav-backend/admin.php/Timeline/get_yeardata?cate=%E8%A7%84%E6%A8%A1%E4%BB%A5%E4%B8%8A%E5%B7%A5%E4%B8%9A%E5%A2%9E%E5%8A%A0%E5%80%BC
INFO: [ app_init ] --START--
INFO: Run Behavior\BuildLiteBehavior [ RunTime:0.000005s ]
INFO: [ app_init ] --END-- [ RunTime:0.000564s ]
INFO: [ app_begin ] --START--
INFO: Run Behavior\ReadHtmlCacheBehavior [ RunTime:0.000853s ]
INFO: [ app_begin ] --END-- [ RunTime:0.000874s ]
SQL: SHOW COLUMNS FROM `datav_timeline_year` [ RunTime:0.0132s ]
SQL: SELECT `year`,`zs_gross`,`zs_rise`,`kfq_gross`,`kfq_rise` FROM `datav_timeline_year` WHERE ( `year` >= '2016' AND `year` < '2021'  ) AND `title` = '规模以上工业增加值'  [ RunTime:0.0164s ]

[ 2021-07-03T22:05:52+08:00 ] 127.0.0.1 /datav-backend/admin.php/Timeline/get_monthdata?cate=%E8%A7%84%E6%A8%A1%E4%BB%A5%E4%B8%8A%E5%B7%A5%E4%B8%9A%E5%A2%9E%E5%8A%A0%E5%80%BC
INFO: [ app_init ] --START--
INFO: Run Behavior\BuildLiteBehavior [ RunTime:0.000006s ]
INFO: [ app_init ] --END-- [ RunTime:0.000572s ]
INFO: [ app_begin ] --START--
INFO: Run Behavior\ReadHtmlCacheBehavior [ RunTime:0.000887s ]
INFO: [ app_begin ] --END-- [ RunTime:0.000909s ]
SQL: SHOW COLUMNS FROM `datav_timeline_month` [ RunTime:0.0174s ]
SQL: SELECT CONCAT(year,'-',month) as date,jw_gross as gross,jw_rise as rise FROM `datav_timeline_month` WHERE `data_date` >= '2020-05' AND `title` = '规模以上工业增加值' ORDER BY data_date asc LIMIT 12   [ RunTime:0.0236s ]

[ 2021-07-03T22:05:52+08:00 ] 127.0.0.1 /datav-backend/admin.php/IndustryPillar/get_data?cate=zjz
INFO: [ app_init ] --START--
INFO: Run Behavior\BuildLiteBehavior [ RunTime:0.000007s ]
INFO: [ app_init ] --END-- [ RunTime:0.000494s ]
INFO: [ app_begin ] --START--
INFO: Run Behavior\ReadHtmlCacheBehavior [ RunTime:0.000700s ]
INFO: [ app_begin ] --END-- [ RunTime:0.000723s ]
SQL: SHOW COLUMNS FROM `datav_industry_pillar_zjz` [ RunTime:0.0241s ]
SQL: SELECT `title`,`com_num`,CEIL(gross) as gross,`rise`,`proportion` FROM `datav_industry_pillar_zjz` WHERE `title` <> '合计' AND `year` = '2021' AND `month` = 5  [ RunTime:0.0168s ]

[ 2021-07-03T22:05:53+08:00 ] 127.0.0.1 /datav-backend/admin.php/IndustryXdmy/get_data?cate=zjz
INFO: [ app_init ] --START--
INFO: Run Behavior\BuildLiteBehavior [ RunTime:0.000006s ]
INFO: [ app_init ] --END-- [ RunTime:0.000522s ]
INFO: [ app_begin ] --START--
INFO: Run Behavior\ReadHtmlCacheBehavior [ RunTime:0.000671s ]
INFO: [ app_begin ] --END-- [ RunTime:0.000691s ]
SQL: SHOW COLUMNS FROM `datav_industry_xdmy_zjz` [ RunTime:0.0204s ]
SQL: SELECT `title`,`comnum`,CEIL(jw_gross) as gross,jw_rise as rise FROM `datav_industry_xdmy_zjz` WHERE `year` = '2021' AND `month` = 5  [ RunTime:0.0177s ]

[ 2021-07-03T22:05:53+08:00 ] 127.0.0.1 /datav-backend/admin.php/IndustryHangye/get_data?cate=zjz
INFO: [ app_init ] --START--
INFO: Run Behavior\BuildLiteBehavior [ RunTime:0.000005s ]
INFO: [ app_init ] --END-- [ RunTime:0.000410s ]
INFO: [ app_begin ] --START--
INFO: Run Behavior\ReadHtmlCacheBehavior [ RunTime:0.000544s ]
INFO: [ app_begin ] --END-- [ RunTime:0.000561s ]
SQL: SHOW COLUMNS FROM `datav_industry_hangye_zjz` [ RunTime:0.0279s ]
SQL: SELECT `title`,`comnum`,CEIL(jw_gross) as gross,jw_rise as rise FROM `datav_industry_hangye_zjz` WHERE `title` <> '合计' AND `year` = '2021' AND `month` = 5  [ RunTime:0.0216s ]

[ 2021-07-03T22:05:53+08:00 ] 127.0.0.1 /datav-backend/admin.php/Total/get_data?cate=%E5%85%A8%E7%A4%BE%E4%BC%9A%E5%9B%BA%E5%AE%9A%E8%B5%84%E4%BA%A7%E6%8A%95%E8%B5%84
INFO: [ app_init ] --START--
INFO: Run Behavior\BuildLiteBehavior [ RunTime:0.000008s ]
INFO: [ app_init ] --END-- [ RunTime:0.000677s ]
INFO: [ app_begin ] --START--
INFO: Run Behavior\ReadHtmlCacheBehavior [ RunTime:0.000855s ]
INFO: [ app_begin ] --END-- [ RunTime:0.000880s ]
SQL: SHOW COLUMNS FROM `datav_total` [ RunTime:0.0237s ]
SQL: SELECT * FROM `datav_total` WHERE `year` = '2021' AND `month` = 5 AND `title` = '全社会固定资产投资' LIMIT 1   [ RunTime:0.0209s ]

[ 2021-07-03T22:05:53+08:00 ] 127.0.0.1 /datav-backend/admin.php/Economy/get_town?cate=%E5%85%A8%E7%A4%BE%E4%BC%9A%E5%9B%BA%E5%AE%9A%E8%B5%84%E4%BA%A7%E6%8A%95%E8%B5%84
INFO: [ app_init ] --START--
INFO: Run Behavior\BuildLiteBehavior [ RunTime:0.000005s ]
INFO: [ app_init ] --END-- [ RunTime:0.000498s ]
INFO: [ app_begin ] --START--
INFO: Run Behavior\ReadHtmlCacheBehavior [ RunTime:0.000647s ]
INFO: [ app_begin ] --END-- [ RunTime:0.000669s ]
SQL: SHOW COLUMNS FROM `datav_economy_town` [ RunTime:0.0162s ]
SQL: SELECT * FROM `datav_economy_town` WHERE `year` = '2021' AND `month` = 5 AND `title` = '全社会固定资产投资' LIMIT 1   [ RunTime:0.0153s ]

[ 2021-07-03T22:05:53+08:00 ] 127.0.0.1 /datav-backend/admin.php/Economy/get_county?cate=%E5%9B%BA%E5%AE%9A%E8%B5%84%E4%BA%A7%E6%8A%95%E8%B5%84%E9%A2%9D
INFO: [ app_init ] --START--
INFO: Run Behavior\BuildLiteBehavior [ RunTime:0.000009s ]
INFO: [ app_init ] --END-- [ RunTime:0.000445s ]
INFO: [ app_begin ] --START--
INFO: Run Behavior\ReadHtmlCacheBehavior [ RunTime:0.000560s ]
INFO: [ app_begin ] --END-- [ RunTime:0.000578s ]
SQL: SHOW COLUMNS FROM `datav_economy_county` [ RunTime:0.0176s ]
SQL: SELECT `county`,`gross`,`rise`,`proportion`,`zs_ranking`,`measure` FROM `datav_economy_county` WHERE `year` = '2021' AND `month` = 5 AND `title` = '固定资产投资额'  [ RunTime:0.0170s ]

[ 2021-07-03T22:05:57+08:00 ] 127.0.0.1 /datav-backend/admin.php/Economy/get_domestic?cate=%E5%9B%BA%E5%AE%9A%E8%B5%84%E4%BA%A7%E6%8A%95%E8%B5%84%E9%A2%9D
INFO: [ app_init ] --START--
INFO: Run Behavior\BuildLiteBehavior [ RunTime:0.000007s ]
INFO: [ app_init ] --END-- [ RunTime:0.000644s ]
INFO: [ app_begin ] --START--
INFO: Run Behavior\ReadHtmlCacheBehavior [ RunTime:0.000806s ]
INFO: [ app_begin ] --END-- [ RunTime:0.000831s ]
SQL: SHOW COLUMNS FROM `datav_economy_domestic` [ RunTime:0.0180s ]
SQL: SELECT `data_date`,`year`,`month` FROM `datav_economy_domestic` WHERE `data_date` <= '2021-05-01' AND `title` = '固定资产投资额' ORDER BY data_date desc LIMIT 1   [ RunTime:0.0187s ]
SQL: SELECT `area`,`gross`,`rise` FROM `datav_economy_domestic` WHERE `title` = '固定资产投资额' AND `data_date` = '2021-04-01' LIMIT 20   [ RunTime:0.0136s ]

[ 2021-07-03T22:05:57+08:00 ] 127.0.0.1 /datav-backend/admin.php/Timeline/get_monthdata?cate=%E5%9B%BA%E5%AE%9A%E8%B5%84%E4%BA%A7%E6%8A%95%E8%B5%84
INFO: [ app_init ] --START--
INFO: Run Behavior\BuildLiteBehavior [ RunTime:0.000005s ]
INFO: [ app_init ] --END-- [ RunTime:0.000426s ]
INFO: [ app_begin ] --START--
INFO: Run Behavior\ReadHtmlCacheBehavior [ RunTime:0.000545s ]
INFO: [ app_begin ] --END-- [ RunTime:0.000561s ]
SQL: SHOW COLUMNS FROM `datav_timeline_month` [ RunTime:0.0172s ]
SQL: SELECT CONCAT(year,'-',month) as date,jw_gross as gross,jw_rise as rise FROM `datav_timeline_month` WHERE `data_date` >= '2020-05' AND `title` = '固定资产投资' ORDER BY data_date asc LIMIT 12   [ RunTime:0.0170s ]

[ 2021-07-03T22:05:57+08:00 ] 127.0.0.1 /datav-backend/admin.php/Timeline/get_yeardata?cate=%E5%9B%BA%E5%AE%9A%E8%B5%84%E4%BA%A7%E6%8A%95%E8%B5%84
INFO: [ app_init ] --START--
INFO: Run Behavior\BuildLiteBehavior [ RunTime:0.000010s ]
INFO: [ app_init ] --END-- [ RunTime:0.000781s ]
INFO: [ app_begin ] --START--
INFO: Run Behavior\ReadHtmlCacheBehavior [ RunTime:0.000824s ]
INFO: [ app_begin ] --END-- [ RunTime:0.000851s ]
SQL: SHOW COLUMNS FROM `datav_timeline_year` [ RunTime:0.0276s ]
SQL: SELECT `year`,`zs_gross`,`zs_rise`,`kfq_gross`,`kfq_rise` FROM `datav_timeline_year` WHERE ( `year` >= '2016' AND `year` < '2021'  ) AND `title` = '固定资产投资'  [ RunTime:0.0226s ]

[ 2021-07-03T22:05:57+08:00 ] 127.0.0.1 /datav-backend/admin.php/InvestmentFixed/get_cate_total?cate=2
INFO: [ app_init ] --START--
INFO: Run Behavior\BuildLiteBehavior [ RunTime:0.000006s ]
INFO: [ app_init ] --END-- [ RunTime:0.000418s ]
INFO: [ app_begin ] --START--
INFO: Run Behavior\ReadHtmlCacheBehavior [ RunTime:0.000539s ]
INFO: [ app_begin ] --END-- [ RunTime:0.000559s ]
SQL: SHOW COLUMNS FROM `datav_investment_fixed` [ RunTime:0.0293s ]
SQL: SELECT `title`,jw_gross as gross,jw_rise as rise FROM `datav_investment_fixed` WHERE `year` = '2021' AND `month` = 5 AND `cate_key` = '2'  [ RunTime:0.0340s ]

[ 2021-07-03T22:09:39+08:00 ] 127.0.0.1 /datav-backend/admin.php/Total/get_data?cate=all
INFO: [ app_init ] --START--
INFO: Run Behavior\BuildLiteBehavior [ RunTime:0.000005s ]
INFO: [ app_init ] --END-- [ RunTime:0.000467s ]
INFO: [ app_begin ] --START--
INFO: Run Behavior\ReadHtmlCacheBehavior [ RunTime:0.000653s ]
INFO: [ app_begin ] --END-- [ RunTime:0.000669s ]
SQL: SHOW COLUMNS FROM `datav_total` [ RunTime:0.0160s ]
SQL: SELECT `title`,`measure`,jw_gross as gross,jw_rise as rise,`before_last_rise`,`two_year_rise` FROM `datav_total` WHERE `year` = '2021' AND `month` = 5 AND `title` IN ('地区生产总值','规模以上工业增加值','规模以上工业总产值','全社会固定资产投资','外贸进出口总额','实际吸收外商投资','社会消费品零售总额','一般公共预算收入','一般公共预算支出','珠海机场旅客吞吐量','珠海机场货邮吞吐量','高栏港港口吞吐量')  [ RunTime:0.0149s ]

[ 2021-07-03T22:11:22+08:00 ] 127.0.0.1 /datav-backend/admin.php/Total/get_data?cate=all
INFO: [ app_init ] --START--
INFO: Run Behavior\BuildLiteBehavior [ RunTime:0.000007s ]
INFO: [ app_init ] --END-- [ RunTime:0.000437s ]
INFO: [ app_begin ] --START--
INFO: Run Behavior\ReadHtmlCacheBehavior [ RunTime:0.000578s ]
INFO: [ app_begin ] --END-- [ RunTime:0.000596s ]
SQL: SHOW COLUMNS FROM `datav_total` [ RunTime:0.0157s ]
SQL: SELECT `title`,`measure`,jw_gross as gross,jw_rise as rise,`before_last_rise`,`two_year_rise` FROM `datav_total` WHERE `year` = '2021' AND `month` = 5 AND `title` IN ('地区生产总值','规模以上工业增加值','规模以上工业总产值','全社会固定资产投资','外贸进出口总额','实际吸收外商投资','社会消费品零售总额','一般公共预算收入','一般公共预算支出','珠海机场旅客吞吐量','珠海机场货邮吞吐量','高栏港港口吞吐量')  [ RunTime:0.0203s ]

[ 2021-07-03T22:11:39+08:00 ] 127.0.0.1 /datav-backend/admin.php/Total/get_data?cate=all
INFO: [ app_init ] --START--
INFO: Run Behavior\BuildLiteBehavior [ RunTime:0.000006s ]
INFO: [ app_init ] --END-- [ RunTime:0.000480s ]
INFO: [ app_begin ] --START--
INFO: Run Behavior\ReadHtmlCacheBehavior [ RunTime:0.000661s ]
INFO: [ app_begin ] --END-- [ RunTime:0.000678s ]
SQL: SHOW COLUMNS FROM `datav_total` [ RunTime:0.0207s ]
SQL: SELECT `title`,`measure`,jw_gross as gross,jw_rise as rise,`before_last_rise`,`two_year_rise` FROM `datav_total` WHERE `year` = '2021' AND `month` = 5 AND `title` IN ('地区生产总值','规模以上工业增加值','规模以上工业总产值','全社会固定资产投资','外贸进出口总额','实际吸收外商投资','社会消费品零售总额','一般公共预算收入','一般公共预算支出','珠海机场旅客吞吐量','珠海机场货邮吞吐量','高栏港港口吞吐量')  [ RunTime:0.0544s ]

