[ 2021-07-12T04:59:28+08:00 ] ::1 /datav-backend/admin.php/Upload/upload.html
INFO: [ app_init ] --START--
INFO: Run Behavior\BuildLiteBehavior [ RunTime:0.000014s ]
INFO: [ app_init ] --END-- [ RunTime:0.001677s ]
INFO: [ app_begin ] --START--
INFO: Run Behavior\ReadHtmlCacheBehavior [ RunTime:0.002530s ]
INFO: [ app_begin ] --END-- [ RunTime:0.002589s ]
NOTIC: [2] Declaration of Admin\Controller\UploadController::show() should be compatible with Think\Controller::show($content, $charset = '', $contentType = '', $prefix = '') D:\work\datav-backend\Admin\Controller\UploadController.class.php 第 105 行.
NOTIC: [2] call_user_func() expects parameter 1 to be a valid callback, no array or string given D:\work\ThinkPHP\Library\Think\Upload.class.php 第 170 行.
SQL: SHOW COLUMNS FROM `datav_whole_country` [ RunTime:0.0233s ]
SQL: SHOW COLUMNS FROM `datav_table_date` [ RunTime:0.0174s ]
SQL: SELECT COUNT(*) AS tp_count FROM `datav_table_date` WHERE `year` = '2021' AND `table_name` = 'datav_whole_country' AND `month` = 5 LIMIT 1   [ RunTime:0.0169s ]
ERR: SQLSTATE[23000]: Integrity constraint violation: 1048 Column 'measure' cannot be null

[ 2021-07-12T04:59:58+08:00 ] ::1 /datav-backend/admin.php/Upload/upload.html
INFO: [ app_init ] --START--
INFO: Run Behavior\BuildLiteBehavior [ RunTime:0.000008s ]
INFO: [ app_init ] --END-- [ RunTime:0.000515s ]
INFO: [ app_begin ] --START--
INFO: Run Behavior\ReadHtmlCacheBehavior [ RunTime:0.000675s ]
INFO: [ app_begin ] --END-- [ RunTime:0.000694s ]
NOTIC: [2] Declaration of Admin\Controller\UploadController::show() should be compatible with Think\Controller::show($content, $charset = '', $contentType = '', $prefix = '') D:\work\datav-backend\Admin\Controller\UploadController.class.php 第 105 行.
NOTIC: [2] call_user_func() expects parameter 1 to be a valid callback, no array or string given D:\work\ThinkPHP\Library\Think\Upload.class.php 第 170 行.
SQL: SHOW COLUMNS FROM `datav_whole_country` [ RunTime:0.0175s ]
SQL: SHOW COLUMNS FROM `datav_table_date` [ RunTime:0.0194s ]
SQL: SELECT COUNT(*) AS tp_count FROM `datav_table_date` WHERE `year` = '2021' AND `table_name` = 'datav_whole_country' AND `month` = 5 LIMIT 1   [ RunTime:0.0289s ]
SQL: INSERT INTO `datav_whole_country` (`year`,`month`,`create_by`,`data_date`,`title`,`parent_name`,`measure`,`country_gross`,`country_rise`,`province_gross`,`province_rise`,`city_gross`,`city_rise`) VALUES ('2021','5','2','2021-05-01','规模以上工业增加值','一级','亿元','249310','18.3','27118','18.6','826.47','18.8'),('2021','5','2','2021-05-01','全社会固定资产投资','一级','亿元',null,'17.8','13700','21','510.6','24.1'),('2021','5','2','2021-05-01','工业投资','全社会固定资产投资','亿元','193917','15.4',null,'22.8','810.5','10.5'),('2021','5','2','2021-05-01','装备制造业投资','工业投资','亿元',null,'18.1',null,'29.2','123.94','6.6'),('2021','5','2','2021-05-01','工业技改投资','工业投资','亿元',null,'19.2',null,null,'62.97','31'),('2021','5','2','2021-05-01','房地产开发投资','全社会固定资产投资','亿元',null,null,null,'36.4','43.63','-18.5'),('2021','5','2','2021-05-01','基础设施','全社会固定资产投资',null,null,'18.3',null,'18.8','452.05','25.1'),('2021','5','2','2021-05-01','社会消费品零售总额','一级','亿元',null,'11.8',null,'10.3','127.87','-9.3'),('2021','5','2','2021-05-01','批发零售业销售额','一级','亿元','35945','12.4','18000','23.9','418.59','32'),('2021','5','2','2021-05-01','外贸进出口总额','一级','万元',null,null,null,null,'2262.8','31.4'),('2021','5','2','2021-05-01','外贸出口','外贸进出口总额','万元','147595','28.2','31500','27.1','1351.99','40.2'),('2021','5','2','2021-05-01','外贸进口','外贸进出口总额','万元','80414','30.1','19100','30.1','744.14','34.1'),('2021','5','2','2021-05-01','实际吸收外商直接投资','一级','亿美元','67181','25.9','12400','22.8','607.86','48.6'),('2021','5','2','2021-05-01','一般公共预算收入','一级','亿元',null,null,null,null,'20.17','35.8'),('2021','5','2','2021-05-01','税收收入','一般公共预算收入','亿元','96454','24.2','6000','16.3','200.23','20.1'),('2021','5','2','2021-05-01','一般公共预算支出','一级','亿元','83831','25.5',null,null,'147.7','15.2'),('2021','5','2','2021-05-01','税务部门税收收入','一级','亿元','93553','3.6','7100','8.5','274.61','7.1'),('2021','5','2','2021-05-01','中外资金融机构本外币各项存款余额','一级','亿元',null,null,null,null,'502.12','8.8'),('2021','5','2','2021-05-01','境内住户存款','中外资金融机构本外币各项存款余额','亿元',null,null,null,null,'10155.53','6'),('2021','5','2','2021-05-01','中外资金融机构本外币各项贷款余额','一级','亿元',null,null,null,null,'2385.06','11.9'),('2021','5','2','2021-05-01','公路运输总周转量','一级','亿吨公里',null,null,null,null,'8162.19','15.6'),('2021','5','2','2021-05-01','水上运输总周转量','一级','亿吨公里',null,null,null,null,'17.5','34.7'),('2021','5','2','2021-05-01','港口货物吞吐量','一级','万吨',null,null,null,null,'191.88','69.3'),('2021','5','2','2021-05-01','港口集装箱吞吐量','一级','万标箱',null,null,null,'15','5712.05','13.2'),('2021','5','2','2021-05-01','全社会用电量','一级','亿千瓦时',null,null,null,'20.6','94.7','26.3'),('2021','5','2','2021-05-01','工业用电量','全社会用电量','亿千瓦时',null,null,null,null,'80.93','23.9'),('2021','5','2','2021-05-01','居民消费价格指数','一级','%',null,null,null,null,'46.57','21.4') [ RunTime:0.0356s ]
SQL: INSERT INTO `datav_table_date` (`create_by`,`table_name_cn`,`year`,`table_name`,`month`) VALUES ('2','国家、省、市主要经济指标','2021','datav_whole_country','5') [ RunTime:0.0355s ]

[ 2021-07-12T05:01:40+08:00 ] ::1 /datav-backend/admin.php/Upload/upload.html
INFO: [ app_init ] --START--
INFO: Run Behavior\BuildLiteBehavior [ RunTime:0.000004s ]
INFO: [ app_init ] --END-- [ RunTime:0.000415s ]
INFO: [ app_begin ] --START--
INFO: Run Behavior\ReadHtmlCacheBehavior [ RunTime:0.000524s ]
INFO: [ app_begin ] --END-- [ RunTime:0.000543s ]
NOTIC: [2] Declaration of Admin\Controller\UploadController::show() should be compatible with Think\Controller::show($content, $charset = '', $contentType = '', $prefix = '') D:\work\datav-backend\Admin\Controller\UploadController.class.php 第 105 行.
NOTIC: [2] call_user_func() expects parameter 1 to be a valid callback, no array or string given D:\work\ThinkPHP\Library\Think\Upload.class.php 第 170 行.
SQL: SHOW COLUMNS FROM `datav_whole_country` [ RunTime:0.0214s ]
SQL: SHOW COLUMNS FROM `datav_table_date` [ RunTime:0.0262s ]
SQL: SELECT COUNT(*) AS tp_count FROM `datav_table_date` WHERE `year` = '2021' AND `table_name` = 'datav_whole_country' AND `month` = 4 LIMIT 1   [ RunTime:0.0209s ]
SQL: INSERT INTO `datav_whole_country` (`year`,`month`,`create_by`,`data_date`,`title`,`parent_name`,`measure`,`country_gross`,`country_rise`,`province_gross`,`province_rise`,`city_gross`,`city_rise`) VALUES ('2021','4','2','2021-04-01','规模以上工业增加值','一级','亿元',null,null,null,null,'826.47','18.8'),('2021','4','2','2021-04-01','全社会固定资产投资','一级','亿元',null,null,null,null,'405.17','30.6'),('2021','4','2','2021-04-01','工业投资','全社会固定资产投资','亿元',null,null,null,null,'613.93','22.5'),('2021','4','2','2021-04-01','装备制造业投资','工业投资','亿元',null,null,null,null,'93.44','13.6'),('2021','4','2','2021-04-01','工业技改投资','工业投资','亿元',null,null,null,null,'43.35','19.9'),('2021','4','2','2021-04-01','房地产开发投资','全社会固定资产投资','亿元',null,null,null,null,'28.61','-31.2'),('2021','4','2','2021-04-01','基础设施','全社会固定资产投资',null,null,null,null,null,'323.77','30.2'),('2021','4','2','2021-04-01','社会消费品零售总额','一级','亿元',null,null,null,null,'104.32','6.3'),('2021','4','2','2021-04-01','批发零售业销售额','一级','亿元',null,null,null,null,'337.72','36.4'),('2021','4','2','2021-04-01','外贸进出口总额','一级','万元',null,null,null,null,'1793.56','30'),('2021','4','2','2021-04-01','外贸出口','外贸进出口总额','万元',null,null,null,null,'1087.52','40.6'),('2021','4','2','2021-04-01','外贸进口','外贸进出口总额','万元',null,null,null,null,'605.52','37.1'),('2021','4','2','2021-04-01','实际吸收外商直接投资','一级','亿美元',null,null,null,null,'481.99','45.1'),('2021','4','2','2021-04-01','一般公共预算收入','一级','亿元',null,null,null,null,'11.63','-2.3'),('2021','4','2','2021-04-01','税收收入','一般公共预算收入','亿元',null,null,null,null,'160.84','21.5'),('2021','4','2','2021-04-01','一般公共预算支出','一级','亿元',null,null,null,null,'121.11','16.2'),('2021','4','2','2021-04-01','税务部门税收收入','一级','亿元',null,null,null,null,'227.46','5'),('2021','4','2','2021-04-01','中外资金融机构本外币各项存款余额','一级','亿元',null,null,null,null,'413.99','7'),('2021','4','2','2021-04-01','境内住户存款','中外资金融机构本外币各项存款余额','亿元',null,null,null,null,'10156.96','7.5'),('2021','4','2','2021-04-01','中外资金融机构本外币各项贷款余额','一级','亿元',null,null,null,null,'2402.18','12.7'),('2021','4','2','2021-04-01','公路运输总周转量','一级','亿吨公里',null,null,null,null,'8203.38','16.7'),('2021','4','2','2021-04-01','水上运输总周转量','一级','亿吨公里',null,null,null,null,null,null),('2021','4','2','2021-04-01','港口货物吞吐量','一级','万吨',null,null,null,null,'140.84','75.5'),('2021','4','2','2021-04-01','港口集装箱吞吐量','一级','万标箱',null,null,null,null,'4375.69','15.4'),('2021','4','2','2021-04-01','全社会用电量','一级','亿千瓦时',null,null,null,null,'67.93','16.2'),('2021','4','2','2021-04-01','工业用电量','全社会用电量','亿千瓦时',null,null,null,null,'59.58','24.8'),('2021','4','2','2021-04-01','居民消费价格指数','一级','%',null,null,null,null,'35.72','24.4') [ RunTime:0.0197s ]
SQL: INSERT INTO `datav_table_date` (`create_by`,`table_name_cn`,`year`,`table_name`,`month`) VALUES ('2','国家、省、市主要经济指标','2021','datav_whole_country','4') [ RunTime:0.0206s ]

[ 2021-07-12T05:06:30+08:00 ] ::1 /datav-backend/admin.php/Upload/upload.html
INFO: [ app_init ] --START--
INFO: Run Behavior\BuildLiteBehavior [ RunTime:0.000006s ]
INFO: [ app_init ] --END-- [ RunTime:0.000828s ]
INFO: [ app_begin ] --START--
INFO: Run Behavior\ReadHtmlCacheBehavior [ RunTime:0.000823s ]
INFO: [ app_begin ] --END-- [ RunTime:0.000842s ]
NOTIC: [2] Declaration of Admin\Controller\UploadController::show() should be compatible with Think\Controller::show($content, $charset = '', $contentType = '', $prefix = '') D:\work\datav-backend\Admin\Controller\UploadController.class.php 第 105 行.
NOTIC: [2] call_user_func() expects parameter 1 to be a valid callback, no array or string given D:\work\ThinkPHP\Library\Think\Upload.class.php 第 170 行.
SQL: SHOW COLUMNS FROM `datav_whole_country` [ RunTime:0.0142s ]
SQL: SHOW COLUMNS FROM `datav_table_date` [ RunTime:0.0180s ]
SQL: SELECT COUNT(*) AS tp_count FROM `datav_table_date` WHERE `year` = '2021' AND `table_name` = 'datav_whole_country' AND `month` = 3 LIMIT 1   [ RunTime:0.0266s ]
SQL: INSERT INTO `datav_whole_country` (`year`,`month`,`create_by`,`data_date`,`title`,`parent_name`,`measure`,`country_gross`,`country_rise`,`province_gross`,`province_rise`,`city_gross`,`city_rise`) VALUES ('2021','3','2','2021-03-01','地区生产总值','一级','亿元',null,null,null,null,'826.47','18.8'),('2021','3','2','2021-03-01','规模以上工业增加值','一级','亿元',null,null,null,null,'288.76','38'),('2021','3','2','2021-03-01','全社会固定资产投资','一级','亿元',null,null,null,null,'464.5','26.8'),('2021','3','2','2021-03-01','工业投资','全社会固定资产投资','亿元',null,null,null,null,'68.23','24.6'),('2021','3','2','2021-03-01','装备制造业投资','工业投资','亿元',null,null,null,null,'31.32','17.5'),('2021','3','2','2021-03-01','工业技改投资','工业投资','亿元',null,null,null,null,'18.02','-39.5'),('2021','3','2','2021-03-01','房地产开发投资','全社会固定资产投资','亿元',null,null,null,null,'247.86','27.7'),('2021','3','2','2021-03-01','基础设施','全社会固定资产投资',null,null,null,null,null,'74.2','11.9'),('2021','3','2','2021-03-01','社会消费品零售总额','一级','亿元',null,null,null,null,'253.93','38.1'),('2021','3','2','2021-03-01','批发零售业销售额','一级','亿元',null,null,null,null,'1340.79','27.5'),('2021','3','2','2021-03-01','外贸进出口总额','一级','万元',null,null,null,null,'788.78','43.4'),('2021','3','2','2021-03-01','外贸出口','外贸进出口总额','万元',null,null,null,null,'445.23','47.6'),('2021','3','2','2021-03-01','外贸进口','外贸进出口总额','万元',null,null,null,null,'343.55','38.2'),('2021','3','2','2021-03-01','实际吸收外商直接投资','一级','亿美元',null,null,null,null,'11.63','30.2'),('2021','3','2','2021-03-01','一般公共预算收入','一级','亿元',null,null,null,null,'121.75','22.6'),('2021','3','2','2021-03-01','税收收入','一般公共预算收入','亿元',null,null,null,null,'85.25','16'),('2021','3','2','2021-03-01','一般公共预算支出','一级','亿元',null,null,null,null,'178.04','11.8'),('2021','3','2','2021-03-01','税务部门税收收入','一级','亿元',null,null,null,null,'282.34','8.7'),('2021','3','2','2021-03-01','中外资金融机构本外币各项存款余额','一级','亿元',null,null,null,null,'9996.78','5'),('2021','3','2','2021-03-01','境内住户存款','中外资金融机构本外币各项存款余额','亿元',null,null,null,null,'2410.81','12.2'),('2021','3','2','2021-03-01','中外资金融机构本外币各项贷款余额','一级','亿元',null,null,null,null,'8064.22','15.6'),('2021','3','2','2021-03-01','公路运输总周转量','一级','亿吨公里',null,null,null,null,'9.72','39.8'),('2021','3','2','2021-03-01','水上运输总周转量','一级','亿吨公里',null,null,null,null,'101.18','92.7'),('2021','3','2','2021-03-01','港口货物吞吐量','一级','万吨',null,null,null,null,'3071.64','15'),('2021','3','2','2021-03-01','港口集装箱吞吐量','一级','万标箱',null,null,null,null,'44.83','7.3'),('2021','3','2','2021-03-01','全社会用电量','一级','亿千瓦时',null,null,null,null,'42.78','25.1'),('2021','3','2','2021-03-01','工业用电量','全社会用电量','亿千瓦时',null,null,null,null,'25.55','25.6'),('2021','3','2','2021-03-01','居民消费价格指数','一级','%',null,null,null,null,'99.7','-0.3') [ RunTime:0.2373s ]
SQL: INSERT INTO `datav_table_date` (`create_by`,`table_name_cn`,`year`,`table_name`,`month`) VALUES ('2','国家、省、市主要经济指标','2021','datav_whole_country','3') [ RunTime:0.0184s ]

[ 2021-07-12T05:22:17+08:00 ] ::1 /datav-backend/admin.php/Upload/upload.html
INFO: [ app_init ] --START--
INFO: Run Behavior\BuildLiteBehavior [ RunTime:0.000007s ]
INFO: [ app_init ] --END-- [ RunTime:0.000480s ]
INFO: [ app_begin ] --START--
INFO: Run Behavior\ReadHtmlCacheBehavior [ RunTime:0.000731s ]
INFO: [ app_begin ] --END-- [ RunTime:0.000753s ]
NOTIC: [2] Declaration of Admin\Controller\UploadController::show() should be compatible with Think\Controller::show($content, $charset = '', $contentType = '', $prefix = '') D:\work\datav-backend\Admin\Controller\UploadController.class.php 第 105 行.
NOTIC: [2] call_user_func() expects parameter 1 to be a valid callback, no array or string given D:\work\ThinkPHP\Library\Think\Upload.class.php 第 170 行.
SQL: SHOW COLUMNS FROM `datav_whole_country` [ RunTime:0.0619s ]
SQL: SHOW COLUMNS FROM `datav_table_date` [ RunTime:0.1039s ]
SQL: SELECT COUNT(*) AS tp_count FROM `datav_table_date` WHERE `year` = '2021' AND `table_name` = 'datav_whole_country' AND `month` = 2 LIMIT 1   [ RunTime:0.0801s ]
SQL: INSERT INTO `datav_whole_country` (`year`,`month`,`create_by`,`data_date`,`title`,`parent_name`,`measure`,`country_gross`,`country_rise`,`province_gross`,`province_rise`,`city_gross`,`city_rise`) VALUES ('2021','2','2','2021-02-01','地区生产总值','一级','亿元',null,null,null,null,'3481.94','3'),('2021','2','2','2021-02-01','规模以上工业增加值','一级','亿元',null,null,null,null,'171.68','55.4'),('2021','2','2','2021-02-01','全社会固定资产投资','一级','亿元',null,null,null,null,'244.63','33.3'),('2021','2','2','2021-02-01','工业投资','全社会固定资产投资','亿元',null,null,null,null,'38.58','36.4'),('2021','2','2','2021-02-01','装备制造业投资','工业投资','亿元',null,null,null,null,'18.98','55.5'),('2021','2','2','2021-02-01','工业技改投资','工业投资','亿元',null,null,null,null,'11.58','-34.4'),('2021','2','2','2021-02-01','房地产开发投资','全社会固定资产投资','亿元',null,null,null,null,'126.88','48.2'),('2021','2','2','2021-02-01','基础设施','全社会固定资产投资',null,null,null,null,null,'47.79','30.5'),('2021','2','2','2021-02-01','社会消费品零售总额','一级','亿元',null,null,null,null,'166.82','34'),('2021','2','2','2021-02-01','批发零售业销售额','一级','亿元',null,null,null,null,'932.62','34.3'),('2021','2','2','2021-02-01','外贸进出口总额','一级','万元',null,null,null,null,'482.01','40.4'),('2021','2','2','2021-02-01','外贸出口','外贸进出口总额','万元',null,null,null,null,'273.74','48.2'),('2021','2','2','2021-02-01','外贸进口','外贸进出口总额','万元',null,null,null,null,'208.27','31.3'),('2021','2','2','2021-02-01','实际吸收外商直接投资','一级','亿美元',null,null,null,null,'10.24','179.5'),('2021','2','2','2021-02-01','一般公共预算收入','一级','亿元',null,null,null,null,'88.42','17.7'),('2021','2','2','2021-02-01','税收收入','一般公共预算收入','亿元',null,null,null,null,'69.01','14.4'),('2021','2','2','2021-02-01','一般公共预算支出','一级','亿元',null,null,null,null,'93.62','14.6'),('2021','2','2','2021-02-01','税务部门税收收入','一级','亿元',null,null,null,null,'229.15','6.5'),('2021','2','2','2021-02-01','中外资金融机构本外币各项存款余额','一级','亿元',null,null,null,null,'9710.55','7.3'),('2021','2','2','2021-02-01','境内住户存款','中外资金融机构本外币各项存款余额','亿元',null,null,null,null,'2348.73','13.6'),('2021','2','2','2021-02-01','中外资金融机构本外币各项贷款余额','一级','亿元',null,null,null,null,'7951.42','19.1'),('2021','2','2','2021-02-01','公路运输总周转量','一级','亿吨公里',null,null,null,null,null,null),('2021','2','2','2021-02-01','水上运输总周转量','一级','亿吨公里',null,null,null,null,'61.93','66.5'),('2021','2','2','2021-02-01','港口货物吞吐量','一级','万吨',null,null,null,null,'1816.96','9.5'),('2021','2','2','2021-02-01','港口集装箱吞吐量','一级','万标箱',null,null,null,null,'22.7','-8.4'),('2021','2','2','2021-02-01','全社会用电量','一级','亿千瓦时',null,null,null,null,'26.78','28.6'),('2021','2','2','2021-02-01','工业用电量','全社会用电量','亿千瓦时',null,null,null,null,'16.05','34.6'),('2021','2','2','2021-02-01','居民消费价格指数','一级','%',null,null,null,null,'99.1','-0.9') [ RunTime:0.1100s ]
SQL: INSERT INTO `datav_table_date` (`create_by`,`table_name_cn`,`year`,`table_name`,`month`) VALUES ('2','国家、省、市主要经济指标','2021','datav_whole_country','2') [ RunTime:0.0147s ]

[ 2021-07-12T05:23:10+08:00 ] ::1 /datav-backend/admin.php/Upload/upload.html
INFO: [ app_init ] --START--
INFO: Run Behavior\BuildLiteBehavior [ RunTime:0.000005s ]
INFO: [ app_init ] --END-- [ RunTime:0.000426s ]
INFO: [ app_begin ] --START--
INFO: Run Behavior\ReadHtmlCacheBehavior [ RunTime:0.000555s ]
INFO: [ app_begin ] --END-- [ RunTime:0.000573s ]
NOTIC: [2] Declaration of Admin\Controller\UploadController::show() should be compatible with Think\Controller::show($content, $charset = '', $contentType = '', $prefix = '') D:\work\datav-backend\Admin\Controller\UploadController.class.php 第 105 行.
NOTIC: [2] call_user_func() expects parameter 1 to be a valid callback, no array or string given D:\work\ThinkPHP\Library\Think\Upload.class.php 第 170 行.
SQL: SHOW COLUMNS FROM `datav_whole_country` [ RunTime:0.0215s ]
SQL: SHOW COLUMNS FROM `datav_table_date` [ RunTime:0.0180s ]
SQL: SELECT COUNT(*) AS tp_count FROM `datav_table_date` WHERE `year` = '2020' AND `table_name` = 'datav_whole_country' AND `month` = 12 LIMIT 1   [ RunTime:0.0351s ]
SQL: INSERT INTO `datav_whole_country` (`year`,`month`,`create_by`,`data_date`,`title`,`parent_name`,`measure`,`country_gross`,`country_rise`,`province_gross`,`province_rise`,`city_gross`,`city_rise`) VALUES ('2020','12','2','2020-12-01','地区生产总值','一级','亿元','1015986','2.3','110761','2.3','3481.94','3'),('2020','12','2','2020-12-01','规模以上工业增加值','一级','亿元',null,'2.8','33051','1.5','1200.56','1.4'),('2020','12','2','2020-12-01','全社会固定资产投资','一级','亿元','518907','2.9',null,'7.2','2230.41','13.1'),('2020','12','2','2020-12-01','工业投资','全社会固定资产投资','亿元',null,null,null,null,'345.22','18.4'),('2020','12','2','2020-12-01','装备制造业投资','工业投资','亿元',null,null,null,null,'145.01','12.9'),('2020','12','2','2020-12-01','工业技改投资','工业投资','亿元',null,null,null,null,'144.62','-0.1'),('2020','12','2','2020-12-01','房地产开发投资','全社会固定资产投资','亿元','141443','7',null,null,'1075.78','20.4'),('2020','12','2','2020-12-01','基础设施','全社会固定资产投资',null,null,'0.9',null,'11.6','472.29','14.6'),('2020','12','2','2020-12-01','社会消费品零售总额','一级','亿元','391981','-3.9','40208','-6.4','921.26','-7.5'),('2020','12','2','2020-12-01','批发零售业销售额','一级','亿元',null,null,null,null,'4860.22','5.2'),('2020','12','2','2020-12-01','外贸进出口总额','一级','万元','321557','1.9','70845','-0.9','2730.57','-6.1'),('2020','12','2','2020-12-01','外贸出口','外贸进出口总额','万元','179326','4','43498','0.2','1608.8','-2.8'),('2020','12','2','2020-12-01','外贸进口','外贸进出口总额','万元','142231','-0.7','27347','-2.6','1121.8','-10.5'),('2020','12','2','2020-12-01','实际吸收外商直接投资','一级','亿美元','10000','6.2','1620','6.5','25.56','5.7'),('2020','12','2','2020-12-01','一般公共预算收入','一级','亿元','182895','-3.9','12922','2.1','379.13','10.1'),('2020','12','2','2020-12-01','税收收入','一般公共预算收入','亿元',null,null,null,null,'296.72','4.5'),('2020','12','2','2020-12-01','一般公共预算支出','一级','亿元','245588','2.8','17485','1','677.19','10'),('2020','12','2','2020-12-01','税务部门税收收入','一级','亿元',null,null,null,null,'1043','8.1'),('2020','12','2','2020-12-01','中外资金融机构本外币各项存款余额','一级','亿元',null,null,'267638','15.1','9604.51','6.2'),('2020','12','2','2020-12-01','境内住户存款','中外资金融机构本外币各项存款余额','亿元',null,null,'88977','12.7','2243.02','13'),('2020','12','2','2020-12-01','中外资金融机构本外币各项贷款余额','一级','亿元',null,null,'195681','16.5','7626.26','19.9'),('2020','12','2','2020-12-01','公路运输总周转量','一级','亿吨公里',null,null,null,null,'42.45','-4.4'),('2020','12','2','2020-12-01','水上运输总周转量','一级','亿吨公里',null,null,null,null,'402.56','82.7'),('2020','12','2','2020-12-01','港口货物吞吐量','一级','万吨','1454991','4.3',null,'5.4','13367','-3.4'),('2020','12','2','2020-12-01','港口集装箱吞吐量','一级','万标箱',null,null,null,'0.3','183.87','-28.1'),('2020','12','2','2020-12-01','全社会用电量','一级','亿千瓦时',null,null,'6926','3.4','193.2','1.7'),('2020','12','2','2020-12-01','工业用电量','全社会用电量','亿千瓦时',null,null,'4142','1.7','108.35','1.2'),('2020','12','2','2020-12-01','居民消费价格指数','一级','%','102.5','2.5','102.6','2.6','102.3','2.3') [ RunTime:0.0292s ]
SQL: INSERT INTO `datav_table_date` (`create_by`,`table_name_cn`,`year`,`table_name`,`month`) VALUES ('2','国家、省、市主要经济指标','2020','datav_whole_country','12') [ RunTime:0.0149s ]

[ 2021-07-12T17:00:01+08:00 ] 127.0.0.1 /datav-backend/admin.php/GdpHangye/get_data?cate=%E6%8C%89%E4%BA%A7%E4%B8%9A
INFO: [ app_init ] --START--
INFO: Run Behavior\BuildLiteBehavior [ RunTime:0.000006s ]
INFO: [ app_init ] --END-- [ RunTime:0.000463s ]
INFO: [ app_begin ] --START--
INFO: Run Behavior\ReadHtmlCacheBehavior [ RunTime:0.000855s ]
INFO: [ app_begin ] --END-- [ RunTime:0.000873s ]
SQL: SHOW COLUMNS FROM `datav_gdp_hangye` [ RunTime:0.0306s ]
SQL: SELECT * FROM `datav_gdp_hangye` WHERE `year` = '2021' AND `month` = 3 AND `parent_name` = '按产业'  [ RunTime:0.0284s ]

[ 2021-07-12T18:10:33+08:00 ] 127.0.0.1 /datav-backend/admin.php/GdpHangye/get_data?cate=%E6%8C%89%E4%BA%A7%E4%B8%9A
INFO: [ app_init ] --START--
INFO: Run Behavior\BuildLiteBehavior [ RunTime:0.000023s ]
INFO: [ app_init ] --END-- [ RunTime:0.001163s ]
INFO: [ app_begin ] --START--
INFO: Run Behavior\ReadHtmlCacheBehavior [ RunTime:0.001207s ]
INFO: [ app_begin ] --END-- [ RunTime:0.001243s ]
SQL: SHOW COLUMNS FROM `datav_gdp_hangye` [ RunTime:0.0184s ]
SQL: SELECT * FROM `datav_gdp_hangye` WHERE `year` = '2021' AND `month` = 3 AND `parent_name` = '按产业'  [ RunTime:0.0171s ]

[ 2021-07-12T19:57:24+08:00 ] 127.0.0.1 /datav-backend/admin.php/GdpHangye/get_data?cate=%E6%8C%89%E4%BA%A7%E4%B8%9A
INFO: [ app_init ] --START--
INFO: Run Behavior\BuildLiteBehavior [ RunTime:0.000005s ]
INFO: [ app_init ] --END-- [ RunTime:0.000475s ]
INFO: [ app_begin ] --START--
INFO: Run Behavior\ReadHtmlCacheBehavior [ RunTime:0.001103s ]
INFO: [ app_begin ] --END-- [ RunTime:0.001131s ]
SQL: SHOW COLUMNS FROM `datav_gdp_hangye` [ RunTime:0.0149s ]
SQL: SELECT * FROM `datav_gdp_hangye` WHERE `year` = '2021' AND `month` = 3 AND `parent_name` = '按产业'  [ RunTime:0.0179s ]

[ 2021-07-12T21:19:16+08:00 ] 127.0.0.1 /datav-backend/admin.php/GdpHangye/get_data?cate=%E6%8C%89%E8%A1%8C%E4%B8%9A
INFO: [ app_init ] --START--
INFO: Run Behavior\BuildLiteBehavior [ RunTime:0.000008s ]
INFO: [ app_init ] --END-- [ RunTime:0.000795s ]
INFO: [ app_begin ] --START--
INFO: Run Behavior\ReadHtmlCacheBehavior [ RunTime:0.000690s ]
INFO: [ app_begin ] --END-- [ RunTime:0.000708s ]
SQL: SHOW COLUMNS FROM `datav_gdp_hangye` [ RunTime:0.0203s ]
SQL: SELECT * FROM `datav_gdp_hangye` WHERE `year` = '2021' AND `month` = 3 AND `parent_name` = '按行业'  [ RunTime:0.0493s ]

[ 2021-07-12T21:23:29+08:00 ] 127.0.0.1 /datav-backend/admin.php/Timeline/get_transport_by_year?cate=%E7%8F%A0%E6%B5%B7%E6%9C%BA%E5%9C%BA
INFO: [ app_init ] --START--
INFO: Run Behavior\BuildLiteBehavior [ RunTime:0.000008s ]
INFO: [ app_init ] --END-- [ RunTime:0.000580s ]
INFO: [ app_begin ] --START--
INFO: Run Behavior\ReadHtmlCacheBehavior [ RunTime:0.000933s ]
INFO: [ app_begin ] --END-- [ RunTime:0.000963s ]
SQL: SHOW COLUMNS FROM `datav_timeline_year` [ RunTime:0.0427s ]
SQL: SELECT `year`,zs_gross as gross,zs_rise as rise FROM `datav_timeline_year` WHERE ( `year` >= '2016' AND `year` < '2021'  ) AND `title` = '珠海机场旅客吞吐量'  [ RunTime:0.0170s ]
SQL: SELECT `year`,zs_gross as gross,zs_rise as rise FROM `datav_timeline_year` WHERE ( `year` >= '2016' AND `year` < '2021'  ) AND `title` = '珠海机场货邮吞吐量'  [ RunTime:0.0333s ]

[ 2021-07-12T21:23:29+08:00 ] 127.0.0.1 /datav-backend/admin.php/Total/get_data_for_transport?cate=%E7%8F%A0%E6%B5%B7%E6%9C%BA%E5%9C%BA
INFO: [ app_init ] --START--
INFO: Run Behavior\BuildLiteBehavior [ RunTime:0.000008s ]
INFO: [ app_init ] --END-- [ RunTime:0.001110s ]
INFO: [ app_begin ] --START--
INFO: Run Behavior\ReadHtmlCacheBehavior [ RunTime:0.004752s ]
INFO: [ app_begin ] --END-- [ RunTime:0.004776s ]
SQL: SHOW COLUMNS FROM `datav_total` [ RunTime:0.0213s ]
SQL: SELECT * FROM `datav_total` WHERE `year` = '2021' AND `month` = 5 AND `title` LIKE '珠海机场%'  [ RunTime:0.0429s ]

[ 2021-07-12T21:23:29+08:00 ] 127.0.0.1 /datav-backend/admin.php/Timeline/get_monthdata?cate=%E7%8F%A0%E6%B5%B7%E6%9C%BA%E5%9C%BA
INFO: [ app_init ] --START--
INFO: Run Behavior\BuildLiteBehavior [ RunTime:0.000009s ]
INFO: [ app_init ] --END-- [ RunTime:0.000661s ]
INFO: [ app_begin ] --START--
INFO: Run Behavior\ReadHtmlCacheBehavior [ RunTime:0.001491s ]
INFO: [ app_begin ] --END-- [ RunTime:0.001521s ]
SQL: SHOW COLUMNS FROM `datav_timeline_transport` [ RunTime:0.0157s ]
SQL: SELECT `title`,`year`,`month`,`measure`,`gross`,`rise` FROM `datav_timeline_transport` WHERE ( `data_date` >= '2020-05' AND `data_date` < '2021-05'  ) AND `title` LIKE '珠海机场%'  [ RunTime:0.0309s ]

[ 2021-07-12T21:23:38+08:00 ] 127.0.0.1 /datav-backend/admin.php/Total/get_data_for_transport?cate=%E7%8F%A0%E6%B5%B7%E6%9C%BA%E5%9C%BA
INFO: [ app_init ] --START--
INFO: Run Behavior\BuildLiteBehavior [ RunTime:0.000007s ]
INFO: [ app_init ] --END-- [ RunTime:0.000477s ]
INFO: [ app_begin ] --START--
INFO: Run Behavior\ReadHtmlCacheBehavior [ RunTime:0.001880s ]
INFO: [ app_begin ] --END-- [ RunTime:0.001921s ]
SQL: SHOW COLUMNS FROM `datav_total` [ RunTime:0.0192s ]
SQL: SELECT * FROM `datav_total` WHERE `year` = '2021' AND `month` = 5 AND `title` LIKE '珠海机场%'  [ RunTime:0.0200s ]

[ 2021-07-12T21:23:39+08:00 ] 127.0.0.1 /datav-backend/admin.php/Timeline/get_transport_by_year?cate=%E7%8F%A0%E6%B5%B7%E6%9C%BA%E5%9C%BA
INFO: [ app_init ] --START--
INFO: Run Behavior\BuildLiteBehavior [ RunTime:0.000006s ]
INFO: [ app_init ] --END-- [ RunTime:0.000816s ]
INFO: [ app_begin ] --START--
INFO: Run Behavior\ReadHtmlCacheBehavior [ RunTime:0.000589s ]
INFO: [ app_begin ] --END-- [ RunTime:0.000609s ]
SQL: SHOW COLUMNS FROM `datav_timeline_year` [ RunTime:0.0193s ]
SQL: SELECT `year`,zs_gross as gross,zs_rise as rise FROM `datav_timeline_year` WHERE ( `year` >= '2016' AND `year` < '2021'  ) AND `title` = '珠海机场旅客吞吐量'  [ RunTime:0.0178s ]
SQL: SELECT `year`,zs_gross as gross,zs_rise as rise FROM `datav_timeline_year` WHERE ( `year` >= '2016' AND `year` < '2021'  ) AND `title` = '珠海机场货邮吞吐量'  [ RunTime:0.0222s ]

[ 2021-07-12T21:23:39+08:00 ] 127.0.0.1 /datav-backend/admin.php/Timeline/get_monthdata?cate=%E7%8F%A0%E6%B5%B7%E6%9C%BA%E5%9C%BA
INFO: [ app_init ] --START--
INFO: Run Behavior\BuildLiteBehavior [ RunTime:0.000007s ]
INFO: [ app_init ] --END-- [ RunTime:0.000863s ]
INFO: [ app_begin ] --START--
INFO: Run Behavior\ReadHtmlCacheBehavior [ RunTime:0.000595s ]
INFO: [ app_begin ] --END-- [ RunTime:0.000613s ]
SQL: SHOW COLUMNS FROM `datav_timeline_transport` [ RunTime:0.0374s ]
SQL: SELECT `title`,`year`,`month`,`measure`,`gross`,`rise` FROM `datav_timeline_transport` WHERE ( `data_date` >= '2020-05' AND `data_date` < '2021-05'  ) AND `title` LIKE '珠海机场%'  [ RunTime:0.0192s ]

[ 2021-07-12T21:23:40+08:00 ] 127.0.0.1 /datav-backend/admin.php/Economy/get_county?cate=%E5%9C%B0%E5%8C%BA%E7%94%9F%E4%BA%A7%E6%80%BB%E5%80%BC
INFO: [ app_init ] --START--
INFO: Run Behavior\BuildLiteBehavior [ RunTime:0.000007s ]
INFO: [ app_init ] --END-- [ RunTime:0.000473s ]
INFO: [ app_begin ] --START--
INFO: Run Behavior\ReadHtmlCacheBehavior [ RunTime:0.000633s ]
INFO: [ app_begin ] --END-- [ RunTime:0.000668s ]
SQL: SHOW COLUMNS FROM `datav_economy_county` [ RunTime:0.0153s ]
SQL: SELECT `county`,`gross`,`rise`,`proportion`,`zs_ranking`,`measure` FROM `datav_economy_county` WHERE `year` = '2021' AND `month` = 5 AND `title` = '地区生产总值'  [ RunTime:0.0196s ]

[ 2021-07-12T21:23:40+08:00 ] 127.0.0.1 /datav-backend/admin.php/Total/get_data?cate=%E5%9C%B0%E5%8C%BA%E7%94%9F%E4%BA%A7%E6%80%BB%E5%80%BC
INFO: [ app_init ] --START--
INFO: Run Behavior\BuildLiteBehavior [ RunTime:0.000006s ]
INFO: [ app_init ] --END-- [ RunTime:0.000524s ]
INFO: [ app_begin ] --START--
INFO: Run Behavior\ReadHtmlCacheBehavior [ RunTime:0.000631s ]
INFO: [ app_begin ] --END-- [ RunTime:0.000657s ]
SQL: SHOW COLUMNS FROM `datav_total` [ RunTime:0.0337s ]
SQL: SELECT * FROM `datav_total` WHERE `year` = '2021' AND `month` = 5 AND `title` = '地区生产总值' LIMIT 1   [ RunTime:0.0190s ]

[ 2021-07-12T21:23:40+08:00 ] 127.0.0.1 /datav-backend/admin.php/Economy/get_domestic?cate=%E5%9C%B0%E5%8C%BA%E7%94%9F%E4%BA%A7%E6%80%BB%E5%80%BC
INFO: [ app_init ] --START--
INFO: Run Behavior\BuildLiteBehavior [ RunTime:0.000011s ]
INFO: [ app_init ] --END-- [ RunTime:0.000886s ]
INFO: [ app_begin ] --START--
INFO: Run Behavior\ReadHtmlCacheBehavior [ RunTime:0.001234s ]
INFO: [ app_begin ] --END-- [ RunTime:0.001278s ]
SQL: SHOW COLUMNS FROM `datav_economy_domestic` [ RunTime:0.0180s ]
SQL: SELECT `data_date`,`year`,`month` FROM `datav_economy_domestic` WHERE `data_date` <= '2021-05-01' AND `title` = '地区生产总值' ORDER BY data_date desc LIMIT 1   [ RunTime:0.0198s ]
SQL: SELECT `area`,`gross`,`rise` FROM `datav_economy_domestic` WHERE `title` = '地区生产总值' AND `data_date` = '2021-04-01' LIMIT 20   [ RunTime:0.0178s ]

[ 2021-07-12T21:23:40+08:00 ] 127.0.0.1 /datav-backend/admin.php/Timeline/get_monthdata?cate=%E5%9C%B0%E5%8C%BA%E7%94%9F%E4%BA%A7%E6%80%BB%E5%80%BC
INFO: [ app_init ] --START--
INFO: Run Behavior\BuildLiteBehavior [ RunTime:0.000009s ]
INFO: [ app_init ] --END-- [ RunTime:0.000662s ]
INFO: [ app_begin ] --START--
INFO: Run Behavior\ReadHtmlCacheBehavior [ RunTime:0.000811s ]
INFO: [ app_begin ] --END-- [ RunTime:0.000840s ]
SQL: SHOW COLUMNS FROM `datav_timeline_month` [ RunTime:0.0158s ]
SQL: SELECT CONCAT(year,'-',month) as date,jw_gross as gross,jw_rise as rise FROM `datav_timeline_month` WHERE `data_date` >= '2020-05' AND `title` = '地区生产总值' ORDER BY data_date asc LIMIT 4   [ RunTime:0.0195s ]

[ 2021-07-12T21:23:41+08:00 ] 127.0.0.1 /datav-backend/admin.php/Timeline/get_yeardata?cate=%E5%9C%B0%E5%8C%BA%E7%94%9F%E4%BA%A7%E6%80%BB%E5%80%BC
INFO: [ app_init ] --START--
INFO: Run Behavior\BuildLiteBehavior [ RunTime:0.000006s ]
INFO: [ app_init ] --END-- [ RunTime:0.000589s ]
INFO: [ app_begin ] --START--
INFO: Run Behavior\ReadHtmlCacheBehavior [ RunTime:0.000892s ]
INFO: [ app_begin ] --END-- [ RunTime:0.000913s ]
SQL: SHOW COLUMNS FROM `datav_timeline_year` [ RunTime:0.0488s ]
SQL: SELECT `year`,`zs_gross`,`zs_rise`,`kfq_gross`,`kfq_rise` FROM `datav_timeline_year` WHERE ( `year` >= '2016' AND `year` < '2021'  ) AND `title` = '地区生产总值'  [ RunTime:0.0338s ]

[ 2021-07-12T21:23:45+08:00 ] 127.0.0.1 /datav-backend/admin.php/Total/get_data?cate=%E8%A7%84%E6%A8%A1%E4%BB%A5%E4%B8%8A%E5%B7%A5%E4%B8%9A%E5%A2%9E%E5%8A%A0%E5%80%BC
INFO: [ app_init ] --START--
INFO: Run Behavior\BuildLiteBehavior [ RunTime:0.000012s ]
INFO: [ app_init ] --END-- [ RunTime:0.000529s ]
INFO: [ app_begin ] --START--
INFO: Run Behavior\ReadHtmlCacheBehavior [ RunTime:0.001426s ]
INFO: [ app_begin ] --END-- [ RunTime:0.001462s ]
SQL: SHOW COLUMNS FROM `datav_total` [ RunTime:0.0340s ]
SQL: SELECT * FROM `datav_total` WHERE `year` = '2021' AND `month` = 5 AND `title` = '规模以上工业增加值' LIMIT 1   [ RunTime:0.0291s ]

[ 2021-07-12T21:23:45+08:00 ] 127.0.0.1 /datav-backend/admin.php/Economy/get_town?cate=%E8%A7%84%E6%A8%A1%E4%BB%A5%E4%B8%8A%E5%B7%A5%E4%B8%9A%E5%A2%9E%E5%8A%A0%E5%80%BC
INFO: [ app_init ] --START--
INFO: Run Behavior\BuildLiteBehavior [ RunTime:0.000009s ]
INFO: [ app_init ] --END-- [ RunTime:0.000847s ]
INFO: [ app_begin ] --START--
INFO: Run Behavior\ReadHtmlCacheBehavior [ RunTime:0.000794s ]
INFO: [ app_begin ] --END-- [ RunTime:0.000818s ]
SQL: SHOW COLUMNS FROM `datav_economy_town` [ RunTime:0.0215s ]
SQL: SELECT * FROM `datav_economy_town` WHERE `year` = '2021' AND `month` = 5 AND `title` = '规模以上工业增加值' LIMIT 1   [ RunTime:0.0324s ]

[ 2021-07-12T21:23:45+08:00 ] 127.0.0.1 /datav-backend/admin.php/Economy/get_county?cate=%E8%A7%84%E6%A8%A1%E4%BB%A5%E4%B8%8A%E5%B7%A5%E4%B8%9A%E5%A2%9E%E5%8A%A0%E5%80%BC
INFO: [ app_init ] --START--
INFO: Run Behavior\BuildLiteBehavior [ RunTime:0.000007s ]
INFO: [ app_init ] --END-- [ RunTime:0.000774s ]
INFO: [ app_begin ] --START--
INFO: Run Behavior\ReadHtmlCacheBehavior [ RunTime:0.000765s ]
INFO: [ app_begin ] --END-- [ RunTime:0.000789s ]
SQL: SHOW COLUMNS FROM `datav_economy_county` [ RunTime:0.0362s ]
SQL: SELECT `county`,`gross`,`rise`,`proportion`,`zs_ranking`,`measure` FROM `datav_economy_county` WHERE `year` = '2021' AND `month` = 5 AND `title` = '规模以上工业增加值'  [ RunTime:0.0225s ]

[ 2021-07-12T21:23:45+08:00 ] 127.0.0.1 /datav-backend/admin.php/Timeline/get_monthdata?cate=%E8%A7%84%E6%A8%A1%E4%BB%A5%E4%B8%8A%E5%B7%A5%E4%B8%9A%E5%A2%9E%E5%8A%A0%E5%80%BC
INFO: [ app_init ] --START--
INFO: Run Behavior\BuildLiteBehavior [ RunTime:0.000005s ]
INFO: [ app_init ] --END-- [ RunTime:0.000460s ]
INFO: [ app_begin ] --START--
INFO: Run Behavior\ReadHtmlCacheBehavior [ RunTime:0.000577s ]
INFO: [ app_begin ] --END-- [ RunTime:0.000595s ]
SQL: SHOW COLUMNS FROM `datav_timeline_month` [ RunTime:0.0257s ]
SQL: SELECT CONCAT(year,'-',month) as date,jw_gross as gross,jw_rise as rise FROM `datav_timeline_month` WHERE `data_date` >= '2020-05' AND `title` = '规模以上工业增加值' ORDER BY data_date asc LIMIT 12   [ RunTime:0.0149s ]

[ 2021-07-12T21:23:45+08:00 ] 127.0.0.1 /datav-backend/admin.php/Economy/get_domestic?cate=%E8%A7%84%E6%A8%A1%E4%BB%A5%E4%B8%8A%E5%B7%A5%E4%B8%9A%E5%A2%9E%E5%8A%A0%E5%80%BC
INFO: [ app_init ] --START--
INFO: Run Behavior\BuildLiteBehavior [ RunTime:0.000005s ]
INFO: [ app_init ] --END-- [ RunTime:0.000488s ]
INFO: [ app_begin ] --START--
INFO: Run Behavior\ReadHtmlCacheBehavior [ RunTime:0.000566s ]
INFO: [ app_begin ] --END-- [ RunTime:0.000584s ]
SQL: SHOW COLUMNS FROM `datav_economy_domestic` [ RunTime:0.0172s ]
SQL: SELECT `data_date`,`year`,`month` FROM `datav_economy_domestic` WHERE `data_date` <= '2021-05-01' AND `title` = '规模以上工业增加值' ORDER BY data_date desc LIMIT 1   [ RunTime:0.0172s ]
SQL: SELECT `area`,`gross`,`rise` FROM `datav_economy_domestic` WHERE `title` = '规模以上工业增加值' AND `data_date` = '2021-04-01' LIMIT 20   [ RunTime:0.0156s ]

[ 2021-07-12T21:23:46+08:00 ] 127.0.0.1 /datav-backend/admin.php/Timeline/get_yeardata?cate=%E8%A7%84%E6%A8%A1%E4%BB%A5%E4%B8%8A%E5%B7%A5%E4%B8%9A%E5%A2%9E%E5%8A%A0%E5%80%BC
INFO: [ app_init ] --START--
INFO: Run Behavior\BuildLiteBehavior [ RunTime:0.000005s ]
INFO: [ app_init ] --END-- [ RunTime:0.000471s ]
INFO: [ app_begin ] --START--
INFO: Run Behavior\ReadHtmlCacheBehavior [ RunTime:0.000816s ]
INFO: [ app_begin ] --END-- [ RunTime:0.000834s ]
SQL: SHOW COLUMNS FROM `datav_timeline_year` [ RunTime:0.0177s ]
SQL: SELECT `year`,`zs_gross`,`zs_rise`,`kfq_gross`,`kfq_rise` FROM `datav_timeline_year` WHERE ( `year` >= '2016' AND `year` < '2021'  ) AND `title` = '规模以上工业增加值'  [ RunTime:0.0177s ]

[ 2021-07-12T21:23:47+08:00 ] 127.0.0.1 /datav-backend/admin.php/IndustryPillar/get_data?cate=zjz
INFO: [ app_init ] --START--
INFO: Run Behavior\BuildLiteBehavior [ RunTime:0.000007s ]
INFO: [ app_init ] --END-- [ RunTime:0.000595s ]
INFO: [ app_begin ] --START--
INFO: Run Behavior\ReadHtmlCacheBehavior [ RunTime:0.000789s ]
INFO: [ app_begin ] --END-- [ RunTime:0.000810s ]
SQL: SHOW COLUMNS FROM `datav_industry_pillar_zjz` [ RunTime:0.0158s ]
SQL: SELECT `title`,`com_num`,CEIL(gross) as gross,`rise`,`proportion` FROM `datav_industry_pillar_zjz` WHERE `title` <> '合计' AND `year` = '2021' AND `month` = 5  [ RunTime:0.0181s ]

[ 2021-07-12T21:23:47+08:00 ] 127.0.0.1 /datav-backend/admin.php/IndustryXdmy/get_data?cate=zjz
INFO: [ app_init ] --START--
INFO: Run Behavior\BuildLiteBehavior [ RunTime:0.000005s ]
INFO: [ app_init ] --END-- [ RunTime:0.000441s ]
INFO: [ app_begin ] --START--
INFO: Run Behavior\ReadHtmlCacheBehavior [ RunTime:0.000538s ]
INFO: [ app_begin ] --END-- [ RunTime:0.000555s ]
SQL: SHOW COLUMNS FROM `datav_industry_xdmy_zjz` [ RunTime:0.0177s ]
SQL: SELECT `title`,`comnum`,CEIL(jw_gross) as gross,jw_rise as rise FROM `datav_industry_xdmy_zjz` WHERE `year` = '2021' AND `month` = 5  [ RunTime:0.0156s ]

[ 2021-07-12T21:23:47+08:00 ] 127.0.0.1 /datav-backend/admin.php/IndustryHangye/get_data?cate=zjz
INFO: [ app_init ] --START--
INFO: Run Behavior\BuildLiteBehavior [ RunTime:0.000005s ]
INFO: [ app_init ] --END-- [ RunTime:0.000337s ]
INFO: [ app_begin ] --START--
INFO: Run Behavior\ReadHtmlCacheBehavior [ RunTime:0.000539s ]
INFO: [ app_begin ] --END-- [ RunTime:0.000752s ]
SQL: SHOW COLUMNS FROM `datav_industry_hangye_zjz` [ RunTime:0.0179s ]
SQL: SELECT `title`,`comnum`,CEIL(jw_gross) as gross,jw_rise as rise FROM `datav_industry_hangye_zjz` WHERE `title` <> '合计' AND `year` = '2021' AND `month` = 5  [ RunTime:0.0193s ]

[ 2021-07-12T21:23:47+08:00 ] 127.0.0.1 /datav-backend/admin.php/Economy/get_town?cate=%E5%85%A8%E7%A4%BE%E4%BC%9A%E5%9B%BA%E5%AE%9A%E8%B5%84%E4%BA%A7%E6%8A%95%E8%B5%84
INFO: [ app_init ] --START--
INFO: Run Behavior\BuildLiteBehavior [ RunTime:0.000010s ]
INFO: [ app_init ] --END-- [ RunTime:0.000845s ]
INFO: [ app_begin ] --START--
INFO: Run Behavior\ReadHtmlCacheBehavior [ RunTime:0.000650s ]
INFO: [ app_begin ] --END-- [ RunTime:0.000678s ]
SQL: SHOW COLUMNS FROM `datav_economy_town` [ RunTime:0.0224s ]
SQL: SELECT * FROM `datav_economy_town` WHERE `year` = '2021' AND `month` = 5 AND `title` = '全社会固定资产投资' LIMIT 1   [ RunTime:0.0215s ]

[ 2021-07-12T21:23:47+08:00 ] 127.0.0.1 /datav-backend/admin.php/Total/get_data?cate=%E5%85%A8%E7%A4%BE%E4%BC%9A%E5%9B%BA%E5%AE%9A%E8%B5%84%E4%BA%A7%E6%8A%95%E8%B5%84
INFO: [ app_init ] --START--
INFO: Run Behavior\BuildLiteBehavior [ RunTime:0.000007s ]
INFO: [ app_init ] --END-- [ RunTime:0.000626s ]
INFO: [ app_begin ] --START--
INFO: Run Behavior\ReadHtmlCacheBehavior [ RunTime:0.001243s ]
INFO: [ app_begin ] --END-- [ RunTime:0.001278s ]
SQL: SHOW COLUMNS FROM `datav_total` [ RunTime:0.0189s ]
SQL: SELECT * FROM `datav_total` WHERE `year` = '2021' AND `month` = 5 AND `title` = '全社会固定资产投资' LIMIT 1   [ RunTime:0.0187s ]

[ 2021-07-12T21:23:47+08:00 ] 127.0.0.1 /datav-backend/admin.php/Timeline/get_monthdata?cate=%E5%9B%BA%E5%AE%9A%E8%B5%84%E4%BA%A7%E6%8A%95%E8%B5%84
INFO: [ app_init ] --START--
INFO: Run Behavior\BuildLiteBehavior [ RunTime:0.000006s ]
INFO: [ app_init ] --END-- [ RunTime:0.000473s ]
INFO: [ app_begin ] --START--
INFO: Run Behavior\ReadHtmlCacheBehavior [ RunTime:0.000632s ]
INFO: [ app_begin ] --END-- [ RunTime:0.000649s ]
SQL: SHOW COLUMNS FROM `datav_timeline_month` [ RunTime:0.0147s ]
SQL: SELECT CONCAT(year,'-',month) as date,jw_gross as gross,jw_rise as rise FROM `datav_timeline_month` WHERE `data_date` >= '2020-05' AND `title` = '固定资产投资' ORDER BY data_date asc LIMIT 12   [ RunTime:0.0156s ]

[ 2021-07-12T21:23:47+08:00 ] 127.0.0.1 /datav-backend/admin.php/Economy/get_county?cate=%E5%9B%BA%E5%AE%9A%E8%B5%84%E4%BA%A7%E6%8A%95%E8%B5%84%E9%A2%9D
INFO: [ app_init ] --START--
INFO: Run Behavior\BuildLiteBehavior [ RunTime:0.000005s ]
INFO: [ app_init ] --END-- [ RunTime:0.000423s ]
INFO: [ app_begin ] --START--
INFO: Run Behavior\ReadHtmlCacheBehavior [ RunTime:0.000694s ]
INFO: [ app_begin ] --END-- [ RunTime:0.000724s ]
SQL: SHOW COLUMNS FROM `datav_economy_county` [ RunTime:0.0306s ]
SQL: SELECT `county`,`gross`,`rise`,`proportion`,`zs_ranking`,`measure` FROM `datav_economy_county` WHERE `year` = '2021' AND `month` = 5 AND `title` = '固定资产投资额'  [ RunTime:0.0160s ]

[ 2021-07-12T21:23:48+08:00 ] 127.0.0.1 /datav-backend/admin.php/Economy/get_domestic?cate=%E5%9B%BA%E5%AE%9A%E8%B5%84%E4%BA%A7%E6%8A%95%E8%B5%84%E9%A2%9D
INFO: [ app_init ] --START--
INFO: Run Behavior\BuildLiteBehavior [ RunTime:0.000005s ]
INFO: [ app_init ] --END-- [ RunTime:0.000478s ]
INFO: [ app_begin ] --START--
INFO: Run Behavior\ReadHtmlCacheBehavior [ RunTime:0.001636s ]
INFO: [ app_begin ] --END-- [ RunTime:0.001667s ]
SQL: SHOW COLUMNS FROM `datav_economy_domestic` [ RunTime:0.0184s ]
SQL: SELECT `data_date`,`year`,`month` FROM `datav_economy_domestic` WHERE `data_date` <= '2021-05-01' AND `title` = '固定资产投资额' ORDER BY data_date desc LIMIT 1   [ RunTime:0.0130s ]
SQL: SELECT `area`,`gross`,`rise` FROM `datav_economy_domestic` WHERE `title` = '固定资产投资额' AND `data_date` = '2021-04-01' LIMIT 20   [ RunTime:0.0190s ]

[ 2021-07-12T21:23:48+08:00 ] 127.0.0.1 /datav-backend/admin.php/Timeline/get_yeardata?cate=%E5%9B%BA%E5%AE%9A%E8%B5%84%E4%BA%A7%E6%8A%95%E8%B5%84
INFO: [ app_init ] --START--
INFO: Run Behavior\BuildLiteBehavior [ RunTime:0.000008s ]
INFO: [ app_init ] --END-- [ RunTime:0.000585s ]
INFO: [ app_begin ] --START--
INFO: Run Behavior\ReadHtmlCacheBehavior [ RunTime:0.000788s ]
INFO: [ app_begin ] --END-- [ RunTime:0.000815s ]
SQL: SHOW COLUMNS FROM `datav_timeline_year` [ RunTime:0.0166s ]
SQL: SELECT `year`,`zs_gross`,`zs_rise`,`kfq_gross`,`kfq_rise` FROM `datav_timeline_year` WHERE ( `year` >= '2016' AND `year` < '2021'  ) AND `title` = '固定资产投资'  [ RunTime:0.0220s ]

[ 2021-07-12T21:23:48+08:00 ] 127.0.0.1 /datav-backend/admin.php/InvestmentFixed/get_cate_total?cate=2
INFO: [ app_init ] --START--
INFO: Run Behavior\BuildLiteBehavior [ RunTime:0.000007s ]
INFO: [ app_init ] --END-- [ RunTime:0.000546s ]
INFO: [ app_begin ] --START--
INFO: Run Behavior\ReadHtmlCacheBehavior [ RunTime:0.000756s ]
INFO: [ app_begin ] --END-- [ RunTime:0.000782s ]
SQL: SHOW COLUMNS FROM `datav_investment_fixed` [ RunTime:0.0297s ]
SQL: SELECT `title`,jw_gross as gross,jw_rise as rise FROM `datav_investment_fixed` WHERE `year` = '2021' AND `month` = 5 AND `cate_key` = '2'  [ RunTime:0.0176s ]

[ 2021-07-12T21:23:50+08:00 ] 127.0.0.1 /datav-backend/admin.php/Economy/get_town?cate=%E5%A4%96%E8%B4%B8%E8%BF%9B%E5%87%BA%E5%8F%A3%E6%80%BB%E9%A2%9D
INFO: [ app_init ] --START--
INFO: Run Behavior\BuildLiteBehavior [ RunTime:0.000008s ]
INFO: [ app_init ] --END-- [ RunTime:0.000596s ]
INFO: [ app_begin ] --START--
INFO: Run Behavior\ReadHtmlCacheBehavior [ RunTime:0.000620s ]
INFO: [ app_begin ] --END-- [ RunTime:0.000646s ]
SQL: SHOW COLUMNS FROM `datav_economy_town` [ RunTime:0.0149s ]
SQL: SELECT * FROM `datav_economy_town` WHERE `year` = '2021' AND `month` = 5 AND `title` = '外贸进出口总额' LIMIT 1   [ RunTime:0.0224s ]

[ 2021-07-12T21:23:50+08:00 ] 127.0.0.1 /datav-backend/admin.php/Total/get_data?cate=%E5%A4%96%E8%B4%B8%E8%BF%9B%E5%87%BA%E5%8F%A3%E6%80%BB%E9%A2%9D
INFO: [ app_init ] --START--
INFO: Run Behavior\BuildLiteBehavior [ RunTime:0.000006s ]
INFO: [ app_init ] --END-- [ RunTime:0.000472s ]
INFO: [ app_begin ] --START--
INFO: Run Behavior\ReadHtmlCacheBehavior [ RunTime:0.000733s ]
INFO: [ app_begin ] --END-- [ RunTime:0.000760s ]
SQL: SHOW COLUMNS FROM `datav_total` [ RunTime:0.0181s ]
SQL: SELECT * FROM `datav_total` WHERE `year` = '2021' AND `month` = 5 AND `title` = '外贸进出口总额' LIMIT 1   [ RunTime:0.0149s ]

[ 2021-07-12T21:23:50+08:00 ] 127.0.0.1 /datav-backend/admin.php/Economy/get_town?cate=%E5%87%BA%E5%8F%A3%E6%80%BB%E9%A2%9D
INFO: [ app_init ] --START--
INFO: Run Behavior\BuildLiteBehavior [ RunTime:0.000008s ]
INFO: [ app_init ] --END-- [ RunTime:0.000566s ]
INFO: [ app_begin ] --START--
INFO: Run Behavior\ReadHtmlCacheBehavior [ RunTime:0.000899s ]
INFO: [ app_begin ] --END-- [ RunTime:0.000926s ]
SQL: SHOW COLUMNS FROM `datav_economy_town` [ RunTime:0.0207s ]
SQL: SELECT * FROM `datav_economy_town` WHERE `year` = '2021' AND `month` = 5 AND `title` = '出口总额' LIMIT 1   [ RunTime:0.0245s ]

[ 2021-07-12T21:23:50+08:00 ] 127.0.0.1 /datav-backend/admin.php/Economy/get_county?cate=%E5%9B%BA%E5%AE%9A%E8%B5%84%E4%BA%A7%E6%8A%95%E8%B5%84%E9%A2%9D
INFO: [ app_init ] --START--
INFO: Run Behavior\BuildLiteBehavior [ RunTime:0.000006s ]
INFO: [ app_init ] --END-- [ RunTime:0.000369s ]
INFO: [ app_begin ] --START--
INFO: Run Behavior\ReadHtmlCacheBehavior [ RunTime:0.000547s ]
INFO: [ app_begin ] --END-- [ RunTime:0.000566s ]
SQL: SHOW COLUMNS FROM `datav_economy_county` [ RunTime:0.0223s ]
SQL: SELECT `county`,`gross`,`rise`,`proportion`,`zs_ranking`,`measure` FROM `datav_economy_county` WHERE `year` = '2021' AND `month` = 5 AND `title` = '固定资产投资额'  [ RunTime:0.0207s ]

[ 2021-07-12T21:23:50+08:00 ] 127.0.0.1 /datav-backend/admin.php/Economy/get_domestic?cate=%E5%9B%BA%E5%AE%9A%E8%B5%84%E4%BA%A7%E6%8A%95%E8%B5%84%E9%A2%9D
INFO: [ app_init ] --START--
INFO: Run Behavior\BuildLiteBehavior [ RunTime:0.000005s ]
INFO: [ app_init ] --END-- [ RunTime:0.000360s ]
INFO: [ app_begin ] --START--
INFO: Run Behavior\ReadHtmlCacheBehavior [ RunTime:0.000585s ]
INFO: [ app_begin ] --END-- [ RunTime:0.000603s ]
SQL: SHOW COLUMNS FROM `datav_economy_domestic` [ RunTime:0.0161s ]
SQL: SELECT `data_date`,`year`,`month` FROM `datav_economy_domestic` WHERE `data_date` <= '2021-05-01' AND `title` = '固定资产投资额' ORDER BY data_date desc LIMIT 1   [ RunTime:0.0149s ]
SQL: SELECT `area`,`gross`,`rise` FROM `datav_economy_domestic` WHERE `title` = '固定资产投资额' AND `data_date` = '2021-04-01' LIMIT 20   [ RunTime:0.0184s ]

[ 2021-07-12T21:23:50+08:00 ] 127.0.0.1 /datav-backend/admin.php/Timeline/get_monthdata?cate=%E5%9B%BA%E5%AE%9A%E8%B5%84%E4%BA%A7%E6%8A%95%E8%B5%84
INFO: [ app_init ] --START--
INFO: Run Behavior\BuildLiteBehavior [ RunTime:0.000005s ]
INFO: [ app_init ] --END-- [ RunTime:0.000461s ]
INFO: [ app_begin ] --START--
INFO: Run Behavior\ReadHtmlCacheBehavior [ RunTime:0.000646s ]
INFO: [ app_begin ] --END-- [ RunTime:0.000663s ]
SQL: SHOW COLUMNS FROM `datav_timeline_month` [ RunTime:0.0186s ]
SQL: SELECT CONCAT(year,'-',month) as date,jw_gross as gross,jw_rise as rise FROM `datav_timeline_month` WHERE `data_date` >= '2020-05' AND `title` = '固定资产投资' ORDER BY data_date asc LIMIT 12   [ RunTime:0.0229s ]

[ 2021-07-12T21:23:50+08:00 ] 127.0.0.1 /datav-backend/admin.php/Timeline/get_yeardata?cate=%E5%9B%BA%E5%AE%9A%E8%B5%84%E4%BA%A7%E6%8A%95%E8%B5%84
INFO: [ app_init ] --START--
INFO: Run Behavior\BuildLiteBehavior [ RunTime:0.000006s ]
INFO: [ app_init ] --END-- [ RunTime:0.000435s ]
INFO: [ app_begin ] --START--
INFO: Run Behavior\ReadHtmlCacheBehavior [ RunTime:0.000559s ]
INFO: [ app_begin ] --END-- [ RunTime:0.000576s ]
SQL: SHOW COLUMNS FROM `datav_timeline_year` [ RunTime:0.0197s ]
SQL: SELECT `year`,`zs_gross`,`zs_rise`,`kfq_gross`,`kfq_rise` FROM `datav_timeline_year` WHERE ( `year` >= '2016' AND `year` < '2021'  ) AND `title` = '固定资产投资'  [ RunTime:0.0162s ]

[ 2021-07-12T21:24:21+08:00 ] 127.0.0.1 /datav-backend/admin.php/Total/get_data?cate=%E4%B8%80%E8%88%AC%E5%85%AC%E5%85%B1%E9%A2%84%E7%AE%97%E6%94%B6%E5%85%A5
INFO: [ app_init ] --START--
INFO: Run Behavior\BuildLiteBehavior [ RunTime:0.000008s ]
INFO: [ app_init ] --END-- [ RunTime:0.000767s ]
INFO: [ app_begin ] --START--
INFO: Run Behavior\ReadHtmlCacheBehavior [ RunTime:0.000558s ]
INFO: [ app_begin ] --END-- [ RunTime:0.000580s ]
SQL: SHOW COLUMNS FROM `datav_total` [ RunTime:0.0166s ]
SQL: SELECT * FROM `datav_total` WHERE `year` = '2021' AND `month` = 5 AND `title` = '一般公共预算收入' LIMIT 1   [ RunTime:0.0327s ]

[ 2021-07-12T21:24:21+08:00 ] 127.0.0.1 /datav-backend/admin.php/Economy/get_town?cate=%E4%B8%80%E8%88%AC%E5%85%AC%E5%85%B1%E9%A2%84%E7%AE%97%E6%94%B6%E5%85%A5
INFO: [ app_init ] --START--
INFO: Run Behavior\BuildLiteBehavior [ RunTime:0.000006s ]
INFO: [ app_init ] --END-- [ RunTime:0.000493s ]
INFO: [ app_begin ] --START--
INFO: Run Behavior\ReadHtmlCacheBehavior [ RunTime:0.000800s ]
INFO: [ app_begin ] --END-- [ RunTime:0.000828s ]
SQL: SHOW COLUMNS FROM `datav_economy_town` [ RunTime:0.0210s ]
SQL: SELECT * FROM `datav_economy_town` WHERE `year` = '2021' AND `month` = 5 AND `title` = '一般公共预算收入' LIMIT 1   [ RunTime:0.0199s ]

[ 2021-07-12T21:24:21+08:00 ] 127.0.0.1 /datav-backend/admin.php/Economy/get_county?cate=%E4%B8%80%E8%88%AC%E5%85%AC%E5%85%B1%E9%A2%84%E7%AE%97%E6%94%B6%E5%85%A5
INFO: [ app_init ] --START--
INFO: Run Behavior\BuildLiteBehavior [ RunTime:0.000010s ]
INFO: [ app_init ] --END-- [ RunTime:0.000927s ]
INFO: [ app_begin ] --START--
INFO: Run Behavior\ReadHtmlCacheBehavior [ RunTime:0.001182s ]
INFO: [ app_begin ] --END-- [ RunTime:0.001272s ]
SQL: SHOW COLUMNS FROM `datav_economy_county` [ RunTime:0.0221s ]
SQL: SELECT `county`,`gross`,`rise`,`proportion`,`zs_ranking`,`measure` FROM `datav_economy_county` WHERE `year` = '2021' AND `month` = 5 AND `title` = '一般公共预算收入'  [ RunTime:0.0224s ]

[ 2021-07-12T21:24:21+08:00 ] 127.0.0.1 /datav-backend/admin.php/Timeline/get_monthdata?cate=%E4%B8%80%E8%88%AC%E5%85%AC%E5%85%B1%E9%A2%84%E7%AE%97%E6%94%B6%E5%85%A5
INFO: [ app_init ] --START--
INFO: Run Behavior\BuildLiteBehavior [ RunTime:0.000005s ]
INFO: [ app_init ] --END-- [ RunTime:0.000363s ]
INFO: [ app_begin ] --START--
INFO: Run Behavior\ReadHtmlCacheBehavior [ RunTime:0.000664s ]
INFO: [ app_begin ] --END-- [ RunTime:0.000692s ]
SQL: SHOW COLUMNS FROM `datav_timeline_month` [ RunTime:0.0320s ]
SQL: SELECT CONCAT(year,'-',month) as date,jw_gross as gross,jw_rise as rise FROM `datav_timeline_month` WHERE `data_date` >= '2020-05' AND `title` = '一般公共预算收入' ORDER BY data_date asc LIMIT 12   [ RunTime:0.0243s ]

[ 2021-07-12T21:24:22+08:00 ] 127.0.0.1 /datav-backend/admin.php/Economy/get_domestic?cate=%E4%B8%80%E8%88%AC%E5%85%AC%E5%85%B1%E9%A2%84%E7%AE%97%E6%94%B6%E5%85%A5
INFO: [ app_init ] --START--
INFO: Run Behavior\BuildLiteBehavior [ RunTime:0.000006s ]
INFO: [ app_init ] --END-- [ RunTime:0.000382s ]
INFO: [ app_begin ] --START--
INFO: Run Behavior\ReadHtmlCacheBehavior [ RunTime:0.000873s ]
INFO: [ app_begin ] --END-- [ RunTime:0.001005s ]
SQL: SHOW COLUMNS FROM `datav_economy_domestic` [ RunTime:0.0185s ]
SQL: SELECT `data_date`,`year`,`month` FROM `datav_economy_domestic` WHERE `data_date` <= '2021-05-01' AND `title` = '一般公共预算收入' ORDER BY data_date desc LIMIT 1   [ RunTime:0.0261s ]
SQL: SELECT `area`,`gross`,`rise` FROM `datav_economy_domestic` WHERE `title` = '一般公共预算收入' AND `data_date` = '2021-04-01' LIMIT 20   [ RunTime:0.0516s ]

[ 2021-07-12T21:24:22+08:00 ] 127.0.0.1 /datav-backend/admin.php/Economy/get_county?cate=%E7%A8%8E%E6%94%B6%E6%94%B6%E5%85%A5
INFO: [ app_init ] --START--
INFO: Run Behavior\BuildLiteBehavior [ RunTime:0.000008s ]
INFO: [ app_init ] --END-- [ RunTime:0.000575s ]
INFO: [ app_begin ] --START--
INFO: Run Behavior\ReadHtmlCacheBehavior [ RunTime:0.000565s ]
INFO: [ app_begin ] --END-- [ RunTime:0.000587s ]
SQL: SHOW COLUMNS FROM `datav_economy_county` [ RunTime:0.0194s ]
SQL: SELECT `county`,`gross`,`rise`,`proportion`,`zs_ranking`,`measure` FROM `datav_economy_county` WHERE `year` = '2021' AND `month` = 5 AND `title` = '税收收入'  [ RunTime:0.0140s ]

[ 2021-07-12T21:24:22+08:00 ] 127.0.0.1 /datav-backend/admin.php/Timeline/get_yeardata?cate=%E4%B8%80%E8%88%AC%E5%85%AC%E5%85%B1%E9%A2%84%E7%AE%97%E6%94%B6%E5%85%A5
INFO: [ app_init ] --START--
INFO: Run Behavior\BuildLiteBehavior [ RunTime:0.000007s ]
INFO: [ app_init ] --END-- [ RunTime:0.000587s ]
INFO: [ app_begin ] --START--
INFO: Run Behavior\ReadHtmlCacheBehavior [ RunTime:0.000530s ]
INFO: [ app_begin ] --END-- [ RunTime:0.000547s ]
SQL: SHOW COLUMNS FROM `datav_timeline_year` [ RunTime:0.0202s ]
SQL: SELECT `year`,`zs_gross`,`zs_rise`,`kfq_gross`,`kfq_rise` FROM `datav_timeline_year` WHERE ( `year` >= '2016' AND `year` < '2021'  ) AND `title` = '一般公共预算收入'  [ RunTime:0.0157s ]

[ 2021-07-12T21:24:23+08:00 ] 127.0.0.1 /datav-backend/admin.php/Finance/get_data?cate=income
INFO: [ app_init ] --START--
INFO: Run Behavior\BuildLiteBehavior [ RunTime:0.000010s ]
INFO: [ app_init ] --END-- [ RunTime:0.000618s ]
INFO: [ app_begin ] --START--
INFO: Run Behavior\ReadHtmlCacheBehavior [ RunTime:0.000599s ]
INFO: [ app_begin ] --END-- [ RunTime:0.000624s ]
SQL: SHOW COLUMNS FROM `datav_finance` [ RunTime:0.0292s ]
SQL: SELECT `title`,`parent_name`,`gross`,`rise` FROM `datav_finance` WHERE `year` = '2021' AND `month` = 5 AND ( `parent_name` = '收入' OR `parent_name` = '税收收入' )  [ RunTime:0.0190s ]

[ 2021-07-12T21:24:23+08:00 ] 127.0.0.1 /datav-backend/admin.php/Total/get_data?cate=%E4%B8%80%E8%88%AC%E5%85%AC%E5%85%B1%E9%A2%84%E7%AE%97%E6%94%AF%E5%87%BA
INFO: [ app_init ] --START--
INFO: Run Behavior\BuildLiteBehavior [ RunTime:0.000010s ]
INFO: [ app_init ] --END-- [ RunTime:0.000700s ]
INFO: [ app_begin ] --START--
INFO: Run Behavior\ReadHtmlCacheBehavior [ RunTime:0.000580s ]
INFO: [ app_begin ] --END-- [ RunTime:0.000601s ]
SQL: SHOW COLUMNS FROM `datav_total` [ RunTime:0.0212s ]
SQL: SELECT * FROM `datav_total` WHERE `year` = '2021' AND `month` = 5 AND `title` = '一般公共预算支出' LIMIT 1   [ RunTime:0.0173s ]

[ 2021-07-12T21:24:23+08:00 ] 127.0.0.1 /datav-backend/admin.php/Economy/get_town?cate=%E4%B8%80%E8%88%AC%E5%85%AC%E5%85%B1%E9%A2%84%E7%AE%97%E6%94%AF%E5%87%BA
INFO: [ app_init ] --START--
INFO: Run Behavior\BuildLiteBehavior [ RunTime:0.000008s ]
INFO: [ app_init ] --END-- [ RunTime:0.000731s ]
INFO: [ app_begin ] --START--
INFO: Run Behavior\ReadHtmlCacheBehavior [ RunTime:0.000845s ]
INFO: [ app_begin ] --END-- [ RunTime:0.000874s ]
SQL: SHOW COLUMNS FROM `datav_economy_town` [ RunTime:0.0155s ]
SQL: SELECT * FROM `datav_economy_town` WHERE `year` = '2021' AND `month` = 5 AND `title` = '一般公共预算支出' LIMIT 1   [ RunTime:0.0158s ]

[ 2021-07-12T21:24:24+08:00 ] 127.0.0.1 /datav-backend/admin.php/Economy/get_county?cate=%E4%B8%80%E8%88%AC%E5%85%AC%E5%85%B1%E9%A2%84%E7%AE%97%E6%94%AF%E5%87%BA
INFO: [ app_init ] --START--
INFO: Run Behavior\BuildLiteBehavior [ RunTime:0.000005s ]
INFO: [ app_init ] --END-- [ RunTime:0.000426s ]
INFO: [ app_begin ] --START--
INFO: Run Behavior\ReadHtmlCacheBehavior [ RunTime:0.000555s ]
INFO: [ app_begin ] --END-- [ RunTime:0.000573s ]
SQL: SHOW COLUMNS FROM `datav_economy_county` [ RunTime:0.0149s ]
SQL: SELECT `county`,`gross`,`rise`,`proportion`,`zs_ranking`,`measure` FROM `datav_economy_county` WHERE `year` = '2021' AND `month` = 5 AND `title` = '一般公共预算支出'  [ RunTime:0.0257s ]

[ 2021-07-12T21:24:24+08:00 ] 127.0.0.1 /datav-backend/admin.php/Economy/get_domestic?cate=%E4%B8%80%E8%88%AC%E5%85%AC%E5%85%B1%E9%A2%84%E7%AE%97%E6%94%AF%E5%87%BA
INFO: [ app_init ] --START--
INFO: Run Behavior\BuildLiteBehavior [ RunTime:0.000005s ]
INFO: [ app_init ] --END-- [ RunTime:0.000473s ]
INFO: [ app_begin ] --START--
INFO: Run Behavior\ReadHtmlCacheBehavior [ RunTime:0.000609s ]
INFO: [ app_begin ] --END-- [ RunTime:0.000628s ]
SQL: SHOW COLUMNS FROM `datav_economy_domestic` [ RunTime:0.0229s ]
SQL: SELECT `data_date`,`year`,`month` FROM `datav_economy_domestic` WHERE `data_date` <= '2021-05-01' AND `title` = '一般公共预算支出' ORDER BY data_date desc LIMIT 1   [ RunTime:0.0188s ]
SQL: SELECT `area`,`gross`,`rise` FROM `datav_economy_domestic` WHERE `title` = '一般公共预算支出' AND `data_date` = null LIMIT 20   [ RunTime:0.0387s ]

[ 2021-07-12T21:24:25+08:00 ] 127.0.0.1 /datav-backend/admin.php/Timeline/get_monthdata?cate=%E4%B8%80%E8%88%AC%E5%85%AC%E5%85%B1%E9%A2%84%E7%AE%97%E6%94%AF%E5%87%BA
INFO: [ app_init ] --START--
INFO: Run Behavior\BuildLiteBehavior [ RunTime:0.000005s ]
INFO: [ app_init ] --END-- [ RunTime:0.000468s ]
INFO: [ app_begin ] --START--
INFO: Run Behavior\ReadHtmlCacheBehavior [ RunTime:0.000605s ]
INFO: [ app_begin ] --END-- [ RunTime:0.000623s ]
SQL: SHOW COLUMNS FROM `datav_timeline_month` [ RunTime:0.0170s ]
SQL: SELECT CONCAT(year,'-',month) as date,jw_gross as gross,jw_rise as rise FROM `datav_timeline_month` WHERE `data_date` >= '2020-05' AND `title` = '一般公共预算支出' ORDER BY data_date asc LIMIT 12   [ RunTime:0.0157s ]

[ 2021-07-12T21:24:26+08:00 ] 127.0.0.1 /datav-backend/admin.php/Timeline/get_yeardata?cate=%E4%B8%80%E8%88%AC%E5%85%AC%E5%85%B1%E9%A2%84%E7%AE%97%E6%94%AF%E5%87%BA
INFO: [ app_init ] --START--
INFO: Run Behavior\BuildLiteBehavior [ RunTime:0.000008s ]
INFO: [ app_init ] --END-- [ RunTime:0.001043s ]
INFO: [ app_begin ] --START--
INFO: Run Behavior\ReadHtmlCacheBehavior [ RunTime:0.000566s ]
INFO: [ app_begin ] --END-- [ RunTime:0.000583s ]
SQL: SHOW COLUMNS FROM `datav_timeline_year` [ RunTime:0.0131s ]
SQL: SELECT `year`,`zs_gross`,`zs_rise`,`kfq_gross`,`kfq_rise` FROM `datav_timeline_year` WHERE ( `year` >= '2016' AND `year` < '2021'  ) AND `title` = '一般公共预算支出'  [ RunTime:0.0160s ]

[ 2021-07-12T21:24:26+08:00 ] 127.0.0.1 /datav-backend/admin.php/Finance/get_data?cate=%E6%94%AF%E5%87%BA
INFO: [ app_init ] --START--
INFO: Run Behavior\BuildLiteBehavior [ RunTime:0.000007s ]
INFO: [ app_init ] --END-- [ RunTime:0.000638s ]
INFO: [ app_begin ] --START--
INFO: Run Behavior\ReadHtmlCacheBehavior [ RunTime:0.000610s ]
INFO: [ app_begin ] --END-- [ RunTime:0.000634s ]
SQL: SHOW COLUMNS FROM `datav_finance` [ RunTime:0.0180s ]
SQL: SELECT `title`,`gross`,`rise` FROM `datav_finance` WHERE `year` = '2021' AND `month` = 5 AND `parent_name` = '支出'  [ RunTime:0.0318s ]

[ 2021-07-12T21:24:26+08:00 ] 127.0.0.1 /datav-backend/admin.php/Total/get_data_for_transport?cate=%E7%8F%A0%E6%B5%B7%E6%9C%BA%E5%9C%BA
INFO: [ app_init ] --START--
INFO: Run Behavior\BuildLiteBehavior [ RunTime:0.000007s ]
INFO: [ app_init ] --END-- [ RunTime:0.000626s ]
INFO: [ app_begin ] --START--
INFO: Run Behavior\ReadHtmlCacheBehavior [ RunTime:0.000823s ]
INFO: [ app_begin ] --END-- [ RunTime:0.000849s ]
SQL: SHOW COLUMNS FROM `datav_total` [ RunTime:0.0220s ]
SQL: SELECT * FROM `datav_total` WHERE `year` = '2021' AND `month` = 5 AND `title` LIKE '珠海机场%'  [ RunTime:0.0267s ]

[ 2021-07-12T21:24:26+08:00 ] 127.0.0.1 /datav-backend/admin.php/Timeline/get_monthdata?cate=%E7%8F%A0%E6%B5%B7%E6%9C%BA%E5%9C%BA
INFO: [ app_init ] --START--
INFO: Run Behavior\BuildLiteBehavior [ RunTime:0.000019s ]
INFO: [ app_init ] --END-- [ RunTime:0.000538s ]
INFO: [ app_begin ] --START--
INFO: Run Behavior\ReadHtmlCacheBehavior [ RunTime:0.000658s ]
INFO: [ app_begin ] --END-- [ RunTime:0.000677s ]
SQL: SHOW COLUMNS FROM `datav_timeline_transport` [ RunTime:0.0157s ]
SQL: SELECT `title`,`year`,`month`,`measure`,`gross`,`rise` FROM `datav_timeline_transport` WHERE ( `data_date` >= '2020-05' AND `data_date` < '2021-05'  ) AND `title` LIKE '珠海机场%'  [ RunTime:0.0168s ]

[ 2021-07-12T21:24:26+08:00 ] 127.0.0.1 /datav-backend/admin.php/Timeline/get_transport_by_year?cate=%E7%8F%A0%E6%B5%B7%E6%9C%BA%E5%9C%BA
INFO: [ app_init ] --START--
INFO: Run Behavior\BuildLiteBehavior [ RunTime:0.000018s ]
INFO: [ app_init ] --END-- [ RunTime:0.000588s ]
INFO: [ app_begin ] --START--
INFO: Run Behavior\ReadHtmlCacheBehavior [ RunTime:0.000690s ]
INFO: [ app_begin ] --END-- [ RunTime:0.000707s ]
SQL: SHOW COLUMNS FROM `datav_timeline_year` [ RunTime:0.0148s ]
SQL: SELECT `year`,zs_gross as gross,zs_rise as rise FROM `datav_timeline_year` WHERE ( `year` >= '2016' AND `year` < '2021'  ) AND `title` = '珠海机场旅客吞吐量'  [ RunTime:0.0220s ]
SQL: SELECT `year`,zs_gross as gross,zs_rise as rise FROM `datav_timeline_year` WHERE ( `year` >= '2016' AND `year` < '2021'  ) AND `title` = '珠海机场货邮吞吐量'  [ RunTime:0.0272s ]

[ 2021-07-12T21:26:34+08:00 ] 127.0.0.1 /datav-backend/admin.php/Timeline/get_monthdata?cate=%E7%8F%A0%E6%B5%B7%E6%9C%BA%E5%9C%BA
INFO: [ app_init ] --START--
INFO: Run Behavior\BuildLiteBehavior [ RunTime:0.000031s ]
INFO: [ app_init ] --END-- [ RunTime:0.000612s ]
INFO: [ app_begin ] --START--
INFO: Run Behavior\ReadHtmlCacheBehavior [ RunTime:0.000887s ]
INFO: [ app_begin ] --END-- [ RunTime:0.000918s ]
SQL: SHOW COLUMNS FROM `datav_timeline_transport` [ RunTime:0.0168s ]
SQL: SELECT `title`,`year`,`month`,`measure`,`gross`,`rise` FROM `datav_timeline_transport` WHERE ( `data_date` >= '2020-05' AND `data_date` < '2021-05'  ) AND `title` LIKE '珠海机场%'  [ RunTime:0.0343s ]

[ 2021-07-12T21:26:34+08:00 ] 127.0.0.1 /datav-backend/admin.php/Timeline/get_transport_by_year?cate=%E7%8F%A0%E6%B5%B7%E6%9C%BA%E5%9C%BA
INFO: [ app_init ] --START--
INFO: Run Behavior\BuildLiteBehavior [ RunTime:0.000011s ]
INFO: [ app_init ] --END-- [ RunTime:0.002339s ]
INFO: [ app_begin ] --START--
INFO: Run Behavior\ReadHtmlCacheBehavior [ RunTime:0.001273s ]
INFO: [ app_begin ] --END-- [ RunTime:0.001305s ]
SQL: SHOW COLUMNS FROM `datav_timeline_year` [ RunTime:0.0198s ]
SQL: SELECT `year`,zs_gross as gross,zs_rise as rise FROM `datav_timeline_year` WHERE ( `year` >= '2016' AND `year` < '2021'  ) AND `title` = '珠海机场旅客吞吐量'  [ RunTime:0.0163s ]
SQL: SELECT `year`,zs_gross as gross,zs_rise as rise FROM `datav_timeline_year` WHERE ( `year` >= '2016' AND `year` < '2021'  ) AND `title` = '珠海机场货邮吞吐量'  [ RunTime:0.0192s ]

[ 2021-07-12T21:26:34+08:00 ] 127.0.0.1 /datav-backend/admin.php/Total/get_data_for_transport?cate=%E7%8F%A0%E6%B5%B7%E6%9C%BA%E5%9C%BA
INFO: [ app_init ] --START--
INFO: Run Behavior\BuildLiteBehavior [ RunTime:0.000010s ]
INFO: [ app_init ] --END-- [ RunTime:0.000714s ]
INFO: [ app_begin ] --START--
INFO: Run Behavior\ReadHtmlCacheBehavior [ RunTime:0.000827s ]
INFO: [ app_begin ] --END-- [ RunTime:0.000870s ]
SQL: SHOW COLUMNS FROM `datav_total` [ RunTime:0.0172s ]
SQL: SELECT * FROM `datav_total` WHERE `year` = '2021' AND `month` = 5 AND `title` LIKE '珠海机场%'  [ RunTime:0.0183s ]

[ 2021-07-12T21:27:04+08:00 ] 127.0.0.1 /datav-backend/admin.php/Total/get_data_for_transport?cate=%E7%8F%A0%E6%B5%B7%E6%9C%BA%E5%9C%BA
INFO: [ app_init ] --START--
INFO: Run Behavior\BuildLiteBehavior [ RunTime:0.000005s ]
INFO: [ app_init ] --END-- [ RunTime:0.000429s ]
INFO: [ app_begin ] --START--
INFO: Run Behavior\ReadHtmlCacheBehavior [ RunTime:0.000586s ]
INFO: [ app_begin ] --END-- [ RunTime:0.000605s ]
SQL: SHOW COLUMNS FROM `datav_total` [ RunTime:0.0191s ]
SQL: SELECT * FROM `datav_total` WHERE `year` = '2021' AND `month` = 5 AND `title` LIKE '珠海机场%'  [ RunTime:0.0168s ]

[ 2021-07-12T21:27:04+08:00 ] 127.0.0.1 /datav-backend/admin.php/Timeline/get_transport_by_year?cate=%E7%8F%A0%E6%B5%B7%E6%9C%BA%E5%9C%BA
INFO: [ app_init ] --START--
INFO: Run Behavior\BuildLiteBehavior [ RunTime:0.000005s ]
INFO: [ app_init ] --END-- [ RunTime:0.000571s ]
INFO: [ app_begin ] --START--
INFO: Run Behavior\ReadHtmlCacheBehavior [ RunTime:0.001952s ]
INFO: [ app_begin ] --END-- [ RunTime:0.002028s ]
SQL: SHOW COLUMNS FROM `datav_timeline_year` [ RunTime:0.0241s ]
SQL: SELECT `year`,zs_gross as gross,zs_rise as rise FROM `datav_timeline_year` WHERE ( `year` >= '2016' AND `year` < '2021'  ) AND `title` = '珠海机场旅客吞吐量'  [ RunTime:0.0221s ]
SQL: SELECT `year`,zs_gross as gross,zs_rise as rise FROM `datav_timeline_year` WHERE ( `year` >= '2016' AND `year` < '2021'  ) AND `title` = '珠海机场货邮吞吐量'  [ RunTime:0.0167s ]

[ 2021-07-12T21:27:04+08:00 ] 127.0.0.1 /datav-backend/admin.php/Timeline/get_monthdata?cate=%E7%8F%A0%E6%B5%B7%E6%9C%BA%E5%9C%BA
INFO: [ app_init ] --START--
INFO: Run Behavior\BuildLiteBehavior [ RunTime:0.000007s ]
INFO: [ app_init ] --END-- [ RunTime:0.000624s ]
INFO: [ app_begin ] --START--
INFO: Run Behavior\ReadHtmlCacheBehavior [ RunTime:0.000770s ]
INFO: [ app_begin ] --END-- [ RunTime:0.000796s ]
SQL: SHOW COLUMNS FROM `datav_timeline_transport` [ RunTime:0.0178s ]
SQL: SELECT `title`,`year`,`month`,`measure`,`gross`,`rise` FROM `datav_timeline_transport` WHERE ( `data_date` >= '2020-05' AND `data_date` < '2021-05'  ) AND `title` LIKE '珠海机场%'  [ RunTime:0.0214s ]

[ 2021-07-12T21:28:26+08:00 ] 127.0.0.1 /datav-backend/admin.php/Total/get_data_for_transport?cate=%E7%8F%A0%E6%B5%B7%E6%9C%BA%E5%9C%BA
INFO: [ app_init ] --START--
INFO: Run Behavior\BuildLiteBehavior [ RunTime:0.000005s ]
INFO: [ app_init ] --END-- [ RunTime:0.000380s ]
INFO: [ app_begin ] --START--
INFO: Run Behavior\ReadHtmlCacheBehavior [ RunTime:0.000521s ]
INFO: [ app_begin ] --END-- [ RunTime:0.000541s ]
SQL: SHOW COLUMNS FROM `datav_total` [ RunTime:0.0236s ]
SQL: SELECT * FROM `datav_total` WHERE `year` = '2021' AND `month` = 5 AND `title` LIKE '珠海机场%'  [ RunTime:0.0181s ]

[ 2021-07-12T21:28:26+08:00 ] 127.0.0.1 /datav-backend/admin.php/Timeline/get_monthdata?cate=%E7%8F%A0%E6%B5%B7%E6%9C%BA%E5%9C%BA
INFO: [ app_init ] --START--
INFO: Run Behavior\BuildLiteBehavior [ RunTime:0.000007s ]
INFO: [ app_init ] --END-- [ RunTime:0.000546s ]
INFO: [ app_begin ] --START--
INFO: Run Behavior\ReadHtmlCacheBehavior [ RunTime:0.000601s ]
INFO: [ app_begin ] --END-- [ RunTime:0.000630s ]
SQL: SHOW COLUMNS FROM `datav_timeline_transport` [ RunTime:0.0193s ]
SQL: SELECT `title`,`year`,`month`,`measure`,`gross`,`rise` FROM `datav_timeline_transport` WHERE ( `data_date` >= '2020-05' AND `data_date` < '2021-05'  ) AND `title` LIKE '珠海机场%'  [ RunTime:0.0160s ]

[ 2021-07-12T21:28:26+08:00 ] 127.0.0.1 /datav-backend/admin.php/Timeline/get_transport_by_year?cate=%E7%8F%A0%E6%B5%B7%E6%9C%BA%E5%9C%BA
INFO: [ app_init ] --START--
INFO: Run Behavior\BuildLiteBehavior [ RunTime:0.000007s ]
INFO: [ app_init ] --END-- [ RunTime:0.000467s ]
INFO: [ app_begin ] --START--
INFO: Run Behavior\ReadHtmlCacheBehavior [ RunTime:0.000585s ]
INFO: [ app_begin ] --END-- [ RunTime:0.000609s ]
SQL: SHOW COLUMNS FROM `datav_timeline_year` [ RunTime:0.0142s ]
SQL: SELECT `year`,zs_gross as gross,zs_rise as rise FROM `datav_timeline_year` WHERE ( `year` >= '2016' AND `year` < '2021'  ) AND `title` = '珠海机场旅客吞吐量'  [ RunTime:0.0143s ]
SQL: SELECT `year`,zs_gross as gross,zs_rise as rise FROM `datav_timeline_year` WHERE ( `year` >= '2016' AND `year` < '2021'  ) AND `title` = '珠海机场货邮吞吐量'  [ RunTime:0.0144s ]

[ 2021-07-12T21:31:24+08:00 ] 127.0.0.1 /datav-backend/admin.php/Total/get_data_for_transport?cate=%E7%8F%A0%E6%B5%B7%E6%9C%BA%E5%9C%BA
INFO: [ app_init ] --START--
INFO: Run Behavior\BuildLiteBehavior [ RunTime:0.000009s ]
INFO: [ app_init ] --END-- [ RunTime:0.000516s ]
INFO: [ app_begin ] --START--
INFO: Run Behavior\ReadHtmlCacheBehavior [ RunTime:0.001417s ]
INFO: [ app_begin ] --END-- [ RunTime:0.001462s ]
SQL: SHOW COLUMNS FROM `datav_total` [ RunTime:0.0150s ]
SQL: SELECT * FROM `datav_total` WHERE `year` = '2021' AND `month` = 5 AND `title` LIKE '珠海机场%'  [ RunTime:0.0202s ]

[ 2021-07-12T21:31:24+08:00 ] 127.0.0.1 /datav-backend/admin.php/Timeline/get_monthdata?cate=%E7%8F%A0%E6%B5%B7%E6%9C%BA%E5%9C%BA
INFO: [ app_init ] --START--
INFO: Run Behavior\BuildLiteBehavior [ RunTime:0.000008s ]
INFO: [ app_init ] --END-- [ RunTime:0.000749s ]
INFO: [ app_begin ] --START--
INFO: Run Behavior\ReadHtmlCacheBehavior [ RunTime:0.003550s ]
INFO: [ app_begin ] --END-- [ RunTime:0.003583s ]
SQL: SHOW COLUMNS FROM `datav_timeline_transport` [ RunTime:0.0178s ]
SQL: SELECT `title`,`year`,`month`,`measure`,`gross`,`rise` FROM `datav_timeline_transport` WHERE ( `data_date` >= '2020-05' AND `data_date` < '2021-05'  ) AND `title` LIKE '珠海机场%'  [ RunTime:0.0308s ]

[ 2021-07-12T21:31:24+08:00 ] 127.0.0.1 /datav-backend/admin.php/Timeline/get_transport_by_year?cate=%E7%8F%A0%E6%B5%B7%E6%9C%BA%E5%9C%BA
INFO: [ app_init ] --START--
INFO: Run Behavior\BuildLiteBehavior [ RunTime:0.000006s ]
INFO: [ app_init ] --END-- [ RunTime:0.000489s ]
INFO: [ app_begin ] --START--
INFO: Run Behavior\ReadHtmlCacheBehavior [ RunTime:0.000573s ]
INFO: [ app_begin ] --END-- [ RunTime:0.000591s ]
SQL: SHOW COLUMNS FROM `datav_timeline_year` [ RunTime:0.0126s ]
SQL: SELECT `year`,zs_gross as gross,zs_rise as rise FROM `datav_timeline_year` WHERE ( `year` >= '2016' AND `year` < '2021'  ) AND `title` = '珠海机场旅客吞吐量'  [ RunTime:0.0233s ]
SQL: SELECT `year`,zs_gross as gross,zs_rise as rise FROM `datav_timeline_year` WHERE ( `year` >= '2016' AND `year` < '2021'  ) AND `title` = '珠海机场货邮吞吐量'  [ RunTime:0.0197s ]

[ 2021-07-12T21:31:59+08:00 ] 127.0.0.1 /datav-backend/admin.php/Total/get_data?cate=all
INFO: [ app_init ] --START--
INFO: Run Behavior\BuildLiteBehavior [ RunTime:0.000006s ]
INFO: [ app_init ] --END-- [ RunTime:0.000445s ]
INFO: [ app_begin ] --START--
INFO: Run Behavior\ReadHtmlCacheBehavior [ RunTime:0.000578s ]
INFO: [ app_begin ] --END-- [ RunTime:0.000599s ]
SQL: SHOW COLUMNS FROM `datav_total` [ RunTime:0.0209s ]
SQL: SELECT `title`,`measure`,jw_gross as gross,jw_rise as rise,`before_last_rise`,`two_year_rise` FROM `datav_total` WHERE `year` = '2021' AND `month` = 5 AND `title` IN ('地区生产总值','规模以上工业增加值','规模以上工业总产值','全社会固定资产投资','外贸进出口总额','实际吸收外商投资','社会消费品零售总额','一般公共预算收入','一般公共预算支出','珠海机场旅客吞吐量','珠海机场货邮吞吐量','高栏港港口吞吐量')  [ RunTime:0.0226s ]

[ 2021-07-12T21:32:00+08:00 ] 127.0.0.1 /datav-backend/admin.php/Total/get_all_by_town
INFO: [ app_init ] --START--
INFO: Run Behavior\BuildLiteBehavior [ RunTime:0.000005s ]
INFO: [ app_init ] --END-- [ RunTime:0.000588s ]
INFO: [ app_begin ] --START--
INFO: Run Behavior\ReadHtmlCacheBehavior [ RunTime:0.000641s ]
INFO: [ app_begin ] --END-- [ RunTime:0.000661s ]
SQL: SHOW COLUMNS FROM `datav_economy_town` [ RunTime:0.0451s ]
SQL: SELECT `title`,`measure`,`sz_gross`,`sz_rise`,`hq_gross`,`hq_rise`,`ns_gross`,`ns_rise`,`ps_gross`,`ps_rise` FROM `datav_economy_town` WHERE `year` = '2021' AND `month` = 5 ORDER BY id asc  [ RunTime:0.0321s ]

[ 2021-07-12T21:32:00+08:00 ] 127.0.0.1 /datav-backend/admin.php/Total/get_all_by_county
INFO: [ app_init ] --START--
INFO: Run Behavior\BuildLiteBehavior [ RunTime:0.000005s ]
INFO: [ app_init ] --END-- [ RunTime:0.000484s ]
INFO: [ app_begin ] --START--
INFO: Run Behavior\ReadHtmlCacheBehavior [ RunTime:0.000702s ]
INFO: [ app_begin ] --END-- [ RunTime:0.000725s ]
SQL: SHOW COLUMNS FROM `datav_economy_county` [ RunTime:0.0259s ]
SQL: SELECT distinct title,`measure` FROM `datav_economy_county` WHERE `year` = '2021' AND `month` = 5  [ RunTime:0.0220s ]
SQL: SELECT `title`,`measure`,`county`,`gross`,`rise`,`proportion`,`zs_ranking` FROM `datav_economy_county` WHERE `year` = 2021 AND `month` = 3 AND `title` = '地区生产总值'  [ RunTime:0.0158s ]
SQL: SELECT `title`,`measure`,`county`,`gross`,`rise`,`proportion`,`zs_ranking` FROM `datav_economy_county` WHERE `year` = '2021' AND `month` = 5 AND `title` <> '地区生产总值'  [ RunTime:0.0287s ]

[ 2021-07-12T21:35:34+08:00 ] 127.0.0.1 /datav-backend/admin.php/Total/get_data?cate=all
INFO: [ app_init ] --START--
INFO: Run Behavior\BuildLiteBehavior [ RunTime:0.000007s ]
INFO: [ app_init ] --END-- [ RunTime:0.000459s ]
INFO: [ app_begin ] --START--
INFO: Run Behavior\ReadHtmlCacheBehavior [ RunTime:0.000626s ]
INFO: [ app_begin ] --END-- [ RunTime:0.000645s ]
SQL: SHOW COLUMNS FROM `datav_total` [ RunTime:0.0180s ]
SQL: SELECT `title`,`measure`,jw_gross as gross,jw_rise as rise,`before_last_rise`,`two_year_rise` FROM `datav_total` WHERE `year` = '2021' AND `month` = 5 AND `title` IN ('地区生产总值','规模以上工业增加值','规模以上工业总产值','全社会固定资产投资','外贸进出口总额','实际吸收外商投资','社会消费品零售总额','一般公共预算收入','一般公共预算支出','珠海机场旅客吞吐量','珠海机场货邮吞吐量','高栏港港口吞吐量')  [ RunTime:0.0296s ]

[ 2021-07-12T21:35:35+08:00 ] 127.0.0.1 /datav-backend/admin.php/Total/get_all_by_town
INFO: [ app_init ] --START--
INFO: Run Behavior\BuildLiteBehavior [ RunTime:0.000005s ]
INFO: [ app_init ] --END-- [ RunTime:0.000404s ]
INFO: [ app_begin ] --START--
INFO: Run Behavior\ReadHtmlCacheBehavior [ RunTime:0.000605s ]
INFO: [ app_begin ] --END-- [ RunTime:0.000624s ]
SQL: SHOW COLUMNS FROM `datav_economy_town` [ RunTime:0.0186s ]
SQL: SELECT `title`,`measure`,`sz_gross`,`sz_rise`,`hq_gross`,`hq_rise`,`ns_gross`,`ns_rise`,`ps_gross`,`ps_rise` FROM `datav_economy_town` WHERE `year` = '2021' AND `month` = 5 ORDER BY id asc  [ RunTime:0.0454s ]

[ 2021-07-12T21:35:35+08:00 ] 127.0.0.1 /datav-backend/admin.php/Total/get_all_by_county
INFO: [ app_init ] --START--
INFO: Run Behavior\BuildLiteBehavior [ RunTime:0.000005s ]
INFO: [ app_init ] --END-- [ RunTime:0.000438s ]
INFO: [ app_begin ] --START--
INFO: Run Behavior\ReadHtmlCacheBehavior [ RunTime:0.000609s ]
INFO: [ app_begin ] --END-- [ RunTime:0.000626s ]
SQL: SHOW COLUMNS FROM `datav_economy_county` [ RunTime:0.0307s ]
SQL: SELECT distinct title,`measure` FROM `datav_economy_county` WHERE `year` = '2021' AND `month` = 5  [ RunTime:0.0284s ]
SQL: SELECT `title`,`measure`,`county`,`gross`,`rise`,`proportion`,`zs_ranking` FROM `datav_economy_county` WHERE `year` = 2021 AND `month` = 3 AND `title` = '地区生产总值'  [ RunTime:0.0186s ]
SQL: SELECT `title`,`measure`,`county`,`gross`,`rise`,`proportion`,`zs_ranking` FROM `datav_economy_county` WHERE `year` = '2021' AND `month` = 5 AND `title` <> '地区生产总值'  [ RunTime:0.0429s ]

[ 2021-07-12T21:54:43+08:00 ] 127.0.0.1 /datav-backend/admin.php/Total/get_data?cate=all
INFO: [ app_init ] --START--
INFO: Run Behavior\BuildLiteBehavior [ RunTime:0.000012s ]
INFO: [ app_init ] --END-- [ RunTime:0.001166s ]
INFO: [ app_begin ] --START--
INFO: Run Behavior\ReadHtmlCacheBehavior [ RunTime:0.001370s ]
INFO: [ app_begin ] --END-- [ RunTime:0.001414s ]
SQL: SHOW COLUMNS FROM `datav_total` [ RunTime:0.0166s ]
SQL: SELECT `title`,`measure`,jw_gross as gross,jw_rise as rise,`before_last_rise`,`two_year_rise` FROM `datav_total` WHERE `year` = '2021' AND `month` = 5 AND `title` IN ('地区生产总值','规模以上工业增加值','规模以上工业总产值','全社会固定资产投资','外贸进出口总额','实际吸收外商投资','社会消费品零售总额','一般公共预算收入','一般公共预算支出','珠海机场旅客吞吐量','珠海机场货邮吞吐量','高栏港港口吞吐量')  [ RunTime:0.0151s ]

[ 2021-07-12T21:54:43+08:00 ] 127.0.0.1 /datav-backend/admin.php/Total/get_all_by_town
INFO: [ app_init ] --START--
INFO: Run Behavior\BuildLiteBehavior [ RunTime:0.000009s ]
INFO: [ app_init ] --END-- [ RunTime:0.000634s ]
INFO: [ app_begin ] --START--
INFO: Run Behavior\ReadHtmlCacheBehavior [ RunTime:0.000734s ]
INFO: [ app_begin ] --END-- [ RunTime:0.000766s ]
SQL: SHOW COLUMNS FROM `datav_economy_town` [ RunTime:0.0186s ]
SQL: SELECT `title`,`measure`,`sz_gross`,`sz_rise`,`hq_gross`,`hq_rise`,`ns_gross`,`ns_rise`,`ps_gross`,`ps_rise` FROM `datav_economy_town` WHERE `year` = '2021' AND `month` = 5 ORDER BY id asc  [ RunTime:0.0301s ]

[ 2021-07-12T21:54:43+08:00 ] 127.0.0.1 /datav-backend/admin.php/Total/get_all_by_county
INFO: [ app_init ] --START--
INFO: Run Behavior\BuildLiteBehavior [ RunTime:0.000008s ]
INFO: [ app_init ] --END-- [ RunTime:0.001303s ]
INFO: [ app_begin ] --START--
INFO: Run Behavior\ReadHtmlCacheBehavior [ RunTime:0.001182s ]
INFO: [ app_begin ] --END-- [ RunTime:0.001321s ]
SQL: SHOW COLUMNS FROM `datav_economy_county` [ RunTime:0.0151s ]
SQL: SELECT distinct title,`measure` FROM `datav_economy_county` WHERE `year` = '2021' AND `month` = 5  [ RunTime:0.0178s ]
SQL: SELECT `title`,`measure`,`county`,`gross`,`rise`,`proportion`,`zs_ranking` FROM `datav_economy_county` WHERE `year` = 2021 AND `month` = 3 AND `title` = '地区生产总值'  [ RunTime:0.0512s ]
SQL: SELECT `title`,`measure`,`county`,`gross`,`rise`,`proportion`,`zs_ranking` FROM `datav_economy_county` WHERE `year` = '2021' AND `month` = 5 AND `title` <> '地区生产总值'  [ RunTime:0.0177s ]

[ 2021-07-12T22:25:44+08:00 ] 127.0.0.1 /datav-backend/admin.php/Total/get_data?cate=all
INFO: [ app_init ] --START--
INFO: Run Behavior\BuildLiteBehavior [ RunTime:0.000007s ]
INFO: [ app_init ] --END-- [ RunTime:0.000528s ]
INFO: [ app_begin ] --START--
INFO: Run Behavior\ReadHtmlCacheBehavior [ RunTime:0.000725s ]
INFO: [ app_begin ] --END-- [ RunTime:0.000753s ]
SQL: SHOW COLUMNS FROM `datav_total` [ RunTime:0.0234s ]
SQL: SELECT `title`,`measure`,jw_gross as gross,jw_rise as rise,`before_last_rise`,`two_year_rise` FROM `datav_total` WHERE `year` = '2021' AND `month` = 5 AND `title` IN ('地区生产总值','规模以上工业增加值','规模以上工业总产值','全社会固定资产投资','外贸进出口总额','实际吸收外商投资','社会消费品零售总额','一般公共预算收入','一般公共预算支出','珠海机场旅客吞吐量','珠海机场货邮吞吐量','高栏港港口吞吐量')  [ RunTime:0.0212s ]

[ 2021-07-12T22:25:44+08:00 ] 127.0.0.1 /datav-backend/admin.php/Total/get_all_by_town
INFO: [ app_init ] --START--
INFO: Run Behavior\BuildLiteBehavior [ RunTime:0.000007s ]
INFO: [ app_init ] --END-- [ RunTime:0.000554s ]
INFO: [ app_begin ] --START--
INFO: Run Behavior\ReadHtmlCacheBehavior [ RunTime:0.000728s ]
INFO: [ app_begin ] --END-- [ RunTime:0.000746s ]
SQL: SHOW COLUMNS FROM `datav_economy_town` [ RunTime:0.0141s ]
SQL: SELECT `title`,`measure`,`sz_gross`,`sz_rise`,`hq_gross`,`hq_rise`,`ns_gross`,`ns_rise`,`ps_gross`,`ps_rise` FROM `datav_economy_town` WHERE `year` = '2021' AND `month` = 5 ORDER BY id asc  [ RunTime:0.0259s ]

[ 2021-07-12T22:25:44+08:00 ] 127.0.0.1 /datav-backend/admin.php/Total/get_all_by_county
INFO: [ app_init ] --START--
INFO: Run Behavior\BuildLiteBehavior [ RunTime:0.000009s ]
INFO: [ app_init ] --END-- [ RunTime:0.000577s ]
INFO: [ app_begin ] --START--
INFO: Run Behavior\ReadHtmlCacheBehavior [ RunTime:0.000616s ]
INFO: [ app_begin ] --END-- [ RunTime:0.000642s ]
SQL: SHOW COLUMNS FROM `datav_economy_county` [ RunTime:0.0283s ]
SQL: SELECT distinct title,`measure` FROM `datav_economy_county` WHERE `year` = '2021' AND `month` = 5  [ RunTime:0.0189s ]
SQL: SELECT `title`,`measure`,`county`,`gross`,`rise`,`proportion`,`zs_ranking` FROM `datav_economy_county` WHERE `year` = 2021 AND `month` = 3 AND `title` = '地区生产总值'  [ RunTime:0.0152s ]
SQL: SELECT `title`,`measure`,`county`,`gross`,`rise`,`proportion`,`zs_ranking` FROM `datav_economy_county` WHERE `year` = '2021' AND `month` = 5 AND `title` <> '地区生产总值'  [ RunTime:0.0265s ]

[ 2021-07-12T22:26:40+08:00 ] 127.0.0.1 /datav-backend/admin.php/Total/get_all_by_town
INFO: [ app_init ] --START--
INFO: Run Behavior\BuildLiteBehavior [ RunTime:0.000006s ]
INFO: [ app_init ] --END-- [ RunTime:0.000426s ]
INFO: [ app_begin ] --START--
INFO: Run Behavior\ReadHtmlCacheBehavior [ RunTime:0.000526s ]
INFO: [ app_begin ] --END-- [ RunTime:0.000544s ]
SQL: SHOW COLUMNS FROM `datav_economy_town` [ RunTime:0.0249s ]
SQL: SELECT `title`,`measure`,`sz_gross`,`sz_rise`,`hq_gross`,`hq_rise`,`ns_gross`,`ns_rise`,`ps_gross`,`ps_rise` FROM `datav_economy_town` WHERE `year` = '2021' AND `month` = 5 ORDER BY id asc  [ RunTime:0.0283s ]

[ 2021-07-12T22:26:40+08:00 ] 127.0.0.1 /datav-backend/admin.php/Total/get_data?cate=all
INFO: [ app_init ] --START--
INFO: Run Behavior\BuildLiteBehavior [ RunTime:0.000005s ]
INFO: [ app_init ] --END-- [ RunTime:0.000399s ]
INFO: [ app_begin ] --START--
INFO: Run Behavior\ReadHtmlCacheBehavior [ RunTime:0.000805s ]
INFO: [ app_begin ] --END-- [ RunTime:0.000827s ]
SQL: SHOW COLUMNS FROM `datav_total` [ RunTime:0.0188s ]
SQL: SELECT `title`,`measure`,jw_gross as gross,jw_rise as rise,`before_last_rise`,`two_year_rise` FROM `datav_total` WHERE `year` = '2021' AND `month` = 5 AND `title` IN ('地区生产总值','规模以上工业增加值','规模以上工业总产值','全社会固定资产投资','外贸进出口总额','实际吸收外商投资','社会消费品零售总额','一般公共预算收入','一般公共预算支出','珠海机场旅客吞吐量','珠海机场货邮吞吐量','高栏港港口吞吐量')  [ RunTime:0.0205s ]

[ 2021-07-12T22:26:40+08:00 ] 127.0.0.1 /datav-backend/admin.php/Total/get_all_by_county
INFO: [ app_init ] --START--
INFO: Run Behavior\BuildLiteBehavior [ RunTime:0.000007s ]
INFO: [ app_init ] --END-- [ RunTime:0.000484s ]
INFO: [ app_begin ] --START--
INFO: Run Behavior\ReadHtmlCacheBehavior [ RunTime:0.000755s ]
INFO: [ app_begin ] --END-- [ RunTime:0.000811s ]
SQL: SHOW COLUMNS FROM `datav_economy_county` [ RunTime:0.0163s ]
SQL: SELECT distinct title,`measure` FROM `datav_economy_county` WHERE `year` = '2021' AND `month` = 5  [ RunTime:0.0164s ]
SQL: SELECT `title`,`measure`,`county`,`gross`,`rise`,`proportion`,`zs_ranking` FROM `datav_economy_county` WHERE `year` = 2021 AND `month` = 3 AND `title` = '地区生产总值'  [ RunTime:0.0189s ]
SQL: SELECT `title`,`measure`,`county`,`gross`,`rise`,`proportion`,`zs_ranking` FROM `datav_economy_county` WHERE `year` = '2021' AND `month` = 5 AND `title` <> '地区生产总值'  [ RunTime:0.0318s ]

[ 2021-07-12T22:31:24+08:00 ] 127.0.0.1 /datav-backend/admin.php/Total/get_data?cate=all
INFO: [ app_init ] --START--
INFO: Run Behavior\BuildLiteBehavior [ RunTime:0.000008s ]
INFO: [ app_init ] --END-- [ RunTime:0.000475s ]
INFO: [ app_begin ] --START--
INFO: Run Behavior\ReadHtmlCacheBehavior [ RunTime:0.000824s ]
INFO: [ app_begin ] --END-- [ RunTime:0.000852s ]
SQL: SHOW COLUMNS FROM `datav_total` [ RunTime:0.0246s ]
SQL: SELECT `title`,`measure`,jw_gross as gross,jw_rise as rise,`before_last_rise`,`two_year_rise` FROM `datav_total` WHERE `year` = '2021' AND `month` = 5 AND `title` IN ('地区生产总值','规模以上工业增加值','规模以上工业总产值','全社会固定资产投资','外贸进出口总额','实际吸收外商投资','社会消费品零售总额','一般公共预算收入','一般公共预算支出','珠海机场旅客吞吐量','珠海机场货邮吞吐量','高栏港港口吞吐量')  [ RunTime:0.0194s ]

[ 2021-07-12T22:31:24+08:00 ] 127.0.0.1 /datav-backend/admin.php/Total/get_all_by_town
INFO: [ app_init ] --START--
INFO: Run Behavior\BuildLiteBehavior [ RunTime:0.000007s ]
INFO: [ app_init ] --END-- [ RunTime:0.000506s ]
INFO: [ app_begin ] --START--
INFO: Run Behavior\ReadHtmlCacheBehavior [ RunTime:0.000703s ]
INFO: [ app_begin ] --END-- [ RunTime:0.000730s ]
SQL: SHOW COLUMNS FROM `datav_economy_town` [ RunTime:0.0180s ]
SQL: SELECT `title`,`measure`,`sz_gross`,`sz_rise`,`hq_gross`,`hq_rise`,`ns_gross`,`ns_rise`,`ps_gross`,`ps_rise` FROM `datav_economy_town` WHERE `year` = '2021' AND `month` = 5 ORDER BY id asc  [ RunTime:0.0325s ]

[ 2021-07-12T22:31:24+08:00 ] 127.0.0.1 /datav-backend/admin.php/Total/get_all_by_county
INFO: [ app_init ] --START--
INFO: Run Behavior\BuildLiteBehavior [ RunTime:0.000006s ]
INFO: [ app_init ] --END-- [ RunTime:0.000417s ]
INFO: [ app_begin ] --START--
INFO: Run Behavior\ReadHtmlCacheBehavior [ RunTime:0.000705s ]
INFO: [ app_begin ] --END-- [ RunTime:0.000741s ]
SQL: SHOW COLUMNS FROM `datav_economy_county` [ RunTime:0.0337s ]
SQL: SELECT distinct title,`measure` FROM `datav_economy_county` WHERE `year` = '2021' AND `month` = 5  [ RunTime:0.0615s ]
SQL: SELECT `title`,`measure`,`county`,`gross`,`rise`,`proportion`,`zs_ranking` FROM `datav_economy_county` WHERE `year` = 2021 AND `month` = 3 AND `title` = '地区生产总值'  [ RunTime:0.0153s ]
SQL: SELECT `title`,`measure`,`county`,`gross`,`rise`,`proportion`,`zs_ranking` FROM `datav_economy_county` WHERE `year` = '2021' AND `month` = 5 AND `title` <> '地区生产总值'  [ RunTime:0.0391s ]

[ 2021-07-12T22:48:20+08:00 ] 127.0.0.1 /datav-backend/admin.php/Total/get_data?cate=all
INFO: [ app_init ] --START--
INFO: Run Behavior\BuildLiteBehavior [ RunTime:0.000011s ]
INFO: [ app_init ] --END-- [ RunTime:0.000827s ]
INFO: [ app_begin ] --START--
INFO: Run Behavior\ReadHtmlCacheBehavior [ RunTime:0.001365s ]
INFO: [ app_begin ] --END-- [ RunTime:0.001396s ]
SQL: SHOW COLUMNS FROM `datav_total` [ RunTime:0.0167s ]
SQL: SELECT `title`,`measure`,jw_gross as gross,jw_rise as rise,`before_last_rise`,`two_year_rise` FROM `datav_total` WHERE `year` = '2021' AND `month` = 5 AND `title` IN ('地区生产总值','规模以上工业增加值','规模以上工业总产值','全社会固定资产投资','外贸进出口总额','实际吸收外商投资','社会消费品零售总额','一般公共预算收入','一般公共预算支出','珠海机场旅客吞吐量','珠海机场货邮吞吐量','高栏港港口吞吐量')  [ RunTime:0.8223s ]

[ 2021-07-12T22:48:20+08:00 ] 127.0.0.1 /datav-backend/admin.php/Total/get_all_by_town
INFO: [ app_init ] --START--
INFO: Run Behavior\BuildLiteBehavior [ RunTime:0.000006s ]
INFO: [ app_init ] --END-- [ RunTime:0.000621s ]
INFO: [ app_begin ] --START--
INFO: Run Behavior\ReadHtmlCacheBehavior [ RunTime:0.001044s ]
INFO: [ app_begin ] --END-- [ RunTime:0.001088s ]
SQL: SHOW COLUMNS FROM `datav_economy_town` [ RunTime:0.0823s ]
SQL: SELECT `title`,`measure`,`sz_gross`,`sz_rise`,`hq_gross`,`hq_rise`,`ns_gross`,`ns_rise`,`ps_gross`,`ps_rise` FROM `datav_economy_town` WHERE `year` = '2021' AND `month` = 5 ORDER BY id asc  [ RunTime:0.1835s ]

[ 2021-07-12T22:48:21+08:00 ] 127.0.0.1 /datav-backend/admin.php/Total/get_all_by_county
INFO: [ app_init ] --START--
INFO: Run Behavior\BuildLiteBehavior [ RunTime:0.000006s ]
INFO: [ app_init ] --END-- [ RunTime:0.000430s ]
INFO: [ app_begin ] --START--
INFO: Run Behavior\ReadHtmlCacheBehavior [ RunTime:0.000720s ]
INFO: [ app_begin ] --END-- [ RunTime:0.000745s ]
SQL: SHOW COLUMNS FROM `datav_economy_county` [ RunTime:0.2365s ]
SQL: SELECT distinct title,`measure` FROM `datav_economy_county` WHERE `year` = '2021' AND `month` = 5  [ RunTime:0.3433s ]
SQL: SELECT `title`,`measure`,`county`,`gross`,`rise`,`proportion`,`zs_ranking` FROM `datav_economy_county` WHERE `year` = 2021 AND `month` = 3 AND `title` = '地区生产总值'  [ RunTime:0.0220s ]
SQL: SELECT `title`,`measure`,`county`,`gross`,`rise`,`proportion`,`zs_ranking` FROM `datav_economy_county` WHERE `year` = '2021' AND `month` = 5 AND `title` <> '地区生产总值'  [ RunTime:0.0486s ]

[ 2021-07-12T22:50:09+08:00 ] 127.0.0.1 /datav-backend/admin.php/Total/get_all_by_town
INFO: [ app_init ] --START--
INFO: Run Behavior\BuildLiteBehavior [ RunTime:0.000005s ]
INFO: [ app_init ] --END-- [ RunTime:0.000492s ]
INFO: [ app_begin ] --START--
INFO: Run Behavior\ReadHtmlCacheBehavior [ RunTime:0.000815s ]
INFO: [ app_begin ] --END-- [ RunTime:0.000847s ]
SQL: SHOW COLUMNS FROM `datav_economy_town` [ RunTime:0.0220s ]
SQL: SELECT `title`,`measure`,`sz_gross`,`sz_rise`,`hq_gross`,`hq_rise`,`ns_gross`,`ns_rise`,`ps_gross`,`ps_rise` FROM `datav_economy_town` WHERE `year` = '2021' AND `month` = 5 ORDER BY id asc  [ RunTime:0.0660s ]

[ 2021-07-12T22:50:09+08:00 ] 127.0.0.1 /datav-backend/admin.php/Total/get_data?cate=all
INFO: [ app_init ] --START--
INFO: Run Behavior\BuildLiteBehavior [ RunTime:0.000005s ]
INFO: [ app_init ] --END-- [ RunTime:0.000522s ]
INFO: [ app_begin ] --START--
INFO: Run Behavior\ReadHtmlCacheBehavior [ RunTime:0.000720s ]
INFO: [ app_begin ] --END-- [ RunTime:0.000752s ]
SQL: SHOW COLUMNS FROM `datav_total` [ RunTime:0.0213s ]
SQL: SELECT `title`,`measure`,jw_gross as gross,jw_rise as rise,`before_last_rise`,`two_year_rise` FROM `datav_total` WHERE `year` = '2021' AND `month` = 5 AND `title` IN ('地区生产总值','规模以上工业增加值','规模以上工业总产值','全社会固定资产投资','外贸进出口总额','实际吸收外商投资','社会消费品零售总额','一般公共预算收入','一般公共预算支出','珠海机场旅客吞吐量','珠海机场货邮吞吐量','高栏港港口吞吐量')  [ RunTime:0.0397s ]

[ 2021-07-12T22:50:09+08:00 ] 127.0.0.1 /datav-backend/admin.php/Total/get_all_by_county
INFO: [ app_init ] --START--
INFO: Run Behavior\BuildLiteBehavior [ RunTime:0.000004s ]
INFO: [ app_init ] --END-- [ RunTime:0.000449s ]
INFO: [ app_begin ] --START--
INFO: Run Behavior\ReadHtmlCacheBehavior [ RunTime:0.000713s ]
INFO: [ app_begin ] --END-- [ RunTime:0.000732s ]
SQL: SHOW COLUMNS FROM `datav_economy_county` [ RunTime:0.0207s ]
SQL: SELECT distinct title,`measure` FROM `datav_economy_county` WHERE `year` = '2021' AND `month` = 5  [ RunTime:0.0143s ]
SQL: SELECT `title`,`measure`,`county`,`gross`,`rise`,`proportion`,`zs_ranking` FROM `datav_economy_county` WHERE `year` = 2021 AND `month` = 3 AND `title` = '地区生产总值'  [ RunTime:0.0333s ]
SQL: SELECT `title`,`measure`,`county`,`gross`,`rise`,`proportion`,`zs_ranking` FROM `datav_economy_county` WHERE `year` = '2021' AND `month` = 5 AND `title` <> '地区生产总值'  [ RunTime:0.0184s ]

