[ 2021-10-17T17:41:34+08:00 ] ::1 /jinwanfuwuwang/index.php/Index/index
INFO: [ app_init ] --START--
INFO: Run Behavior\BuildLiteBehavior [ RunTime:0.000794s ]
INFO: [ app_init ] --END-- [ RunTime:0.003264s ]
INFO: [ app_begin ] --START--
INFO: Run Behavior\ReadHtmlCacheBehavior [ RunTime:0.001222s ]
INFO: [ app_begin ] --END-- [ RunTime:0.001247s ]
SQL: SHOW COLUMNS FROM `b_site_config` [ RunTime:0.0205s ]
SQL: SELECT * FROM `b_site_config` WHERE ( id=1 ) LIMIT 1   [ RunTime:0.0238s ]
SQL: SHOW COLUMNS FROM `b_news` [ RunTime:0.0217s ]
SQL: SELECT `id`,`cid`,`title`,`external_link`,IF(LENGTH(description) <= 48,`description`,CONCAT(LEFT(description,48),'...')) as description,DATE(create_time) as date,`origin` FROM `b_news` WHERE ( cid =8 and status = 1 and recommend=1 ) ORDER BY recommend desc,id desc LIMIT 3   [ RunTime:0.0184s ]
SQL: SELECT `id`,`cid`,`title`,`external_link`,IF(LENGTH(description) <= 48,`description`,CONCAT(LEFT(description,48),'...')) as description,DATE(create_time) as date FROM `b_news` WHERE ( cid =10 and status = 1 and recommend=1 ) ORDER BY recommend desc,id desc LIMIT 3   [ RunTime:0.0207s ]
SQL: SHOW COLUMNS FROM `b_jobs` [ RunTime:0.0199s ]
SQL: SELECT `id`,`title`,`link`,`addr`,`type`,`company`,`end_date`,IF(person_limit=0,'不限',person_limit) as person_limit,`wage`,DATE(create_time) as date FROM `b_jobs` WHERE `status` = 1 ORDER BY sort,id desc LIMIT 6   [ RunTime:0.0220s ]
SQL: SHOW COLUMNS FROM `b_banner` [ RunTime:0.0206s ]
SQL: SELECT `id`,`url`,`img` FROM `b_banner` WHERE `position_key` = 1 AND `status` = 1  [ RunTime:0.0183s ]
INFO: [ view_parse ] --START--
INFO: [ template_filter ] --START--
INFO: Run Behavior\ContentReplaceBehavior [ RunTime:0.000085s ]
INFO: [ template_filter ] --END-- [ RunTime:0.000104s ]
NOTIC: [2] Use of undefined constant Index - assumed 'Index' (this will throw an Error in a future version of PHP) D:\work\jinwanfuwuwang\Runtime\Cache\Web\ec77d97d390438d24293fd0b7e19a289.php 第 127 行.
NOTIC: [2] Use of undefined constant index - assumed 'index' (this will throw an Error in a future version of PHP) D:\work\jinwanfuwuwang\Runtime\Cache\Web\ec77d97d390438d24293fd0b7e19a289.php 第 127 行.
NOTIC: [2] A non-numeric value encountered D:\work\jinwanfuwuwang\Runtime\Cache\Web\ec77d97d390438d24293fd0b7e19a289.php 第 127 行.
NOTIC: [2] A non-numeric value encountered D:\work\jinwanfuwuwang\Runtime\Cache\Web\ec77d97d390438d24293fd0b7e19a289.php 第 127 行.
NOTIC: [2] Division by zero D:\work\jinwanfuwuwang\Runtime\Cache\Web\ec77d97d390438d24293fd0b7e19a289.php 第 127 行.
INFO: Run Behavior\ParseTemplateBehavior [ RunTime:0.091581s ]
INFO: [ view_parse ] --END-- [ RunTime:0.091619s ]
INFO: [ view_filter ] --START--
INFO: Run Behavior\WriteHtmlCacheBehavior [ RunTime:0.010479s ]
INFO: [ view_filter ] --END-- [ RunTime:0.010534s ]
INFO: [ app_end ] --START--
INFO: Run Behavior\ShowPageTraceBehavior [ RunTime:0.001874s ]
INFO: [ app_end ] --END-- [ RunTime:0.001907s ]

[ 2021-10-17T17:41:34+08:00 ] ::1 /jinwanfuwuwang/index.php/Index/index
INFO: [ app_init ] --START--
INFO: Run Behavior\BuildLiteBehavior [ RunTime:0.000789s ]
INFO: [ app_init ] --END-- [ RunTime:0.003270s ]
INFO: [ app_begin ] --START--
INFO: Run Behavior\ReadHtmlCacheBehavior [ RunTime:0.001331s ]
INFO: [ app_begin ] --END-- [ RunTime:0.001354s ]
SQL: SHOW COLUMNS FROM `b_site_config` [ RunTime:0.0173s ]
SQL: SELECT * FROM `b_site_config` WHERE ( id=1 ) LIMIT 1   [ RunTime:0.0165s ]
SQL: SHOW COLUMNS FROM `b_news` [ RunTime:0.0160s ]
SQL: SELECT `id`,`cid`,`title`,`external_link`,IF(LENGTH(description) <= 48,`description`,CONCAT(LEFT(description,48),'...')) as description,DATE(create_time) as date,`origin` FROM `b_news` WHERE ( cid =8 and status = 1 and recommend=1 ) ORDER BY recommend desc,id desc LIMIT 3   [ RunTime:0.0186s ]
SQL: SELECT `id`,`cid`,`title`,`external_link`,IF(LENGTH(description) <= 48,`description`,CONCAT(LEFT(description,48),'...')) as description,DATE(create_time) as date FROM `b_news` WHERE ( cid =10 and status = 1 and recommend=1 ) ORDER BY recommend desc,id desc LIMIT 3   [ RunTime:0.0187s ]
SQL: SHOW COLUMNS FROM `b_jobs` [ RunTime:0.0232s ]
SQL: SELECT `id`,`title`,`link`,`addr`,`type`,`company`,`end_date`,IF(person_limit=0,'不限',person_limit) as person_limit,`wage`,DATE(create_time) as date FROM `b_jobs` WHERE `status` = 1 ORDER BY sort,id desc LIMIT 6   [ RunTime:0.0138s ]
SQL: SHOW COLUMNS FROM `b_banner` [ RunTime:0.0283s ]
SQL: SELECT `id`,`url`,`img` FROM `b_banner` WHERE `position_key` = 1 AND `status` = 1  [ RunTime:0.0183s ]
INFO: [ view_parse ] --START--
INFO: [ template_filter ] --START--
INFO: Run Behavior\ContentReplaceBehavior [ RunTime:0.000085s ]
INFO: [ template_filter ] --END-- [ RunTime:0.000112s ]
NOTIC: [2] Use of undefined constant Index - assumed 'Index' (this will throw an Error in a future version of PHP) D:\work\jinwanfuwuwang\Runtime\Cache\Web\ec77d97d390438d24293fd0b7e19a289.php 第 127 行.
NOTIC: [2] Use of undefined constant index - assumed 'index' (this will throw an Error in a future version of PHP) D:\work\jinwanfuwuwang\Runtime\Cache\Web\ec77d97d390438d24293fd0b7e19a289.php 第 127 行.
NOTIC: [2] A non-numeric value encountered D:\work\jinwanfuwuwang\Runtime\Cache\Web\ec77d97d390438d24293fd0b7e19a289.php 第 127 行.
NOTIC: [2] A non-numeric value encountered D:\work\jinwanfuwuwang\Runtime\Cache\Web\ec77d97d390438d24293fd0b7e19a289.php 第 127 行.
NOTIC: [2] Division by zero D:\work\jinwanfuwuwang\Runtime\Cache\Web\ec77d97d390438d24293fd0b7e19a289.php 第 127 行.
INFO: Run Behavior\ParseTemplateBehavior [ RunTime:0.013547s ]
INFO: [ view_parse ] --END-- [ RunTime:0.013571s ]
INFO: [ view_filter ] --START--
INFO: Run Behavior\WriteHtmlCacheBehavior [ RunTime:0.000494s ]
INFO: [ view_filter ] --END-- [ RunTime:0.000508s ]
INFO: [ app_end ] --START--
INFO: Run Behavior\ShowPageTraceBehavior [ RunTime:0.000762s ]
INFO: [ app_end ] --END-- [ RunTime:0.000800s ]

[ 2021-10-17T18:05:32+08:00 ] ::1 /jinwanfuwuwang/index.php/Index/index
INFO: [ app_init ] --START--
INFO: Run Behavior\BuildLiteBehavior [ RunTime:0.000008s ]
INFO: [ app_init ] --END-- [ RunTime:0.001057s ]
INFO: [ app_begin ] --START--
INFO: Run Behavior\ReadHtmlCacheBehavior [ RunTime:0.001514s ]
INFO: [ app_begin ] --END-- [ RunTime:0.001544s ]
SQL: SHOW COLUMNS FROM `b_site_config` [ RunTime:0.0179s ]
SQL: SELECT * FROM `b_site_config` WHERE ( id=1 ) LIMIT 1   [ RunTime:0.0167s ]
SQL: SHOW COLUMNS FROM `b_news` [ RunTime:0.0172s ]
SQL: SELECT `id`,`cid`,`title`,`external_link`,IF(LENGTH(description) <= 48,`description`,CONCAT(LEFT(description,48),'...')) as description,DATE(create_time) as date,`origin` FROM `b_news` WHERE ( cid =8 and status = 1 and recommend=1 ) ORDER BY recommend desc,id desc LIMIT 3   [ RunTime:0.0251s ]
SQL: SELECT `id`,`cid`,`title`,`external_link`,IF(LENGTH(description) <= 48,`description`,CONCAT(LEFT(description,48),'...')) as description,DATE(create_time) as date FROM `b_news` WHERE ( cid =10 and status = 1 and recommend=1 ) ORDER BY recommend desc,id desc LIMIT 3   [ RunTime:0.0202s ]
SQL: SHOW COLUMNS FROM `b_jobs` [ RunTime:0.0191s ]
SQL: SELECT `id`,`title`,`link`,`addr`,`type`,`company`,`end_date`,IF(person_limit=0,'不限',person_limit) as person_limit,`wage`,DATE(create_time) as date FROM `b_jobs` WHERE `status` = 1 ORDER BY sort,id desc LIMIT 6   [ RunTime:0.0217s ]
SQL: SHOW COLUMNS FROM `b_banner` [ RunTime:0.0196s ]
SQL: SELECT `id`,`url`,`img` FROM `b_banner` WHERE `position_key` = 1 AND `status` = 1  [ RunTime:0.0372s ]
INFO: [ view_parse ] --START--
INFO: [ template_filter ] --START--
INFO: Run Behavior\ContentReplaceBehavior [ RunTime:0.000086s ]
INFO: [ template_filter ] --END-- [ RunTime:0.000112s ]
NOTIC: [2] Use of undefined constant Index - assumed 'Index' (this will throw an Error in a future version of PHP) D:\work\jinwanfuwuwang\Runtime\Cache\Web\ec77d97d390438d24293fd0b7e19a289.php 第 127 行.
NOTIC: [2] Use of undefined constant index - assumed 'index' (this will throw an Error in a future version of PHP) D:\work\jinwanfuwuwang\Runtime\Cache\Web\ec77d97d390438d24293fd0b7e19a289.php 第 127 行.
NOTIC: [2] A non-numeric value encountered D:\work\jinwanfuwuwang\Runtime\Cache\Web\ec77d97d390438d24293fd0b7e19a289.php 第 127 行.
NOTIC: [2] A non-numeric value encountered D:\work\jinwanfuwuwang\Runtime\Cache\Web\ec77d97d390438d24293fd0b7e19a289.php 第 127 行.
NOTIC: [2] Division by zero D:\work\jinwanfuwuwang\Runtime\Cache\Web\ec77d97d390438d24293fd0b7e19a289.php 第 127 行.
INFO: Run Behavior\ParseTemplateBehavior [ RunTime:0.070958s ]
INFO: [ view_parse ] --END-- [ RunTime:0.070979s ]
INFO: [ view_filter ] --START--
INFO: Run Behavior\WriteHtmlCacheBehavior [ RunTime:0.004633s ]
INFO: [ view_filter ] --END-- [ RunTime:0.004648s ]
INFO: [ app_end ] --START--
INFO: Run Behavior\ShowPageTraceBehavior [ RunTime:0.001541s ]
INFO: [ app_end ] --END-- [ RunTime:0.001587s ]

