[ 2021-10-14T09:54:29+08:00 ] ::1 /jinwanfuwuwang/index.php/Index/index
INFO: [ app_init ] --START--
INFO: Run Behavior\BuildLiteBehavior [ RunTime:0.000005s ]
INFO: [ app_init ] --END-- [ RunTime:0.000446s ]
INFO: [ app_begin ] --START--
INFO: Run Behavior\ReadHtmlCacheBehavior [ RunTime:0.000665s ]
INFO: [ app_begin ] --END-- [ RunTime:0.000681s ]
SQL: SHOW COLUMNS FROM `b_site_config` [ RunTime:0.0201s ]
SQL: SELECT * FROM `b_site_config` WHERE ( id=1 ) LIMIT 1   [ RunTime:0.0166s ]
SQL: SHOW COLUMNS FROM `b_news` [ RunTime:0.0156s ]
SQL: SELECT `id`,`cid`,`title`,`external_link`,IF(LENGTH(description) <= 48,`description`,CONCAT(LEFT(description,48),'...')) as description,DATE(create_time) as date,`origin` FROM `b_news` WHERE ( cid =8 and status = 1 and recommend=1 ) ORDER BY recommend desc,id desc LIMIT 3   [ RunTime:0.0141s ]
SQL: SELECT `id`,`cid`,`title`,`external_link`,IF(LENGTH(description) <= 48,`description`,CONCAT(LEFT(description,48),'...')) as description,DATE(create_time) as date FROM `b_news` WHERE ( cid =10 and status = 1 and recommend=1 ) ORDER BY recommend desc,id desc LIMIT 3   [ RunTime:0.0359s ]
SQL: SHOW COLUMNS FROM `b_jobs` [ RunTime:0.0182s ]
SQL: SELECT `id`,`title`,`link`,`addr`,`type`,`company`,`end_date`,IF(person_limit=0,'不限',person_limit) as person_limit,`wage`,DATE(create_time) as date FROM `b_jobs` WHERE `status` = 1 ORDER BY sort,id desc LIMIT 6   [ RunTime:0.0241s ]
SQL: SHOW COLUMNS FROM `b_banner` [ RunTime:0.0132s ]
SQL: SELECT `id`,`url`,`img` FROM `b_banner` WHERE `position_key` = 0 AND `status` = 1  [ RunTime:0.0131s ]
INFO: [ view_parse ] --START--
INFO: [ template_filter ] --START--
INFO: Run Behavior\ContentReplaceBehavior [ RunTime:0.000145s ]
INFO: [ template_filter ] --END-- [ RunTime:0.000178s ]
NOTIC: [2] Use of undefined constant Index - assumed 'Index' (this will throw an Error in a future version of PHP) D:\work\jinwanfuwuwang\Runtime\Cache\Web\ec77d97d390438d24293fd0b7e19a289.php 第 126 行.
NOTIC: [2] Use of undefined constant index - assumed 'index' (this will throw an Error in a future version of PHP) D:\work\jinwanfuwuwang\Runtime\Cache\Web\ec77d97d390438d24293fd0b7e19a289.php 第 126 行.
NOTIC: [2] A non-numeric value encountered D:\work\jinwanfuwuwang\Runtime\Cache\Web\ec77d97d390438d24293fd0b7e19a289.php 第 126 行.
NOTIC: [2] A non-numeric value encountered D:\work\jinwanfuwuwang\Runtime\Cache\Web\ec77d97d390438d24293fd0b7e19a289.php 第 126 行.
NOTIC: [2] Division by zero D:\work\jinwanfuwuwang\Runtime\Cache\Web\ec77d97d390438d24293fd0b7e19a289.php 第 126 行.
INFO: Run Behavior\ParseTemplateBehavior [ RunTime:0.017262s ]
INFO: [ view_parse ] --END-- [ RunTime:0.017290s ]
INFO: [ view_filter ] --START--
INFO: Run Behavior\WriteHtmlCacheBehavior [ RunTime:0.000612s ]
INFO: [ view_filter ] --END-- [ RunTime:0.000628s ]
INFO: [ app_end ] --START--
INFO: Run Behavior\ShowPageTraceBehavior [ RunTime:0.000882s ]
INFO: [ app_end ] --END-- [ RunTime:0.000909s ]

[ 2021-10-14T10:07:44+08:00 ] ::1 /jinwanfuwuwang/index.php/Index/index
INFO: [ app_init ] --START--
INFO: Run Behavior\BuildLiteBehavior [ RunTime:0.000005s ]
INFO: [ app_init ] --END-- [ RunTime:0.000464s ]
INFO: [ app_begin ] --START--
INFO: Run Behavior\ReadHtmlCacheBehavior [ RunTime:0.000696s ]
INFO: [ app_begin ] --END-- [ RunTime:0.000713s ]
SQL: SHOW COLUMNS FROM `b_site_config` [ RunTime:0.1597s ]
SQL: SELECT * FROM `b_site_config` WHERE ( id=1 ) LIMIT 1   [ RunTime:0.0804s ]
SQL: SHOW COLUMNS FROM `b_news` [ RunTime:0.3976s ]
SQL: SELECT `id`,`cid`,`title`,`external_link`,IF(LENGTH(description) <= 48,`description`,CONCAT(LEFT(description,48),'...')) as description,DATE(create_time) as date,`origin` FROM `b_news` WHERE ( cid =8 and status = 1 and recommend=1 ) ORDER BY recommend desc,id desc LIMIT 3   [ RunTime:0.2913s ]
SQL: SELECT `id`,`cid`,`title`,`external_link`,IF(LENGTH(description) <= 48,`description`,CONCAT(LEFT(description,48),'...')) as description,DATE(create_time) as date FROM `b_news` WHERE ( cid =10 and status = 1 and recommend=1 ) ORDER BY recommend desc,id desc LIMIT 3   [ RunTime:0.1052s ]
SQL: SHOW COLUMNS FROM `b_jobs` [ RunTime:0.1655s ]
SQL: SELECT `id`,`title`,`link`,`addr`,`type`,`company`,`end_date`,IF(person_limit=0,'不限',person_limit) as person_limit,`wage`,DATE(create_time) as date FROM `b_jobs` WHERE `status` = 1 ORDER BY sort,id desc LIMIT 6   [ RunTime:0.1059s ]
SQL: SHOW COLUMNS FROM `b_banner` [ RunTime:0.0298s ]
SQL: SELECT `id`,`url`,`img` FROM `b_banner` WHERE `position_key` = 0 AND `status` = 1  [ RunTime:0.0177s ]
INFO: [ view_parse ] --START--
INFO: [ template_filter ] --START--
INFO: Run Behavior\ContentReplaceBehavior [ RunTime:0.000074s ]
INFO: [ template_filter ] --END-- [ RunTime:0.000092s ]
NOTIC: [2] Use of undefined constant Index - assumed 'Index' (this will throw an Error in a future version of PHP) D:\work\jinwanfuwuwang\Runtime\Cache\Web\ec77d97d390438d24293fd0b7e19a289.php 第 126 行.
NOTIC: [2] Use of undefined constant index - assumed 'index' (this will throw an Error in a future version of PHP) D:\work\jinwanfuwuwang\Runtime\Cache\Web\ec77d97d390438d24293fd0b7e19a289.php 第 126 行.
NOTIC: [2] A non-numeric value encountered D:\work\jinwanfuwuwang\Runtime\Cache\Web\ec77d97d390438d24293fd0b7e19a289.php 第 126 行.
NOTIC: [2] A non-numeric value encountered D:\work\jinwanfuwuwang\Runtime\Cache\Web\ec77d97d390438d24293fd0b7e19a289.php 第 126 行.
NOTIC: [2] Division by zero D:\work\jinwanfuwuwang\Runtime\Cache\Web\ec77d97d390438d24293fd0b7e19a289.php 第 126 行.
INFO: Run Behavior\ParseTemplateBehavior [ RunTime:0.008625s ]
INFO: [ view_parse ] --END-- [ RunTime:0.008657s ]
INFO: [ view_filter ] --START--
INFO: Run Behavior\WriteHtmlCacheBehavior [ RunTime:0.000497s ]
INFO: [ view_filter ] --END-- [ RunTime:0.000511s ]
INFO: [ app_end ] --START--
INFO: Run Behavior\ShowPageTraceBehavior [ RunTime:0.000859s ]
INFO: [ app_end ] --END-- [ RunTime:0.000881s ]

[ 2021-10-14T10:07:44+08:00 ] ::1 /jinwanfuwuwang/index.php/Index/index
INFO: [ app_init ] --START--
INFO: Run Behavior\BuildLiteBehavior [ RunTime:0.000005s ]
INFO: [ app_init ] --END-- [ RunTime:0.000453s ]
INFO: [ app_begin ] --START--
INFO: Run Behavior\ReadHtmlCacheBehavior [ RunTime:0.000671s ]
INFO: [ app_begin ] --END-- [ RunTime:0.000688s ]
SQL: SHOW COLUMNS FROM `b_site_config` [ RunTime:0.0199s ]
SQL: SELECT * FROM `b_site_config` WHERE ( id=1 ) LIMIT 1   [ RunTime:0.0226s ]
SQL: SHOW COLUMNS FROM `b_news` [ RunTime:0.0165s ]
SQL: SELECT `id`,`cid`,`title`,`external_link`,IF(LENGTH(description) <= 48,`description`,CONCAT(LEFT(description,48),'...')) as description,DATE(create_time) as date,`origin` FROM `b_news` WHERE ( cid =8 and status = 1 and recommend=1 ) ORDER BY recommend desc,id desc LIMIT 3   [ RunTime:0.0171s ]
SQL: SELECT `id`,`cid`,`title`,`external_link`,IF(LENGTH(description) <= 48,`description`,CONCAT(LEFT(description,48),'...')) as description,DATE(create_time) as date FROM `b_news` WHERE ( cid =10 and status = 1 and recommend=1 ) ORDER BY recommend desc,id desc LIMIT 3   [ RunTime:0.0138s ]
SQL: SHOW COLUMNS FROM `b_jobs` [ RunTime:0.0156s ]
SQL: SELECT `id`,`title`,`link`,`addr`,`type`,`company`,`end_date`,IF(person_limit=0,'不限',person_limit) as person_limit,`wage`,DATE(create_time) as date FROM `b_jobs` WHERE `status` = 1 ORDER BY sort,id desc LIMIT 6   [ RunTime:0.0323s ]
SQL: SHOW COLUMNS FROM `b_banner` [ RunTime:0.0187s ]
SQL: SELECT `id`,`url`,`img` FROM `b_banner` WHERE `position_key` = 0 AND `status` = 1  [ RunTime:0.0258s ]
INFO: [ view_parse ] --START--
INFO: [ template_filter ] --START--
INFO: Run Behavior\ContentReplaceBehavior [ RunTime:0.000091s ]
INFO: [ template_filter ] --END-- [ RunTime:0.000121s ]
NOTIC: [2] Use of undefined constant Index - assumed 'Index' (this will throw an Error in a future version of PHP) D:\work\jinwanfuwuwang\Runtime\Cache\Web\ec77d97d390438d24293fd0b7e19a289.php 第 126 行.
NOTIC: [2] Use of undefined constant index - assumed 'index' (this will throw an Error in a future version of PHP) D:\work\jinwanfuwuwang\Runtime\Cache\Web\ec77d97d390438d24293fd0b7e19a289.php 第 126 行.
NOTIC: [2] A non-numeric value encountered D:\work\jinwanfuwuwang\Runtime\Cache\Web\ec77d97d390438d24293fd0b7e19a289.php 第 126 行.
NOTIC: [2] A non-numeric value encountered D:\work\jinwanfuwuwang\Runtime\Cache\Web\ec77d97d390438d24293fd0b7e19a289.php 第 126 行.
NOTIC: [2] Division by zero D:\work\jinwanfuwuwang\Runtime\Cache\Web\ec77d97d390438d24293fd0b7e19a289.php 第 126 行.
INFO: Run Behavior\ParseTemplateBehavior [ RunTime:0.011229s ]
INFO: [ view_parse ] --END-- [ RunTime:0.011256s ]
INFO: [ view_filter ] --START--
INFO: Run Behavior\WriteHtmlCacheBehavior [ RunTime:0.000579s ]
INFO: [ view_filter ] --END-- [ RunTime:0.000597s ]
INFO: [ app_end ] --START--
INFO: Run Behavior\ShowPageTraceBehavior [ RunTime:0.000755s ]
INFO: [ app_end ] --END-- [ RunTime:0.000775s ]

[ 2021-10-14T10:50:36+08:00 ] ::1 /jinwanfuwuwang/index.php/Index/index
INFO: [ app_init ] --START--
INFO: Run Behavior\BuildLiteBehavior [ RunTime:0.000005s ]
INFO: [ app_init ] --END-- [ RunTime:0.000459s ]
INFO: [ app_begin ] --START--
INFO: Run Behavior\ReadHtmlCacheBehavior [ RunTime:0.000681s ]
INFO: [ app_begin ] --END-- [ RunTime:0.000699s ]
SQL: SHOW COLUMNS FROM `b_site_config` [ RunTime:0.0198s ]
SQL: SELECT * FROM `b_site_config` WHERE ( id=1 ) LIMIT 1   [ RunTime:0.0241s ]
SQL: SHOW COLUMNS FROM `b_news` [ RunTime:0.0235s ]
SQL: SELECT `id`,`cid`,`title`,`external_link`,IF(LENGTH(description) <= 48,`description`,CONCAT(LEFT(description,48),'...')) as description,DATE(create_time) as date,`origin` FROM `b_news` WHERE ( cid =8 and status = 1 and recommend=1 ) ORDER BY recommend desc,id desc LIMIT 3   [ RunTime:0.0267s ]
SQL: SELECT `id`,`cid`,`title`,`external_link`,IF(LENGTH(description) <= 48,`description`,CONCAT(LEFT(description,48),'...')) as description,DATE(create_time) as date FROM `b_news` WHERE ( cid =10 and status = 1 and recommend=1 ) ORDER BY recommend desc,id desc LIMIT 3   [ RunTime:0.0189s ]
SQL: SHOW COLUMNS FROM `b_jobs` [ RunTime:0.0330s ]
SQL: SELECT `id`,`title`,`link`,`addr`,`type`,`company`,`end_date`,IF(person_limit=0,'不限',person_limit) as person_limit,`wage`,DATE(create_time) as date FROM `b_jobs` WHERE `status` = 1 ORDER BY sort,id desc LIMIT 6   [ RunTime:0.0243s ]
SQL: SHOW COLUMNS FROM `b_banner` [ RunTime:0.0223s ]
SQL: SELECT `id`,`url`,`img` FROM `b_banner` WHERE `position_key` = 0 AND `status` = 1  [ RunTime:0.0242s ]
INFO: [ view_parse ] --START--
INFO: [ template_filter ] --START--
INFO: Run Behavior\ContentReplaceBehavior [ RunTime:0.000074s ]
INFO: [ template_filter ] --END-- [ RunTime:0.000094s ]
NOTIC: [2] Use of undefined constant Index - assumed 'Index' (this will throw an Error in a future version of PHP) D:\work\jinwanfuwuwang\Runtime\Cache\Web\ec77d97d390438d24293fd0b7e19a289.php 第 126 行.
NOTIC: [2] Use of undefined constant index - assumed 'index' (this will throw an Error in a future version of PHP) D:\work\jinwanfuwuwang\Runtime\Cache\Web\ec77d97d390438d24293fd0b7e19a289.php 第 126 行.
NOTIC: [2] A non-numeric value encountered D:\work\jinwanfuwuwang\Runtime\Cache\Web\ec77d97d390438d24293fd0b7e19a289.php 第 126 行.
NOTIC: [2] A non-numeric value encountered D:\work\jinwanfuwuwang\Runtime\Cache\Web\ec77d97d390438d24293fd0b7e19a289.php 第 126 行.
NOTIC: [2] Division by zero D:\work\jinwanfuwuwang\Runtime\Cache\Web\ec77d97d390438d24293fd0b7e19a289.php 第 126 行.
INFO: Run Behavior\ParseTemplateBehavior [ RunTime:0.010754s ]
INFO: [ view_parse ] --END-- [ RunTime:0.010785s ]
INFO: [ view_filter ] --START--
INFO: Run Behavior\WriteHtmlCacheBehavior [ RunTime:0.000520s ]
INFO: [ view_filter ] --END-- [ RunTime:0.000535s ]
INFO: [ app_end ] --START--
INFO: Run Behavior\ShowPageTraceBehavior [ RunTime:0.000788s ]
INFO: [ app_end ] --END-- [ RunTime:0.000810s ]

[ 2021-10-14T10:51:52+08:00 ] ::1 /jinwanfuwuwang/index.php/Index/index
INFO: [ app_init ] --START--
INFO: Run Behavior\BuildLiteBehavior [ RunTime:0.000006s ]
INFO: [ app_init ] --END-- [ RunTime:0.000427s ]
INFO: [ app_begin ] --START--
INFO: Run Behavior\ReadHtmlCacheBehavior [ RunTime:0.000595s ]
INFO: [ app_begin ] --END-- [ RunTime:0.000613s ]
SQL: SHOW COLUMNS FROM `b_site_config` [ RunTime:0.0163s ]
SQL: SELECT * FROM `b_site_config` WHERE ( id=1 ) LIMIT 1   [ RunTime:0.0161s ]
SQL: SHOW COLUMNS FROM `b_news` [ RunTime:0.0227s ]
SQL: SELECT `id`,`cid`,`title`,`external_link`,IF(LENGTH(description) <= 48,`description`,CONCAT(LEFT(description,48),'...')) as description,DATE(create_time) as date,`origin` FROM `b_news` WHERE ( cid =8 and status = 1 and recommend=1 ) ORDER BY recommend desc,id desc LIMIT 3   [ RunTime:0.0214s ]
SQL: SELECT `id`,`cid`,`title`,`external_link`,IF(LENGTH(description) <= 48,`description`,CONCAT(LEFT(description,48),'...')) as description,DATE(create_time) as date FROM `b_news` WHERE ( cid =10 and status = 1 and recommend=1 ) ORDER BY recommend desc,id desc LIMIT 3   [ RunTime:0.0232s ]
SQL: SHOW COLUMNS FROM `b_jobs` [ RunTime:0.0175s ]
SQL: SELECT `id`,`title`,`link`,`addr`,`type`,`company`,`end_date`,IF(person_limit=0,'不限',person_limit) as person_limit,`wage`,DATE(create_time) as date FROM `b_jobs` WHERE `status` = 1 ORDER BY sort,id desc LIMIT 6   [ RunTime:0.0164s ]
SQL: SHOW COLUMNS FROM `b_banner` [ RunTime:0.0152s ]
SQL: SELECT `id`,`url`,`img` FROM `b_banner` WHERE `position_key` = 0 AND `status` = 1  [ RunTime:0.0296s ]
INFO: [ view_parse ] --START--
INFO: [ template_filter ] --START--
INFO: Run Behavior\ContentReplaceBehavior [ RunTime:0.000204s ]
INFO: [ template_filter ] --END-- [ RunTime:0.000252s ]
NOTIC: [2] Use of undefined constant Index - assumed 'Index' (this will throw an Error in a future version of PHP) D:\work\jinwanfuwuwang\Runtime\Cache\Web\ec77d97d390438d24293fd0b7e19a289.php 第 126 行.
NOTIC: [2] Use of undefined constant index - assumed 'index' (this will throw an Error in a future version of PHP) D:\work\jinwanfuwuwang\Runtime\Cache\Web\ec77d97d390438d24293fd0b7e19a289.php 第 126 行.
NOTIC: [2] A non-numeric value encountered D:\work\jinwanfuwuwang\Runtime\Cache\Web\ec77d97d390438d24293fd0b7e19a289.php 第 126 行.
NOTIC: [2] A non-numeric value encountered D:\work\jinwanfuwuwang\Runtime\Cache\Web\ec77d97d390438d24293fd0b7e19a289.php 第 126 行.
NOTIC: [2] Division by zero D:\work\jinwanfuwuwang\Runtime\Cache\Web\ec77d97d390438d24293fd0b7e19a289.php 第 126 行.
INFO: Run Behavior\ParseTemplateBehavior [ RunTime:0.019665s ]
INFO: [ view_parse ] --END-- [ RunTime:0.019710s ]
INFO: [ view_filter ] --START--
INFO: Run Behavior\WriteHtmlCacheBehavior [ RunTime:0.001063s ]
INFO: [ view_filter ] --END-- [ RunTime:0.001100s ]
INFO: [ app_end ] --START--
INFO: Run Behavior\ShowPageTraceBehavior [ RunTime:0.001379s ]
INFO: [ app_end ] --END-- [ RunTime:0.001424s ]

[ 2021-10-14T10:52:25+08:00 ] ::1 /jinwanfuwuwang/index.php/Index/index
INFO: [ app_init ] --START--
INFO: Run Behavior\BuildLiteBehavior [ RunTime:0.000005s ]
INFO: [ app_init ] --END-- [ RunTime:0.000423s ]
INFO: [ app_begin ] --START--
INFO: Run Behavior\ReadHtmlCacheBehavior [ RunTime:0.000748s ]
INFO: [ app_begin ] --END-- [ RunTime:0.000773s ]
SQL: SHOW COLUMNS FROM `b_site_config` [ RunTime:0.0177s ]
SQL: SELECT * FROM `b_site_config` WHERE ( id=1 ) LIMIT 1   [ RunTime:0.0315s ]
SQL: SHOW COLUMNS FROM `b_news` [ RunTime:0.0307s ]
SQL: SELECT `id`,`cid`,`title`,`external_link`,IF(LENGTH(description) <= 48,`description`,CONCAT(LEFT(description,48),'...')) as description,DATE(create_time) as date,`origin` FROM `b_news` WHERE ( cid =8 and status = 1 and recommend=1 ) ORDER BY recommend desc,id desc LIMIT 3   [ RunTime:0.0222s ]
SQL: SELECT `id`,`cid`,`title`,`external_link`,IF(LENGTH(description) <= 48,`description`,CONCAT(LEFT(description,48),'...')) as description,DATE(create_time) as date FROM `b_news` WHERE ( cid =10 and status = 1 and recommend=1 ) ORDER BY recommend desc,id desc LIMIT 3   [ RunTime:0.0192s ]
SQL: SHOW COLUMNS FROM `b_jobs` [ RunTime:0.0194s ]
SQL: SELECT `id`,`title`,`link`,`addr`,`type`,`company`,`end_date`,IF(person_limit=0,'不限',person_limit) as person_limit,`wage`,DATE(create_time) as date FROM `b_jobs` WHERE `status` = 1 ORDER BY sort,id desc LIMIT 6   [ RunTime:0.0172s ]
SQL: SHOW COLUMNS FROM `b_banner` [ RunTime:0.0172s ]
SQL: SELECT `id`,`url`,`img` FROM `b_banner` WHERE `position_key` = 1 AND `status` = 1  [ RunTime:0.0163s ]
INFO: [ view_parse ] --START--
INFO: [ template_filter ] --START--
INFO: Run Behavior\ContentReplaceBehavior [ RunTime:0.000173s ]
INFO: [ template_filter ] --END-- [ RunTime:0.000211s ]
NOTIC: [2] Use of undefined constant Index - assumed 'Index' (this will throw an Error in a future version of PHP) D:\work\jinwanfuwuwang\Runtime\Cache\Web\ec77d97d390438d24293fd0b7e19a289.php 第 126 行.
NOTIC: [2] Use of undefined constant index - assumed 'index' (this will throw an Error in a future version of PHP) D:\work\jinwanfuwuwang\Runtime\Cache\Web\ec77d97d390438d24293fd0b7e19a289.php 第 126 行.
NOTIC: [2] A non-numeric value encountered D:\work\jinwanfuwuwang\Runtime\Cache\Web\ec77d97d390438d24293fd0b7e19a289.php 第 126 行.
NOTIC: [2] A non-numeric value encountered D:\work\jinwanfuwuwang\Runtime\Cache\Web\ec77d97d390438d24293fd0b7e19a289.php 第 126 行.
NOTIC: [2] Division by zero D:\work\jinwanfuwuwang\Runtime\Cache\Web\ec77d97d390438d24293fd0b7e19a289.php 第 126 行.
INFO: Run Behavior\ParseTemplateBehavior [ RunTime:0.019510s ]
INFO: [ view_parse ] --END-- [ RunTime:0.019548s ]
INFO: [ view_filter ] --START--
INFO: Run Behavior\WriteHtmlCacheBehavior [ RunTime:0.000827s ]
INFO: [ view_filter ] --END-- [ RunTime:0.000852s ]
INFO: [ app_end ] --START--
INFO: Run Behavior\ShowPageTraceBehavior [ RunTime:0.001119s ]
INFO: [ app_end ] --END-- [ RunTime:0.001151s ]

[ 2021-10-14T10:54:39+08:00 ] ::1 /jinwanfuwuwang/index.php/Index/index
INFO: [ app_init ] --START--
INFO: Run Behavior\BuildLiteBehavior [ RunTime:0.000005s ]
INFO: [ app_init ] --END-- [ RunTime:0.000448s ]
INFO: [ app_begin ] --START--
INFO: Run Behavior\ReadHtmlCacheBehavior [ RunTime:0.000678s ]
INFO: [ app_begin ] --END-- [ RunTime:0.000695s ]
SQL: SHOW COLUMNS FROM `b_site_config` [ RunTime:0.0148s ]
SQL: SELECT * FROM `b_site_config` WHERE ( id=1 ) LIMIT 1   [ RunTime:0.0148s ]
SQL: SHOW COLUMNS FROM `b_news` [ RunTime:0.0227s ]
SQL: SELECT `id`,`cid`,`title`,`external_link`,IF(LENGTH(description) <= 48,`description`,CONCAT(LEFT(description,48),'...')) as description,DATE(create_time) as date,`origin` FROM `b_news` WHERE ( cid =8 and status = 1 and recommend=1 ) ORDER BY recommend desc,id desc LIMIT 3   [ RunTime:0.0166s ]
SQL: SELECT `id`,`cid`,`title`,`external_link`,IF(LENGTH(description) <= 48,`description`,CONCAT(LEFT(description,48),'...')) as description,DATE(create_time) as date FROM `b_news` WHERE ( cid =10 and status = 1 and recommend=1 ) ORDER BY recommend desc,id desc LIMIT 3   [ RunTime:0.0195s ]
SQL: SHOW COLUMNS FROM `b_jobs` [ RunTime:0.0416s ]
SQL: SELECT `id`,`title`,`link`,`addr`,`type`,`company`,`end_date`,IF(person_limit=0,'不限',person_limit) as person_limit,`wage`,DATE(create_time) as date FROM `b_jobs` WHERE `status` = 1 ORDER BY sort,id desc LIMIT 6   [ RunTime:0.0245s ]
SQL: SHOW COLUMNS FROM `b_banner` [ RunTime:0.0192s ]
SQL: SELECT `id`,`url`,`img` FROM `b_banner` WHERE `position_key` = 1 AND `status` = 1  [ RunTime:0.0159s ]
INFO: [ view_parse ] --START--
INFO: [ template_filter ] --START--
INFO: Run Behavior\ContentReplaceBehavior [ RunTime:0.000212s ]
INFO: [ template_filter ] --END-- [ RunTime:0.000257s ]
NOTIC: [2] Use of undefined constant Index - assumed 'Index' (this will throw an Error in a future version of PHP) D:\work\jinwanfuwuwang\Runtime\Cache\Web\ec77d97d390438d24293fd0b7e19a289.php 第 126 行.
NOTIC: [2] Use of undefined constant index - assumed 'index' (this will throw an Error in a future version of PHP) D:\work\jinwanfuwuwang\Runtime\Cache\Web\ec77d97d390438d24293fd0b7e19a289.php 第 126 行.
NOTIC: [2] A non-numeric value encountered D:\work\jinwanfuwuwang\Runtime\Cache\Web\ec77d97d390438d24293fd0b7e19a289.php 第 126 行.
NOTIC: [2] A non-numeric value encountered D:\work\jinwanfuwuwang\Runtime\Cache\Web\ec77d97d390438d24293fd0b7e19a289.php 第 126 行.
NOTIC: [2] Division by zero D:\work\jinwanfuwuwang\Runtime\Cache\Web\ec77d97d390438d24293fd0b7e19a289.php 第 126 行.
INFO: Run Behavior\ParseTemplateBehavior [ RunTime:0.021007s ]
INFO: [ view_parse ] --END-- [ RunTime:0.021049s ]
INFO: [ view_filter ] --START--
INFO: Run Behavior\WriteHtmlCacheBehavior [ RunTime:0.001169s ]
INFO: [ view_filter ] --END-- [ RunTime:0.001202s ]
INFO: [ app_end ] --START--
INFO: Run Behavior\ShowPageTraceBehavior [ RunTime:0.001860s ]
INFO: [ app_end ] --END-- [ RunTime:0.001906s ]

